2019-09-20 06:58:46.600 [main] WARN  c.b.mybatisplus.core.metadata.TableInfoHelper - Warn: Could not find @TableId in Class: com.boc.horoscope.horos.po.CnRegionInfo.
2019-09-20 06:58:46.618 [main] WARN  c.b.mybatisplus.core.injector.AbstractMethod - [com.boc.horoscope.horos.mapper.CnRegionInfoMapper.insert] Has been loaded by XML or SqlProvider or Mybatis's Annotation, so ignoring this injection for [class com.baomidou.mybatisplus.core.injector.methods.Insert]
2019-09-20 06:58:46.716 [main] WARN  c.b.mybatisplus.core.injector.AbstractMethod - [com.boc.horoscope.horos.mapper.CnSolarTermMapper.insert] Has been loaded by XML or SqlProvider or Mybatis's Annotation, so ignoring this injection for [class com.baomidou.mybatisplus.core.injector.methods.Insert]
2019-09-20 06:58:46.859 [main] WARN  c.b.mybatisplus.core.metadata.TableInfoHelper - Warn: Could not find @TableId in Class: com.boc.horoscope.horos.po.HsFiveElementRelation.
2019-09-20 06:58:46.869 [main] WARN  c.b.mybatisplus.core.injector.AbstractMethod - [com.boc.horoscope.horos.mapper.HsFiveElementRelationMapper.insert] Has been loaded by XML or SqlProvider or Mybatis's Annotation, so ignoring this injection for [class com.baomidou.mybatisplus.core.injector.methods.Insert]
2019-09-20 06:58:46.940 [main] WARN  c.b.mybatisplus.core.injector.AbstractMethod - [com.boc.horoscope.horos.mapper.HsPersonHoroscopeRecdMapper.insert] Has been loaded by XML or SqlProvider or Mybatis's Annotation, so ignoring this injection for [class com.baomidou.mybatisplus.core.injector.methods.Insert]
2019-09-20 06:58:48.789 [main] WARN  o.s.b.a.o.j.JpaBaseConfiguration$JpaWebConfiguration$JpaWebMvcConfiguration - spring.jpa.open-in-view is enabled by default. Therefore, database queries may be performed during view rendering. Explicitly configure spring.jpa.open-in-view to disable this warning
2019-09-20 07:00:57.583 [main] WARN  c.b.mybatisplus.core.metadata.TableInfoHelper - Warn: Could not find @TableId in Class: com.boc.horoscope.horos.po.CnRegionInfo.
2019-09-20 07:00:57.611 [main] WARN  c.b.mybatisplus.core.injector.AbstractMethod - [com.boc.horoscope.horos.mapper.CnRegionInfoMapper.insert] Has been loaded by XML or SqlProvider or Mybatis's Annotation, so ignoring this injection for [class com.baomidou.mybatisplus.core.injector.methods.Insert]
2019-09-20 07:00:57.761 [main] WARN  c.b.mybatisplus.core.injector.AbstractMethod - [com.boc.horoscope.horos.mapper.CnSolarTermMapper.insert] Has been loaded by XML or SqlProvider or Mybatis's Annotation, so ignoring this injection for [class com.baomidou.mybatisplus.core.injector.methods.Insert]
2019-09-20 07:00:57.908 [main] WARN  c.b.mybatisplus.core.metadata.TableInfoHelper - Warn: Could not find @TableId in Class: com.boc.horoscope.horos.po.HsFiveElementRelation.
2019-09-20 07:00:57.910 [main] WARN  c.b.mybatisplus.core.injector.AbstractMethod - [com.boc.horoscope.horos.mapper.HsFiveElementRelationMapper.insert] Has been loaded by XML or SqlProvider or Mybatis's Annotation, so ignoring this injection for [class com.baomidou.mybatisplus.core.injector.methods.Insert]
2019-09-20 07:00:58.040 [main] WARN  c.b.mybatisplus.core.injector.AbstractMethod - [com.boc.horoscope.horos.mapper.HsPersonHoroscopeRecdMapper.insert] Has been loaded by XML or SqlProvider or Mybatis's Annotation, so ignoring this injection for [class com.baomidou.mybatisplus.core.injector.methods.Insert]
2019-09-20 07:00:59.591 [main] WARN  o.s.b.a.o.j.JpaBaseConfiguration$JpaWebConfiguration$JpaWebMvcConfiguration - spring.jpa.open-in-view is enabled by default. Therefore, database queries may be performed during view rendering. Explicitly configure spring.jpa.open-in-view to disable this warning
2019-09-20 12:55:11.165 [main] WARN  c.b.mybatisplus.core.metadata.TableInfoHelper - Warn: Could not find @TableId in Class: com.boc.horoscope.horos.po.CnRegionInfo.
2019-09-20 12:55:11.181 [main] WARN  c.b.mybatisplus.core.injector.AbstractMethod - [com.boc.horoscope.horos.mapper.CnRegionInfoMapper.insert] Has been loaded by XML or SqlProvider or Mybatis's Annotation, so ignoring this injection for [class com.baomidou.mybatisplus.core.injector.methods.Insert]
2019-09-20 12:55:11.356 [main] WARN  c.b.mybatisplus.core.injector.AbstractMethod - [com.boc.horoscope.horos.mapper.CnSolarTermMapper.insert] Has been loaded by XML or SqlProvider or Mybatis's Annotation, so ignoring this injection for [class com.baomidou.mybatisplus.core.injector.methods.Insert]
2019-09-20 12:55:11.555 [main] WARN  c.b.mybatisplus.core.metadata.TableInfoHelper - Warn: Could not find @TableId in Class: com.boc.horoscope.horos.po.HsFiveElementRelation.
2019-09-20 12:55:11.568 [main] WARN  c.b.mybatisplus.core.injector.AbstractMethod - [com.boc.horoscope.horos.mapper.HsFiveElementRelationMapper.insert] Has been loaded by XML or SqlProvider or Mybatis's Annotation, so ignoring this injection for [class com.baomidou.mybatisplus.core.injector.methods.Insert]
2019-09-20 12:55:11.694 [main] WARN  c.b.mybatisplus.core.injector.AbstractMethod - [com.boc.horoscope.horos.mapper.HsPersonHoroscopeRecdMapper.insert] Has been loaded by XML or SqlProvider or Mybatis's Annotation, so ignoring this injection for [class com.baomidou.mybatisplus.core.injector.methods.Insert]
2019-09-20 12:55:13.737 [main] WARN  o.s.b.a.o.j.JpaBaseConfiguration$JpaWebConfiguration$JpaWebMvcConfiguration - spring.jpa.open-in-view is enabled by default. Therefore, database queries may be performed during view rendering. Explicitly configure spring.jpa.open-in-view to disable this warning
2019-09-20 13:06:06.495 [main] WARN  c.b.mybatisplus.core.metadata.TableInfoHelper - Warn: Could not find @TableId in Class: com.boc.horoscope.horos.po.CnRegionInfo.
2019-09-20 13:06:06.506 [main] WARN  c.b.mybatisplus.core.injector.AbstractMethod - [com.boc.horoscope.horos.mapper.CnRegionInfoMapper.insert] Has been loaded by XML or SqlProvider or Mybatis's Annotation, so ignoring this injection for [class com.baomidou.mybatisplus.core.injector.methods.Insert]
2019-09-20 13:06:06.619 [main] WARN  c.b.mybatisplus.core.injector.AbstractMethod - [com.boc.horoscope.horos.mapper.CnSolarTermMapper.insert] Has been loaded by XML or SqlProvider or Mybatis's Annotation, so ignoring this injection for [class com.baomidou.mybatisplus.core.injector.methods.Insert]
2019-09-20 13:06:06.800 [main] WARN  c.b.mybatisplus.core.metadata.TableInfoHelper - Warn: Could not find @TableId in Class: com.boc.horoscope.horos.po.HsFiveElementRelation.
2019-09-20 13:06:06.806 [main] WARN  c.b.mybatisplus.core.injector.AbstractMethod - [com.boc.horoscope.horos.mapper.HsFiveElementRelationMapper.insert] Has been loaded by XML or SqlProvider or Mybatis's Annotation, so ignoring this injection for [class com.baomidou.mybatisplus.core.injector.methods.Insert]
2019-09-20 13:06:06.914 [main] WARN  c.b.mybatisplus.core.injector.AbstractMethod - [com.boc.horoscope.horos.mapper.HsPersonHoroscopeRecdMapper.insert] Has been loaded by XML or SqlProvider or Mybatis's Annotation, so ignoring this injection for [class com.baomidou.mybatisplus.core.injector.methods.Insert]
2019-09-20 13:06:09.215 [main] WARN  o.s.b.a.o.j.JpaBaseConfiguration$JpaWebConfiguration$JpaWebMvcConfiguration - spring.jpa.open-in-view is enabled by default. Therefore, database queries may be performed during view rendering. Explicitly configure spring.jpa.open-in-view to disable this warning
2019-09-20 13:07:11.492 [main] WARN  c.b.mybatisplus.core.metadata.TableInfoHelper - Warn: Could not find @TableId in Class: com.boc.horoscope.horos.po.CnRegionInfo.
2019-09-20 13:07:11.505 [main] WARN  c.b.mybatisplus.core.injector.AbstractMethod - [com.boc.horoscope.horos.mapper.CnRegionInfoMapper.insert] Has been loaded by XML or SqlProvider or Mybatis's Annotation, so ignoring this injection for [class com.baomidou.mybatisplus.core.injector.methods.Insert]
2019-09-20 13:07:11.762 [main] WARN  c.b.mybatisplus.core.injector.AbstractMethod - [com.boc.horoscope.horos.mapper.CnSolarTermMapper.insert] Has been loaded by XML or SqlProvider or Mybatis's Annotation, so ignoring this injection for [class com.baomidou.mybatisplus.core.injector.methods.Insert]
2019-09-20 13:07:12.122 [main] WARN  c.b.mybatisplus.core.metadata.TableInfoHelper - Warn: Could not find @TableId in Class: com.boc.horoscope.horos.po.HsFiveElementRelation.
2019-09-20 13:07:12.129 [main] WARN  c.b.mybatisplus.core.injector.AbstractMethod - [com.boc.horoscope.horos.mapper.HsFiveElementRelationMapper.insert] Has been loaded by XML or SqlProvider or Mybatis's Annotation, so ignoring this injection for [class com.baomidou.mybatisplus.core.injector.methods.Insert]
2019-09-20 13:07:12.241 [main] WARN  c.b.mybatisplus.core.injector.AbstractMethod - [com.boc.horoscope.horos.mapper.HsPersonHoroscopeRecdMapper.insert] Has been loaded by XML or SqlProvider or Mybatis's Annotation, so ignoring this injection for [class com.baomidou.mybatisplus.core.injector.methods.Insert]
2019-09-20 13:07:13.726 [main] WARN  o.s.b.a.o.j.JpaBaseConfiguration$JpaWebConfiguration$JpaWebMvcConfiguration - spring.jpa.open-in-view is enabled by default. Therefore, database queries may be performed during view rendering. Explicitly configure spring.jpa.open-in-view to disable this warning
2019-09-20 21:23:24.541 [main] WARN  c.b.mybatisplus.core.metadata.TableInfoHelper - Warn: Could not find @TableId in Class: com.boc.horoscope.horos.po.CnRegionInfo.
2019-09-20 21:23:24.550 [main] WARN  c.b.mybatisplus.core.injector.AbstractMethod - [com.boc.horoscope.horos.mapper.CnRegionInfoMapper.insert] Has been loaded by XML or SqlProvider or Mybatis's Annotation, so ignoring this injection for [class com.baomidou.mybatisplus.core.injector.methods.Insert]
2019-09-20 21:23:24.641 [main] WARN  c.b.mybatisplus.core.injector.AbstractMethod - [com.boc.horoscope.horos.mapper.CnSolarTermMapper.insert] Has been loaded by XML or SqlProvider or Mybatis's Annotation, so ignoring this injection for [class com.baomidou.mybatisplus.core.injector.methods.Insert]
2019-09-20 21:23:24.771 [main] WARN  c.b.mybatisplus.core.metadata.TableInfoHelper - Warn: Could not find @TableId in Class: com.boc.horoscope.horos.po.HsFiveElementRelation.
2019-09-20 21:23:24.776 [main] WARN  c.b.mybatisplus.core.injector.AbstractMethod - [com.boc.horoscope.horos.mapper.HsFiveElementRelationMapper.insert] Has been loaded by XML or SqlProvider or Mybatis's Annotation, so ignoring this injection for [class com.baomidou.mybatisplus.core.injector.methods.Insert]
2019-09-20 21:23:24.852 [main] WARN  c.b.mybatisplus.core.injector.AbstractMethod - [com.boc.horoscope.horos.mapper.HsPersonHoroscopeRecdMapper.insert] Has been loaded by XML or SqlProvider or Mybatis's Annotation, so ignoring this injection for [class com.baomidou.mybatisplus.core.injector.methods.Insert]
2019-09-20 21:23:26.359 [main] WARN  o.s.b.a.o.j.JpaBaseConfiguration$JpaWebConfiguration$JpaWebMvcConfiguration - spring.jpa.open-in-view is enabled by default. Therefore, database queries may be performed during view rendering. Explicitly configure spring.jpa.open-in-view to disable this warning
2019-09-20 21:24:22.334 [main] WARN  c.b.mybatisplus.core.metadata.TableInfoHelper - Warn: Could not find @TableId in Class: com.boc.horoscope.horos.po.CnRegionInfo.
2019-09-20 21:24:22.346 [main] WARN  c.b.mybatisplus.core.injector.AbstractMethod - [com.boc.horoscope.horos.mapper.CnRegionInfoMapper.insert] Has been loaded by XML or SqlProvider or Mybatis's Annotation, so ignoring this injection for [class com.baomidou.mybatisplus.core.injector.methods.Insert]
2019-09-20 21:24:22.447 [main] WARN  c.b.mybatisplus.core.injector.AbstractMethod - [com.boc.horoscope.horos.mapper.CnSolarTermMapper.insert] Has been loaded by XML or SqlProvider or Mybatis's Annotation, so ignoring this injection for [class com.baomidou.mybatisplus.core.injector.methods.Insert]
2019-09-20 21:24:22.613 [main] WARN  c.b.mybatisplus.core.metadata.TableInfoHelper - Warn: Could not find @TableId in Class: com.boc.horoscope.horos.po.HsFiveElementRelation.
2019-09-20 21:24:22.619 [main] WARN  c.b.mybatisplus.core.injector.AbstractMethod - [com.boc.horoscope.horos.mapper.HsFiveElementRelationMapper.insert] Has been loaded by XML or SqlProvider or Mybatis's Annotation, so ignoring this injection for [class com.baomidou.mybatisplus.core.injector.methods.Insert]
2019-09-20 21:24:22.687 [main] WARN  c.b.mybatisplus.core.injector.AbstractMethod - [com.boc.horoscope.horos.mapper.HsPersonHoroscopeRecdMapper.insert] Has been loaded by XML or SqlProvider or Mybatis's Annotation, so ignoring this injection for [class com.baomidou.mybatisplus.core.injector.methods.Insert]
2019-09-20 21:24:24.218 [main] WARN  o.s.b.a.o.j.JpaBaseConfiguration$JpaWebConfiguration$JpaWebMvcConfiguration - spring.jpa.open-in-view is enabled by default. Therefore, database queries may be performed during view rendering. Explicitly configure spring.jpa.open-in-view to disable this warning
2019-09-20 21:26:07.687 [main] WARN  c.b.mybatisplus.core.metadata.TableInfoHelper - Warn: Could not find @TableId in Class: com.boc.horoscope.horos.po.CnRegionInfo.
2019-09-20 21:26:07.701 [main] WARN  c.b.mybatisplus.core.injector.AbstractMethod - [com.boc.horoscope.horos.mapper.CnRegionInfoMapper.insert] Has been loaded by XML or SqlProvider or Mybatis's Annotation, so ignoring this injection for [class com.baomidou.mybatisplus.core.injector.methods.Insert]
2019-09-20 21:26:07.843 [main] WARN  c.b.mybatisplus.core.injector.AbstractMethod - [com.boc.horoscope.horos.mapper.CnSolarTermMapper.insert] Has been loaded by XML or SqlProvider or Mybatis's Annotation, so ignoring this injection for [class com.baomidou.mybatisplus.core.injector.methods.Insert]
2019-09-20 21:26:07.945 [main] WARN  c.b.mybatisplus.core.metadata.TableInfoHelper - Warn: Could not find @TableId in Class: com.boc.horoscope.horos.po.HsFiveElementRelation.
2019-09-20 21:26:07.948 [main] WARN  c.b.mybatisplus.core.injector.AbstractMethod - [com.boc.horoscope.horos.mapper.HsFiveElementRelationMapper.insert] Has been loaded by XML or SqlProvider or Mybatis's Annotation, so ignoring this injection for [class com.baomidou.mybatisplus.core.injector.methods.Insert]
2019-09-20 21:26:08.039 [main] WARN  c.b.mybatisplus.core.injector.AbstractMethod - [com.boc.horoscope.horos.mapper.HsPersonHoroscopeRecdMapper.insert] Has been loaded by XML or SqlProvider or Mybatis's Annotation, so ignoring this injection for [class com.baomidou.mybatisplus.core.injector.methods.Insert]
2019-09-20 21:26:09.773 [main] WARN  o.s.b.a.o.j.JpaBaseConfiguration$JpaWebConfiguration$JpaWebMvcConfiguration - spring.jpa.open-in-view is enabled by default. Therefore, database queries may be performed during view rendering. Explicitly configure spring.jpa.open-in-view to disable this warning
2019-09-20 21:28:41.843 [main] WARN  c.b.mybatisplus.core.metadata.TableInfoHelper - Warn: Could not find @TableId in Class: com.boc.horoscope.horos.po.CnRegionInfo.
2019-09-20 21:28:41.873 [main] WARN  c.b.mybatisplus.core.injector.AbstractMethod - [com.boc.horoscope.horos.mapper.CnRegionInfoMapper.insert] Has been loaded by XML or SqlProvider or Mybatis's Annotation, so ignoring this injection for [class com.baomidou.mybatisplus.core.injector.methods.Insert]
2019-09-20 21:28:42.017 [main] WARN  c.b.mybatisplus.core.injector.AbstractMethod - [com.boc.horoscope.horos.mapper.CnSolarTermMapper.insert] Has been loaded by XML or SqlProvider or Mybatis's Annotation, so ignoring this injection for [class com.baomidou.mybatisplus.core.injector.methods.Insert]
2019-09-20 21:28:42.176 [main] WARN  c.b.mybatisplus.core.metadata.TableInfoHelper - Warn: Could not find @TableId in Class: com.boc.horoscope.horos.po.HsFiveElementRelation.
2019-09-20 21:28:42.180 [main] WARN  c.b.mybatisplus.core.injector.AbstractMethod - [com.boc.horoscope.horos.mapper.HsFiveElementRelationMapper.insert] Has been loaded by XML or SqlProvider or Mybatis's Annotation, so ignoring this injection for [class com.baomidou.mybatisplus.core.injector.methods.Insert]
2019-09-20 21:28:42.320 [main] WARN  c.b.mybatisplus.core.injector.AbstractMethod - [com.boc.horoscope.horos.mapper.HsPersonHoroscopeRecdMapper.insert] Has been loaded by XML or SqlProvider or Mybatis's Annotation, so ignoring this injection for [class com.baomidou.mybatisplus.core.injector.methods.Insert]
2019-09-20 21:28:44.905 [main] WARN  o.s.b.a.o.j.JpaBaseConfiguration$JpaWebConfiguration$JpaWebMvcConfiguration - spring.jpa.open-in-view is enabled by default. Therefore, database queries may be performed during view rendering. Explicitly configure spring.jpa.open-in-view to disable this warning
2019-09-20 21:30:06.493 [main] WARN  c.b.mybatisplus.core.metadata.TableInfoHelper - Warn: Could not find @TableId in Class: com.boc.horoscope.horos.po.CnRegionInfo.
2019-09-20 21:30:06.510 [main] WARN  c.b.mybatisplus.core.injector.AbstractMethod - [com.boc.horoscope.horos.mapper.CnRegionInfoMapper.insert] Has been loaded by XML or SqlProvider or Mybatis's Annotation, so ignoring this injection for [class com.baomidou.mybatisplus.core.injector.methods.Insert]
2019-09-20 21:30:06.668 [main] WARN  c.b.mybatisplus.core.injector.AbstractMethod - [com.boc.horoscope.horos.mapper.CnSolarTermMapper.insert] Has been loaded by XML or SqlProvider or Mybatis's Annotation, so ignoring this injection for [class com.baomidou.mybatisplus.core.injector.methods.Insert]
2019-09-20 21:30:06.787 [main] WARN  c.b.mybatisplus.core.metadata.TableInfoHelper - Warn: Could not find @TableId in Class: com.boc.horoscope.horos.po.HsFiveElementRelation.
2019-09-20 21:30:06.790 [main] WARN  c.b.mybatisplus.core.injector.AbstractMethod - [com.boc.horoscope.horos.mapper.HsFiveElementRelationMapper.insert] Has been loaded by XML or SqlProvider or Mybatis's Annotation, so ignoring this injection for [class com.baomidou.mybatisplus.core.injector.methods.Insert]
2019-09-20 21:30:06.871 [main] WARN  c.b.mybatisplus.core.injector.AbstractMethod - [com.boc.horoscope.horos.mapper.HsPersonHoroscopeRecdMapper.insert] Has been loaded by XML or SqlProvider or Mybatis's Annotation, so ignoring this injection for [class com.baomidou.mybatisplus.core.injector.methods.Insert]
2019-09-20 21:30:08.480 [main] WARN  o.s.b.a.o.j.JpaBaseConfiguration$JpaWebConfiguration$JpaWebMvcConfiguration - spring.jpa.open-in-view is enabled by default. Therefore, database queries may be performed during view rendering. Explicitly configure spring.jpa.open-in-view to disable this warning
2019-09-20 21:31:43.861 [main] WARN  c.b.mybatisplus.core.metadata.TableInfoHelper - Warn: Could not find @TableId in Class: com.boc.horoscope.horos.po.CnRegionInfo.
2019-09-20 21:31:43.874 [main] WARN  c.b.mybatisplus.core.injector.AbstractMethod - [com.boc.horoscope.horos.mapper.CnRegionInfoMapper.insert] Has been loaded by XML or SqlProvider or Mybatis's Annotation, so ignoring this injection for [class com.baomidou.mybatisplus.core.injector.methods.Insert]
2019-09-20 21:31:43.986 [main] WARN  c.b.mybatisplus.core.injector.AbstractMethod - [com.boc.horoscope.horos.mapper.CnSolarTermMapper.insert] Has been loaded by XML or SqlProvider or Mybatis's Annotation, so ignoring this injection for [class com.baomidou.mybatisplus.core.injector.methods.Insert]
2019-09-20 21:31:44.108 [main] WARN  c.b.mybatisplus.core.metadata.TableInfoHelper - Warn: Could not find @TableId in Class: com.boc.horoscope.horos.po.HsFiveElementRelation.
2019-09-20 21:31:44.111 [main] WARN  c.b.mybatisplus.core.injector.AbstractMethod - [com.boc.horoscope.horos.mapper.HsFiveElementRelationMapper.insert] Has been loaded by XML or SqlProvider or Mybatis's Annotation, so ignoring this injection for [class com.baomidou.mybatisplus.core.injector.methods.Insert]
2019-09-20 21:31:44.186 [main] WARN  c.b.mybatisplus.core.injector.AbstractMethod - [com.boc.horoscope.horos.mapper.HsPersonHoroscopeRecdMapper.insert] Has been loaded by XML or SqlProvider or Mybatis's Annotation, so ignoring this injection for [class com.baomidou.mybatisplus.core.injector.methods.Insert]
2019-09-20 21:31:45.758 [main] WARN  o.s.b.a.o.j.JpaBaseConfiguration$JpaWebConfiguration$JpaWebMvcConfiguration - spring.jpa.open-in-view is enabled by default. Therefore, database queries may be performed during view rendering. Explicitly configure spring.jpa.open-in-view to disable this warning
2019-09-20 22:19:52.084 [main] WARN  c.b.mybatisplus.core.metadata.TableInfoHelper - Warn: Could not find @TableId in Class: com.boc.horoscope.horos.po.CnRegionInfo.
2019-09-20 22:19:52.108 [main] WARN  c.b.mybatisplus.core.injector.AbstractMethod - [com.boc.horoscope.horos.mapper.CnRegionInfoMapper.insert] Has been loaded by XML or SqlProvider or Mybatis's Annotation, so ignoring this injection for [class com.baomidou.mybatisplus.core.injector.methods.Insert]
2019-09-20 22:19:52.208 [main] WARN  c.b.mybatisplus.core.injector.AbstractMethod - [com.boc.horoscope.horos.mapper.CnSolarTermMapper.insert] Has been loaded by XML or SqlProvider or Mybatis's Annotation, so ignoring this injection for [class com.baomidou.mybatisplus.core.injector.methods.Insert]
2019-09-20 22:19:52.393 [main] WARN  c.b.mybatisplus.core.metadata.TableInfoHelper - Warn: Could not find @TableId in Class: com.boc.horoscope.horos.po.HsFiveElementRelation.
2019-09-20 22:19:52.399 [main] WARN  c.b.mybatisplus.core.injector.AbstractMethod - [com.boc.horoscope.horos.mapper.HsFiveElementRelationMapper.insert] Has been loaded by XML or SqlProvider or Mybatis's Annotation, so ignoring this injection for [class com.baomidou.mybatisplus.core.injector.methods.Insert]
2019-09-20 22:19:52.505 [main] WARN  c.b.mybatisplus.core.injector.AbstractMethod - [com.boc.horoscope.horos.mapper.HsPersonHoroscopeRecdMapper.insert] Has been loaded by XML or SqlProvider or Mybatis's Annotation, so ignoring this injection for [class com.baomidou.mybatisplus.core.injector.methods.Insert]
2019-09-20 22:19:53.985 [main] WARN  o.s.b.a.o.j.JpaBaseConfiguration$JpaWebConfiguration$JpaWebMvcConfiguration - spring.jpa.open-in-view is enabled by default. Therefore, database queries may be performed during view rendering. Explicitly configure spring.jpa.open-in-view to disable this warning
2019-09-20 22:20:42.604 [main] WARN  c.b.mybatisplus.core.metadata.TableInfoHelper - Warn: Could not find @TableId in Class: com.boc.horoscope.horos.po.CnRegionInfo.
2019-09-20 22:20:42.618 [main] WARN  c.b.mybatisplus.core.injector.AbstractMethod - [com.boc.horoscope.horos.mapper.CnRegionInfoMapper.insert] Has been loaded by XML or SqlProvider or Mybatis's Annotation, so ignoring this injection for [class com.baomidou.mybatisplus.core.injector.methods.Insert]
2019-09-20 22:20:42.721 [main] WARN  c.b.mybatisplus.core.injector.AbstractMethod - [com.boc.horoscope.horos.mapper.CnSolarTermMapper.insert] Has been loaded by XML or SqlProvider or Mybatis's Annotation, so ignoring this injection for [class com.baomidou.mybatisplus.core.injector.methods.Insert]
2019-09-20 22:20:42.866 [main] WARN  c.b.mybatisplus.core.metadata.TableInfoHelper - Warn: Could not find @TableId in Class: com.boc.horoscope.horos.po.HsFiveElementRelation.
2019-09-20 22:20:42.870 [main] WARN  c.b.mybatisplus.core.injector.AbstractMethod - [com.boc.horoscope.horos.mapper.HsFiveElementRelationMapper.insert] Has been loaded by XML or SqlProvider or Mybatis's Annotation, so ignoring this injection for [class com.baomidou.mybatisplus.core.injector.methods.Insert]
2019-09-20 22:20:42.936 [main] WARN  c.b.mybatisplus.core.injector.AbstractMethod - [com.boc.horoscope.horos.mapper.HsPersonHoroscopeRecdMapper.insert] Has been loaded by XML or SqlProvider or Mybatis's Annotation, so ignoring this injection for [class com.baomidou.mybatisplus.core.injector.methods.Insert]
2019-09-20 22:20:44.613 [main] WARN  o.s.b.a.o.j.JpaBaseConfiguration$JpaWebConfiguration$JpaWebMvcConfiguration - spring.jpa.open-in-view is enabled by default. Therefore, database queries may be performed during view rendering. Explicitly configure spring.jpa.open-in-view to disable this warning
2019-09-20 22:28:40.824 [main] WARN  c.b.mybatisplus.core.metadata.TableInfoHelper - Warn: Could not find @TableId in Class: com.boc.horoscope.horos.po.CnRegionInfo.
2019-09-20 22:28:40.841 [main] WARN  c.b.mybatisplus.core.injector.AbstractMethod - [com.boc.horoscope.horos.mapper.CnRegionInfoMapper.insert] Has been loaded by XML or SqlProvider or Mybatis's Annotation, so ignoring this injection for [class com.baomidou.mybatisplus.core.injector.methods.Insert]
2019-09-20 22:28:40.941 [main] WARN  c.b.mybatisplus.core.injector.AbstractMethod - [com.boc.horoscope.horos.mapper.CnSolarTermMapper.insert] Has been loaded by XML or SqlProvider or Mybatis's Annotation, so ignoring this injection for [class com.baomidou.mybatisplus.core.injector.methods.Insert]
2019-09-20 22:28:41.085 [main] WARN  c.b.mybatisplus.core.metadata.TableInfoHelper - Warn: Could not find @TableId in Class: com.boc.horoscope.horos.po.HsFiveElementRelation.
2019-09-20 22:28:41.088 [main] WARN  c.b.mybatisplus.core.injector.AbstractMethod - [com.boc.horoscope.horos.mapper.HsFiveElementRelationMapper.insert] Has been loaded by XML or SqlProvider or Mybatis's Annotation, so ignoring this injection for [class com.baomidou.mybatisplus.core.injector.methods.Insert]
2019-09-20 22:28:41.180 [main] WARN  c.b.mybatisplus.core.injector.AbstractMethod - [com.boc.horoscope.horos.mapper.HsPersonHoroscopeRecdMapper.insert] Has been loaded by XML or SqlProvider or Mybatis's Annotation, so ignoring this injection for [class com.baomidou.mybatisplus.core.injector.methods.Insert]
2019-09-20 22:28:42.921 [main] WARN  o.s.b.a.o.j.JpaBaseConfiguration$JpaWebConfiguration$JpaWebMvcConfiguration - spring.jpa.open-in-view is enabled by default. Therefore, database queries may be performed during view rendering. Explicitly configure spring.jpa.open-in-view to disable this warning
2019-09-20 22:30:14.639 [main] WARN  c.b.mybatisplus.core.metadata.TableInfoHelper - Warn: Could not find @TableId in Class: com.boc.horoscope.horos.po.CnRegionInfo.
2019-09-20 22:30:14.656 [main] WARN  c.b.mybatisplus.core.injector.AbstractMethod - [com.boc.horoscope.horos.mapper.CnRegionInfoMapper.insert] Has been loaded by XML or SqlProvider or Mybatis's Annotation, so ignoring this injection for [class com.baomidou.mybatisplus.core.injector.methods.Insert]
2019-09-20 22:30:14.827 [main] WARN  c.b.mybatisplus.core.injector.AbstractMethod - [com.boc.horoscope.horos.mapper.CnSolarTermMapper.insert] Has been loaded by XML or SqlProvider or Mybatis's Annotation, so ignoring this injection for [class com.baomidou.mybatisplus.core.injector.methods.Insert]
2019-09-20 22:30:14.948 [main] WARN  c.b.mybatisplus.core.metadata.TableInfoHelper - Warn: Could not find @TableId in Class: com.boc.horoscope.horos.po.HsFiveElementRelation.
2019-09-20 22:30:14.951 [main] WARN  c.b.mybatisplus.core.injector.AbstractMethod - [com.boc.horoscope.horos.mapper.HsFiveElementRelationMapper.insert] Has been loaded by XML or SqlProvider or Mybatis's Annotation, so ignoring this injection for [class com.baomidou.mybatisplus.core.injector.methods.Insert]
2019-09-20 22:30:15.107 [main] WARN  c.b.mybatisplus.core.injector.AbstractMethod - [com.boc.horoscope.horos.mapper.HsPersonHoroscopeRecdMapper.insert] Has been loaded by XML or SqlProvider or Mybatis's Annotation, so ignoring this injection for [class com.baomidou.mybatisplus.core.injector.methods.Insert]
2019-09-20 22:30:17.703 [main] WARN  o.s.b.a.o.j.JpaBaseConfiguration$JpaWebConfiguration$JpaWebMvcConfiguration - spring.jpa.open-in-view is enabled by default. Therefore, database queries may be performed during view rendering. Explicitly configure spring.jpa.open-in-view to disable this warning
2019-09-20 22:31:20.843 [main] WARN  c.b.mybatisplus.core.metadata.TableInfoHelper - Warn: Could not find @TableId in Class: com.boc.horoscope.horos.po.CnRegionInfo.
2019-09-20 22:31:20.858 [main] WARN  c.b.mybatisplus.core.injector.AbstractMethod - [com.boc.horoscope.horos.mapper.CnRegionInfoMapper.insert] Has been loaded by XML or SqlProvider or Mybatis's Annotation, so ignoring this injection for [class com.baomidou.mybatisplus.core.injector.methods.Insert]
2019-09-20 22:31:20.957 [main] WARN  c.b.mybatisplus.core.injector.AbstractMethod - [com.boc.horoscope.horos.mapper.CnSolarTermMapper.insert] Has been loaded by XML or SqlProvider or Mybatis's Annotation, so ignoring this injection for [class com.baomidou.mybatisplus.core.injector.methods.Insert]
2019-09-20 22:31:21.162 [main] WARN  c.b.mybatisplus.core.metadata.TableInfoHelper - Warn: Could not find @TableId in Class: com.boc.horoscope.horos.po.HsFiveElementRelation.
2019-09-20 22:31:21.166 [main] WARN  c.b.mybatisplus.core.injector.AbstractMethod - [com.boc.horoscope.horos.mapper.HsFiveElementRelationMapper.insert] Has been loaded by XML or SqlProvider or Mybatis's Annotation, so ignoring this injection for [class com.baomidou.mybatisplus.core.injector.methods.Insert]
2019-09-20 22:31:21.348 [main] WARN  c.b.mybatisplus.core.injector.AbstractMethod - [com.boc.horoscope.horos.mapper.HsPersonHoroscopeRecdMapper.insert] Has been loaded by XML or SqlProvider or Mybatis's Annotation, so ignoring this injection for [class com.baomidou.mybatisplus.core.injector.methods.Insert]
2019-09-20 22:31:23.670 [main] WARN  o.s.b.a.o.j.JpaBaseConfiguration$JpaWebConfiguration$JpaWebMvcConfiguration - spring.jpa.open-in-view is enabled by default. Therefore, database queries may be performed during view rendering. Explicitly configure spring.jpa.open-in-view to disable this warning
2019-09-20 22:42:48.841 [main] WARN  c.b.mybatisplus.core.metadata.TableInfoHelper - Warn: Could not find @TableId in Class: com.boc.horoscope.horos.po.CnRegionInfo.
2019-09-20 22:42:48.851 [main] WARN  c.b.mybatisplus.core.injector.AbstractMethod - [com.boc.horoscope.horos.mapper.CnRegionInfoMapper.insert] Has been loaded by XML or SqlProvider or Mybatis's Annotation, so ignoring this injection for [class com.baomidou.mybatisplus.core.injector.methods.Insert]
2019-09-20 22:42:48.941 [main] WARN  c.b.mybatisplus.core.injector.AbstractMethod - [com.boc.horoscope.horos.mapper.CnSolarTermMapper.insert] Has been loaded by XML or SqlProvider or Mybatis's Annotation, so ignoring this injection for [class com.baomidou.mybatisplus.core.injector.methods.Insert]
2019-09-20 22:42:49.146 [main] WARN  c.b.mybatisplus.core.metadata.TableInfoHelper - Warn: Could not find @TableId in Class: com.boc.horoscope.horos.po.HsFiveElementRelation.
2019-09-20 22:42:49.149 [main] WARN  c.b.mybatisplus.core.injector.AbstractMethod - [com.boc.horoscope.horos.mapper.HsFiveElementRelationMapper.insert] Has been loaded by XML or SqlProvider or Mybatis's Annotation, so ignoring this injection for [class com.baomidou.mybatisplus.core.injector.methods.Insert]
2019-09-20 22:42:49.260 [main] WARN  c.b.mybatisplus.core.injector.AbstractMethod - [com.boc.horoscope.horos.mapper.HsPersonHoroscopeRecdMapper.insert] Has been loaded by XML or SqlProvider or Mybatis's Annotation, so ignoring this injection for [class com.baomidou.mybatisplus.core.injector.methods.Insert]
2019-09-20 22:42:50.858 [main] WARN  o.s.b.a.o.j.JpaBaseConfiguration$JpaWebConfiguration$JpaWebMvcConfiguration - spring.jpa.open-in-view is enabled by default. Therefore, database queries may be performed during view rendering. Explicitly configure spring.jpa.open-in-view to disable this warning
2019-09-20 22:42:55.629 [Thread-5] WARN  o.s.d.redis.listener.RedisMessageListenerContainer - Error closing subscription connection
org.springframework.data.redis.RedisSystemException: Unknown redis exception; nested exception is java.lang.ClassCastException: java.util.ArrayList cannot be cast to [B
	at org.springframework.data.redis.FallbackExceptionTranslationStrategy.getFallback(FallbackExceptionTranslationStrategy.java:53)
	at org.springframework.data.redis.FallbackExceptionTranslationStrategy.translate(FallbackExceptionTranslationStrategy.java:43)
	at org.springframework.data.redis.connection.jedis.JedisConnection.convertJedisAccessException(JedisConnection.java:142)
	at org.springframework.data.redis.connection.jedis.JedisConnection.close(JedisConnection.java:308)
	at org.springframework.data.redis.listener.RedisMessageListenerContainer$SubscriptionTask.closeConnection(RedisMessageListenerContainer.java:894)
	at org.springframework.data.redis.listener.RedisMessageListenerContainer$SubscriptionTask.cancel(RedisMessageListenerContainer.java:881)
	at org.springframework.data.redis.listener.RedisMessageListenerContainer.stop(RedisMessageListenerContainer.java:225)
	at org.springframework.data.redis.listener.RedisMessageListenerContainer.stop(RedisMessageListenerContainer.java:183)
	at org.springframework.context.support.DefaultLifecycleProcessor.doStop(DefaultLifecycleProcessor.java:238)
	at org.springframework.context.support.DefaultLifecycleProcessor.access$300(DefaultLifecycleProcessor.java:53)
	at org.springframework.context.support.DefaultLifecycleProcessor$LifecycleGroup.stop(DefaultLifecycleProcessor.java:377)
	at org.springframework.context.support.DefaultLifecycleProcessor.stopBeans(DefaultLifecycleProcessor.java:210)
	at org.springframework.context.support.DefaultLifecycleProcessor.onClose(DefaultLifecycleProcessor.java:128)
	at org.springframework.context.support.AbstractApplicationContext.doClose(AbstractApplicationContext.java:1003)
	at org.springframework.context.support.AbstractApplicationContext$1.run(AbstractApplicationContext.java:931)
Caused by: java.lang.ClassCastException: java.util.ArrayList cannot be cast to [B
	at redis.clients.jedis.Connection.getStatusCodeReply(Connection.java:239)
	at redis.clients.jedis.BinaryJedis.quit(BinaryJedis.java:253)
	at org.springframework.data.redis.connection.jedis.JedisConnection.close(JedisConnection.java:298)
	... 11 common frames omitted
2019-09-20 22:43:25.257 [main] WARN  c.b.mybatisplus.core.metadata.TableInfoHelper - Warn: Could not find @TableId in Class: com.boc.horoscope.horos.po.CnRegionInfo.
2019-09-20 22:43:25.268 [main] WARN  c.b.mybatisplus.core.injector.AbstractMethod - [com.boc.horoscope.horos.mapper.CnRegionInfoMapper.insert] Has been loaded by XML or SqlProvider or Mybatis's Annotation, so ignoring this injection for [class com.baomidou.mybatisplus.core.injector.methods.Insert]
2019-09-20 22:43:25.366 [main] WARN  c.b.mybatisplus.core.injector.AbstractMethod - [com.boc.horoscope.horos.mapper.CnSolarTermMapper.insert] Has been loaded by XML or SqlProvider or Mybatis's Annotation, so ignoring this injection for [class com.baomidou.mybatisplus.core.injector.methods.Insert]
2019-09-20 22:43:25.512 [main] WARN  c.b.mybatisplus.core.metadata.TableInfoHelper - Warn: Could not find @TableId in Class: com.boc.horoscope.horos.po.HsFiveElementRelation.
2019-09-20 22:43:25.518 [main] WARN  c.b.mybatisplus.core.injector.AbstractMethod - [com.boc.horoscope.horos.mapper.HsFiveElementRelationMapper.insert] Has been loaded by XML or SqlProvider or Mybatis's Annotation, so ignoring this injection for [class com.baomidou.mybatisplus.core.injector.methods.Insert]
2019-09-20 22:43:25.590 [main] WARN  c.b.mybatisplus.core.injector.AbstractMethod - [com.boc.horoscope.horos.mapper.HsPersonHoroscopeRecdMapper.insert] Has been loaded by XML or SqlProvider or Mybatis's Annotation, so ignoring this injection for [class com.baomidou.mybatisplus.core.injector.methods.Insert]
2019-09-20 22:43:27.073 [main] WARN  o.s.b.a.o.j.JpaBaseConfiguration$JpaWebConfiguration$JpaWebMvcConfiguration - spring.jpa.open-in-view is enabled by default. Therefore, database queries may be performed during view rendering. Explicitly configure spring.jpa.open-in-view to disable this warning
