2019-09-19 06:30:50.425 [main] WARN  c.b.mybatisplus.core.metadata.TableInfoHelper - Warn: Could not find @TableId in Class: com.boc.horoscope.horos.po.CnRegionInfo.
2019-09-19 06:30:50.485 [main] WARN  c.b.mybatisplus.core.injector.AbstractMethod - [com.boc.horoscope.horos.mapper.CnRegionInfoMapper.insert] Has been loaded by XML or SqlProvider or Mybatis's Annotation, so ignoring this injection for [class com.baomidou.mybatisplus.core.injector.methods.Insert]
2019-09-19 06:30:50.695 [main] WARN  c.b.mybatisplus.core.injector.AbstractMethod - [com.boc.horoscope.horos.mapper.CnSolarTermMapper.insert] Has been loaded by XML or SqlProvider or Mybatis's Annotation, so ignoring this injection for [class com.baomidou.mybatisplus.core.injector.methods.Insert]
2019-09-19 06:30:50.845 [main] WARN  c.b.mybatisplus.core.injector.AbstractMethod - [com.boc.horoscope.horos.mapper.HsPersonHoroscopeRecdMapper.insert] Has been loaded by XML or SqlProvider or Mybatis's Annotation, so ignoring this injection for [class com.baomidou.mybatisplus.core.injector.methods.Insert]
2019-09-19 06:30:52.479 [main] WARN  o.s.b.a.o.j.JpaBaseConfiguration$JpaWebConfiguration$JpaWebMvcConfiguration - spring.jpa.open-in-view is enabled by default. Therefore, database queries may be performed during view rendering. Explicitly configure spring.jpa.open-in-view to disable this warning
2019-09-19 06:34:07.847 [main] WARN  c.b.mybatisplus.core.metadata.TableInfoHelper - Warn: Could not find @TableId in Class: com.boc.horoscope.horos.po.CnRegionInfo.
2019-09-19 06:34:07.866 [main] WARN  c.b.mybatisplus.core.injector.AbstractMethod - [com.boc.horoscope.horos.mapper.CnRegionInfoMapper.insert] Has been loaded by XML or SqlProvider or Mybatis's Annotation, so ignoring this injection for [class com.baomidou.mybatisplus.core.injector.methods.Insert]
2019-09-19 06:34:07.957 [main] WARN  c.b.mybatisplus.core.injector.AbstractMethod - [com.boc.horoscope.horos.mapper.CnSolarTermMapper.insert] Has been loaded by XML or SqlProvider or Mybatis's Annotation, so ignoring this injection for [class com.baomidou.mybatisplus.core.injector.methods.Insert]
2019-09-19 06:34:08.150 [main] WARN  c.b.mybatisplus.core.injector.AbstractMethod - [com.boc.horoscope.horos.mapper.HsPersonHoroscopeRecdMapper.insert] Has been loaded by XML or SqlProvider or Mybatis's Annotation, so ignoring this injection for [class com.baomidou.mybatisplus.core.injector.methods.Insert]
2019-09-19 06:34:09.420 [main] WARN  o.s.b.a.o.j.JpaBaseConfiguration$JpaWebConfiguration$JpaWebMvcConfiguration - spring.jpa.open-in-view is enabled by default. Therefore, database queries may be performed during view rendering. Explicitly configure spring.jpa.open-in-view to disable this warning
2019-09-19 06:48:36.199 [main] WARN  c.b.mybatisplus.core.metadata.TableInfoHelper - Warn: Could not find @TableId in Class: com.boc.horoscope.horos.po.CnRegionInfo.
2019-09-19 06:48:36.218 [main] WARN  c.b.mybatisplus.core.injector.AbstractMethod - [com.boc.horoscope.horos.mapper.CnRegionInfoMapper.insert] Has been loaded by XML or SqlProvider or Mybatis's Annotation, so ignoring this injection for [class com.baomidou.mybatisplus.core.injector.methods.Insert]
2019-09-19 06:48:36.393 [main] WARN  c.b.mybatisplus.core.injector.AbstractMethod - [com.boc.horoscope.horos.mapper.CnSolarTermMapper.insert] Has been loaded by XML or SqlProvider or Mybatis's Annotation, so ignoring this injection for [class com.baomidou.mybatisplus.core.injector.methods.Insert]
2019-09-19 06:48:36.660 [main] WARN  c.b.mybatisplus.core.injector.AbstractMethod - [com.boc.horoscope.horos.mapper.HsPersonHoroscopeRecdMapper.insert] Has been loaded by XML or SqlProvider or Mybatis's Annotation, so ignoring this injection for [class com.baomidou.mybatisplus.core.injector.methods.Insert]
2019-09-19 06:48:38.103 [main] WARN  o.s.b.a.o.j.JpaBaseConfiguration$JpaWebConfiguration$JpaWebMvcConfiguration - spring.jpa.open-in-view is enabled by default. Therefore, database queries may be performed during view rendering. Explicitly configure spring.jpa.open-in-view to disable this warning
2019-09-19 06:50:41.928 [main] WARN  c.b.mybatisplus.core.metadata.TableInfoHelper - Warn: Could not find @TableId in Class: com.boc.horoscope.horos.po.CnRegionInfo.
2019-09-19 06:50:41.949 [main] WARN  c.b.mybatisplus.core.injector.AbstractMethod - [com.boc.horoscope.horos.mapper.CnRegionInfoMapper.insert] Has been loaded by XML or SqlProvider or Mybatis's Annotation, so ignoring this injection for [class com.baomidou.mybatisplus.core.injector.methods.Insert]
2019-09-19 06:50:42.051 [main] WARN  c.b.mybatisplus.core.injector.AbstractMethod - [com.boc.horoscope.horos.mapper.CnSolarTermMapper.insert] Has been loaded by XML or SqlProvider or Mybatis's Annotation, so ignoring this injection for [class com.baomidou.mybatisplus.core.injector.methods.Insert]
2019-09-19 06:50:42.247 [main] WARN  c.b.mybatisplus.core.injector.AbstractMethod - [com.boc.horoscope.horos.mapper.HsPersonHoroscopeRecdMapper.insert] Has been loaded by XML or SqlProvider or Mybatis's Annotation, so ignoring this injection for [class com.baomidou.mybatisplus.core.injector.methods.Insert]
2019-09-19 06:50:43.881 [main] WARN  o.s.b.a.o.j.JpaBaseConfiguration$JpaWebConfiguration$JpaWebMvcConfiguration - spring.jpa.open-in-view is enabled by default. Therefore, database queries may be performed during view rendering. Explicitly configure spring.jpa.open-in-view to disable this warning
2019-09-19 06:51:47.264 [main] WARN  c.b.mybatisplus.core.metadata.TableInfoHelper - Warn: Could not find @TableId in Class: com.boc.horoscope.horos.po.CnRegionInfo.
2019-09-19 06:51:47.276 [main] WARN  c.b.mybatisplus.core.injector.AbstractMethod - [com.boc.horoscope.horos.mapper.CnRegionInfoMapper.insert] Has been loaded by XML or SqlProvider or Mybatis's Annotation, so ignoring this injection for [class com.baomidou.mybatisplus.core.injector.methods.Insert]
2019-09-19 06:51:47.376 [main] WARN  c.b.mybatisplus.core.injector.AbstractMethod - [com.boc.horoscope.horos.mapper.CnSolarTermMapper.insert] Has been loaded by XML or SqlProvider or Mybatis's Annotation, so ignoring this injection for [class com.baomidou.mybatisplus.core.injector.methods.Insert]
2019-09-19 06:51:47.519 [main] WARN  c.b.mybatisplus.core.injector.AbstractMethod - [com.boc.horoscope.horos.mapper.HsPersonHoroscopeRecdMapper.insert] Has been loaded by XML or SqlProvider or Mybatis's Annotation, so ignoring this injection for [class com.baomidou.mybatisplus.core.injector.methods.Insert]
2019-09-19 06:51:48.697 [main] WARN  o.s.b.a.o.j.JpaBaseConfiguration$JpaWebConfiguration$JpaWebMvcConfiguration - spring.jpa.open-in-view is enabled by default. Therefore, database queries may be performed during view rendering. Explicitly configure spring.jpa.open-in-view to disable this warning
2019-09-19 06:56:07.259 [main] WARN  c.b.mybatisplus.core.metadata.TableInfoHelper - Warn: Could not find @TableId in Class: com.boc.horoscope.horos.po.CnRegionInfo.
2019-09-19 06:56:07.267 [main] WARN  c.b.mybatisplus.core.injector.AbstractMethod - [com.boc.horoscope.horos.mapper.CnRegionInfoMapper.insert] Has been loaded by XML or SqlProvider or Mybatis's Annotation, so ignoring this injection for [class com.baomidou.mybatisplus.core.injector.methods.Insert]
2019-09-19 06:56:07.368 [main] WARN  c.b.mybatisplus.core.injector.AbstractMethod - [com.boc.horoscope.horos.mapper.CnSolarTermMapper.insert] Has been loaded by XML or SqlProvider or Mybatis's Annotation, so ignoring this injection for [class com.baomidou.mybatisplus.core.injector.methods.Insert]
2019-09-19 06:56:07.549 [main] WARN  c.b.mybatisplus.core.injector.AbstractMethod - [com.boc.horoscope.horos.mapper.HsPersonHoroscopeRecdMapper.insert] Has been loaded by XML or SqlProvider or Mybatis's Annotation, so ignoring this injection for [class com.baomidou.mybatisplus.core.injector.methods.Insert]
2019-09-19 06:56:08.677 [main] WARN  o.s.b.a.o.j.JpaBaseConfiguration$JpaWebConfiguration$JpaWebMvcConfiguration - spring.jpa.open-in-view is enabled by default. Therefore, database queries may be performed during view rendering. Explicitly configure spring.jpa.open-in-view to disable this warning
2019-09-19 07:25:25.003 [main] WARN  c.b.mybatisplus.core.metadata.TableInfoHelper - Warn: Could not find @TableId in Class: com.boc.horoscope.horos.po.CnRegionInfo.
2019-09-19 07:25:25.016 [main] WARN  c.b.mybatisplus.core.injector.AbstractMethod - [com.boc.horoscope.horos.mapper.CnRegionInfoMapper.insert] Has been loaded by XML or SqlProvider or Mybatis's Annotation, so ignoring this injection for [class com.baomidou.mybatisplus.core.injector.methods.Insert]
2019-09-19 07:25:25.118 [main] WARN  c.b.mybatisplus.core.injector.AbstractMethod - [com.boc.horoscope.horos.mapper.CnSolarTermMapper.insert] Has been loaded by XML or SqlProvider or Mybatis's Annotation, so ignoring this injection for [class com.baomidou.mybatisplus.core.injector.methods.Insert]
2019-09-19 07:25:25.262 [main] WARN  c.b.mybatisplus.core.injector.AbstractMethod - [com.boc.horoscope.horos.mapper.HsPersonHoroscopeRecdMapper.insert] Has been loaded by XML or SqlProvider or Mybatis's Annotation, so ignoring this injection for [class com.baomidou.mybatisplus.core.injector.methods.Insert]
2019-09-19 07:25:26.478 [main] WARN  o.s.b.a.o.j.JpaBaseConfiguration$JpaWebConfiguration$JpaWebMvcConfiguration - spring.jpa.open-in-view is enabled by default. Therefore, database queries may be performed during view rendering. Explicitly configure spring.jpa.open-in-view to disable this warning
2019-09-19 07:26:34.305 [main] WARN  c.b.mybatisplus.core.metadata.TableInfoHelper - Warn: Could not find @TableId in Class: com.boc.horoscope.horos.po.CnRegionInfo.
2019-09-19 07:26:34.320 [main] WARN  c.b.mybatisplus.core.injector.AbstractMethod - [com.boc.horoscope.horos.mapper.CnRegionInfoMapper.insert] Has been loaded by XML or SqlProvider or Mybatis's Annotation, so ignoring this injection for [class com.baomidou.mybatisplus.core.injector.methods.Insert]
2019-09-19 07:26:34.420 [main] WARN  c.b.mybatisplus.core.injector.AbstractMethod - [com.boc.horoscope.horos.mapper.CnSolarTermMapper.insert] Has been loaded by XML or SqlProvider or Mybatis's Annotation, so ignoring this injection for [class com.baomidou.mybatisplus.core.injector.methods.Insert]
2019-09-19 07:26:34.574 [main] WARN  c.b.mybatisplus.core.injector.AbstractMethod - [com.boc.horoscope.horos.mapper.HsPersonHoroscopeRecdMapper.insert] Has been loaded by XML or SqlProvider or Mybatis's Annotation, so ignoring this injection for [class com.baomidou.mybatisplus.core.injector.methods.Insert]
2019-09-19 07:26:35.922 [main] WARN  o.s.b.a.o.j.JpaBaseConfiguration$JpaWebConfiguration$JpaWebMvcConfiguration - spring.jpa.open-in-view is enabled by default. Therefore, database queries may be performed during view rendering. Explicitly configure spring.jpa.open-in-view to disable this warning
2019-09-19 12:49:30.806 [main] WARN  c.b.mybatisplus.core.metadata.TableInfoHelper - Warn: Could not find @TableId in Class: com.boc.horoscope.horos.po.CnRegionInfo.
2019-09-19 12:49:30.817 [main] WARN  c.b.mybatisplus.core.injector.AbstractMethod - [com.boc.horoscope.horos.mapper.CnRegionInfoMapper.insert] Has been loaded by XML or SqlProvider or Mybatis's Annotation, so ignoring this injection for [class com.baomidou.mybatisplus.core.injector.methods.Insert]
2019-09-19 12:49:30.973 [main] WARN  c.b.mybatisplus.core.injector.AbstractMethod - [com.boc.horoscope.horos.mapper.CnSolarTermMapper.insert] Has been loaded by XML or SqlProvider or Mybatis's Annotation, so ignoring this injection for [class com.baomidou.mybatisplus.core.injector.methods.Insert]
2019-09-19 12:49:31.246 [main] WARN  c.b.mybatisplus.core.injector.AbstractMethod - [com.boc.horoscope.horos.mapper.HsPersonHoroscopeRecdMapper.insert] Has been loaded by XML or SqlProvider or Mybatis's Annotation, so ignoring this injection for [class com.baomidou.mybatisplus.core.injector.methods.Insert]
2019-09-19 12:49:33.764 [main] WARN  o.s.b.a.o.j.JpaBaseConfiguration$JpaWebConfiguration$JpaWebMvcConfiguration - spring.jpa.open-in-view is enabled by default. Therefore, database queries may be performed during view rendering. Explicitly configure spring.jpa.open-in-view to disable this warning
2019-09-19 13:01:51.210 [main] WARN  c.b.mybatisplus.core.metadata.TableInfoHelper - Warn: Could not find @TableId in Class: com.boc.horoscope.horos.po.CnRegionInfo.
2019-09-19 13:01:51.227 [main] WARN  c.b.mybatisplus.core.injector.AbstractMethod - [com.boc.horoscope.horos.mapper.CnRegionInfoMapper.insert] Has been loaded by XML or SqlProvider or Mybatis's Annotation, so ignoring this injection for [class com.baomidou.mybatisplus.core.injector.methods.Insert]
2019-09-19 13:01:51.349 [main] WARN  c.b.mybatisplus.core.injector.AbstractMethod - [com.boc.horoscope.horos.mapper.CnSolarTermMapper.insert] Has been loaded by XML or SqlProvider or Mybatis's Annotation, so ignoring this injection for [class com.baomidou.mybatisplus.core.injector.methods.Insert]
2019-09-19 13:01:51.508 [main] WARN  c.b.mybatisplus.core.injector.AbstractMethod - [com.boc.horoscope.horos.mapper.HsPersonHoroscopeRecdMapper.insert] Has been loaded by XML or SqlProvider or Mybatis's Annotation, so ignoring this injection for [class com.baomidou.mybatisplus.core.injector.methods.Insert]
2019-09-19 13:01:53.501 [main] WARN  o.s.b.a.o.j.JpaBaseConfiguration$JpaWebConfiguration$JpaWebMvcConfiguration - spring.jpa.open-in-view is enabled by default. Therefore, database queries may be performed during view rendering. Explicitly configure spring.jpa.open-in-view to disable this warning
2019-09-19 13:03:14.430 [main] WARN  c.b.mybatisplus.core.metadata.TableInfoHelper - Warn: Could not find @TableId in Class: com.boc.horoscope.horos.po.CnRegionInfo.
2019-09-19 13:03:14.446 [main] WARN  c.b.mybatisplus.core.injector.AbstractMethod - [com.boc.horoscope.horos.mapper.CnRegionInfoMapper.insert] Has been loaded by XML or SqlProvider or Mybatis's Annotation, so ignoring this injection for [class com.baomidou.mybatisplus.core.injector.methods.Insert]
2019-09-19 13:03:14.614 [main] WARN  c.b.mybatisplus.core.injector.AbstractMethod - [com.boc.horoscope.horos.mapper.CnSolarTermMapper.insert] Has been loaded by XML or SqlProvider or Mybatis's Annotation, so ignoring this injection for [class com.baomidou.mybatisplus.core.injector.methods.Insert]
2019-09-19 13:03:14.783 [main] WARN  c.b.mybatisplus.core.injector.AbstractMethod - [com.boc.horoscope.horos.mapper.HsPersonHoroscopeRecdMapper.insert] Has been loaded by XML or SqlProvider or Mybatis's Annotation, so ignoring this injection for [class com.baomidou.mybatisplus.core.injector.methods.Insert]
2019-09-19 13:03:16.535 [main] WARN  o.s.b.a.o.j.JpaBaseConfiguration$JpaWebConfiguration$JpaWebMvcConfiguration - spring.jpa.open-in-view is enabled by default. Therefore, database queries may be performed during view rendering. Explicitly configure spring.jpa.open-in-view to disable this warning
2019-09-19 13:04:20.908 [main] WARN  c.b.mybatisplus.core.metadata.TableInfoHelper - Warn: Could not find @TableId in Class: com.boc.horoscope.horos.po.CnRegionInfo.
2019-09-19 13:04:20.926 [main] WARN  c.b.mybatisplus.core.injector.AbstractMethod - [com.boc.horoscope.horos.mapper.CnRegionInfoMapper.insert] Has been loaded by XML or SqlProvider or Mybatis's Annotation, so ignoring this injection for [class com.baomidou.mybatisplus.core.injector.methods.Insert]
2019-09-19 13:04:21.051 [main] WARN  c.b.mybatisplus.core.injector.AbstractMethod - [com.boc.horoscope.horos.mapper.CnSolarTermMapper.insert] Has been loaded by XML or SqlProvider or Mybatis's Annotation, so ignoring this injection for [class com.baomidou.mybatisplus.core.injector.methods.Insert]
2019-09-19 13:04:21.252 [main] WARN  c.b.mybatisplus.core.injector.AbstractMethod - [com.boc.horoscope.horos.mapper.HsPersonHoroscopeRecdMapper.insert] Has been loaded by XML or SqlProvider or Mybatis's Annotation, so ignoring this injection for [class com.baomidou.mybatisplus.core.injector.methods.Insert]
2019-09-19 13:04:22.998 [main] WARN  o.s.b.a.o.j.JpaBaseConfiguration$JpaWebConfiguration$JpaWebMvcConfiguration - spring.jpa.open-in-view is enabled by default. Therefore, database queries may be performed during view rendering. Explicitly configure spring.jpa.open-in-view to disable this warning
2019-09-19 13:05:12.801 [main] WARN  c.b.mybatisplus.core.metadata.TableInfoHelper - Warn: Could not find @TableId in Class: com.boc.horoscope.horos.po.CnRegionInfo.
2019-09-19 13:05:12.817 [main] WARN  c.b.mybatisplus.core.injector.AbstractMethod - [com.boc.horoscope.horos.mapper.CnRegionInfoMapper.insert] Has been loaded by XML or SqlProvider or Mybatis's Annotation, so ignoring this injection for [class com.baomidou.mybatisplus.core.injector.methods.Insert]
2019-09-19 13:05:12.935 [main] WARN  c.b.mybatisplus.core.injector.AbstractMethod - [com.boc.horoscope.horos.mapper.CnSolarTermMapper.insert] Has been loaded by XML or SqlProvider or Mybatis's Annotation, so ignoring this injection for [class com.baomidou.mybatisplus.core.injector.methods.Insert]
2019-09-19 13:05:13.228 [main] WARN  c.b.mybatisplus.core.injector.AbstractMethod - [com.boc.horoscope.horos.mapper.HsPersonHoroscopeRecdMapper.insert] Has been loaded by XML or SqlProvider or Mybatis's Annotation, so ignoring this injection for [class com.baomidou.mybatisplus.core.injector.methods.Insert]
2019-09-19 13:05:15.400 [main] WARN  o.s.b.a.o.j.JpaBaseConfiguration$JpaWebConfiguration$JpaWebMvcConfiguration - spring.jpa.open-in-view is enabled by default. Therefore, database queries may be performed during view rendering. Explicitly configure spring.jpa.open-in-view to disable this warning
2019-09-19 13:09:34.633 [main] WARN  c.b.mybatisplus.core.metadata.TableInfoHelper - Warn: Could not find @TableId in Class: com.boc.horoscope.horos.po.CnRegionInfo.
2019-09-19 13:09:34.654 [main] WARN  c.b.mybatisplus.core.injector.AbstractMethod - [com.boc.horoscope.horos.mapper.CnRegionInfoMapper.insert] Has been loaded by XML or SqlProvider or Mybatis's Annotation, so ignoring this injection for [class com.baomidou.mybatisplus.core.injector.methods.Insert]
2019-09-19 13:09:34.798 [main] WARN  c.b.mybatisplus.core.injector.AbstractMethod - [com.boc.horoscope.horos.mapper.CnSolarTermMapper.insert] Has been loaded by XML or SqlProvider or Mybatis's Annotation, so ignoring this injection for [class com.baomidou.mybatisplus.core.injector.methods.Insert]
2019-09-19 13:09:34.934 [main] WARN  c.b.mybatisplus.core.injector.AbstractMethod - [com.boc.horoscope.horos.mapper.HsPersonHoroscopeRecdMapper.insert] Has been loaded by XML or SqlProvider or Mybatis's Annotation, so ignoring this injection for [class com.baomidou.mybatisplus.core.injector.methods.Insert]
2019-09-19 13:09:37.026 [main] WARN  o.s.b.a.o.j.JpaBaseConfiguration$JpaWebConfiguration$JpaWebMvcConfiguration - spring.jpa.open-in-view is enabled by default. Therefore, database queries may be performed during view rendering. Explicitly configure spring.jpa.open-in-view to disable this warning
2019-09-19 13:17:26.060 [main] WARN  c.b.mybatisplus.core.metadata.TableInfoHelper - Warn: Could not find @TableId in Class: com.boc.horoscope.horos.po.CnRegionInfo.
2019-09-19 13:17:26.081 [main] WARN  c.b.mybatisplus.core.injector.AbstractMethod - [com.boc.horoscope.horos.mapper.CnRegionInfoMapper.insert] Has been loaded by XML or SqlProvider or Mybatis's Annotation, so ignoring this injection for [class com.baomidou.mybatisplus.core.injector.methods.Insert]
2019-09-19 13:17:26.260 [main] WARN  c.b.mybatisplus.core.injector.AbstractMethod - [com.boc.horoscope.horos.mapper.CnSolarTermMapper.insert] Has been loaded by XML or SqlProvider or Mybatis's Annotation, so ignoring this injection for [class com.baomidou.mybatisplus.core.injector.methods.Insert]
2019-09-19 13:17:26.454 [main] WARN  c.b.mybatisplus.core.injector.AbstractMethod - [com.boc.horoscope.horos.mapper.HsPersonHoroscopeRecdMapper.insert] Has been loaded by XML or SqlProvider or Mybatis's Annotation, so ignoring this injection for [class com.baomidou.mybatisplus.core.injector.methods.Insert]
2019-09-19 13:17:28.240 [main] WARN  o.s.b.a.o.j.JpaBaseConfiguration$JpaWebConfiguration$JpaWebMvcConfiguration - spring.jpa.open-in-view is enabled by default. Therefore, database queries may be performed during view rendering. Explicitly configure spring.jpa.open-in-view to disable this warning
2019-09-19 13:18:27.946 [main] WARN  c.b.mybatisplus.core.metadata.TableInfoHelper - Warn: Could not find @TableId in Class: com.boc.horoscope.horos.po.CnRegionInfo.
2019-09-19 13:18:27.964 [main] WARN  c.b.mybatisplus.core.injector.AbstractMethod - [com.boc.horoscope.horos.mapper.CnRegionInfoMapper.insert] Has been loaded by XML or SqlProvider or Mybatis's Annotation, so ignoring this injection for [class com.baomidou.mybatisplus.core.injector.methods.Insert]
2019-09-19 13:18:28.076 [main] WARN  c.b.mybatisplus.core.injector.AbstractMethod - [com.boc.horoscope.horos.mapper.CnSolarTermMapper.insert] Has been loaded by XML or SqlProvider or Mybatis's Annotation, so ignoring this injection for [class com.baomidou.mybatisplus.core.injector.methods.Insert]
2019-09-19 13:18:28.245 [main] WARN  c.b.mybatisplus.core.injector.AbstractMethod - [com.boc.horoscope.horos.mapper.HsPersonHoroscopeRecdMapper.insert] Has been loaded by XML or SqlProvider or Mybatis's Annotation, so ignoring this injection for [class com.baomidou.mybatisplus.core.injector.methods.Insert]
2019-09-19 13:18:30.007 [main] WARN  o.s.b.a.o.j.JpaBaseConfiguration$JpaWebConfiguration$JpaWebMvcConfiguration - spring.jpa.open-in-view is enabled by default. Therefore, database queries may be performed during view rendering. Explicitly configure spring.jpa.open-in-view to disable this warning
