2019-10-03 08:20:20.517 [main] WARN  c.b.mybatisplus.core.metadata.TableInfoHelper - Warn: Could not find @TableId in Class: com.boc.horoscope.horos.po.CnRegionInfo.
2019-10-03 08:20:20.543 [main] WARN  c.b.mybatisplus.core.injector.AbstractMethod - [com.boc.horoscope.horos.mapper.CnRegionInfoMapper.insert] Has been loaded by XML or SqlProvider or Mybatis's Annotation, so ignoring this injection for [class com.baomidou.mybatisplus.core.injector.methods.Insert]
2019-10-03 08:20:20.683 [main] WARN  c.b.mybatisplus.core.injector.AbstractMethod - [com.boc.horoscope.horos.mapper.CnSolarTermMapper.insert] Has been loaded by XML or SqlProvider or Mybatis's Annotation, so ignoring this injection for [class com.baomidou.mybatisplus.core.injector.methods.Insert]
2019-10-03 08:20:20.848 [main] WARN  c.b.mybatisplus.core.metadata.TableInfoHelper - Warn: Could not find @TableId in Class: com.boc.horoscope.horos.po.HsFiveElementRelation.
2019-10-03 08:20:20.851 [main] WARN  c.b.mybatisplus.core.injector.AbstractMethod - [com.boc.horoscope.horos.mapper.HsFiveElementRelationMapper.insert] Has been loaded by XML or SqlProvider or Mybatis's Annotation, so ignoring this injection for [class com.baomidou.mybatisplus.core.injector.methods.Insert]
2019-10-03 08:20:20.997 [main] WARN  c.b.mybatisplus.core.injector.AbstractMethod - [com.boc.horoscope.horos.mapper.HsPersonHoroscopeRecdMapper.insert] Has been loaded by XML or SqlProvider or Mybatis's Annotation, so ignoring this injection for [class com.baomidou.mybatisplus.core.injector.methods.Insert]
2019-10-03 08:20:22.590 [main] WARN  o.s.b.a.o.j.JpaBaseConfiguration$JpaWebConfiguration$JpaWebMvcConfiguration - spring.jpa.open-in-view is enabled by default. Therefore, database queries may be performed during view rendering. Explicitly configure spring.jpa.open-in-view to disable this warning
2019-10-03 08:28:45.231 [main] WARN  c.b.mybatisplus.core.metadata.TableInfoHelper - Warn: Could not find @TableId in Class: com.boc.horoscope.horos.po.CnRegionInfo.
2019-10-03 08:28:45.244 [main] WARN  c.b.mybatisplus.core.injector.AbstractMethod - [com.boc.horoscope.horos.mapper.CnRegionInfoMapper.insert] Has been loaded by XML or SqlProvider or Mybatis's Annotation, so ignoring this injection for [class com.baomidou.mybatisplus.core.injector.methods.Insert]
2019-10-03 08:28:45.358 [main] WARN  c.b.mybatisplus.core.injector.AbstractMethod - [com.boc.horoscope.horos.mapper.CnSolarTermMapper.insert] Has been loaded by XML or SqlProvider or Mybatis's Annotation, so ignoring this injection for [class com.baomidou.mybatisplus.core.injector.methods.Insert]
2019-10-03 08:28:45.523 [main] WARN  c.b.mybatisplus.core.metadata.TableInfoHelper - Warn: Could not find @TableId in Class: com.boc.horoscope.horos.po.HsFiveElementRelation.
2019-10-03 08:28:45.526 [main] WARN  c.b.mybatisplus.core.injector.AbstractMethod - [com.boc.horoscope.horos.mapper.HsFiveElementRelationMapper.insert] Has been loaded by XML or SqlProvider or Mybatis's Annotation, so ignoring this injection for [class com.baomidou.mybatisplus.core.injector.methods.Insert]
2019-10-03 08:28:45.677 [main] WARN  c.b.mybatisplus.core.injector.AbstractMethod - [com.boc.horoscope.horos.mapper.HsPersonHoroscopeRecdMapper.insert] Has been loaded by XML or SqlProvider or Mybatis's Annotation, so ignoring this injection for [class com.baomidou.mybatisplus.core.injector.methods.Insert]
2019-10-03 08:28:47.519 [main] WARN  o.s.b.a.o.j.JpaBaseConfiguration$JpaWebConfiguration$JpaWebMvcConfiguration - spring.jpa.open-in-view is enabled by default. Therefore, database queries may be performed during view rendering. Explicitly configure spring.jpa.open-in-view to disable this warning
2019-10-03 08:30:46.082 [main] WARN  c.b.mybatisplus.core.metadata.TableInfoHelper - Warn: Could not find @TableId in Class: com.boc.horoscope.horos.po.CnRegionInfo.
2019-10-03 08:30:46.095 [main] WARN  c.b.mybatisplus.core.injector.AbstractMethod - [com.boc.horoscope.horos.mapper.CnRegionInfoMapper.insert] Has been loaded by XML or SqlProvider or Mybatis's Annotation, so ignoring this injection for [class com.baomidou.mybatisplus.core.injector.methods.Insert]
2019-10-03 08:30:46.214 [main] WARN  c.b.mybatisplus.core.injector.AbstractMethod - [com.boc.horoscope.horos.mapper.CnSolarTermMapper.insert] Has been loaded by XML or SqlProvider or Mybatis's Annotation, so ignoring this injection for [class com.baomidou.mybatisplus.core.injector.methods.Insert]
2019-10-03 08:30:46.440 [main] WARN  c.b.mybatisplus.core.metadata.TableInfoHelper - Warn: Could not find @TableId in Class: com.boc.horoscope.horos.po.HsFiveElementRelation.
2019-10-03 08:30:46.444 [main] WARN  c.b.mybatisplus.core.injector.AbstractMethod - [com.boc.horoscope.horos.mapper.HsFiveElementRelationMapper.insert] Has been loaded by XML or SqlProvider or Mybatis's Annotation, so ignoring this injection for [class com.baomidou.mybatisplus.core.injector.methods.Insert]
2019-10-03 08:30:46.569 [main] WARN  c.b.mybatisplus.core.injector.AbstractMethod - [com.boc.horoscope.horos.mapper.HsPersonHoroscopeRecdMapper.insert] Has been loaded by XML or SqlProvider or Mybatis's Annotation, so ignoring this injection for [class com.baomidou.mybatisplus.core.injector.methods.Insert]
2019-10-03 08:30:48.765 [main] WARN  o.s.b.a.o.j.JpaBaseConfiguration$JpaWebConfiguration$JpaWebMvcConfiguration - spring.jpa.open-in-view is enabled by default. Therefore, database queries may be performed during view rendering. Explicitly configure spring.jpa.open-in-view to disable this warning
2019-10-03 08:38:39.650 [main] WARN  c.b.mybatisplus.core.metadata.TableInfoHelper - Warn: Could not find @TableId in Class: com.boc.horoscope.horos.po.CnRegionInfo.
2019-10-03 08:38:39.664 [main] WARN  c.b.mybatisplus.core.injector.AbstractMethod - [com.boc.horoscope.horos.mapper.CnRegionInfoMapper.insert] Has been loaded by XML or SqlProvider or Mybatis's Annotation, so ignoring this injection for [class com.baomidou.mybatisplus.core.injector.methods.Insert]
2019-10-03 08:38:39.808 [main] WARN  c.b.mybatisplus.core.injector.AbstractMethod - [com.boc.horoscope.horos.mapper.CnSolarTermMapper.insert] Has been loaded by XML or SqlProvider or Mybatis's Annotation, so ignoring this injection for [class com.baomidou.mybatisplus.core.injector.methods.Insert]
2019-10-03 08:38:39.961 [main] WARN  c.b.mybatisplus.core.metadata.TableInfoHelper - Warn: Could not find @TableId in Class: com.boc.horoscope.horos.po.HsFiveElementRelation.
2019-10-03 08:38:39.964 [main] WARN  c.b.mybatisplus.core.injector.AbstractMethod - [com.boc.horoscope.horos.mapper.HsFiveElementRelationMapper.insert] Has been loaded by XML or SqlProvider or Mybatis's Annotation, so ignoring this injection for [class com.baomidou.mybatisplus.core.injector.methods.Insert]
2019-10-03 08:38:40.077 [main] WARN  c.b.mybatisplus.core.injector.AbstractMethod - [com.boc.horoscope.horos.mapper.HsPersonHoroscopeRecdMapper.insert] Has been loaded by XML or SqlProvider or Mybatis's Annotation, so ignoring this injection for [class com.baomidou.mybatisplus.core.injector.methods.Insert]
2019-10-03 08:38:41.351 [main] WARN  o.s.b.a.o.j.JpaBaseConfiguration$JpaWebConfiguration$JpaWebMvcConfiguration - spring.jpa.open-in-view is enabled by default. Therefore, database queries may be performed during view rendering. Explicitly configure spring.jpa.open-in-view to disable this warning
2019-10-03 13:17:55.888 [main] WARN  c.b.mybatisplus.core.metadata.TableInfoHelper - Warn: Could not find @TableId in Class: com.boc.horoscope.horos.po.CnRegionInfo.
2019-10-03 13:17:55.902 [main] WARN  c.b.mybatisplus.core.injector.AbstractMethod - [com.boc.horoscope.horos.mapper.CnRegionInfoMapper.insert] Has been loaded by XML or SqlProvider or Mybatis's Annotation, so ignoring this injection for [class com.baomidou.mybatisplus.core.injector.methods.Insert]
2019-10-03 13:17:56.012 [main] WARN  c.b.mybatisplus.core.injector.AbstractMethod - [com.boc.horoscope.horos.mapper.CnSolarTermMapper.insert] Has been loaded by XML or SqlProvider or Mybatis's Annotation, so ignoring this injection for [class com.baomidou.mybatisplus.core.injector.methods.Insert]
2019-10-03 13:17:56.144 [main] WARN  c.b.mybatisplus.core.metadata.TableInfoHelper - Warn: Could not find @TableId in Class: com.boc.horoscope.horos.po.HsFiveElementRelation.
2019-10-03 13:17:56.151 [main] WARN  c.b.mybatisplus.core.injector.AbstractMethod - [com.boc.horoscope.horos.mapper.HsFiveElementRelationMapper.insert] Has been loaded by XML or SqlProvider or Mybatis's Annotation, so ignoring this injection for [class com.baomidou.mybatisplus.core.injector.methods.Insert]
2019-10-03 13:17:56.268 [main] WARN  c.b.mybatisplus.core.injector.AbstractMethod - [com.boc.horoscope.horos.mapper.HsPersonHoroscopeRecdMapper.insert] Has been loaded by XML or SqlProvider or Mybatis's Annotation, so ignoring this injection for [class com.baomidou.mybatisplus.core.injector.methods.Insert]
2019-10-03 13:17:57.973 [main] WARN  o.s.b.a.o.j.JpaBaseConfiguration$JpaWebConfiguration$JpaWebMvcConfiguration - spring.jpa.open-in-view is enabled by default. Therefore, database queries may be performed during view rendering. Explicitly configure spring.jpa.open-in-view to disable this warning
2019-10-03 13:27:05.456 [main] WARN  c.b.mybatisplus.core.metadata.TableInfoHelper - Warn: Could not find @TableId in Class: com.boc.horoscope.horos.po.CnRegionInfo.
2019-10-03 13:27:05.465 [main] WARN  c.b.mybatisplus.core.injector.AbstractMethod - [com.boc.horoscope.horos.mapper.CnRegionInfoMapper.insert] Has been loaded by XML or SqlProvider or Mybatis's Annotation, so ignoring this injection for [class com.baomidou.mybatisplus.core.injector.methods.Insert]
2019-10-03 13:27:05.552 [main] WARN  c.b.mybatisplus.core.injector.AbstractMethod - [com.boc.horoscope.horos.mapper.CnSolarTermMapper.insert] Has been loaded by XML or SqlProvider or Mybatis's Annotation, so ignoring this injection for [class com.baomidou.mybatisplus.core.injector.methods.Insert]
2019-10-03 13:27:05.710 [main] WARN  c.b.mybatisplus.core.metadata.TableInfoHelper - Warn: Could not find @TableId in Class: com.boc.horoscope.horos.po.HsFiveElementRelation.
2019-10-03 13:27:05.718 [main] WARN  c.b.mybatisplus.core.injector.AbstractMethod - [com.boc.horoscope.horos.mapper.HsFiveElementRelationMapper.insert] Has been loaded by XML or SqlProvider or Mybatis's Annotation, so ignoring this injection for [class com.baomidou.mybatisplus.core.injector.methods.Insert]
2019-10-03 13:27:05.906 [main] WARN  c.b.mybatisplus.core.injector.AbstractMethod - [com.boc.horoscope.horos.mapper.HsPersonHoroscopeRecdMapper.insert] Has been loaded by XML or SqlProvider or Mybatis's Annotation, so ignoring this injection for [class com.baomidou.mybatisplus.core.injector.methods.Insert]
2019-10-03 13:27:07.620 [main] WARN  o.s.b.a.o.j.JpaBaseConfiguration$JpaWebConfiguration$JpaWebMvcConfiguration - spring.jpa.open-in-view is enabled by default. Therefore, database queries may be performed during view rendering. Explicitly configure spring.jpa.open-in-view to disable this warning
