2019-10-03 08:20:06.314 [main] INFO  c.b.h.paipan.daycolumn.DefaultDayColumnDealTest - Starting DefaultDayColumnDealTest on LAPTOP-R4PC1KLI with PID 25648 (started by 89144 in D:\dev\worker\horoscoparent\horoscope)
2019-10-03 08:20:06.336 [main] INFO  c.b.h.paipan.daycolumn.DefaultDayColumnDealTest - No active profile set, falling back to default profiles: default
2019-10-03 08:20:14.843 [main] INFO  o.s.d.r.config.RepositoryConfigurationDelegate - Multiple Spring Data modules found, entering strict repository configuration mode!
2019-10-03 08:20:14.847 [main] INFO  o.s.d.r.config.RepositoryConfigurationDelegate - Bootstrapping Spring Data repositories in DEFAULT mode.
2019-10-03 08:20:15.065 [main] INFO  o.s.d.r.config.RepositoryConfigurationDelegate - Finished Spring Data repository scanning in 186ms. Found 0 repository interfaces.
2019-10-03 08:20:15.156 [main] INFO  o.s.d.r.config.RepositoryConfigurationDelegate - Multiple Spring Data modules found, entering strict repository configuration mode!
2019-10-03 08:20:15.163 [main] INFO  o.s.d.r.config.RepositoryConfigurationDelegate - Bootstrapping Spring Data repositories in DEFAULT mode.
2019-10-03 08:20:15.287 [main] INFO  o.s.d.r.config.RepositoryConfigurationDelegate - Finished Spring Data repository scanning in 99ms. Found 0 repository interfaces.
2019-10-03 08:20:16.490 [main] INFO  o.s.c.s.PostProcessorRegistrationDelegate$BeanPostProcessorChecker - Bean 'org.springframework.transaction.annotation.ProxyTransactionManagementConfiguration' of type [org.springframework.transaction.annotation.ProxyTransactionManagementConfiguration$$EnhancerBySpringCGLIB$$7c849dcb] is not eligible for getting processed by all BeanPostProcessors (for example: not eligible for auto-proxying)
2019-10-03 08:20:16.562 [main] INFO  o.s.c.s.PostProcessorRegistrationDelegate$BeanPostProcessorChecker - Bean 'redisConfig' of type [com.boc.horoscope.redis.config.RedisConfig$$EnhancerBySpringCGLIB$$bb83f57] is not eligible for getting processed by all BeanPostProcessors (for example: not eligible for auto-proxying)
2019-10-03 08:20:17.747 [main] INFO  com.alibaba.druid.pool.DruidDataSource - {dataSource-1,test} inited
2019-10-03 08:20:18.111 [main] INFO  org.hibernate.Version - HHH000412: Hibernate Core {5.3.7.Final}
2019-10-03 08:20:18.113 [main] INFO  org.hibernate.cfg.Environment - HHH000206: hibernate.properties not found
2019-10-03 08:20:18.438 [main] INFO  org.hibernate.annotations.common.Version - HCANN000001: Hibernate Commons Annotations {5.0.4.Final}
2019-10-03 08:20:19.534 [main] INFO  org.hibernate.dialect.Dialect - HHH000400: Using dialect: org.hibernate.dialect.MySQL5Dialect
2019-10-03 08:20:19.987 [main] INFO  o.s.orm.jpa.LocalContainerEntityManagerFactoryBean - Initialized JPA EntityManagerFactory for persistence unit 'default'
2019-10-03 08:20:24.829 [main] INFO  o.s.scheduling.concurrent.ThreadPoolTaskExecutor - Initializing ExecutorService 'applicationTaskExecutor'
2019-10-03 08:20:26.802 [main] INFO  s.d.s.web.plugins.DocumentationPluginsBootstrapper - Context refreshed
2019-10-03 08:20:26.854 [main] INFO  s.d.s.web.plugins.DocumentationPluginsBootstrapper - Found 1 custom documentation plugin(s)
2019-10-03 08:20:26.879 [main] INFO  s.d.spring.web.scanners.ApiListingReferenceScanner - Scanning for api listing references
2019-10-03 08:20:27.373 [main] INFO  o.s.s.a.ScheduledAnnotationBeanPostProcessor - No TaskScheduler/ScheduledExecutorService bean found for scheduled processing
2019-10-03 08:20:27.389 [main] INFO  c.b.h.paipan.daycolumn.DefaultDayColumnDealTest - Started DefaultDayColumnDealTest in 22.536 seconds (JVM running for 24.512)
2019-10-03 08:20:28.077 [main] INFO  c.b.h.paipan.daycolumn.DefaultDayColumnDealTest - PaipanRunDTO:{"currSolarTerm":{"id":201900,"termDate":1549250054000,"termIndex":0,"termName":"立春","year":2019},"daYunDTOS":[{"age":7,"branch":"丑","cangGanGods":["正印","伤官","劫财"],"cangGans":["己","癸","辛"],"dayunDate":"2026-09-06 10:06","heavGod":"正财","heavenly":"乙"},{"age":17,"branch":"子","cangGanGods":["伤官"],"cangGans":["癸"],"dayunDate":"2036-09-06 10:06","heavGod":"偏财","heavenly":"甲"},{"age":27,"branch":"亥","cangGanGods":["食神","偏财"],"cangGans":["壬","甲"],"dayunDate":"2046-09-06 10:06","heavGod":"伤官","heavenly":"癸"},{"age":37,"branch":"戌","cangGanGods":["偏印","劫财","正官"],"cangGans":["戊","辛","丁"],"dayunDate":"2056-09-06 10:06","heavGod":"食神","heavenly":"壬"},{"age":47,"branch":"酉","cangGanGods":["劫财"],"cangGans":["辛"],"dayunDate":"2066-09-06 10:06","heavGod":"劫财","heavenly":"辛"},{"age":57,"branch":"申","cangGanGods":["比肩","食神","偏印"],"cangGans":["庚","壬","戊"],"dayunDate":"2076-09-06 10:06","heavGod":"比肩","heavenly":"庚"},{"age":67,"branch":"未","cangGanGods":["正印","正官","正财"],"cangGans":["己","丁","乙"],"dayunDate":"2086-09-06 10:06","heavGod":"正印","heavenly":"己"},{"age":77,"branch":"午","cangGanGods":["正官","正印"],"cangGans":["丁","己"],"dayunDate":"2096-09-06 10:06","heavGod":"偏印","heavenly":"戊"},{"age":87,"branch":"巳","cangGanGods":["七杀","比肩","偏印"],"cangGans":["丙","庚","戊"],"dayunDate":"2106-09-06 10:06","heavGod":"正官","heavenly":"丁"},{"age":97,"branch":"辰","cangGanGods":["偏印","正财","伤官"],"cangGans":["戊","乙","癸"],"dayunDate":"2116-09-06 10:06","heavGod":"七杀","heavenly":"丙"}],"eightCharacterDTO":{"dayBranch":"辰","dayBranchHevs":["戊","乙","癸"],"dayBranchHevsGod":["偏印","正财","伤官"],"dayChangSheng":"养","dayHeavenly":"庚","dayHevGod":"日元","dayNaYin":"白蜡金","dayShenShas":["红鸾"],"hourBranch":"巳","hourBranchHevs":["丙","庚","戊"],"hourBranchHevsGod":["七杀","比肩","偏印"],"hourChangSheng":"长生","hourHeavenly":"辛","hourHevGod":"劫财","hourNaYin":"白蜡金","hourShenShas":["驿马","天喜","学堂","劫煞"],"kongWang":["酉","申"],"mingGongBranch":"戌","mingGongHeavenly":"甲","mingGongStartBranch":"寅","monthBranch":"寅","monthBranchHevs":["甲","丙","戊"],"monthBranchHevsGod":["偏财","七杀","偏印"],"monthChangSheng":"绝","monthHeavenly":"丙","monthHevGod":"七杀","monthNaYin":"炉中火","monthShenShas":["孤辰","贵人","驿马"],"taiYuanBranch":"巳","taiYuanHeavenly":"丁","yearBranch":"亥","yearBranchHevs":["壬","甲"],"yearBranchHevsGod":["食神","偏财"],"yearChangSheng":"病","yearHeavenly":"己","yearHevGod":"正印","yearNaYin":"平地木","yearShenShas":["文昌","亡神"]},"jiaoyunDate":"2026-09-06 10:06","lunarDate":1546913160000,"nextSolarTerm":{"id":201901,"termDate":1550531032000,"termIndex":1,"termName":"雨水","year":2019},"paipanDTO":{"areLeapMonth":false,"birthDateTime":"2019-02-12 11:13","birthPlace":{"area":"511623"},"sex":2,"sunOrlun":1,"trueSunbirthDateTime":"2019-02-12 10:06"},"preSolarTerm":{"id":201823,"termDate":1547974769000,"termIndex":23,"termName":"大寒","year":2018},"qiyunDay":"7年6月25天","solarTermIdx":0,"solarYear":2019}
2019-10-03 08:20:28.109 [Thread-5] INFO  o.s.scheduling.concurrent.ThreadPoolTaskExecutor - Shutting down ExecutorService 'applicationTaskExecutor'
2019-10-03 08:20:28.113 [Thread-5] INFO  o.s.orm.jpa.LocalContainerEntityManagerFactoryBean - Closing JPA EntityManagerFactory for persistence unit 'default'
2019-10-03 08:20:28.119 [Thread-5] INFO  com.alibaba.druid.pool.DruidDataSource - {dataSource-1} closing ...
2019-10-03 08:20:28.123 [Thread-5] INFO  com.alibaba.druid.pool.DruidDataSource - {dataSource-1} closed
2019-10-03 08:28:32.150 [main] INFO  c.b.h.paipan.daycolumn.DefaultDayColumnDealTest - Starting DefaultDayColumnDealTest on LAPTOP-R4PC1KLI with PID 23396 (started by 89144 in D:\dev\worker\horoscoparent\horoscope)
2019-10-03 08:28:32.154 [main] INFO  c.b.h.paipan.daycolumn.DefaultDayColumnDealTest - No active profile set, falling back to default profiles: default
2019-10-03 08:28:39.171 [main] INFO  o.s.d.r.config.RepositoryConfigurationDelegate - Multiple Spring Data modules found, entering strict repository configuration mode!
2019-10-03 08:28:39.175 [main] INFO  o.s.d.r.config.RepositoryConfigurationDelegate - Bootstrapping Spring Data repositories in DEFAULT mode.
2019-10-03 08:28:39.380 [main] INFO  o.s.d.r.config.RepositoryConfigurationDelegate - Finished Spring Data repository scanning in 154ms. Found 0 repository interfaces.
2019-10-03 08:28:39.456 [main] INFO  o.s.d.r.config.RepositoryConfigurationDelegate - Multiple Spring Data modules found, entering strict repository configuration mode!
2019-10-03 08:28:39.458 [main] INFO  o.s.d.r.config.RepositoryConfigurationDelegate - Bootstrapping Spring Data repositories in DEFAULT mode.
2019-10-03 08:28:39.537 [main] INFO  o.s.d.r.config.RepositoryConfigurationDelegate - Finished Spring Data repository scanning in 56ms. Found 0 repository interfaces.
2019-10-03 08:28:41.439 [main] INFO  o.s.c.s.PostProcessorRegistrationDelegate$BeanPostProcessorChecker - Bean 'org.springframework.transaction.annotation.ProxyTransactionManagementConfiguration' of type [org.springframework.transaction.annotation.ProxyTransactionManagementConfiguration$$EnhancerBySpringCGLIB$$4bef6e2] is not eligible for getting processed by all BeanPostProcessors (for example: not eligible for auto-proxying)
2019-10-03 08:28:41.525 [main] INFO  o.s.c.s.PostProcessorRegistrationDelegate$BeanPostProcessorChecker - Bean 'redisConfig' of type [com.boc.horoscope.redis.config.RedisConfig$$EnhancerBySpringCGLIB$$93f2986e] is not eligible for getting processed by all BeanPostProcessors (for example: not eligible for auto-proxying)
2019-10-03 08:28:42.643 [main] INFO  com.alibaba.druid.pool.DruidDataSource - {dataSource-1,test} inited
2019-10-03 08:28:42.957 [main] INFO  org.hibernate.Version - HHH000412: Hibernate Core {5.3.7.Final}
2019-10-03 08:28:42.961 [main] INFO  org.hibernate.cfg.Environment - HHH000206: hibernate.properties not found
2019-10-03 08:28:43.321 [main] INFO  org.hibernate.annotations.common.Version - HCANN000001: Hibernate Commons Annotations {5.0.4.Final}
2019-10-03 08:28:44.328 [main] INFO  org.hibernate.dialect.Dialect - HHH000400: Using dialect: org.hibernate.dialect.MySQL5Dialect
2019-10-03 08:28:44.732 [main] INFO  o.s.orm.jpa.LocalContainerEntityManagerFactoryBean - Initialized JPA EntityManagerFactory for persistence unit 'default'
2019-10-03 08:28:50.295 [main] INFO  o.s.scheduling.concurrent.ThreadPoolTaskExecutor - Initializing ExecutorService 'applicationTaskExecutor'
2019-10-03 08:28:52.343 [main] INFO  s.d.s.web.plugins.DocumentationPluginsBootstrapper - Context refreshed
2019-10-03 08:28:52.423 [main] INFO  s.d.s.web.plugins.DocumentationPluginsBootstrapper - Found 1 custom documentation plugin(s)
2019-10-03 08:28:52.457 [main] INFO  s.d.spring.web.scanners.ApiListingReferenceScanner - Scanning for api listing references
2019-10-03 08:28:53.247 [main] INFO  o.s.s.a.ScheduledAnnotationBeanPostProcessor - No TaskScheduler/ScheduledExecutorService bean found for scheduled processing
2019-10-03 08:28:53.267 [main] INFO  c.b.h.paipan.daycolumn.DefaultDayColumnDealTest - Started DefaultDayColumnDealTest in 22.517 seconds (JVM running for 24.523)
2019-10-03 08:28:53.930 [main] INFO  c.b.h.paipan.daycolumn.DefaultDayColumnDealTest - PaipanRunDTO:{"currSolarTerm":{"id":201900,"termDate":1549250054000,"termIndex":0,"termName":"立春","year":2019},"daYunDTOS":[{"age":7,"branch":"丑","cangGanGods":["正印","伤官","劫财"],"cangGans":["己","癸","辛"],"dayunDate":"2026-09-06 10:06","heavGod":"正财","heavenly":"乙"},{"age":17,"branch":"子","cangGanGods":["伤官"],"cangGans":["癸"],"dayunDate":"2036-09-06 10:06","heavGod":"偏财","heavenly":"甲"},{"age":27,"branch":"亥","cangGanGods":["食神","偏财"],"cangGans":["壬","甲"],"dayunDate":"2046-09-06 10:06","heavGod":"伤官","heavenly":"癸"},{"age":37,"branch":"戌","cangGanGods":["偏印","劫财","正官"],"cangGans":["戊","辛","丁"],"dayunDate":"2056-09-06 10:06","heavGod":"食神","heavenly":"壬"},{"age":47,"branch":"酉","cangGanGods":["劫财"],"cangGans":["辛"],"dayunDate":"2066-09-06 10:06","heavGod":"劫财","heavenly":"辛"},{"age":57,"branch":"申","cangGanGods":["比肩","食神","偏印"],"cangGans":["庚","壬","戊"],"dayunDate":"2076-09-06 10:06","heavGod":"比肩","heavenly":"庚"},{"age":67,"branch":"未","cangGanGods":["正印","正官","正财"],"cangGans":["己","丁","乙"],"dayunDate":"2086-09-06 10:06","heavGod":"正印","heavenly":"己"},{"age":77,"branch":"午","cangGanGods":["正官","正印"],"cangGans":["丁","己"],"dayunDate":"2096-09-06 10:06","heavGod":"偏印","heavenly":"戊"},{"age":87,"branch":"巳","cangGanGods":["七杀","比肩","偏印"],"cangGans":["丙","庚","戊"],"dayunDate":"2106-09-06 10:06","heavGod":"正官","heavenly":"丁"},{"age":97,"branch":"辰","cangGanGods":["偏印","正财","伤官"],"cangGans":["戊","乙","癸"],"dayunDate":"2116-09-06 10:06","heavGod":"七杀","heavenly":"丙"}],"eightCharacterDTO":{"dayBranch":"辰","dayBranchHevs":["戊","乙","癸"],"dayBranchHevsGod":["偏印","正财","伤官"],"dayChangSheng":"养","dayHeavenly":"庚","dayHevGod":"日元","dayNaYin":"白蜡金","dayShenShas":["红鸾"],"hourBranch":"巳","hourBranchHevs":["丙","庚","戊"],"hourBranchHevsGod":["七杀","比肩","偏印"],"hourChangSheng":"长生","hourHeavenly":"辛","hourHevGod":"劫财","hourNaYin":"白蜡金","hourShenShas":["驿马","天喜","学堂","劫煞"],"kongWang":["酉","申"],"mingGongBranch":"戌","mingGongHeavenly":"甲","mingGongStartBranch":"寅","monthBranch":"寅","monthBranchHevs":["甲","丙","戊"],"monthBranchHevsGod":["偏财","七杀","偏印"],"monthChangSheng":"绝","monthHeavenly":"丙","monthHevGod":"七杀","monthNaYin":"炉中火","monthShenShas":["孤辰","贵人","驿马"],"taiYuanBranch":"巳","taiYuanHeavenly":"丁","yearBranch":"亥","yearBranchHevs":["壬","甲"],"yearBranchHevsGod":["食神","偏财"],"yearChangSheng":"病","yearHeavenly":"己","yearHevGod":"正印","yearNaYin":"平地木","yearShenShas":["文昌","亡神"]},"jiaoyunDate":"2026-09-06 10:06","lunarDate":1546913160000,"nextSolarTerm":{"id":201901,"termDate":1550531032000,"termIndex":1,"termName":"雨水","year":2019},"paipanDTO":{"areLeapMonth":false,"birthDateTime":"2019-02-12 11:13","birthPlace":{"area":"511623"},"sex":2,"sunOrlun":1,"trueSunbirthDateTime":"2019-02-12 10:06"},"preSolarTerm":{"id":201823,"termDate":1547974769000,"termIndex":23,"termName":"大寒","year":2018},"qiyunDay":"7年6月25天","solarTermIdx":0,"solarYear":2019}
2019-10-03 08:28:53.982 [Thread-5] INFO  o.s.scheduling.concurrent.ThreadPoolTaskExecutor - Shutting down ExecutorService 'applicationTaskExecutor'
2019-10-03 08:28:53.988 [Thread-5] INFO  o.s.orm.jpa.LocalContainerEntityManagerFactoryBean - Closing JPA EntityManagerFactory for persistence unit 'default'
2019-10-03 08:28:53.999 [Thread-5] INFO  com.alibaba.druid.pool.DruidDataSource - {dataSource-1} closing ...
2019-10-03 08:28:54.008 [Thread-5] INFO  com.alibaba.druid.pool.DruidDataSource - {dataSource-1} closed
2019-10-03 08:30:31.909 [main] INFO  c.b.h.paipan.daycolumn.DefaultDayColumnDealTest - Starting DefaultDayColumnDealTest on LAPTOP-R4PC1KLI with PID 11520 (started by 89144 in D:\dev\worker\horoscoparent\horoscope)
2019-10-03 08:30:31.935 [main] INFO  c.b.h.paipan.daycolumn.DefaultDayColumnDealTest - No active profile set, falling back to default profiles: default
2019-10-03 08:30:38.993 [main] INFO  o.s.d.r.config.RepositoryConfigurationDelegate - Multiple Spring Data modules found, entering strict repository configuration mode!
2019-10-03 08:30:38.995 [main] INFO  o.s.d.r.config.RepositoryConfigurationDelegate - Bootstrapping Spring Data repositories in DEFAULT mode.
2019-10-03 08:30:39.212 [main] INFO  o.s.d.r.config.RepositoryConfigurationDelegate - Finished Spring Data repository scanning in 125ms. Found 0 repository interfaces.
2019-10-03 08:30:39.243 [main] INFO  o.s.d.r.config.RepositoryConfigurationDelegate - Multiple Spring Data modules found, entering strict repository configuration mode!
2019-10-03 08:30:39.245 [main] INFO  o.s.d.r.config.RepositoryConfigurationDelegate - Bootstrapping Spring Data repositories in DEFAULT mode.
2019-10-03 08:30:39.446 [main] INFO  o.s.d.r.config.RepositoryConfigurationDelegate - Finished Spring Data repository scanning in 180ms. Found 0 repository interfaces.
2019-10-03 08:30:41.212 [main] INFO  o.s.c.s.PostProcessorRegistrationDelegate$BeanPostProcessorChecker - Bean 'org.springframework.transaction.annotation.ProxyTransactionManagementConfiguration' of type [org.springframework.transaction.annotation.ProxyTransactionManagementConfiguration$$EnhancerBySpringCGLIB$$4143539f] is not eligible for getting processed by all BeanPostProcessors (for example: not eligible for auto-proxying)
2019-10-03 08:30:41.296 [main] INFO  o.s.c.s.PostProcessorRegistrationDelegate$BeanPostProcessorChecker - Bean 'redisConfig' of type [com.boc.horoscope.redis.config.RedisConfig$$EnhancerBySpringCGLIB$$d076f52b] is not eligible for getting processed by all BeanPostProcessors (for example: not eligible for auto-proxying)
2019-10-03 08:30:42.663 [main] INFO  com.alibaba.druid.pool.DruidDataSource - {dataSource-1,test} inited
2019-10-03 08:30:43.109 [main] INFO  org.hibernate.Version - HHH000412: Hibernate Core {5.3.7.Final}
2019-10-03 08:30:43.115 [main] INFO  org.hibernate.cfg.Environment - HHH000206: hibernate.properties not found
2019-10-03 08:30:43.563 [main] INFO  org.hibernate.annotations.common.Version - HCANN000001: Hibernate Commons Annotations {5.0.4.Final}
2019-10-03 08:30:44.761 [main] INFO  org.hibernate.dialect.Dialect - HHH000400: Using dialect: org.hibernate.dialect.MySQL5Dialect
2019-10-03 08:30:45.299 [main] INFO  o.s.orm.jpa.LocalContainerEntityManagerFactoryBean - Initialized JPA EntityManagerFactory for persistence unit 'default'
2019-10-03 08:30:52.348 [main] INFO  o.s.scheduling.concurrent.ThreadPoolTaskExecutor - Initializing ExecutorService 'applicationTaskExecutor'
2019-10-03 08:30:54.834 [main] INFO  s.d.s.web.plugins.DocumentationPluginsBootstrapper - Context refreshed
2019-10-03 08:30:54.887 [main] INFO  s.d.s.web.plugins.DocumentationPluginsBootstrapper - Found 1 custom documentation plugin(s)
2019-10-03 08:30:54.915 [main] INFO  s.d.spring.web.scanners.ApiListingReferenceScanner - Scanning for api listing references
2019-10-03 08:30:55.534 [main] INFO  o.s.s.a.ScheduledAnnotationBeanPostProcessor - No TaskScheduler/ScheduledExecutorService bean found for scheduled processing
2019-10-03 08:30:55.557 [main] INFO  c.b.h.paipan.daycolumn.DefaultDayColumnDealTest - Started DefaultDayColumnDealTest in 24.879 seconds (JVM running for 26.698)
2019-10-03 08:30:56.546 [main] INFO  c.b.h.paipan.daycolumn.DefaultDayColumnDealTest - PaipanRunDTO:{"currSolarTerm":{"id":201900,"termDate":"2019-02-04 11:14:14","termIndex":0,"termName":"立春","year":2019},"daYunDTOS":[{"age":7,"branch":"丑","cangGanGods":["正印","伤官","劫财"],"cangGans":["己","癸","辛"],"dayunDate":"2026-09-06 10:06","heavGod":"正财","heavenly":"乙"},{"age":17,"branch":"子","cangGanGods":["伤官"],"cangGans":["癸"],"dayunDate":"2036-09-06 10:06","heavGod":"偏财","heavenly":"甲"},{"age":27,"branch":"亥","cangGanGods":["食神","偏财"],"cangGans":["壬","甲"],"dayunDate":"2046-09-06 10:06","heavGod":"伤官","heavenly":"癸"},{"age":37,"branch":"戌","cangGanGods":["偏印","劫财","正官"],"cangGans":["戊","辛","丁"],"dayunDate":"2056-09-06 10:06","heavGod":"食神","heavenly":"壬"},{"age":47,"branch":"酉","cangGanGods":["劫财"],"cangGans":["辛"],"dayunDate":"2066-09-06 10:06","heavGod":"劫财","heavenly":"辛"},{"age":57,"branch":"申","cangGanGods":["比肩","食神","偏印"],"cangGans":["庚","壬","戊"],"dayunDate":"2076-09-06 10:06","heavGod":"比肩","heavenly":"庚"},{"age":67,"branch":"未","cangGanGods":["正印","正官","正财"],"cangGans":["己","丁","乙"],"dayunDate":"2086-09-06 10:06","heavGod":"正印","heavenly":"己"},{"age":77,"branch":"午","cangGanGods":["正官","正印"],"cangGans":["丁","己"],"dayunDate":"2096-09-06 10:06","heavGod":"偏印","heavenly":"戊"},{"age":87,"branch":"巳","cangGanGods":["七杀","比肩","偏印"],"cangGans":["丙","庚","戊"],"dayunDate":"2106-09-06 10:06","heavGod":"正官","heavenly":"丁"},{"age":97,"branch":"辰","cangGanGods":["偏印","正财","伤官"],"cangGans":["戊","乙","癸"],"dayunDate":"2116-09-06 10:06","heavGod":"七杀","heavenly":"丙"}],"eightCharacterDTO":{"dayBranch":"辰","dayBranchHevs":["戊","乙","癸"],"dayBranchHevsGod":["偏印","正财","伤官"],"dayChangSheng":"养","dayHeavenly":"庚","dayHevGod":"日元","dayNaYin":"白蜡金","dayShenShas":["红鸾"],"hourBranch":"巳","hourBranchHevs":["丙","庚","戊"],"hourBranchHevsGod":["七杀","比肩","偏印"],"hourChangSheng":"长生","hourHeavenly":"辛","hourHevGod":"劫财","hourNaYin":"白蜡金","hourShenShas":["驿马","天喜","学堂","劫煞"],"kongWang":["酉","申"],"mingGongBranch":"戌","mingGongHeavenly":"甲","mingGongStartBranch":"寅","monthBranch":"寅","monthBranchHevs":["甲","丙","戊"],"monthBranchHevsGod":["偏财","七杀","偏印"],"monthChangSheng":"绝","monthHeavenly":"丙","monthHevGod":"七杀","monthNaYin":"炉中火","monthShenShas":["孤辰","贵人","驿马"],"taiYuanBranch":"巳","taiYuanHeavenly":"丁","yearBranch":"亥","yearBranchHevs":["壬","甲"],"yearBranchHevsGod":["食神","偏财"],"yearChangSheng":"病","yearHeavenly":"己","yearHevGod":"正印","yearNaYin":"平地木","yearShenShas":["文昌","亡神"]},"jiaoyunDate":"2026-09-06 10:06","lunarDate":1546913160000,"nextSolarTerm":{"id":201901,"termDate":"2019-02-19 07:03:52","termIndex":1,"termName":"雨水","year":2019},"paipanDTO":{"areLeapMonth":false,"birthDateTime":"2019-02-12 11:13","birthPlace":{"area":"511623"},"sex":2,"sunOrlun":1,"trueSunbirthDateTime":"2019-02-12 10:06"},"preSolarTerm":{"id":201823,"termDate":"2019-01-20 16:59:29","termIndex":23,"termName":"大寒","year":2018},"qiyunDay":"7年6月25天","solarTermIdx":0,"solarYear":2019}
2019-10-03 08:30:56.578 [Thread-5] INFO  o.s.scheduling.concurrent.ThreadPoolTaskExecutor - Shutting down ExecutorService 'applicationTaskExecutor'
2019-10-03 08:30:56.582 [Thread-5] INFO  o.s.orm.jpa.LocalContainerEntityManagerFactoryBean - Closing JPA EntityManagerFactory for persistence unit 'default'
2019-10-03 08:30:56.589 [Thread-5] INFO  com.alibaba.druid.pool.DruidDataSource - {dataSource-1} closing ...
2019-10-03 08:30:56.595 [Thread-5] INFO  com.alibaba.druid.pool.DruidDataSource - {dataSource-1} closed
2019-10-03 08:38:25.909 [main] INFO  c.b.h.paipan.daycolumn.DefaultDayColumnDealTest - Starting DefaultDayColumnDealTest on LAPTOP-R4PC1KLI with PID 22304 (started by 89144 in D:\dev\worker\horoscoparent\horoscope)
2019-10-03 08:38:25.931 [main] INFO  c.b.h.paipan.daycolumn.DefaultDayColumnDealTest - No active profile set, falling back to default profiles: default
2019-10-03 08:38:32.321 [main] INFO  o.s.d.r.config.RepositoryConfigurationDelegate - Multiple Spring Data modules found, entering strict repository configuration mode!
2019-10-03 08:38:32.327 [main] INFO  o.s.d.r.config.RepositoryConfigurationDelegate - Bootstrapping Spring Data repositories in DEFAULT mode.
2019-10-03 08:38:32.433 [main] INFO  o.s.d.r.config.RepositoryConfigurationDelegate - Finished Spring Data repository scanning in 69ms. Found 0 repository interfaces.
2019-10-03 08:38:32.458 [main] INFO  o.s.d.r.config.RepositoryConfigurationDelegate - Multiple Spring Data modules found, entering strict repository configuration mode!
2019-10-03 08:38:32.462 [main] INFO  o.s.d.r.config.RepositoryConfigurationDelegate - Bootstrapping Spring Data repositories in DEFAULT mode.
2019-10-03 08:38:32.542 [main] INFO  o.s.d.r.config.RepositoryConfigurationDelegate - Finished Spring Data repository scanning in 62ms. Found 0 repository interfaces.
2019-10-03 08:38:34.106 [main] INFO  o.s.c.s.PostProcessorRegistrationDelegate$BeanPostProcessorChecker - Bean 'org.springframework.transaction.annotation.ProxyTransactionManagementConfiguration' of type [org.springframework.transaction.annotation.ProxyTransactionManagementConfiguration$$EnhancerBySpringCGLIB$$344266a1] is not eligible for getting processed by all BeanPostProcessors (for example: not eligible for auto-proxying)
2019-10-03 08:38:34.256 [main] INFO  o.s.c.s.PostProcessorRegistrationDelegate$BeanPostProcessorChecker - Bean 'redisConfig' of type [com.boc.horoscope.redis.config.RedisConfig$$EnhancerBySpringCGLIB$$c376082d] is not eligible for getting processed by all BeanPostProcessors (for example: not eligible for auto-proxying)
2019-10-03 08:38:36.261 [main] INFO  com.alibaba.druid.pool.DruidDataSource - {dataSource-1,test} inited
2019-10-03 08:38:36.757 [main] INFO  org.hibernate.Version - HHH000412: Hibernate Core {5.3.7.Final}
2019-10-03 08:38:36.763 [main] INFO  org.hibernate.cfg.Environment - HHH000206: hibernate.properties not found
2019-10-03 08:38:37.267 [main] INFO  org.hibernate.annotations.common.Version - HCANN000001: Hibernate Commons Annotations {5.0.4.Final}
2019-10-03 08:38:38.628 [main] INFO  org.hibernate.dialect.Dialect - HHH000400: Using dialect: org.hibernate.dialect.MySQL5Dialect
2019-10-03 08:38:39.084 [main] INFO  o.s.orm.jpa.LocalContainerEntityManagerFactoryBean - Initialized JPA EntityManagerFactory for persistence unit 'default'
2019-10-03 08:38:43.366 [main] INFO  o.s.scheduling.concurrent.ThreadPoolTaskExecutor - Initializing ExecutorService 'applicationTaskExecutor'
2019-10-03 08:38:44.848 [main] INFO  s.d.s.web.plugins.DocumentationPluginsBootstrapper - Context refreshed
2019-10-03 08:38:44.891 [main] INFO  s.d.s.web.plugins.DocumentationPluginsBootstrapper - Found 1 custom documentation plugin(s)
2019-10-03 08:38:44.924 [main] INFO  s.d.spring.web.scanners.ApiListingReferenceScanner - Scanning for api listing references
2019-10-03 08:38:45.359 [main] INFO  o.s.s.a.ScheduledAnnotationBeanPostProcessor - No TaskScheduler/ScheduledExecutorService bean found for scheduled processing
2019-10-03 08:38:45.377 [main] INFO  c.b.h.paipan.daycolumn.DefaultDayColumnDealTest - Started DefaultDayColumnDealTest in 21.252 seconds (JVM running for 23.289)
2019-10-03 08:38:45.876 [main] INFO  c.b.h.paipan.daycolumn.DefaultDayColumnDealTest - PaipanRunDTO:{"currSolarTerm":{"id":201900,"termDate":"2019-02-04 11:14:14","termIndex":0,"termName":"立春","year":2019},"daYunDTOS":[{"age":2,"branch":"丑","cangGanGods":["正印","伤官","劫财"],"cangGans":["己","癸","辛"],"dayunDate":"2021-05-26 10:06","heavGod":"正财","heavenly":"乙"},{"age":12,"branch":"子","cangGanGods":["伤官"],"cangGans":["癸"],"dayunDate":"2031-05-26 10:06","heavGod":"偏财","heavenly":"甲"},{"age":22,"branch":"亥","cangGanGods":["食神","偏财"],"cangGans":["壬","甲"],"dayunDate":"2041-05-26 10:06","heavGod":"伤官","heavenly":"癸"},{"age":32,"branch":"戌","cangGanGods":["偏印","劫财","正官"],"cangGans":["戊","辛","丁"],"dayunDate":"2051-05-26 10:06","heavGod":"食神","heavenly":"壬"},{"age":42,"branch":"酉","cangGanGods":["劫财"],"cangGans":["辛"],"dayunDate":"2061-05-26 10:06","heavGod":"劫财","heavenly":"辛"},{"age":52,"branch":"申","cangGanGods":["比肩","食神","偏印"],"cangGans":["庚","壬","戊"],"dayunDate":"2071-05-26 10:06","heavGod":"比肩","heavenly":"庚"},{"age":62,"branch":"未","cangGanGods":["正印","正官","正财"],"cangGans":["己","丁","乙"],"dayunDate":"2081-05-26 10:06","heavGod":"正印","heavenly":"己"},{"age":72,"branch":"午","cangGanGods":["正官","正印"],"cangGans":["丁","己"],"dayunDate":"2091-05-26 10:06","heavGod":"偏印","heavenly":"戊"},{"age":82,"branch":"巳","cangGanGods":["七杀","比肩","偏印"],"cangGans":["丙","庚","戊"],"dayunDate":"2101-05-26 10:06","heavGod":"正官","heavenly":"丁"},{"age":92,"branch":"辰","cangGanGods":["偏印","正财","伤官"],"cangGans":["戊","乙","癸"],"dayunDate":"2111-05-26 10:06","heavGod":"七杀","heavenly":"丙"}],"eightCharacterDTO":{"dayBranch":"辰","dayBranchHevs":["戊","乙","癸"],"dayBranchHevsGod":["偏印","正财","伤官"],"dayChangSheng":"养","dayHeavenly":"庚","dayHevGod":"日元","dayNaYin":"白蜡金","dayShenShas":["红鸾"],"hourBranch":"巳","hourBranchHevs":["丙","庚","戊"],"hourBranchHevsGod":["七杀","比肩","偏印"],"hourChangSheng":"长生","hourHeavenly":"辛","hourHevGod":"劫财","hourNaYin":"白蜡金","hourShenShas":["驿马","天喜","学堂","劫煞"],"kongWang":["酉","申"],"mingGongBranch":"戌","mingGongHeavenly":"甲","mingGongStartBranch":"寅","monthBranch":"寅","monthBranchHevs":["甲","丙","戊"],"monthBranchHevsGod":["偏财","七杀","偏印"],"monthChangSheng":"绝","monthHeavenly":"丙","monthHevGod":"七杀","monthNaYin":"炉中火","monthShenShas":["孤辰","贵人","驿马"],"taiYuanBranch":"巳","taiYuanHeavenly":"丁","yearBranch":"亥","yearBranchHevs":["壬","甲"],"yearBranchHevsGod":["食神","偏财"],"yearChangSheng":"病","yearHeavenly":"己","yearHevGod":"正印","yearNaYin":"平地木","yearShenShas":["文昌","亡神"]},"jiaoyunDate":"2021-05-26 10:06","lunarDate":1546913160000,"nextSolarTerm":{"id":201901,"termDate":"2019-02-19 07:03:52","termIndex":1,"termName":"雨水","year":2019},"paipanDTO":{"areLeapMonth":false,"birthDateTime":"2019-02-12 11:13","birthPlace":{"area":"511623"},"sex":2,"sunOrlun":1,"trueSunbirthDateTime":"2019-02-12 10:06"},"preSolarTerm":{"id":201823,"termDate":"2019-01-20 16:59:29","termIndex":23,"termName":"大寒","year":2018},"qiyunDay":"2年3月14天","solarTermIdx":0,"solarYear":2019}
2019-10-03 08:38:45.909 [Thread-5] INFO  o.s.scheduling.concurrent.ThreadPoolTaskExecutor - Shutting down ExecutorService 'applicationTaskExecutor'
2019-10-03 08:38:45.913 [Thread-5] INFO  o.s.orm.jpa.LocalContainerEntityManagerFactoryBean - Closing JPA EntityManagerFactory for persistence unit 'default'
2019-10-03 08:38:45.919 [Thread-5] INFO  com.alibaba.druid.pool.DruidDataSource - {dataSource-1} closing ...
2019-10-03 08:38:45.924 [Thread-5] INFO  com.alibaba.druid.pool.DruidDataSource - {dataSource-1} closed
2019-10-03 13:17:43.792 [main] INFO  c.b.h.paipan.daycolumn.DefaultDayColumnDealTest - Starting DefaultDayColumnDealTest on LAPTOP-R4PC1KLI with PID 14892 (started by 89144 in D:\dev\worker\horoscoparent\horoscope)
2019-10-03 13:17:43.822 [main] INFO  c.b.h.paipan.daycolumn.DefaultDayColumnDealTest - No active profile set, falling back to default profiles: default
2019-10-03 13:17:50.518 [main] INFO  o.s.d.r.config.RepositoryConfigurationDelegate - Multiple Spring Data modules found, entering strict repository configuration mode!
2019-10-03 13:17:50.523 [main] INFO  o.s.d.r.config.RepositoryConfigurationDelegate - Bootstrapping Spring Data repositories in DEFAULT mode.
2019-10-03 13:17:50.659 [main] INFO  o.s.d.r.config.RepositoryConfigurationDelegate - Finished Spring Data repository scanning in 104ms. Found 0 repository interfaces.
2019-10-03 13:17:50.685 [main] INFO  o.s.d.r.config.RepositoryConfigurationDelegate - Multiple Spring Data modules found, entering strict repository configuration mode!
2019-10-03 13:17:50.752 [main] INFO  o.s.d.r.config.RepositoryConfigurationDelegate - Bootstrapping Spring Data repositories in DEFAULT mode.
2019-10-03 13:17:50.862 [main] INFO  o.s.d.r.config.RepositoryConfigurationDelegate - Finished Spring Data repository scanning in 50ms. Found 0 repository interfaces.
2019-10-03 13:17:52.225 [main] INFO  o.s.c.s.PostProcessorRegistrationDelegate$BeanPostProcessorChecker - Bean 'org.springframework.transaction.annotation.ProxyTransactionManagementConfiguration' of type [org.springframework.transaction.annotation.ProxyTransactionManagementConfiguration$$EnhancerBySpringCGLIB$$344266a1] is not eligible for getting processed by all BeanPostProcessors (for example: not eligible for auto-proxying)
2019-10-03 13:17:52.308 [main] INFO  o.s.c.s.PostProcessorRegistrationDelegate$BeanPostProcessorChecker - Bean 'redisConfig' of type [com.boc.horoscope.redis.config.RedisConfig$$EnhancerBySpringCGLIB$$c376082d] is not eligible for getting processed by all BeanPostProcessors (for example: not eligible for auto-proxying)
2019-10-03 13:17:53.385 [main] INFO  com.alibaba.druid.pool.DruidDataSource - {dataSource-1,test} inited
2019-10-03 13:17:53.698 [main] INFO  org.hibernate.Version - HHH000412: Hibernate Core {5.3.7.Final}
2019-10-03 13:17:53.700 [main] INFO  org.hibernate.cfg.Environment - HHH000206: hibernate.properties not found
2019-10-03 13:17:53.987 [main] INFO  org.hibernate.annotations.common.Version - HCANN000001: Hibernate Commons Annotations {5.0.4.Final}
2019-10-03 13:17:54.992 [main] INFO  org.hibernate.dialect.Dialect - HHH000400: Using dialect: org.hibernate.dialect.MySQL5Dialect
2019-10-03 13:17:55.387 [main] INFO  o.s.orm.jpa.LocalContainerEntityManagerFactoryBean - Initialized JPA EntityManagerFactory for persistence unit 'default'
2019-10-03 13:18:00.351 [main] INFO  o.s.scheduling.concurrent.ThreadPoolTaskExecutor - Initializing ExecutorService 'applicationTaskExecutor'
2019-10-03 13:18:02.455 [main] INFO  s.d.s.web.plugins.DocumentationPluginsBootstrapper - Context refreshed
2019-10-03 13:18:02.534 [main] INFO  s.d.s.web.plugins.DocumentationPluginsBootstrapper - Found 1 custom documentation plugin(s)
2019-10-03 13:18:02.566 [main] INFO  s.d.spring.web.scanners.ApiListingReferenceScanner - Scanning for api listing references
2019-10-03 13:18:03.321 [main] INFO  o.s.s.a.ScheduledAnnotationBeanPostProcessor - No TaskScheduler/ScheduledExecutorService bean found for scheduled processing
2019-10-03 13:18:03.341 [main] INFO  c.b.h.paipan.daycolumn.DefaultDayColumnDealTest - Started DefaultDayColumnDealTest in 20.842 seconds (JVM running for 22.758)
2019-10-03 13:18:04.015 [main] INFO  c.b.h.paipan.daycolumn.DefaultDayColumnDealTest - PaipanRunDTO:{"currSolarTerm":{"id":201900,"termDate":"2019-02-04 11:14:14","termIndex":0,"termName":"立春","year":2019},"daYunDTOS":[{"age":7,"branch":"丑","cangGanGods":["正印","伤官","劫财"],"cangGans":["己","癸","辛"],"dayunDate":"2026-05-17 10:06","heavGod":"正财","heavenly":"乙"},{"age":17,"branch":"子","cangGanGods":["伤官"],"cangGans":["癸"],"dayunDate":"2036-05-17 10:06","heavGod":"偏财","heavenly":"甲"},{"age":27,"branch":"亥","cangGanGods":["食神","偏财"],"cangGans":["壬","甲"],"dayunDate":"2046-05-17 10:06","heavGod":"伤官","heavenly":"癸"},{"age":37,"branch":"戌","cangGanGods":["偏印","劫财","正官"],"cangGans":["戊","辛","丁"],"dayunDate":"2056-05-17 10:06","heavGod":"食神","heavenly":"壬"},{"age":47,"branch":"酉","cangGanGods":["劫财"],"cangGans":["辛"],"dayunDate":"2066-05-17 10:06","heavGod":"劫财","heavenly":"辛"},{"age":57,"branch":"申","cangGanGods":["比肩","食神","偏印"],"cangGans":["庚","壬","戊"],"dayunDate":"2076-05-17 10:06","heavGod":"比肩","heavenly":"庚"},{"age":67,"branch":"未","cangGanGods":["正印","正官","正财"],"cangGans":["己","丁","乙"],"dayunDate":"2086-05-17 10:06","heavGod":"正印","heavenly":"己"},{"age":77,"branch":"午","cangGanGods":["正官","正印"],"cangGans":["丁","己"],"dayunDate":"2096-05-17 10:06","heavGod":"偏印","heavenly":"戊"},{"age":87,"branch":"巳","cangGanGods":["七杀","比肩","偏印"],"cangGans":["丙","庚","戊"],"dayunDate":"2106-05-17 10:06","heavGod":"正官","heavenly":"丁"},{"age":97,"branch":"辰","cangGanGods":["偏印","正财","伤官"],"cangGans":["戊","乙","癸"],"dayunDate":"2116-05-17 10:06","heavGod":"七杀","heavenly":"丙"}],"eightCharacterDTO":{"dayBranch":"辰","dayBranchHevs":["戊","乙","癸"],"dayBranchHevsGod":["偏印","正财","伤官"],"dayChangSheng":"养","dayHeavenly":"庚","dayHevGod":"日元","dayNaYin":"白蜡金","dayShenShas":["红鸾"],"hourBranch":"巳","hourBranchHevs":["丙","庚","戊"],"hourBranchHevsGod":["七杀","比肩","偏印"],"hourChangSheng":"长生","hourHeavenly":"辛","hourHevGod":"劫财","hourNaYin":"白蜡金","hourShenShas":["驿马","天喜","学堂","劫煞"],"kongWang":["酉","申"],"mingGongBranch":"戌","mingGongHeavenly":"甲","mingGongStartBranch":"寅","monthBranch":"寅","monthBranchHevs":["甲","丙","戊"],"monthBranchHevsGod":["偏财","七杀","偏印"],"monthChangSheng":"绝","monthHeavenly":"丙","monthHevGod":"七杀","monthNaYin":"炉中火","monthShenShas":["孤辰","贵人","驿马"],"taiYuanBranch":"巳","taiYuanHeavenly":"丁","yearBranch":"亥","yearBranchHevs":["壬","甲"],"yearBranchHevsGod":["食神","偏财"],"yearChangSheng":"病","yearHeavenly":"己","yearHevGod":"正印","yearNaYin":"平地木","yearShenShas":["文昌","亡神"]},"jiaoyunDate":"2026-05-17 10:06","lunarDate":1546913160000,"nextSolarTerm":{"id":201902,"termDate":"2019-03-06 05:09:35","termIndex":2,"termName":"惊蛰","year":2019},"paipanDTO":{"areLeapMonth":false,"birthDateTime":"2019-02-12 11:13","birthPlace":{"area":"511623"},"sex":2,"sunOrlun":1,"trueSunbirthDateTime":"2019-02-12 10:06"},"preSolarTerm":{"id":201800,"termDate":"2018-02-04 05:28:32","termIndex":0,"termName":"立春","year":2018},"qiyunDay":"7年3月5天","solarTermIdx":0,"solarYear":2019}
2019-10-03 13:18:04.047 [Thread-5] INFO  o.s.scheduling.concurrent.ThreadPoolTaskExecutor - Shutting down ExecutorService 'applicationTaskExecutor'
2019-10-03 13:18:04.051 [Thread-5] INFO  o.s.orm.jpa.LocalContainerEntityManagerFactoryBean - Closing JPA EntityManagerFactory for persistence unit 'default'
2019-10-03 13:18:04.062 [Thread-5] INFO  com.alibaba.druid.pool.DruidDataSource - {dataSource-1} closing ...
2019-10-03 13:18:04.067 [Thread-5] INFO  com.alibaba.druid.pool.DruidDataSource - {dataSource-1} closed
2019-10-03 13:26:52.428 [main] INFO  c.b.h.paipan.daycolumn.DefaultDayColumnDealTest - Starting DefaultDayColumnDealTest on LAPTOP-R4PC1KLI with PID 25620 (started by 89144 in D:\dev\worker\horoscoparent\horoscope)
2019-10-03 13:26:52.434 [main] INFO  c.b.h.paipan.daycolumn.DefaultDayColumnDealTest - No active profile set, falling back to default profiles: default
2019-10-03 13:26:59.390 [main] INFO  o.s.d.r.config.RepositoryConfigurationDelegate - Multiple Spring Data modules found, entering strict repository configuration mode!
2019-10-03 13:26:59.395 [main] INFO  o.s.d.r.config.RepositoryConfigurationDelegate - Bootstrapping Spring Data repositories in DEFAULT mode.
2019-10-03 13:26:59.636 [main] INFO  o.s.d.r.config.RepositoryConfigurationDelegate - Finished Spring Data repository scanning in 186ms. Found 0 repository interfaces.
2019-10-03 13:26:59.837 [main] INFO  o.s.d.r.config.RepositoryConfigurationDelegate - Multiple Spring Data modules found, entering strict repository configuration mode!
2019-10-03 13:26:59.841 [main] INFO  o.s.d.r.config.RepositoryConfigurationDelegate - Bootstrapping Spring Data repositories in DEFAULT mode.
2019-10-03 13:26:59.948 [main] INFO  o.s.d.r.config.RepositoryConfigurationDelegate - Finished Spring Data repository scanning in 34ms. Found 0 repository interfaces.
2019-10-03 13:27:01.350 [main] INFO  o.s.c.s.PostProcessorRegistrationDelegate$BeanPostProcessorChecker - Bean 'org.springframework.transaction.annotation.ProxyTransactionManagementConfiguration' of type [org.springframework.transaction.annotation.ProxyTransactionManagementConfiguration$$EnhancerBySpringCGLIB$$f5885c93] is not eligible for getting processed by all BeanPostProcessors (for example: not eligible for auto-proxying)
2019-10-03 13:27:01.436 [main] INFO  o.s.c.s.PostProcessorRegistrationDelegate$BeanPostProcessorChecker - Bean 'redisConfig' of type [com.boc.horoscope.redis.config.RedisConfig$$EnhancerBySpringCGLIB$$84bbfe1f] is not eligible for getting processed by all BeanPostProcessors (for example: not eligible for auto-proxying)
2019-10-03 13:27:02.697 [main] INFO  com.alibaba.druid.pool.DruidDataSource - {dataSource-1,test} inited
2019-10-03 13:27:03.126 [main] INFO  org.hibernate.Version - HHH000412: Hibernate Core {5.3.7.Final}
2019-10-03 13:27:03.131 [main] INFO  org.hibernate.cfg.Environment - HHH000206: hibernate.properties not found
2019-10-03 13:27:03.549 [main] INFO  org.hibernate.annotations.common.Version - HCANN000001: Hibernate Commons Annotations {5.0.4.Final}
2019-10-03 13:27:04.703 [main] INFO  org.hibernate.dialect.Dialect - HHH000400: Using dialect: org.hibernate.dialect.MySQL5Dialect
2019-10-03 13:27:05.037 [main] INFO  o.s.orm.jpa.LocalContainerEntityManagerFactoryBean - Initialized JPA EntityManagerFactory for persistence unit 'default'
2019-10-03 13:27:09.835 [main] INFO  o.s.scheduling.concurrent.ThreadPoolTaskExecutor - Initializing ExecutorService 'applicationTaskExecutor'
2019-10-03 13:27:11.292 [main] INFO  s.d.s.web.plugins.DocumentationPluginsBootstrapper - Context refreshed
2019-10-03 13:27:11.330 [main] INFO  s.d.s.web.plugins.DocumentationPluginsBootstrapper - Found 1 custom documentation plugin(s)
2019-10-03 13:27:11.347 [main] INFO  s.d.spring.web.scanners.ApiListingReferenceScanner - Scanning for api listing references
2019-10-03 13:27:11.779 [main] INFO  o.s.s.a.ScheduledAnnotationBeanPostProcessor - No TaskScheduler/ScheduledExecutorService bean found for scheduled processing
2019-10-03 13:27:11.796 [main] INFO  c.b.h.paipan.daycolumn.DefaultDayColumnDealTest - Started DefaultDayColumnDealTest in 20.759 seconds (JVM running for 22.657)
2019-10-03 13:27:12.389 [main] INFO  c.b.h.paipan.daycolumn.DefaultDayColumnDealTest - PaipanRunDTO:{"currSolarTerm":{"id":201901,"termDate":"2019-02-19 07:03:52","termIndex":1,"termName":"雨水","year":2019},"daYunDTOS":[{"age":4,"branch":"卯","cangGanGods":["七杀"],"cangGans":["乙"],"dayunDate":"2023-05-26 10:07","heavGod":"偏印","heavenly":"丁"},{"age":14,"branch":"辰","cangGanGods":["劫财","七杀","偏财"],"cangGans":["戊","乙","癸"],"dayunDate":"2033-05-26 10:07","heavGod":"劫财","heavenly":"戊"},{"age":24,"branch":"巳","cangGanGods":["正印","伤官","劫财"],"cangGans":["丙","庚","戊"],"dayunDate":"2043-05-26 10:07","heavGod":"比肩","heavenly":"己"},{"age":34,"branch":"午","cangGanGods":["偏印","比肩"],"cangGans":["丁","己"],"dayunDate":"2053-05-26 10:07","heavGod":"伤官","heavenly":"庚"},{"age":44,"branch":"未","cangGanGods":["比肩","偏印","七杀"],"cangGans":["己","丁","乙"],"dayunDate":"2063-05-26 10:07","heavGod":"食神","heavenly":"辛"},{"age":54,"branch":"申","cangGanGods":["伤官","正财","劫财"],"cangGans":["庚","壬","戊"],"dayunDate":"2073-05-26 10:07","heavGod":"正财","heavenly":"壬"},{"age":64,"branch":"酉","cangGanGods":["食神"],"cangGans":["辛"],"dayunDate":"2083-05-26 10:07","heavGod":"偏财","heavenly":"癸"},{"age":74,"branch":"戌","cangGanGods":["劫财","食神","偏印"],"cangGans":["戊","辛","丁"],"dayunDate":"2093-05-26 10:07","heavGod":"正官","heavenly":"甲"},{"age":84,"branch":"亥","cangGanGods":["正财","正官"],"cangGans":["壬","甲"],"dayunDate":"2103-05-26 10:07","heavGod":"七杀","heavenly":"乙"},{"age":94,"branch":"子","cangGanGods":["偏财"],"cangGans":["癸"],"dayunDate":"2113-05-26 10:07","heavGod":"正印","heavenly":"丙"}],"eightCharacterDTO":{"dayBranch":"丑","dayBranchHevs":["己","癸","辛"],"dayBranchHevsGod":["比肩","偏财","食神"],"dayChangSheng":"墓","dayHeavenly":"己","dayHevGod":"日元","dayNaYin":"霹雳火","dayShenShas":[],"hourBranch":"巳","hourBranchHevs":["丙","庚","戊"],"hourBranchHevsGod":["正印","伤官","劫财"],"hourChangSheng":"帝旺","hourHeavenly":"己","hourHevGod":"比肩","hourNaYin":"大林木","hourShenShas":["驿马","天喜"],"kongWang":["未","午"],"mingGongBranch":"戌","mingGongHeavenly":"甲","mingGongStartBranch":"寅","monthBranch":"寅","monthBranchHevs":["甲","丙","戊"],"monthBranchHevsGod":["正官","正印","劫财"],"monthChangSheng":"死","monthHeavenly":"丙","monthHevGod":"正印","monthNaYin":"炉中火","monthShenShas":["孤辰","劫煞"],"taiYuanBranch":"巳","taiYuanHeavenly":"丁","yearBranch":"亥","yearBranchHevs":["壬","甲"],"yearBranchHevsGod":["正财","正官"],"yearChangSheng":"胎","yearHeavenly":"己","yearHevGod":"比肩","yearNaYin":"平地木","yearShenShas":["驿马"]},"jiaoyunDate":"2023-05-26 10:07","lunarDate":1547690820000,"nextSolarTerm":{"id":201902,"termDate":"2019-03-06 05:09:35","termIndex":2,"termName":"惊蛰","year":2019},"paipanDTO":{"areLeapMonth":false,"birthDateTime":"2019-02-21 11:13","birthPlace":{"area":"511623"},"sex":2,"sunOrlun":1,"trueSunbirthDateTime":"2019-02-21 10:07"},"preSolarTerm":{"id":201900,"termDate":"2019-02-04 11:14:14","termIndex":0,"termName":"立春","year":2019},"qiyunDay":"4年3月5天","solarTermIdx":1,"solarYear":2019}
2019-10-03 13:27:12.428 [Thread-5] INFO  o.s.scheduling.concurrent.ThreadPoolTaskExecutor - Shutting down ExecutorService 'applicationTaskExecutor'
2019-10-03 13:27:12.436 [Thread-5] INFO  o.s.orm.jpa.LocalContainerEntityManagerFactoryBean - Closing JPA EntityManagerFactory for persistence unit 'default'
2019-10-03 13:27:12.442 [Thread-5] INFO  com.alibaba.druid.pool.DruidDataSource - {dataSource-1} closing ...
2019-10-03 13:27:12.449 [Thread-5] INFO  com.alibaba.druid.pool.DruidDataSource - {dataSource-1} closed
