2019-09-20 06:58:31.502 [main] INFO  c.b.h.paipan.daycolumn.DefaultDayColumnDealTest - Starting DefaultDayColumnDealTest on LAPTOP-R4PC1KLI with PID 10608 (started by 89144 in D:\dev\worker\horoscoparent\horoscope)
2019-09-20 06:58:31.531 [main] INFO  c.b.h.paipan.daycolumn.DefaultDayColumnDealTest - No active profile set, falling back to default profiles: default
2019-09-20 06:58:40.299 [main] INFO  o.s.d.r.config.RepositoryConfigurationDelegate - Multiple Spring Data modules found, entering strict repository configuration mode!
2019-09-20 06:58:40.313 [main] INFO  o.s.d.r.config.RepositoryConfigurationDelegate - Bootstrapping Spring Data repositories in DEFAULT mode.
2019-09-20 06:58:40.470 [main] INFO  o.s.d.r.config.RepositoryConfigurationDelegate - Finished Spring Data repository scanning in 98ms. Found 0 repository interfaces.
2019-09-20 06:58:40.505 [main] INFO  o.s.d.r.config.RepositoryConfigurationDelegate - Multiple Spring Data modules found, entering strict repository configuration mode!
2019-09-20 06:58:40.507 [main] INFO  o.s.d.r.config.RepositoryConfigurationDelegate - Bootstrapping Spring Data repositories in DEFAULT mode.
2019-09-20 06:58:40.688 [main] INFO  o.s.d.r.config.RepositoryConfigurationDelegate - Finished Spring Data repository scanning in 59ms. Found 0 repository interfaces.
2019-09-20 06:58:42.635 [main] INFO  o.s.c.s.PostProcessorRegistrationDelegate$BeanPostProcessorChecker - Bean 'org.springframework.transaction.annotation.ProxyTransactionManagementConfiguration' of type [org.springframework.transaction.annotation.ProxyTransactionManagementConfiguration$$EnhancerBySpringCGLIB$$43105862] is not eligible for getting processed by all BeanPostProcessors (for example: not eligible for auto-proxying)
2019-09-20 06:58:42.707 [main] INFO  o.s.c.s.PostProcessorRegistrationDelegate$BeanPostProcessorChecker - Bean 'redisConfig' of type [com.boc.horoscope.redis.config.RedisConfig$$EnhancerBySpringCGLIB$$d243f9ee] is not eligible for getting processed by all BeanPostProcessors (for example: not eligible for auto-proxying)
2019-09-20 06:58:43.737 [main] INFO  com.alibaba.druid.pool.DruidDataSource - {dataSource-1,test} inited
2019-09-20 06:58:44.115 [main] INFO  org.hibernate.Version - HHH000412: Hibernate Core {5.3.7.Final}
2019-09-20 06:58:44.117 [main] INFO  org.hibernate.cfg.Environment - HHH000206: hibernate.properties not found
2019-09-20 06:58:44.472 [main] INFO  org.hibernate.annotations.common.Version - HCANN000001: Hibernate Commons Annotations {5.0.4.Final}
2019-09-20 06:58:45.426 [main] INFO  org.hibernate.dialect.Dialect - HHH000400: Using dialect: org.hibernate.dialect.MySQL5Dialect
2019-09-20 06:58:46.074 [main] INFO  o.s.orm.jpa.LocalContainerEntityManagerFactoryBean - Initialized JPA EntityManagerFactory for persistence unit 'default'
2019-09-20 06:58:50.986 [main] INFO  o.s.scheduling.concurrent.ThreadPoolTaskExecutor - Initializing ExecutorService 'applicationTaskExecutor'
2019-09-20 06:58:52.512 [main] INFO  s.d.s.web.plugins.DocumentationPluginsBootstrapper - Context refreshed
2019-09-20 06:58:52.584 [main] INFO  s.d.s.web.plugins.DocumentationPluginsBootstrapper - Found 1 custom documentation plugin(s)
2019-09-20 06:58:52.619 [main] INFO  s.d.spring.web.scanners.ApiListingReferenceScanner - Scanning for api listing references
2019-09-20 06:58:53.192 [main] INFO  o.s.s.a.ScheduledAnnotationBeanPostProcessor - No TaskScheduler/ScheduledExecutorService bean found for scheduled processing
2019-09-20 06:58:53.234 [main] INFO  c.b.h.paipan.daycolumn.DefaultDayColumnDealTest - Started DefaultDayColumnDealTest in 23.946 seconds (JVM running for 26.482)
2019-09-20 06:58:53.698 [Thread-5] INFO  o.s.scheduling.concurrent.ThreadPoolTaskExecutor - Shutting down ExecutorService 'applicationTaskExecutor'
2019-09-20 06:58:53.708 [Thread-5] INFO  o.s.orm.jpa.LocalContainerEntityManagerFactoryBean - Closing JPA EntityManagerFactory for persistence unit 'default'
2019-09-20 06:58:53.721 [Thread-5] INFO  com.alibaba.druid.pool.DruidDataSource - {dataSource-1} closing ...
2019-09-20 06:58:53.731 [Thread-5] INFO  com.alibaba.druid.pool.DruidDataSource - {dataSource-1} closed
2019-09-20 07:00:43.506 [main] INFO  c.b.h.paipan.daycolumn.DefaultDayColumnDealTest - Starting DefaultDayColumnDealTest on LAPTOP-R4PC1KLI with PID 12844 (started by 89144 in D:\dev\worker\horoscoparent\horoscope)
2019-09-20 07:00:43.511 [main] INFO  c.b.h.paipan.daycolumn.DefaultDayColumnDealTest - No active profile set, falling back to default profiles: default
2019-09-20 07:00:51.590 [main] INFO  o.s.d.r.config.RepositoryConfigurationDelegate - Multiple Spring Data modules found, entering strict repository configuration mode!
2019-09-20 07:00:51.595 [main] INFO  o.s.d.r.config.RepositoryConfigurationDelegate - Bootstrapping Spring Data repositories in DEFAULT mode.
2019-09-20 07:00:51.719 [main] INFO  o.s.d.r.config.RepositoryConfigurationDelegate - Finished Spring Data repository scanning in 60ms. Found 0 repository interfaces.
2019-09-20 07:00:51.940 [main] INFO  o.s.d.r.config.RepositoryConfigurationDelegate - Multiple Spring Data modules found, entering strict repository configuration mode!
2019-09-20 07:00:51.942 [main] INFO  o.s.d.r.config.RepositoryConfigurationDelegate - Bootstrapping Spring Data repositories in DEFAULT mode.
2019-09-20 07:00:52.001 [main] INFO  o.s.d.r.config.RepositoryConfigurationDelegate - Finished Spring Data repository scanning in 35ms. Found 0 repository interfaces.
2019-09-20 07:00:53.586 [main] INFO  o.s.c.s.PostProcessorRegistrationDelegate$BeanPostProcessorChecker - Bean 'org.springframework.transaction.annotation.ProxyTransactionManagementConfiguration' of type [org.springframework.transaction.annotation.ProxyTransactionManagementConfiguration$$EnhancerBySpringCGLIB$$a6577928] is not eligible for getting processed by all BeanPostProcessors (for example: not eligible for auto-proxying)
2019-09-20 07:00:53.728 [main] INFO  o.s.c.s.PostProcessorRegistrationDelegate$BeanPostProcessorChecker - Bean 'redisConfig' of type [com.boc.horoscope.redis.config.RedisConfig$$EnhancerBySpringCGLIB$$358b1ab4] is not eligible for getting processed by all BeanPostProcessors (for example: not eligible for auto-proxying)
2019-09-20 07:00:55.099 [main] INFO  com.alibaba.druid.pool.DruidDataSource - {dataSource-1,test} inited
2019-09-20 07:00:55.483 [main] INFO  org.hibernate.Version - HHH000412: Hibernate Core {5.3.7.Final}
2019-09-20 07:00:55.485 [main] INFO  org.hibernate.cfg.Environment - HHH000206: hibernate.properties not found
2019-09-20 07:00:55.800 [main] INFO  org.hibernate.annotations.common.Version - HCANN000001: Hibernate Commons Annotations {5.0.4.Final}
2019-09-20 07:00:56.583 [main] INFO  org.hibernate.dialect.Dialect - HHH000400: Using dialect: org.hibernate.dialect.MySQL5Dialect
2019-09-20 07:00:56.979 [main] INFO  o.s.orm.jpa.LocalContainerEntityManagerFactoryBean - Initialized JPA EntityManagerFactory for persistence unit 'default'
2019-09-20 07:01:01.778 [main] INFO  o.s.scheduling.concurrent.ThreadPoolTaskExecutor - Initializing ExecutorService 'applicationTaskExecutor'
2019-09-20 07:01:03.448 [main] INFO  s.d.s.web.plugins.DocumentationPluginsBootstrapper - Context refreshed
2019-09-20 07:01:03.513 [main] INFO  s.d.s.web.plugins.DocumentationPluginsBootstrapper - Found 1 custom documentation plugin(s)
2019-09-20 07:01:03.561 [main] INFO  s.d.spring.web.scanners.ApiListingReferenceScanner - Scanning for api listing references
2019-09-20 07:01:04.314 [main] INFO  o.s.s.a.ScheduledAnnotationBeanPostProcessor - No TaskScheduler/ScheduledExecutorService bean found for scheduled processing
2019-09-20 07:01:04.330 [main] INFO  c.b.h.paipan.daycolumn.DefaultDayColumnDealTest - Started DefaultDayColumnDealTest in 22.262 seconds (JVM running for 24.356)
2019-09-20 07:01:04.592 [main] INFO  c.b.h.paipan.daycolumn.DefaultDayColumnDealTest - PaipanRunDTO:PaipanRunDTO(paipanDTO=PaipanDTO(name=null, sex=null, birthDateTime=2019-09-18 13:00, sunOrlun=1, trueSunbirthDateTime=2019-09-18 12:14, birthPlace=BirthPlaceDTO(province=null, city=null, area=511623), areLeapMonth=false), eightCharacterDTO=EightCharacterDTO(yearHeavenly=己, yearBranch=亥, monthHeavenly=癸, monthBranch=酉, dayHeavenly=戊, dayBranch=午, hourHeavenly=戊, hourBranch=午, yearBranchHevs=[壬, 甲], monthBranchHevs=[辛], dayBranchHevs=[丁, 己], hourBranchHevs=[丁, 己], yearHevGod=劫财, monthHevGod=正财, dayHevGod=日元, hourHevGod=比肩, yearBranchHevsGod=[偏财, 七杀], monthBranchHevsGod=[伤官], dayBranchHevsGod=[正印, 劫财], hourBranchHevsGod=[正印, 劫财]), lunarDate=Tue Aug 20 12:14:00 CST 2019, solarYear=2019, solarTermIdx=14)
2019-09-20 07:01:04.673 [Thread-5] INFO  o.s.scheduling.concurrent.ThreadPoolTaskExecutor - Shutting down ExecutorService 'applicationTaskExecutor'
2019-09-20 07:01:04.678 [Thread-5] INFO  o.s.orm.jpa.LocalContainerEntityManagerFactoryBean - Closing JPA EntityManagerFactory for persistence unit 'default'
2019-09-20 07:01:04.692 [Thread-5] INFO  com.alibaba.druid.pool.DruidDataSource - {dataSource-1} closing ...
2019-09-20 07:01:04.696 [Thread-5] INFO  com.alibaba.druid.pool.DruidDataSource - {dataSource-1} closed
2019-09-20 12:54:57.583 [main] INFO  c.b.h.paipan.daycolumn.DefaultDayColumnDealTest - Starting DefaultDayColumnDealTest on LAPTOP-R4PC1KLI with PID 11168 (started by 89144 in D:\dev\worker\horoscoparent\horoscope)
2019-09-20 12:54:57.588 [main] INFO  c.b.h.paipan.daycolumn.DefaultDayColumnDealTest - No active profile set, falling back to default profiles: default
2019-09-20 12:55:04.509 [main] INFO  o.s.d.r.config.RepositoryConfigurationDelegate - Multiple Spring Data modules found, entering strict repository configuration mode!
2019-09-20 12:55:04.513 [main] INFO  o.s.d.r.config.RepositoryConfigurationDelegate - Bootstrapping Spring Data repositories in DEFAULT mode.
2019-09-20 12:55:04.708 [main] INFO  o.s.d.r.config.RepositoryConfigurationDelegate - Finished Spring Data repository scanning in 85ms. Found 0 repository interfaces.
2019-09-20 12:55:04.756 [main] INFO  o.s.d.r.config.RepositoryConfigurationDelegate - Multiple Spring Data modules found, entering strict repository configuration mode!
2019-09-20 12:55:04.763 [main] INFO  o.s.d.r.config.RepositoryConfigurationDelegate - Bootstrapping Spring Data repositories in DEFAULT mode.
2019-09-20 12:55:04.836 [main] INFO  o.s.d.r.config.RepositoryConfigurationDelegate - Finished Spring Data repository scanning in 57ms. Found 0 repository interfaces.
2019-09-20 12:55:06.537 [main] INFO  o.s.c.s.PostProcessorRegistrationDelegate$BeanPostProcessorChecker - Bean 'org.springframework.transaction.annotation.ProxyTransactionManagementConfiguration' of type [org.springframework.transaction.annotation.ProxyTransactionManagementConfiguration$$EnhancerBySpringCGLIB$$740a4e6c] is not eligible for getting processed by all BeanPostProcessors (for example: not eligible for auto-proxying)
2019-09-20 12:55:06.628 [main] INFO  o.s.c.s.PostProcessorRegistrationDelegate$BeanPostProcessorChecker - Bean 'redisConfig' of type [com.boc.horoscope.redis.config.RedisConfig$$EnhancerBySpringCGLIB$$33deff8] is not eligible for getting processed by all BeanPostProcessors (for example: not eligible for auto-proxying)
2019-09-20 12:55:08.037 [main] INFO  com.alibaba.druid.pool.DruidDataSource - {dataSource-1,test} inited
2019-09-20 12:55:08.533 [main] INFO  org.hibernate.Version - HHH000412: Hibernate Core {5.3.7.Final}
2019-09-20 12:55:08.538 [main] INFO  org.hibernate.cfg.Environment - HHH000206: hibernate.properties not found
2019-09-20 12:55:08.974 [main] INFO  org.hibernate.annotations.common.Version - HCANN000001: Hibernate Commons Annotations {5.0.4.Final}
2019-09-20 12:55:10.044 [main] INFO  org.hibernate.dialect.Dialect - HHH000400: Using dialect: org.hibernate.dialect.MySQL5Dialect
2019-09-20 12:55:10.451 [main] INFO  o.s.orm.jpa.LocalContainerEntityManagerFactoryBean - Initialized JPA EntityManagerFactory for persistence unit 'default'
2019-09-20 12:55:16.550 [main] INFO  o.s.scheduling.concurrent.ThreadPoolTaskExecutor - Initializing ExecutorService 'applicationTaskExecutor'
2019-09-20 12:55:19.015 [main] INFO  s.d.s.web.plugins.DocumentationPluginsBootstrapper - Context refreshed
2019-09-20 12:55:19.080 [main] INFO  s.d.s.web.plugins.DocumentationPluginsBootstrapper - Found 1 custom documentation plugin(s)
2019-09-20 12:55:19.125 [main] INFO  s.d.spring.web.scanners.ApiListingReferenceScanner - Scanning for api listing references
2019-09-20 12:55:19.751 [main] INFO  o.s.s.a.ScheduledAnnotationBeanPostProcessor - No TaskScheduler/ScheduledExecutorService bean found for scheduled processing
2019-09-20 12:55:19.776 [main] INFO  c.b.h.paipan.daycolumn.DefaultDayColumnDealTest - Started DefaultDayColumnDealTest in 23.944 seconds (JVM running for 25.886)
2019-09-20 12:55:20.142 [main] INFO  c.b.h.paipan.daycolumn.DefaultDayColumnDealTest - PaipanRunDTO:PaipanRunDTO(paipanDTO=PaipanDTO(name=null, sex=null, birthDateTime=2019-02-04 11:13, sunOrlun=1, trueSunbirthDateTime=2019-02-04 10:34, birthPlace=BirthPlaceDTO(province=null, city=null, area=511623), areLeapMonth=false), eightCharacterDTO=EightCharacterDTO(yearHeavenly=戊, yearBranch=戌, monthHeavenly=乙, monthBranch=丑, dayHeavenly=壬, dayBranch=申, hourHeavenly=乙, hourBranch=巳, yearBranchHevs=[戊, 辛, 丁], monthBranchHevs=[己, 癸, 辛], dayBranchHevs=[庚, 壬, 戊], hourBranchHevs=[丙, 庚, 戊], yearHevGod=七杀, monthHevGod=伤官, dayHevGod=日元, hourHevGod=伤官, yearBranchHevsGod=[七杀, 正印, 正财], monthBranchHevsGod=[正官, 劫财, 正印], dayBranchHevsGod=[偏印, 比肩, 七杀], hourBranchHevsGod=[偏财, 偏印, 七杀]), lunarDate=Sun Dec 30 10:34:00 CST 2018, solarYear=2018, solarTermIdx=23, currSolarTerm=null, nextSolarTerm=null)
2019-09-20 12:55:20.177 [Thread-5] INFO  o.s.scheduling.concurrent.ThreadPoolTaskExecutor - Shutting down ExecutorService 'applicationTaskExecutor'
2019-09-20 12:55:20.182 [Thread-5] INFO  o.s.orm.jpa.LocalContainerEntityManagerFactoryBean - Closing JPA EntityManagerFactory for persistence unit 'default'
2019-09-20 12:55:20.192 [Thread-5] INFO  com.alibaba.druid.pool.DruidDataSource - {dataSource-1} closing ...
2019-09-20 12:55:20.197 [Thread-5] INFO  com.alibaba.druid.pool.DruidDataSource - {dataSource-1} closed
2019-09-20 13:05:52.689 [main] INFO  c.b.h.paipan.daycolumn.DefaultDayColumnDealTest - Starting DefaultDayColumnDealTest on LAPTOP-R4PC1KLI with PID 4904 (started by 89144 in D:\dev\worker\horoscoparent\horoscope)
2019-09-20 13:05:52.697 [main] INFO  c.b.h.paipan.daycolumn.DefaultDayColumnDealTest - No active profile set, falling back to default profiles: default
2019-09-20 13:05:59.766 [main] INFO  o.s.d.r.config.RepositoryConfigurationDelegate - Multiple Spring Data modules found, entering strict repository configuration mode!
2019-09-20 13:05:59.791 [main] INFO  o.s.d.r.config.RepositoryConfigurationDelegate - Bootstrapping Spring Data repositories in DEFAULT mode.
2019-09-20 13:05:59.956 [main] INFO  o.s.d.r.config.RepositoryConfigurationDelegate - Finished Spring Data repository scanning in 95ms. Found 0 repository interfaces.
2019-09-20 13:05:59.988 [main] INFO  o.s.d.r.config.RepositoryConfigurationDelegate - Multiple Spring Data modules found, entering strict repository configuration mode!
2019-09-20 13:05:59.991 [main] INFO  o.s.d.r.config.RepositoryConfigurationDelegate - Bootstrapping Spring Data repositories in DEFAULT mode.
2019-09-20 13:06:00.113 [main] INFO  o.s.d.r.config.RepositoryConfigurationDelegate - Finished Spring Data repository scanning in 101ms. Found 0 repository interfaces.
2019-09-20 13:06:01.904 [main] INFO  o.s.c.s.PostProcessorRegistrationDelegate$BeanPostProcessorChecker - Bean 'org.springframework.transaction.annotation.ProxyTransactionManagementConfiguration' of type [org.springframework.transaction.annotation.ProxyTransactionManagementConfiguration$$EnhancerBySpringCGLIB$$7bae4815] is not eligible for getting processed by all BeanPostProcessors (for example: not eligible for auto-proxying)
2019-09-20 13:06:01.998 [main] INFO  o.s.c.s.PostProcessorRegistrationDelegate$BeanPostProcessorChecker - Bean 'redisConfig' of type [com.boc.horoscope.redis.config.RedisConfig$$EnhancerBySpringCGLIB$$ae1e9a1] is not eligible for getting processed by all BeanPostProcessors (for example: not eligible for auto-proxying)
2019-09-20 13:06:03.442 [main] INFO  com.alibaba.druid.pool.DruidDataSource - {dataSource-1,test} inited
2019-09-20 13:06:03.896 [main] INFO  org.hibernate.Version - HHH000412: Hibernate Core {5.3.7.Final}
2019-09-20 13:06:03.902 [main] INFO  org.hibernate.cfg.Environment - HHH000206: hibernate.properties not found
2019-09-20 13:06:04.380 [main] INFO  org.hibernate.annotations.common.Version - HCANN000001: Hibernate Commons Annotations {5.0.4.Final}
2019-09-20 13:06:05.383 [main] INFO  org.hibernate.dialect.Dialect - HHH000400: Using dialect: org.hibernate.dialect.MySQL5Dialect
2019-09-20 13:06:05.783 [main] INFO  o.s.orm.jpa.LocalContainerEntityManagerFactoryBean - Initialized JPA EntityManagerFactory for persistence unit 'default'
2019-09-20 13:06:12.388 [main] INFO  o.s.scheduling.concurrent.ThreadPoolTaskExecutor - Initializing ExecutorService 'applicationTaskExecutor'
2019-09-20 13:06:14.985 [main] INFO  s.d.s.web.plugins.DocumentationPluginsBootstrapper - Context refreshed
2019-09-20 13:06:15.070 [main] INFO  s.d.s.web.plugins.DocumentationPluginsBootstrapper - Found 1 custom documentation plugin(s)
2019-09-20 13:06:15.112 [main] INFO  s.d.spring.web.scanners.ApiListingReferenceScanner - Scanning for api listing references
2019-09-20 13:06:15.762 [main] INFO  o.s.s.a.ScheduledAnnotationBeanPostProcessor - No TaskScheduler/ScheduledExecutorService bean found for scheduled processing
2019-09-20 13:06:15.778 [main] INFO  c.b.h.paipan.daycolumn.DefaultDayColumnDealTest - Started DefaultDayColumnDealTest in 24.516 seconds (JVM running for 26.342)
2019-09-20 13:06:16.366 [main] INFO  c.b.h.paipan.daycolumn.DefaultDayColumnDealTest - PaipanRunDTO:PaipanRunDTO(paipanDTO=PaipanDTO(name=null, sex=null, birthDateTime=2019-02-04 11:13, sunOrlun=1, trueSunbirthDateTime=2019-02-04 10:34, birthPlace=BirthPlaceDTO(province=null, city=null, area=511623), areLeapMonth=false), eightCharacterDTO=EightCharacterDTO(yearHeavenly=戊, yearBranch=戌, monthHeavenly=乙, monthBranch=丑, dayHeavenly=壬, dayBranch=申, hourHeavenly=乙, hourBranch=巳, yearBranchHevs=[戊, 辛, 丁], monthBranchHevs=[己, 癸, 辛], dayBranchHevs=[庚, 壬, 戊], hourBranchHevs=[丙, 庚, 戊], yearHevGod=七杀, monthHevGod=伤官, dayHevGod=日元, hourHevGod=伤官, yearBranchHevsGod=[七杀, 正印, 正财], monthBranchHevsGod=[正官, 劫财, 正印], dayBranchHevsGod=[偏印, 比肩, 七杀], hourBranchHevsGod=[偏财, 偏印, 七杀]), lunarDate=Sun Dec 30 10:34:00 CST 2018, solarYear=2018, solarTermIdx=23, currSolarTerm=com.boc.horoscope.horos.po.CnSolarTerm@18f8e2e0, nextSolarTerm=com.boc.horoscope.horos.po.CnSolarTerm@28d56028)
2019-09-20 13:06:16.399 [Thread-5] INFO  o.s.scheduling.concurrent.ThreadPoolTaskExecutor - Shutting down ExecutorService 'applicationTaskExecutor'
2019-09-20 13:06:16.404 [Thread-5] INFO  o.s.orm.jpa.LocalContainerEntityManagerFactoryBean - Closing JPA EntityManagerFactory for persistence unit 'default'
2019-09-20 13:06:16.408 [Thread-5] INFO  com.alibaba.druid.pool.DruidDataSource - {dataSource-1} closing ...
2019-09-20 13:06:16.413 [Thread-5] INFO  com.alibaba.druid.pool.DruidDataSource - {dataSource-1} closed
2019-09-20 13:06:59.371 [main] INFO  c.b.h.paipan.daycolumn.DefaultDayColumnDealTest - Starting DefaultDayColumnDealTest on LAPTOP-R4PC1KLI with PID 14500 (started by 89144 in D:\dev\worker\horoscoparent\horoscope)
2019-09-20 13:06:59.374 [main] INFO  c.b.h.paipan.daycolumn.DefaultDayColumnDealTest - No active profile set, falling back to default profiles: default
2019-09-20 13:07:04.551 [main] INFO  o.s.d.r.config.RepositoryConfigurationDelegate - Multiple Spring Data modules found, entering strict repository configuration mode!
2019-09-20 13:07:04.559 [main] INFO  o.s.d.r.config.RepositoryConfigurationDelegate - Bootstrapping Spring Data repositories in DEFAULT mode.
2019-09-20 13:07:04.656 [main] INFO  o.s.d.r.config.RepositoryConfigurationDelegate - Finished Spring Data repository scanning in 56ms. Found 0 repository interfaces.
2019-09-20 13:07:04.685 [main] INFO  o.s.d.r.config.RepositoryConfigurationDelegate - Multiple Spring Data modules found, entering strict repository configuration mode!
2019-09-20 13:07:04.702 [main] INFO  o.s.d.r.config.RepositoryConfigurationDelegate - Bootstrapping Spring Data repositories in DEFAULT mode.
2019-09-20 13:07:04.741 [main] INFO  o.s.d.r.config.RepositoryConfigurationDelegate - Finished Spring Data repository scanning in 26ms. Found 0 repository interfaces.
2019-09-20 13:07:06.288 [main] INFO  o.s.c.s.PostProcessorRegistrationDelegate$BeanPostProcessorChecker - Bean 'org.springframework.transaction.annotation.ProxyTransactionManagementConfiguration' of type [org.springframework.transaction.annotation.ProxyTransactionManagementConfiguration$$EnhancerBySpringCGLIB$$113d9b9f] is not eligible for getting processed by all BeanPostProcessors (for example: not eligible for auto-proxying)
2019-09-20 13:07:06.364 [main] INFO  o.s.c.s.PostProcessorRegistrationDelegate$BeanPostProcessorChecker - Bean 'redisConfig' of type [com.boc.horoscope.redis.config.RedisConfig$$EnhancerBySpringCGLIB$$a0713d2b] is not eligible for getting processed by all BeanPostProcessors (for example: not eligible for auto-proxying)
2019-09-20 13:07:07.771 [main] INFO  com.alibaba.druid.pool.DruidDataSource - {dataSource-1,test} inited
2019-09-20 13:07:08.319 [main] INFO  org.hibernate.Version - HHH000412: Hibernate Core {5.3.7.Final}
2019-09-20 13:07:08.321 [main] INFO  org.hibernate.cfg.Environment - HHH000206: hibernate.properties not found
2019-09-20 13:07:08.703 [main] INFO  org.hibernate.annotations.common.Version - HCANN000001: Hibernate Commons Annotations {5.0.4.Final}
2019-09-20 13:07:10.028 [main] INFO  org.hibernate.dialect.Dialect - HHH000400: Using dialect: org.hibernate.dialect.MySQL5Dialect
2019-09-20 13:07:10.797 [main] INFO  o.s.orm.jpa.LocalContainerEntityManagerFactoryBean - Initialized JPA EntityManagerFactory for persistence unit 'default'
2019-09-20 13:07:15.677 [main] INFO  o.s.scheduling.concurrent.ThreadPoolTaskExecutor - Initializing ExecutorService 'applicationTaskExecutor'
2019-09-20 13:07:17.294 [main] INFO  s.d.s.web.plugins.DocumentationPluginsBootstrapper - Context refreshed
2019-09-20 13:07:17.329 [main] INFO  s.d.s.web.plugins.DocumentationPluginsBootstrapper - Found 1 custom documentation plugin(s)
2019-09-20 13:07:17.350 [main] INFO  s.d.spring.web.scanners.ApiListingReferenceScanner - Scanning for api listing references
2019-09-20 13:07:17.977 [main] INFO  o.s.s.a.ScheduledAnnotationBeanPostProcessor - No TaskScheduler/ScheduledExecutorService bean found for scheduled processing
2019-09-20 13:07:17.994 [main] INFO  c.b.h.paipan.daycolumn.DefaultDayColumnDealTest - Started DefaultDayColumnDealTest in 20.562 seconds (JVM running for 22.674)
2019-09-20 13:07:18.199 [main] INFO  c.b.h.paipan.daycolumn.DefaultDayColumnDealTest - PaipanRunDTO:PaipanRunDTO(paipanDTO=PaipanDTO(name=null, sex=null, birthDateTime=2019-02-04 11:13, sunOrlun=1, trueSunbirthDateTime=2019-02-04 10:34, birthPlace=BirthPlaceDTO(province=null, city=null, area=511623), areLeapMonth=false), eightCharacterDTO=EightCharacterDTO(yearHeavenly=戊, yearBranch=戌, monthHeavenly=乙, monthBranch=丑, dayHeavenly=壬, dayBranch=申, hourHeavenly=乙, hourBranch=巳, yearBranchHevs=[戊, 辛, 丁], monthBranchHevs=[己, 癸, 辛], dayBranchHevs=[庚, 壬, 戊], hourBranchHevs=[丙, 庚, 戊], yearHevGod=七杀, monthHevGod=伤官, dayHevGod=日元, hourHevGod=伤官, yearBranchHevsGod=[七杀, 正印, 正财], monthBranchHevsGod=[正官, 劫财, 正印], dayBranchHevsGod=[偏印, 比肩, 七杀], hourBranchHevsGod=[偏财, 偏印, 七杀]), lunarDate=Sun Dec 30 10:34:00 CST 2018, solarYear=2018, solarTermIdx=23, currSolarTerm=CnSolarTerm(id=201823, year=2018, termIndex=23, termName=大寒, termDate=Sun Jan 20 16:59:29 CST 2019), nextSolarTerm=CnSolarTerm(id=201900, year=2019, termIndex=0, termName=立春, termDate=Mon Feb 04 11:14:14 CST 2019))
2019-09-20 13:07:18.445 [Thread-5] INFO  o.s.scheduling.concurrent.ThreadPoolTaskExecutor - Shutting down ExecutorService 'applicationTaskExecutor'
2019-09-20 13:07:18.449 [Thread-5] INFO  o.s.orm.jpa.LocalContainerEntityManagerFactoryBean - Closing JPA EntityManagerFactory for persistence unit 'default'
2019-09-20 13:07:18.453 [Thread-5] INFO  com.alibaba.druid.pool.DruidDataSource - {dataSource-1} closing ...
2019-09-20 13:07:18.456 [Thread-5] INFO  com.alibaba.druid.pool.DruidDataSource - {dataSource-1} closed
2019-09-20 21:23:12.152 [main] INFO  c.b.h.paipan.daycolumn.DefaultDayColumnDealTest - Starting DefaultDayColumnDealTest on LAPTOP-R4PC1KLI with PID 10084 (started by 89144 in D:\dev\worker\horoscoparent\horoscope)
2019-09-20 21:23:12.155 [main] INFO  c.b.h.paipan.daycolumn.DefaultDayColumnDealTest - No active profile set, falling back to default profiles: default
2019-09-20 21:23:19.777 [main] INFO  o.s.d.r.config.RepositoryConfigurationDelegate - Multiple Spring Data modules found, entering strict repository configuration mode!
2019-09-20 21:23:19.786 [main] INFO  o.s.d.r.config.RepositoryConfigurationDelegate - Bootstrapping Spring Data repositories in DEFAULT mode.
2019-09-20 21:23:20.112 [main] INFO  o.s.d.r.config.RepositoryConfigurationDelegate - Finished Spring Data repository scanning in 291ms. Found 0 repository interfaces.
2019-09-20 21:23:20.136 [main] INFO  o.s.d.r.config.RepositoryConfigurationDelegate - Multiple Spring Data modules found, entering strict repository configuration mode!
2019-09-20 21:23:20.137 [main] INFO  o.s.d.r.config.RepositoryConfigurationDelegate - Bootstrapping Spring Data repositories in DEFAULT mode.
2019-09-20 21:23:20.184 [main] INFO  o.s.d.r.config.RepositoryConfigurationDelegate - Finished Spring Data repository scanning in 34ms. Found 0 repository interfaces.
2019-09-20 21:23:21.316 [main] INFO  o.s.c.s.PostProcessorRegistrationDelegate$BeanPostProcessorChecker - Bean 'org.springframework.transaction.annotation.ProxyTransactionManagementConfiguration' of type [org.springframework.transaction.annotation.ProxyTransactionManagementConfiguration$$EnhancerBySpringCGLIB$$6a8e9807] is not eligible for getting processed by all BeanPostProcessors (for example: not eligible for auto-proxying)
2019-09-20 21:23:21.400 [main] INFO  o.s.c.s.PostProcessorRegistrationDelegate$BeanPostProcessorChecker - Bean 'redisConfig' of type [com.boc.horoscope.redis.config.RedisConfig$$EnhancerBySpringCGLIB$$f9c23993] is not eligible for getting processed by all BeanPostProcessors (for example: not eligible for auto-proxying)
2019-09-20 21:23:22.270 [main] INFO  com.alibaba.druid.pool.DruidDataSource - {dataSource-1,test} inited
2019-09-20 21:23:22.529 [main] INFO  org.hibernate.Version - HHH000412: Hibernate Core {5.3.7.Final}
2019-09-20 21:23:22.531 [main] INFO  org.hibernate.cfg.Environment - HHH000206: hibernate.properties not found
2019-09-20 21:23:22.762 [main] INFO  org.hibernate.annotations.common.Version - HCANN000001: Hibernate Commons Annotations {5.0.4.Final}
2019-09-20 21:23:23.593 [main] INFO  org.hibernate.dialect.Dialect - HHH000400: Using dialect: org.hibernate.dialect.MySQL5Dialect
2019-09-20 21:23:23.924 [main] INFO  o.s.orm.jpa.LocalContainerEntityManagerFactoryBean - Initialized JPA EntityManagerFactory for persistence unit 'default'
2019-09-20 21:23:28.300 [main] INFO  o.s.scheduling.concurrent.ThreadPoolTaskExecutor - Initializing ExecutorService 'applicationTaskExecutor'
2019-09-20 21:23:29.691 [main] INFO  s.d.s.web.plugins.DocumentationPluginsBootstrapper - Context refreshed
2019-09-20 21:23:29.722 [main] INFO  s.d.s.web.plugins.DocumentationPluginsBootstrapper - Found 1 custom documentation plugin(s)
2019-09-20 21:23:29.740 [main] INFO  s.d.spring.web.scanners.ApiListingReferenceScanner - Scanning for api listing references
2019-09-20 21:23:30.187 [main] INFO  o.s.s.a.ScheduledAnnotationBeanPostProcessor - No TaskScheduler/ScheduledExecutorService bean found for scheduled processing
2019-09-20 21:23:30.214 [main] INFO  c.b.h.paipan.daycolumn.DefaultDayColumnDealTest - Started DefaultDayColumnDealTest in 19.443 seconds (JVM running for 21.319)
2019-09-20 21:23:30.545 [Thread-5] INFO  o.s.scheduling.concurrent.ThreadPoolTaskExecutor - Shutting down ExecutorService 'applicationTaskExecutor'
2019-09-20 21:23:30.549 [Thread-5] INFO  o.s.orm.jpa.LocalContainerEntityManagerFactoryBean - Closing JPA EntityManagerFactory for persistence unit 'default'
2019-09-20 21:23:30.553 [Thread-5] INFO  com.alibaba.druid.pool.DruidDataSource - {dataSource-1} closing ...
2019-09-20 21:23:30.557 [Thread-5] INFO  com.alibaba.druid.pool.DruidDataSource - {dataSource-1} closed
2019-09-20 21:24:10.544 [main] INFO  c.b.h.paipan.daycolumn.DefaultDayColumnDealTest - Starting DefaultDayColumnDealTest on LAPTOP-R4PC1KLI with PID 2376 (started by 89144 in D:\dev\worker\horoscoparent\horoscope)
2019-09-20 21:24:10.549 [main] INFO  c.b.h.paipan.daycolumn.DefaultDayColumnDealTest - No active profile set, falling back to default profiles: default
2019-09-20 21:24:17.189 [main] INFO  o.s.d.r.config.RepositoryConfigurationDelegate - Multiple Spring Data modules found, entering strict repository configuration mode!
2019-09-20 21:24:17.196 [main] INFO  o.s.d.r.config.RepositoryConfigurationDelegate - Bootstrapping Spring Data repositories in DEFAULT mode.
2019-09-20 21:24:17.307 [main] INFO  o.s.d.r.config.RepositoryConfigurationDelegate - Finished Spring Data repository scanning in 65ms. Found 0 repository interfaces.
2019-09-20 21:24:17.352 [main] INFO  o.s.d.r.config.RepositoryConfigurationDelegate - Multiple Spring Data modules found, entering strict repository configuration mode!
2019-09-20 21:24:17.354 [main] INFO  o.s.d.r.config.RepositoryConfigurationDelegate - Bootstrapping Spring Data repositories in DEFAULT mode.
2019-09-20 21:24:17.427 [main] INFO  o.s.d.r.config.RepositoryConfigurationDelegate - Finished Spring Data repository scanning in 48ms. Found 0 repository interfaces.
2019-09-20 21:24:18.694 [main] INFO  o.s.c.s.PostProcessorRegistrationDelegate$BeanPostProcessorChecker - Bean 'org.springframework.transaction.annotation.ProxyTransactionManagementConfiguration' of type [org.springframework.transaction.annotation.ProxyTransactionManagementConfiguration$$EnhancerBySpringCGLIB$$c7aac13c] is not eligible for getting processed by all BeanPostProcessors (for example: not eligible for auto-proxying)
2019-09-20 21:24:18.790 [main] INFO  o.s.c.s.PostProcessorRegistrationDelegate$BeanPostProcessorChecker - Bean 'redisConfig' of type [com.boc.horoscope.redis.config.RedisConfig$$EnhancerBySpringCGLIB$$56de62c8] is not eligible for getting processed by all BeanPostProcessors (for example: not eligible for auto-proxying)
2019-09-20 21:24:19.956 [main] INFO  com.alibaba.druid.pool.DruidDataSource - {dataSource-1,test} inited
2019-09-20 21:24:20.368 [main] INFO  org.hibernate.Version - HHH000412: Hibernate Core {5.3.7.Final}
2019-09-20 21:24:20.372 [main] INFO  org.hibernate.cfg.Environment - HHH000206: hibernate.properties not found
2019-09-20 21:24:20.698 [main] INFO  org.hibernate.annotations.common.Version - HCANN000001: Hibernate Commons Annotations {5.0.4.Final}
2019-09-20 21:24:21.497 [main] INFO  org.hibernate.dialect.Dialect - HHH000400: Using dialect: org.hibernate.dialect.MySQL5Dialect
2019-09-20 21:24:21.860 [main] INFO  o.s.orm.jpa.LocalContainerEntityManagerFactoryBean - Initialized JPA EntityManagerFactory for persistence unit 'default'
2019-09-20 21:24:26.262 [main] INFO  o.s.scheduling.concurrent.ThreadPoolTaskExecutor - Initializing ExecutorService 'applicationTaskExecutor'
2019-09-20 21:24:28.007 [main] INFO  s.d.s.web.plugins.DocumentationPluginsBootstrapper - Context refreshed
2019-09-20 21:24:28.050 [main] INFO  s.d.s.web.plugins.DocumentationPluginsBootstrapper - Found 1 custom documentation plugin(s)
2019-09-20 21:24:28.081 [main] INFO  s.d.spring.web.scanners.ApiListingReferenceScanner - Scanning for api listing references
2019-09-20 21:24:28.508 [main] INFO  o.s.s.a.ScheduledAnnotationBeanPostProcessor - No TaskScheduler/ScheduledExecutorService bean found for scheduled processing
2019-09-20 21:24:28.533 [main] INFO  c.b.h.paipan.daycolumn.DefaultDayColumnDealTest - Started DefaultDayColumnDealTest in 19.294 seconds (JVM running for 20.97)
2019-09-20 21:24:28.812 [main] INFO  c.b.h.paipan.daycolumn.DefaultDayColumnDealTest - PaipanRunDTO:PaipanRunDTO(paipanDTO=PaipanDTO(name=null, sex=1, birthDateTime=2019-02-04 11:13, sunOrlun=1, trueSunbirthDateTime=2019-02-04 10:34, birthPlace=BirthPlaceDTO(province=null, city=null, area=511623), areLeapMonth=false), eightCharacterDTO=EightCharacterDTO(yearHeavenly=戊, yearBranch=戌, monthHeavenly=乙, monthBranch=丑, dayHeavenly=壬, dayBranch=申, hourHeavenly=乙, hourBranch=巳, yearBranchHevs=[戊, 辛, 丁], monthBranchHevs=[己, 癸, 辛], dayBranchHevs=[庚, 壬, 戊], hourBranchHevs=[丙, 庚, 戊], yearHevGod=七杀, monthHevGod=伤官, dayHevGod=日元, hourHevGod=伤官, yearBranchHevsGod=[七杀, 正印, 正财], monthBranchHevsGod=[正官, 劫财, 正印], dayBranchHevsGod=[偏印, 比肩, 七杀], hourBranchHevsGod=[偏财, 偏印, 七杀]), lunarDate=Sun Dec 30 10:34:00 CST 2018, solarYear=2018, solarTermIdx=23, currSolarTerm=CnSolarTerm(id=201823, year=2018, termIndex=23, termName=大寒, termDate=Sun Jan 20 16:59:29 CST 2019), nextSolarTerm=CnSolarTerm(id=201900, year=2019, termIndex=0, termName=立春, termDate=Mon Feb 04 11:14:14 CST 2019), qiyunDate=2019-02-04 10:34)
2019-09-20 21:24:28.861 [Thread-5] INFO  o.s.scheduling.concurrent.ThreadPoolTaskExecutor - Shutting down ExecutorService 'applicationTaskExecutor'
2019-09-20 21:24:28.866 [Thread-5] INFO  o.s.orm.jpa.LocalContainerEntityManagerFactoryBean - Closing JPA EntityManagerFactory for persistence unit 'default'
2019-09-20 21:24:28.869 [Thread-5] INFO  com.alibaba.druid.pool.DruidDataSource - {dataSource-1} closing ...
2019-09-20 21:24:28.872 [Thread-5] INFO  com.alibaba.druid.pool.DruidDataSource - {dataSource-1} closed
2019-09-20 21:25:54.203 [main] INFO  c.b.h.paipan.daycolumn.DefaultDayColumnDealTest - Starting DefaultDayColumnDealTest on LAPTOP-R4PC1KLI with PID 8036 (started by 89144 in D:\dev\worker\horoscoparent\horoscope)
2019-09-20 21:25:54.244 [main] INFO  c.b.h.paipan.daycolumn.DefaultDayColumnDealTest - No active profile set, falling back to default profiles: default
2019-09-20 21:26:01.185 [main] INFO  o.s.d.r.config.RepositoryConfigurationDelegate - Multiple Spring Data modules found, entering strict repository configuration mode!
2019-09-20 21:26:01.188 [main] INFO  o.s.d.r.config.RepositoryConfigurationDelegate - Bootstrapping Spring Data repositories in DEFAULT mode.
2019-09-20 21:26:01.288 [main] INFO  o.s.d.r.config.RepositoryConfigurationDelegate - Finished Spring Data repository scanning in 56ms. Found 0 repository interfaces.
2019-09-20 21:26:01.321 [main] INFO  o.s.d.r.config.RepositoryConfigurationDelegate - Multiple Spring Data modules found, entering strict repository configuration mode!
2019-09-20 21:26:01.324 [main] INFO  o.s.d.r.config.RepositoryConfigurationDelegate - Bootstrapping Spring Data repositories in DEFAULT mode.
2019-09-20 21:26:01.371 [main] INFO  o.s.d.r.config.RepositoryConfigurationDelegate - Finished Spring Data repository scanning in 30ms. Found 0 repository interfaces.
2019-09-20 21:26:02.977 [main] INFO  o.s.c.s.PostProcessorRegistrationDelegate$BeanPostProcessorChecker - Bean 'org.springframework.transaction.annotation.ProxyTransactionManagementConfiguration' of type [org.springframework.transaction.annotation.ProxyTransactionManagementConfiguration$$EnhancerBySpringCGLIB$$eeb4363f] is not eligible for getting processed by all BeanPostProcessors (for example: not eligible for auto-proxying)
2019-09-20 21:26:03.067 [main] INFO  o.s.c.s.PostProcessorRegistrationDelegate$BeanPostProcessorChecker - Bean 'redisConfig' of type [com.boc.horoscope.redis.config.RedisConfig$$EnhancerBySpringCGLIB$$7de7d7cb] is not eligible for getting processed by all BeanPostProcessors (for example: not eligible for auto-proxying)
2019-09-20 21:26:04.367 [main] INFO  com.alibaba.druid.pool.DruidDataSource - {dataSource-1,test} inited
2019-09-20 21:26:04.714 [main] INFO  org.hibernate.Version - HHH000412: Hibernate Core {5.3.7.Final}
2019-09-20 21:26:04.717 [main] INFO  org.hibernate.cfg.Environment - HHH000206: hibernate.properties not found
2019-09-20 21:26:05.204 [main] INFO  org.hibernate.annotations.common.Version - HCANN000001: Hibernate Commons Annotations {5.0.4.Final}
2019-09-20 21:26:06.319 [main] INFO  org.hibernate.dialect.Dialect - HHH000400: Using dialect: org.hibernate.dialect.MySQL5Dialect
2019-09-20 21:26:06.987 [main] INFO  o.s.orm.jpa.LocalContainerEntityManagerFactoryBean - Initialized JPA EntityManagerFactory for persistence unit 'default'
2019-09-20 21:26:12.360 [main] INFO  o.s.scheduling.concurrent.ThreadPoolTaskExecutor - Initializing ExecutorService 'applicationTaskExecutor'
2019-09-20 21:26:14.273 [main] INFO  s.d.s.web.plugins.DocumentationPluginsBootstrapper - Context refreshed
2019-09-20 21:26:14.326 [main] INFO  s.d.s.web.plugins.DocumentationPluginsBootstrapper - Found 1 custom documentation plugin(s)
2019-09-20 21:26:14.364 [main] INFO  s.d.spring.web.scanners.ApiListingReferenceScanner - Scanning for api listing references
2019-09-20 21:26:14.856 [main] INFO  o.s.s.a.ScheduledAnnotationBeanPostProcessor - No TaskScheduler/ScheduledExecutorService bean found for scheduled processing
2019-09-20 21:26:14.876 [main] INFO  c.b.h.paipan.daycolumn.DefaultDayColumnDealTest - Started DefaultDayColumnDealTest in 22.221 seconds (JVM running for 24.988)
2019-09-20 21:28:17.547 [main] INFO  c.b.h.paipan.daycolumn.DefaultDayColumnDealTest - PaipanRunDTO:PaipanRunDTO(paipanDTO=PaipanDTO(name=null, sex=1, birthDateTime=2019-02-04 11:13, sunOrlun=1, trueSunbirthDateTime=2019-02-04 10:34, birthPlace=BirthPlaceDTO(province=null, city=null, area=511623), areLeapMonth=false), eightCharacterDTO=EightCharacterDTO(yearHeavenly=戊, yearBranch=戌, monthHeavenly=乙, monthBranch=丑, dayHeavenly=壬, dayBranch=申, hourHeavenly=乙, hourBranch=巳, yearBranchHevs=[戊, 辛, 丁], monthBranchHevs=[己, 癸, 辛], dayBranchHevs=[庚, 壬, 戊], hourBranchHevs=[丙, 庚, 戊], yearHevGod=七杀, monthHevGod=伤官, dayHevGod=日元, hourHevGod=伤官, yearBranchHevsGod=[七杀, 正印, 正财], monthBranchHevsGod=[正官, 劫财, 正印], dayBranchHevsGod=[偏印, 比肩, 七杀], hourBranchHevsGod=[偏财, 偏印, 七杀]), lunarDate=Sun Dec 30 10:34:00 CST 2018, solarYear=2018, solarTermIdx=23, currSolarTerm=CnSolarTerm(id=201823, year=2018, termIndex=23, termName=大寒, termDate=Sun Jan 20 16:59:29 CST 2019), nextSolarTerm=CnSolarTerm(id=201900, year=2019, termIndex=0, termName=立春, termDate=Mon Feb 04 11:14:14 CST 2019), qiyunDate=2019-02-04 10:34)
2019-09-20 21:28:17.612 [Thread-5] INFO  o.s.scheduling.concurrent.ThreadPoolTaskExecutor - Shutting down ExecutorService 'applicationTaskExecutor'
2019-09-20 21:28:17.617 [Thread-5] INFO  o.s.orm.jpa.LocalContainerEntityManagerFactoryBean - Closing JPA EntityManagerFactory for persistence unit 'default'
2019-09-20 21:28:17.669 [Thread-5] INFO  com.alibaba.druid.pool.DruidDataSource - {dataSource-1} closing ...
2019-09-20 21:28:17.684 [Thread-5] INFO  com.alibaba.druid.pool.DruidDataSource - {dataSource-1} closed
2019-09-20 21:28:29.733 [main] INFO  c.b.h.paipan.daycolumn.DefaultDayColumnDealTest - Starting DefaultDayColumnDealTest on LAPTOP-R4PC1KLI with PID 11536 (started by 89144 in D:\dev\worker\horoscoparent\horoscope)
2019-09-20 21:28:29.742 [main] INFO  c.b.h.paipan.daycolumn.DefaultDayColumnDealTest - No active profile set, falling back to default profiles: default
2019-09-20 21:28:35.890 [main] INFO  o.s.d.r.config.RepositoryConfigurationDelegate - Multiple Spring Data modules found, entering strict repository configuration mode!
2019-09-20 21:28:35.949 [main] INFO  o.s.d.r.config.RepositoryConfigurationDelegate - Bootstrapping Spring Data repositories in DEFAULT mode.
2019-09-20 21:28:36.153 [main] INFO  o.s.d.r.config.RepositoryConfigurationDelegate - Finished Spring Data repository scanning in 161ms. Found 0 repository interfaces.
2019-09-20 21:28:36.206 [main] INFO  o.s.d.r.config.RepositoryConfigurationDelegate - Multiple Spring Data modules found, entering strict repository configuration mode!
2019-09-20 21:28:36.214 [main] INFO  o.s.d.r.config.RepositoryConfigurationDelegate - Bootstrapping Spring Data repositories in DEFAULT mode.
2019-09-20 21:28:36.326 [main] INFO  o.s.d.r.config.RepositoryConfigurationDelegate - Finished Spring Data repository scanning in 54ms. Found 0 repository interfaces.
2019-09-20 21:28:38.315 [main] INFO  o.s.c.s.PostProcessorRegistrationDelegate$BeanPostProcessorChecker - Bean 'org.springframework.transaction.annotation.ProxyTransactionManagementConfiguration' of type [org.springframework.transaction.annotation.ProxyTransactionManagementConfiguration$$EnhancerBySpringCGLIB$$36b18757] is not eligible for getting processed by all BeanPostProcessors (for example: not eligible for auto-proxying)
2019-09-20 21:28:38.387 [main] INFO  o.s.c.s.PostProcessorRegistrationDelegate$BeanPostProcessorChecker - Bean 'redisConfig' of type [com.boc.horoscope.redis.config.RedisConfig$$EnhancerBySpringCGLIB$$c5e528e3] is not eligible for getting processed by all BeanPostProcessors (for example: not eligible for auto-proxying)
2019-09-20 21:28:39.453 [main] INFO  com.alibaba.druid.pool.DruidDataSource - {dataSource-1,test} inited
2019-09-20 21:28:39.784 [main] INFO  org.hibernate.Version - HHH000412: Hibernate Core {5.3.7.Final}
2019-09-20 21:28:39.788 [main] INFO  org.hibernate.cfg.Environment - HHH000206: hibernate.properties not found
2019-09-20 21:28:40.110 [main] INFO  org.hibernate.annotations.common.Version - HCANN000001: Hibernate Commons Annotations {5.0.4.Final}
2019-09-20 21:28:40.903 [main] INFO  org.hibernate.dialect.Dialect - HHH000400: Using dialect: org.hibernate.dialect.MySQL5Dialect
2019-09-20 21:28:41.300 [main] INFO  o.s.orm.jpa.LocalContainerEntityManagerFactoryBean - Initialized JPA EntityManagerFactory for persistence unit 'default'
2019-09-20 21:28:47.604 [main] INFO  o.s.scheduling.concurrent.ThreadPoolTaskExecutor - Initializing ExecutorService 'applicationTaskExecutor'
2019-09-20 21:28:49.335 [main] INFO  s.d.s.web.plugins.DocumentationPluginsBootstrapper - Context refreshed
2019-09-20 21:28:49.383 [main] INFO  s.d.s.web.plugins.DocumentationPluginsBootstrapper - Found 1 custom documentation plugin(s)
2019-09-20 21:28:49.420 [main] INFO  s.d.spring.web.scanners.ApiListingReferenceScanner - Scanning for api listing references
2019-09-20 21:28:49.879 [main] INFO  o.s.s.a.ScheduledAnnotationBeanPostProcessor - No TaskScheduler/ScheduledExecutorService bean found for scheduled processing
2019-09-20 21:28:49.896 [main] INFO  c.b.h.paipan.daycolumn.DefaultDayColumnDealTest - Started DefaultDayColumnDealTest in 21.666 seconds (JVM running for 24.247)
2019-09-20 21:29:44.642 [main] INFO  c.b.h.paipan.daycolumn.DefaultDayColumnDealTest - PaipanRunDTO:PaipanRunDTO(paipanDTO=PaipanDTO(name=null, sex=1, birthDateTime=2019-02-04 11:13, sunOrlun=1, trueSunbirthDateTime=2019-02-04 10:34, birthPlace=BirthPlaceDTO(province=null, city=null, area=511623), areLeapMonth=false), eightCharacterDTO=EightCharacterDTO(yearHeavenly=戊, yearBranch=戌, monthHeavenly=乙, monthBranch=丑, dayHeavenly=壬, dayBranch=申, hourHeavenly=乙, hourBranch=巳, yearBranchHevs=[戊, 辛, 丁], monthBranchHevs=[己, 癸, 辛], dayBranchHevs=[庚, 壬, 戊], hourBranchHevs=[丙, 庚, 戊], yearHevGod=七杀, monthHevGod=伤官, dayHevGod=日元, hourHevGod=伤官, yearBranchHevsGod=[七杀, 正印, 正财], monthBranchHevsGod=[正官, 劫财, 正印], dayBranchHevsGod=[偏印, 比肩, 七杀], hourBranchHevsGod=[偏财, 偏印, 七杀]), lunarDate=Sun Dec 30 10:34:00 CST 2018, solarYear=2018, solarTermIdx=23, currSolarTerm=CnSolarTerm(id=201823, year=2018, termIndex=23, termName=大寒, termDate=Sun Jan 20 16:59:29 CST 2019), nextSolarTerm=CnSolarTerm(id=201900, year=2019, termIndex=0, termName=立春, termDate=Mon Feb 04 11:14:14 CST 2019), qiyunDate=2019-02-04 10:34)
2019-09-20 21:29:44.675 [Thread-5] INFO  o.s.scheduling.concurrent.ThreadPoolTaskExecutor - Shutting down ExecutorService 'applicationTaskExecutor'
2019-09-20 21:29:44.679 [Thread-5] INFO  o.s.orm.jpa.LocalContainerEntityManagerFactoryBean - Closing JPA EntityManagerFactory for persistence unit 'default'
2019-09-20 21:29:44.690 [Thread-5] INFO  com.alibaba.druid.pool.DruidDataSource - {dataSource-1} closing ...
2019-09-20 21:29:44.695 [Thread-5] INFO  com.alibaba.druid.pool.DruidDataSource - {dataSource-1} closed
2019-09-20 21:29:54.833 [main] INFO  c.b.h.paipan.daycolumn.DefaultDayColumnDealTest - Starting DefaultDayColumnDealTest on LAPTOP-R4PC1KLI with PID 4388 (started by 89144 in D:\dev\worker\horoscoparent\horoscope)
2019-09-20 21:29:54.838 [main] INFO  c.b.h.paipan.daycolumn.DefaultDayColumnDealTest - No active profile set, falling back to default profiles: default
2019-09-20 21:30:00.984 [main] INFO  o.s.d.r.config.RepositoryConfigurationDelegate - Multiple Spring Data modules found, entering strict repository configuration mode!
2019-09-20 21:30:00.986 [main] INFO  o.s.d.r.config.RepositoryConfigurationDelegate - Bootstrapping Spring Data repositories in DEFAULT mode.
2019-09-20 21:30:01.050 [main] INFO  o.s.d.r.config.RepositoryConfigurationDelegate - Finished Spring Data repository scanning in 39ms. Found 0 repository interfaces.
2019-09-20 21:30:01.076 [main] INFO  o.s.d.r.config.RepositoryConfigurationDelegate - Multiple Spring Data modules found, entering strict repository configuration mode!
2019-09-20 21:30:01.077 [main] INFO  o.s.d.r.config.RepositoryConfigurationDelegate - Bootstrapping Spring Data repositories in DEFAULT mode.
2019-09-20 21:30:01.113 [main] INFO  o.s.d.r.config.RepositoryConfigurationDelegate - Finished Spring Data repository scanning in 24ms. Found 0 repository interfaces.
2019-09-20 21:30:02.292 [main] INFO  o.s.c.s.PostProcessorRegistrationDelegate$BeanPostProcessorChecker - Bean 'org.springframework.transaction.annotation.ProxyTransactionManagementConfiguration' of type [org.springframework.transaction.annotation.ProxyTransactionManagementConfiguration$$EnhancerBySpringCGLIB$$dcbe520f] is not eligible for getting processed by all BeanPostProcessors (for example: not eligible for auto-proxying)
2019-09-20 21:30:02.364 [main] INFO  o.s.c.s.PostProcessorRegistrationDelegate$BeanPostProcessorChecker - Bean 'redisConfig' of type [com.boc.horoscope.redis.config.RedisConfig$$EnhancerBySpringCGLIB$$6bf1f39b] is not eligible for getting processed by all BeanPostProcessors (for example: not eligible for auto-proxying)
2019-09-20 21:30:03.383 [main] INFO  com.alibaba.druid.pool.DruidDataSource - {dataSource-1,test} inited
2019-09-20 21:30:03.785 [main] INFO  org.hibernate.Version - HHH000412: Hibernate Core {5.3.7.Final}
2019-09-20 21:30:03.788 [main] INFO  org.hibernate.cfg.Environment - HHH000206: hibernate.properties not found
2019-09-20 21:30:04.190 [main] INFO  org.hibernate.annotations.common.Version - HCANN000001: Hibernate Commons Annotations {5.0.4.Final}
2019-09-20 21:30:05.189 [main] INFO  org.hibernate.dialect.Dialect - HHH000400: Using dialect: org.hibernate.dialect.MySQL5Dialect
2019-09-20 21:30:05.747 [main] INFO  o.s.orm.jpa.LocalContainerEntityManagerFactoryBean - Initialized JPA EntityManagerFactory for persistence unit 'default'
2019-09-20 21:30:10.801 [main] INFO  o.s.scheduling.concurrent.ThreadPoolTaskExecutor - Initializing ExecutorService 'applicationTaskExecutor'
2019-09-20 21:30:12.588 [main] INFO  s.d.s.web.plugins.DocumentationPluginsBootstrapper - Context refreshed
2019-09-20 21:30:12.632 [main] INFO  s.d.s.web.plugins.DocumentationPluginsBootstrapper - Found 1 custom documentation plugin(s)
2019-09-20 21:30:12.654 [main] INFO  s.d.spring.web.scanners.ApiListingReferenceScanner - Scanning for api listing references
2019-09-20 21:30:13.117 [main] INFO  o.s.s.a.ScheduledAnnotationBeanPostProcessor - No TaskScheduler/ScheduledExecutorService bean found for scheduled processing
2019-09-20 21:30:13.140 [main] INFO  c.b.h.paipan.daycolumn.DefaultDayColumnDealTest - Started DefaultDayColumnDealTest in 20.222 seconds (JVM running for 22.207)
2019-09-20 21:30:44.477 [main] INFO  c.b.h.paipan.daycolumn.DefaultDayColumnDealTest - PaipanRunDTO:PaipanRunDTO(paipanDTO=PaipanDTO(name=null, sex=1, birthDateTime=2019-02-04 11:13, sunOrlun=1, trueSunbirthDateTime=2019-02-04 10:34, birthPlace=BirthPlaceDTO(province=null, city=null, area=511623), areLeapMonth=false), eightCharacterDTO=EightCharacterDTO(yearHeavenly=戊, yearBranch=戌, monthHeavenly=乙, monthBranch=丑, dayHeavenly=壬, dayBranch=申, hourHeavenly=乙, hourBranch=巳, yearBranchHevs=[戊, 辛, 丁], monthBranchHevs=[己, 癸, 辛], dayBranchHevs=[庚, 壬, 戊], hourBranchHevs=[丙, 庚, 戊], yearHevGod=七杀, monthHevGod=伤官, dayHevGod=日元, hourHevGod=伤官, yearBranchHevsGod=[七杀, 正印, 正财], monthBranchHevsGod=[正官, 劫财, 正印], dayBranchHevsGod=[偏印, 比肩, 七杀], hourBranchHevsGod=[偏财, 偏印, 七杀]), lunarDate=Sun Dec 30 10:34:00 CST 2018, solarYear=2018, solarTermIdx=23, currSolarTerm=CnSolarTerm(id=201823, year=2018, termIndex=23, termName=大寒, termDate=Sun Jan 20 16:59:29 CST 2019), nextSolarTerm=CnSolarTerm(id=201900, year=2019, termIndex=0, termName=立春, termDate=Mon Feb 04 11:14:14 CST 2019), qiyunDate=2019-02-04 10:34)
2019-09-20 21:30:44.500 [Thread-5] INFO  o.s.scheduling.concurrent.ThreadPoolTaskExecutor - Shutting down ExecutorService 'applicationTaskExecutor'
2019-09-20 21:30:44.508 [Thread-5] INFO  o.s.orm.jpa.LocalContainerEntityManagerFactoryBean - Closing JPA EntityManagerFactory for persistence unit 'default'
2019-09-20 21:30:44.513 [Thread-5] INFO  com.alibaba.druid.pool.DruidDataSource - {dataSource-1} closing ...
2019-09-20 21:30:44.526 [Thread-5] INFO  com.alibaba.druid.pool.DruidDataSource - {dataSource-1} closed
2019-09-20 21:31:31.844 [main] INFO  c.b.h.paipan.daycolumn.DefaultDayColumnDealTest - Starting DefaultDayColumnDealTest on LAPTOP-R4PC1KLI with PID 3180 (started by 89144 in D:\dev\worker\horoscoparent\horoscope)
2019-09-20 21:31:31.849 [main] INFO  c.b.h.paipan.daycolumn.DefaultDayColumnDealTest - No active profile set, falling back to default profiles: default
2019-09-20 21:31:38.660 [main] INFO  o.s.d.r.config.RepositoryConfigurationDelegate - Multiple Spring Data modules found, entering strict repository configuration mode!
2019-09-20 21:31:38.675 [main] INFO  o.s.d.r.config.RepositoryConfigurationDelegate - Bootstrapping Spring Data repositories in DEFAULT mode.
2019-09-20 21:31:38.942 [main] INFO  o.s.d.r.config.RepositoryConfigurationDelegate - Finished Spring Data repository scanning in 232ms. Found 0 repository interfaces.
2019-09-20 21:31:38.976 [main] INFO  o.s.d.r.config.RepositoryConfigurationDelegate - Multiple Spring Data modules found, entering strict repository configuration mode!
2019-09-20 21:31:38.978 [main] INFO  o.s.d.r.config.RepositoryConfigurationDelegate - Bootstrapping Spring Data repositories in DEFAULT mode.
2019-09-20 21:31:39.021 [main] INFO  o.s.d.r.config.RepositoryConfigurationDelegate - Finished Spring Data repository scanning in 25ms. Found 0 repository interfaces.
2019-09-20 21:31:40.162 [main] INFO  o.s.c.s.PostProcessorRegistrationDelegate$BeanPostProcessorChecker - Bean 'org.springframework.transaction.annotation.ProxyTransactionManagementConfiguration' of type [org.springframework.transaction.annotation.ProxyTransactionManagementConfiguration$$EnhancerBySpringCGLIB$$32100d1f] is not eligible for getting processed by all BeanPostProcessors (for example: not eligible for auto-proxying)
2019-09-20 21:31:40.241 [main] INFO  o.s.c.s.PostProcessorRegistrationDelegate$BeanPostProcessorChecker - Bean 'redisConfig' of type [com.boc.horoscope.redis.config.RedisConfig$$EnhancerBySpringCGLIB$$c143aeab] is not eligible for getting processed by all BeanPostProcessors (for example: not eligible for auto-proxying)
2019-09-20 21:31:41.318 [main] INFO  com.alibaba.druid.pool.DruidDataSource - {dataSource-1,test} inited
2019-09-20 21:31:41.649 [main] INFO  org.hibernate.Version - HHH000412: Hibernate Core {5.3.7.Final}
2019-09-20 21:31:41.652 [main] INFO  org.hibernate.cfg.Environment - HHH000206: hibernate.properties not found
2019-09-20 21:31:41.959 [main] INFO  org.hibernate.annotations.common.Version - HCANN000001: Hibernate Commons Annotations {5.0.4.Final}
2019-09-20 21:31:42.856 [main] INFO  org.hibernate.dialect.Dialect - HHH000400: Using dialect: org.hibernate.dialect.MySQL5Dialect
2019-09-20 21:31:43.240 [main] INFO  o.s.orm.jpa.LocalContainerEntityManagerFactoryBean - Initialized JPA EntityManagerFactory for persistence unit 'default'
2019-09-20 21:31:47.940 [main] INFO  o.s.scheduling.concurrent.ThreadPoolTaskExecutor - Initializing ExecutorService 'applicationTaskExecutor'
2019-09-20 21:31:49.692 [main] INFO  s.d.s.web.plugins.DocumentationPluginsBootstrapper - Context refreshed
2019-09-20 21:31:49.737 [main] INFO  s.d.s.web.plugins.DocumentationPluginsBootstrapper - Found 1 custom documentation plugin(s)
2019-09-20 21:31:49.765 [main] INFO  s.d.spring.web.scanners.ApiListingReferenceScanner - Scanning for api listing references
2019-09-20 21:31:50.217 [main] INFO  o.s.s.a.ScheduledAnnotationBeanPostProcessor - No TaskScheduler/ScheduledExecutorService bean found for scheduled processing
2019-09-20 21:31:50.234 [main] INFO  c.b.h.paipan.daycolumn.DefaultDayColumnDealTest - Started DefaultDayColumnDealTest in 19.98 seconds (JVM running for 21.989)
2019-09-20 21:33:32.357 [main] INFO  c.b.h.paipan.daycolumn.DefaultDayColumnDealTest - PaipanRunDTO:PaipanRunDTO(paipanDTO=PaipanDTO(name=null, sex=1, birthDateTime=2019-02-04 11:13, sunOrlun=1, trueSunbirthDateTime=2019-02-04 10:34, birthPlace=BirthPlaceDTO(province=null, city=null, area=511623), areLeapMonth=false), eightCharacterDTO=EightCharacterDTO(yearHeavenly=戊, yearBranch=戌, monthHeavenly=乙, monthBranch=丑, dayHeavenly=壬, dayBranch=申, hourHeavenly=乙, hourBranch=巳, yearBranchHevs=[戊, 辛, 丁], monthBranchHevs=[己, 癸, 辛], dayBranchHevs=[庚, 壬, 戊], hourBranchHevs=[丙, 庚, 戊], yearHevGod=七杀, monthHevGod=伤官, dayHevGod=日元, hourHevGod=伤官, yearBranchHevsGod=[七杀, 正印, 正财], monthBranchHevsGod=[正官, 劫财, 正印], dayBranchHevsGod=[偏印, 比肩, 七杀], hourBranchHevsGod=[偏财, 偏印, 七杀]), lunarDate=Sun Dec 30 10:34:00 CST 2018, solarYear=2018, solarTermIdx=23, currSolarTerm=CnSolarTerm(id=201823, year=2018, termIndex=23, termName=大寒, termDate=Sun Jan 20 16:59:29 CST 2019), nextSolarTerm=CnSolarTerm(id=201900, year=2019, termIndex=0, termName=立春, termDate=Mon Feb 04 11:14:14 CST 2019), qiyunDate=2019-02-07 10:34)
2019-09-20 21:33:32.413 [Thread-5] INFO  o.s.scheduling.concurrent.ThreadPoolTaskExecutor - Shutting down ExecutorService 'applicationTaskExecutor'
2019-09-20 21:33:32.419 [Thread-5] INFO  o.s.orm.jpa.LocalContainerEntityManagerFactoryBean - Closing JPA EntityManagerFactory for persistence unit 'default'
2019-09-20 21:33:32.424 [Thread-5] INFO  com.alibaba.druid.pool.DruidDataSource - {dataSource-1} closing ...
2019-09-20 21:33:32.428 [Thread-5] INFO  com.alibaba.druid.pool.DruidDataSource - {dataSource-1} closed
2019-09-20 22:19:40.330 [main] INFO  c.b.h.paipan.daycolumn.DefaultDayColumnDealTest - Starting DefaultDayColumnDealTest on LAPTOP-R4PC1KLI with PID 8832 (started by 89144 in D:\dev\worker\horoscoparent\horoscope)
2019-09-20 22:19:40.336 [main] INFO  c.b.h.paipan.daycolumn.DefaultDayColumnDealTest - No active profile set, falling back to default profiles: default
2019-09-20 22:19:46.730 [main] INFO  o.s.d.r.config.RepositoryConfigurationDelegate - Multiple Spring Data modules found, entering strict repository configuration mode!
2019-09-20 22:19:46.738 [main] INFO  o.s.d.r.config.RepositoryConfigurationDelegate - Bootstrapping Spring Data repositories in DEFAULT mode.
2019-09-20 22:19:46.933 [main] INFO  o.s.d.r.config.RepositoryConfigurationDelegate - Finished Spring Data repository scanning in 160ms. Found 0 repository interfaces.
2019-09-20 22:19:46.955 [main] INFO  o.s.d.r.config.RepositoryConfigurationDelegate - Multiple Spring Data modules found, entering strict repository configuration mode!
2019-09-20 22:19:46.957 [main] INFO  o.s.d.r.config.RepositoryConfigurationDelegate - Bootstrapping Spring Data repositories in DEFAULT mode.
2019-09-20 22:19:46.999 [main] INFO  o.s.d.r.config.RepositoryConfigurationDelegate - Finished Spring Data repository scanning in 28ms. Found 0 repository interfaces.
2019-09-20 22:19:48.558 [main] INFO  o.s.c.s.PostProcessorRegistrationDelegate$BeanPostProcessorChecker - Bean 'org.springframework.transaction.annotation.ProxyTransactionManagementConfiguration' of type [org.springframework.transaction.annotation.ProxyTransactionManagementConfiguration$$EnhancerBySpringCGLIB$$e77e0b7f] is not eligible for getting processed by all BeanPostProcessors (for example: not eligible for auto-proxying)
2019-09-20 22:19:48.638 [main] INFO  o.s.c.s.PostProcessorRegistrationDelegate$BeanPostProcessorChecker - Bean 'redisConfig' of type [com.boc.horoscope.redis.config.RedisConfig$$EnhancerBySpringCGLIB$$76b1ad0b] is not eligible for getting processed by all BeanPostProcessors (for example: not eligible for auto-proxying)
2019-09-20 22:19:49.744 [main] INFO  com.alibaba.druid.pool.DruidDataSource - {dataSource-1,test} inited
2019-09-20 22:19:50.088 [main] INFO  org.hibernate.Version - HHH000412: Hibernate Core {5.3.7.Final}
2019-09-20 22:19:50.091 [main] INFO  org.hibernate.cfg.Environment - HHH000206: hibernate.properties not found
2019-09-20 22:19:50.374 [main] INFO  org.hibernate.annotations.common.Version - HCANN000001: Hibernate Commons Annotations {5.0.4.Final}
2019-09-20 22:19:51.200 [main] INFO  org.hibernate.dialect.Dialect - HHH000400: Using dialect: org.hibernate.dialect.MySQL5Dialect
2019-09-20 22:19:51.566 [main] INFO  o.s.orm.jpa.LocalContainerEntityManagerFactoryBean - Initialized JPA EntityManagerFactory for persistence unit 'default'
2019-09-20 22:19:55.694 [main] INFO  o.s.scheduling.concurrent.ThreadPoolTaskExecutor - Initializing ExecutorService 'applicationTaskExecutor'
2019-09-20 22:19:56.974 [main] INFO  s.d.s.web.plugins.DocumentationPluginsBootstrapper - Context refreshed
2019-09-20 22:19:57.011 [main] INFO  s.d.s.web.plugins.DocumentationPluginsBootstrapper - Found 1 custom documentation plugin(s)
2019-09-20 22:19:57.060 [main] INFO  s.d.spring.web.scanners.ApiListingReferenceScanner - Scanning for api listing references
2019-09-20 22:19:57.520 [main] INFO  o.s.s.a.ScheduledAnnotationBeanPostProcessor - No TaskScheduler/ScheduledExecutorService bean found for scheduled processing
2019-09-20 22:19:57.536 [main] INFO  c.b.h.paipan.daycolumn.DefaultDayColumnDealTest - Started DefaultDayColumnDealTest in 18.971 seconds (JVM running for 20.801)
2019-09-20 22:19:57.716 [main] INFO  c.b.h.paipan.daycolumn.DefaultDayColumnDealTest - PaipanRunDTO:PaipanRunDTO(paipanDTO=PaipanDTO(name=null, sex=1, birthDateTime=2019-02-04 11:13, sunOrlun=1, trueSunbirthDateTime=2019-02-04 10:34, birthPlace=BirthPlaceDTO(province=null, city=null, area=511623), areLeapMonth=false), eightCharacterDTO=EightCharacterDTO(yearHeavenly=戊, yearBranch=戌, monthHeavenly=乙, monthBranch=丑, dayHeavenly=壬, dayBranch=申, hourHeavenly=乙, hourBranch=巳, yearBranchHevs=[戊, 辛, 丁], monthBranchHevs=[己, 癸, 辛], dayBranchHevs=[庚, 壬, 戊], hourBranchHevs=[丙, 庚, 戊], yearHevGod=七杀, monthHevGod=伤官, dayHevGod=日元, hourHevGod=伤官, yearBranchHevsGod=[七杀, 正印, 正财], monthBranchHevsGod=[正官, 劫财, 正印], dayBranchHevsGod=[偏印, 比肩, 七杀], hourBranchHevsGod=[偏财, 偏印, 七杀]), lunarDate=Sun Dec 30 10:34:00 CST 2018, solarYear=2018, solarTermIdx=23, currSolarTerm=CnSolarTerm(id=201823, year=2018, termIndex=23, termName=大寒, termDate=Sun Jan 20 16:59:29 CST 2019), nextSolarTerm=CnSolarTerm(id=201900, year=2019, termIndex=0, termName=立春, termDate=Mon Feb 04 11:14:14 CST 2019), qiyunDay=0年0月3天, jiaoyunDate=2019-02-07 10:34)
2019-09-20 22:19:57.744 [Thread-5] INFO  o.s.scheduling.concurrent.ThreadPoolTaskExecutor - Shutting down ExecutorService 'applicationTaskExecutor'
2019-09-20 22:19:57.748 [Thread-5] INFO  o.s.orm.jpa.LocalContainerEntityManagerFactoryBean - Closing JPA EntityManagerFactory for persistence unit 'default'
2019-09-20 22:19:57.752 [Thread-5] INFO  com.alibaba.druid.pool.DruidDataSource - {dataSource-1} closing ...
2019-09-20 22:19:57.755 [Thread-5] INFO  com.alibaba.druid.pool.DruidDataSource - {dataSource-1} closed
2019-09-20 22:20:29.884 [main] INFO  c.b.h.paipan.daycolumn.DefaultDayColumnDealTest - Starting DefaultDayColumnDealTest on LAPTOP-R4PC1KLI with PID 5448 (started by 89144 in D:\dev\worker\horoscoparent\horoscope)
2019-09-20 22:20:29.890 [main] INFO  c.b.h.paipan.daycolumn.DefaultDayColumnDealTest - No active profile set, falling back to default profiles: default
2019-09-20 22:20:36.227 [main] INFO  o.s.d.r.config.RepositoryConfigurationDelegate - Multiple Spring Data modules found, entering strict repository configuration mode!
2019-09-20 22:20:36.230 [main] INFO  o.s.d.r.config.RepositoryConfigurationDelegate - Bootstrapping Spring Data repositories in DEFAULT mode.
2019-09-20 22:20:36.467 [main] INFO  o.s.d.r.config.RepositoryConfigurationDelegate - Finished Spring Data repository scanning in 128ms. Found 0 repository interfaces.
2019-09-20 22:20:36.634 [main] INFO  o.s.d.r.config.RepositoryConfigurationDelegate - Multiple Spring Data modules found, entering strict repository configuration mode!
2019-09-20 22:20:36.636 [main] INFO  o.s.d.r.config.RepositoryConfigurationDelegate - Bootstrapping Spring Data repositories in DEFAULT mode.
2019-09-20 22:20:36.716 [main] INFO  o.s.d.r.config.RepositoryConfigurationDelegate - Finished Spring Data repository scanning in 62ms. Found 0 repository interfaces.
2019-09-20 22:20:38.307 [main] INFO  o.s.c.s.PostProcessorRegistrationDelegate$BeanPostProcessorChecker - Bean 'org.springframework.transaction.annotation.ProxyTransactionManagementConfiguration' of type [org.springframework.transaction.annotation.ProxyTransactionManagementConfiguration$$EnhancerBySpringCGLIB$$4e681df8] is not eligible for getting processed by all BeanPostProcessors (for example: not eligible for auto-proxying)
2019-09-20 22:20:38.425 [main] INFO  o.s.c.s.PostProcessorRegistrationDelegate$BeanPostProcessorChecker - Bean 'redisConfig' of type [com.boc.horoscope.redis.config.RedisConfig$$EnhancerBySpringCGLIB$$dd9bbf84] is not eligible for getting processed by all BeanPostProcessors (for example: not eligible for auto-proxying)
2019-09-20 22:20:39.797 [main] INFO  com.alibaba.druid.pool.DruidDataSource - {dataSource-1,test} inited
2019-09-20 22:20:40.230 [main] INFO  org.hibernate.Version - HHH000412: Hibernate Core {5.3.7.Final}
2019-09-20 22:20:40.233 [main] INFO  org.hibernate.cfg.Environment - HHH000206: hibernate.properties not found
2019-09-20 22:20:40.571 [main] INFO  org.hibernate.annotations.common.Version - HCANN000001: Hibernate Commons Annotations {5.0.4.Final}
2019-09-20 22:20:41.621 [main] INFO  org.hibernate.dialect.Dialect - HHH000400: Using dialect: org.hibernate.dialect.MySQL5Dialect
2019-09-20 22:20:42.064 [main] INFO  o.s.orm.jpa.LocalContainerEntityManagerFactoryBean - Initialized JPA EntityManagerFactory for persistence unit 'default'
2019-09-20 22:20:46.658 [main] INFO  o.s.scheduling.concurrent.ThreadPoolTaskExecutor - Initializing ExecutorService 'applicationTaskExecutor'
2019-09-20 22:20:48.179 [main] INFO  s.d.s.web.plugins.DocumentationPluginsBootstrapper - Context refreshed
2019-09-20 22:20:48.208 [main] INFO  s.d.s.web.plugins.DocumentationPluginsBootstrapper - Found 1 custom documentation plugin(s)
2019-09-20 22:20:48.228 [main] INFO  s.d.spring.web.scanners.ApiListingReferenceScanner - Scanning for api listing references
2019-09-20 22:20:48.663 [main] INFO  o.s.s.a.ScheduledAnnotationBeanPostProcessor - No TaskScheduler/ScheduledExecutorService bean found for scheduled processing
2019-09-20 22:20:48.677 [main] INFO  c.b.h.paipan.daycolumn.DefaultDayColumnDealTest - Started DefaultDayColumnDealTest in 20.26 seconds (JVM running for 21.867)
2019-09-20 22:20:48.912 [main] INFO  c.b.h.paipan.daycolumn.DefaultDayColumnDealTest - PaipanRunDTO:PaipanRunDTO(paipanDTO=PaipanDTO(name=null, sex=1, birthDateTime=2019-02-04 11:13, sunOrlun=2, trueSunbirthDateTime=2019-03-10 10:30, birthPlace=BirthPlaceDTO(province=null, city=null, area=511623), areLeapMonth=false), eightCharacterDTO=EightCharacterDTO(yearHeavenly=己, yearBranch=亥, monthHeavenly=丁, monthBranch=卯, dayHeavenly=丙, dayBranch=午, hourHeavenly=癸, hourBranch=巳, yearBranchHevs=[壬, 甲], monthBranchHevs=[乙], dayBranchHevs=[丁, 己], hourBranchHevs=[丙, 庚, 戊], yearHevGod=伤官, monthHevGod=劫财, dayHevGod=日元, hourHevGod=正官, yearBranchHevsGod=[七杀, 偏印], monthBranchHevsGod=[正印], dayBranchHevsGod=[劫财, 伤官], hourBranchHevsGod=[比肩, 偏财, 食神]), lunarDate=Mon Feb 04 10:30:00 CST 2019, solarYear=2019, solarTermIdx=2, currSolarTerm=CnSolarTerm(id=201902, year=2019, termIndex=2, termName=惊蛰, termDate=Wed Mar 06 05:09:35 CST 2019), nextSolarTerm=CnSolarTerm(id=201903, year=2019, termIndex=3, termName=春分, termDate=Thu Mar 21 05:58:20 CST 2019), qiyunDay=3年7月7天, jiaoyunDate=2022-10-17 10:30)
2019-09-20 22:20:48.941 [Thread-5] INFO  o.s.scheduling.concurrent.ThreadPoolTaskExecutor - Shutting down ExecutorService 'applicationTaskExecutor'
2019-09-20 22:20:48.948 [Thread-5] INFO  o.s.orm.jpa.LocalContainerEntityManagerFactoryBean - Closing JPA EntityManagerFactory for persistence unit 'default'
2019-09-20 22:20:48.955 [Thread-5] INFO  com.alibaba.druid.pool.DruidDataSource - {dataSource-1} closing ...
2019-09-20 22:20:48.962 [Thread-5] INFO  com.alibaba.druid.pool.DruidDataSource - {dataSource-1} closed
2019-09-20 22:28:28.798 [main] INFO  c.b.h.paipan.daycolumn.DefaultDayColumnDealTest - Starting DefaultDayColumnDealTest on LAPTOP-R4PC1KLI with PID 9688 (started by 89144 in D:\dev\worker\horoscoparent\horoscope)
2019-09-20 22:28:28.806 [main] INFO  c.b.h.paipan.daycolumn.DefaultDayColumnDealTest - No active profile set, falling back to default profiles: default
2019-09-20 22:28:35.266 [main] INFO  o.s.d.r.config.RepositoryConfigurationDelegate - Multiple Spring Data modules found, entering strict repository configuration mode!
2019-09-20 22:28:35.269 [main] INFO  o.s.d.r.config.RepositoryConfigurationDelegate - Bootstrapping Spring Data repositories in DEFAULT mode.
2019-09-20 22:28:35.386 [main] INFO  o.s.d.r.config.RepositoryConfigurationDelegate - Finished Spring Data repository scanning in 78ms. Found 0 repository interfaces.
2019-09-20 22:28:35.442 [main] INFO  o.s.d.r.config.RepositoryConfigurationDelegate - Multiple Spring Data modules found, entering strict repository configuration mode!
2019-09-20 22:28:35.444 [main] INFO  o.s.d.r.config.RepositoryConfigurationDelegate - Bootstrapping Spring Data repositories in DEFAULT mode.
2019-09-20 22:28:35.490 [main] INFO  o.s.d.r.config.RepositoryConfigurationDelegate - Finished Spring Data repository scanning in 28ms. Found 0 repository interfaces.
2019-09-20 22:28:36.800 [main] INFO  o.s.c.s.PostProcessorRegistrationDelegate$BeanPostProcessorChecker - Bean 'org.springframework.transaction.annotation.ProxyTransactionManagementConfiguration' of type [org.springframework.transaction.annotation.ProxyTransactionManagementConfiguration$$EnhancerBySpringCGLIB$$52365843] is not eligible for getting processed by all BeanPostProcessors (for example: not eligible for auto-proxying)
2019-09-20 22:28:36.879 [main] INFO  o.s.c.s.PostProcessorRegistrationDelegate$BeanPostProcessorChecker - Bean 'redisConfig' of type [com.boc.horoscope.redis.config.RedisConfig$$EnhancerBySpringCGLIB$$e169f9cf] is not eligible for getting processed by all BeanPostProcessors (for example: not eligible for auto-proxying)
2019-09-20 22:28:38.138 [main] INFO  com.alibaba.druid.pool.DruidDataSource - {dataSource-1,test} inited
2019-09-20 22:28:38.464 [main] INFO  org.hibernate.Version - HHH000412: Hibernate Core {5.3.7.Final}
2019-09-20 22:28:38.468 [main] INFO  org.hibernate.cfg.Environment - HHH000206: hibernate.properties not found
2019-09-20 22:28:38.804 [main] INFO  org.hibernate.annotations.common.Version - HCANN000001: Hibernate Commons Annotations {5.0.4.Final}
2019-09-20 22:28:39.703 [main] INFO  org.hibernate.dialect.Dialect - HHH000400: Using dialect: org.hibernate.dialect.MySQL5Dialect
2019-09-20 22:28:40.252 [main] INFO  o.s.orm.jpa.LocalContainerEntityManagerFactoryBean - Initialized JPA EntityManagerFactory for persistence unit 'default'
2019-09-20 22:28:45.253 [main] INFO  o.s.scheduling.concurrent.ThreadPoolTaskExecutor - Initializing ExecutorService 'applicationTaskExecutor'
2019-09-20 22:28:47.272 [main] INFO  s.d.s.web.plugins.DocumentationPluginsBootstrapper - Context refreshed
2019-09-20 22:28:47.322 [main] INFO  s.d.s.web.plugins.DocumentationPluginsBootstrapper - Found 1 custom documentation plugin(s)
2019-09-20 22:28:47.353 [main] INFO  s.d.spring.web.scanners.ApiListingReferenceScanner - Scanning for api listing references
2019-09-20 22:28:47.847 [main] INFO  o.s.s.a.ScheduledAnnotationBeanPostProcessor - No TaskScheduler/ScheduledExecutorService bean found for scheduled processing
2019-09-20 22:28:47.866 [main] INFO  c.b.h.paipan.daycolumn.DefaultDayColumnDealTest - Started DefaultDayColumnDealTest in 20.844 seconds (JVM running for 22.888)
2019-09-20 22:29:52.262 [main] INFO  c.b.h.paipan.daycolumn.DefaultDayColumnDealTest - PaipanRunDTO:PaipanRunDTO(paipanDTO=PaipanDTO(name=null, sex=1, birthDateTime=2019-02-04 11:13, sunOrlun=2, trueSunbirthDateTime=2019-03-10 10:30, birthPlace=BirthPlaceDTO(province=null, city=null, area=511623), areLeapMonth=false), eightCharacterDTO=EightCharacterDTO(yearHeavenly=己, yearBranch=亥, monthHeavenly=丁, monthBranch=卯, dayHeavenly=丙, dayBranch=午, hourHeavenly=癸, hourBranch=巳, yearBranchHevs=[壬, 甲], monthBranchHevs=[乙], dayBranchHevs=[丁, 己], hourBranchHevs=[丙, 庚, 戊], yearHevGod=伤官, monthHevGod=劫财, dayHevGod=日元, hourHevGod=正官, yearBranchHevsGod=[七杀, 偏印], monthBranchHevsGod=[正印], dayBranchHevsGod=[劫财, 伤官], hourBranchHevsGod=[比肩, 偏财, 食神]), lunarDate=Mon Feb 04 10:30:00 CST 2019, solarYear=2019, solarTermIdx=2, currSolarTerm=CnSolarTerm(id=201902, year=2019, termIndex=2, termName=惊蛰, termDate=Wed Mar 06 05:09:35 CST 2019), nextSolarTerm=CnSolarTerm(id=201903, year=2019, termIndex=3, termName=春分, termDate=Thu Mar 21 05:58:20 CST 2019), qiyunDay=3年7月7天, jiaoyunDate=2022-10-17 10:30)
2019-09-20 22:29:52.294 [Thread-5] INFO  o.s.scheduling.concurrent.ThreadPoolTaskExecutor - Shutting down ExecutorService 'applicationTaskExecutor'
2019-09-20 22:29:52.301 [Thread-5] INFO  o.s.orm.jpa.LocalContainerEntityManagerFactoryBean - Closing JPA EntityManagerFactory for persistence unit 'default'
2019-09-20 22:29:52.305 [Thread-5] INFO  com.alibaba.druid.pool.DruidDataSource - {dataSource-1} closing ...
2019-09-20 22:29:52.310 [Thread-5] INFO  com.alibaba.druid.pool.DruidDataSource - {dataSource-1} closed
2019-09-20 22:30:01.289 [main] INFO  c.b.h.paipan.daycolumn.DefaultDayColumnDealTest - Starting DefaultDayColumnDealTest on LAPTOP-R4PC1KLI with PID 12532 (started by 89144 in D:\dev\worker\horoscoparent\horoscope)
2019-09-20 22:30:01.293 [main] INFO  c.b.h.paipan.daycolumn.DefaultDayColumnDealTest - No active profile set, falling back to default profiles: default
2019-09-20 22:30:08.237 [main] INFO  o.s.d.r.config.RepositoryConfigurationDelegate - Multiple Spring Data modules found, entering strict repository configuration mode!
2019-09-20 22:30:08.242 [main] INFO  o.s.d.r.config.RepositoryConfigurationDelegate - Bootstrapping Spring Data repositories in DEFAULT mode.
2019-09-20 22:30:08.320 [main] INFO  o.s.d.r.config.RepositoryConfigurationDelegate - Finished Spring Data repository scanning in 44ms. Found 0 repository interfaces.
2019-09-20 22:30:08.343 [main] INFO  o.s.d.r.config.RepositoryConfigurationDelegate - Multiple Spring Data modules found, entering strict repository configuration mode!
2019-09-20 22:30:08.345 [main] INFO  o.s.d.r.config.RepositoryConfigurationDelegate - Bootstrapping Spring Data repositories in DEFAULT mode.
2019-09-20 22:30:08.380 [main] INFO  o.s.d.r.config.RepositoryConfigurationDelegate - Finished Spring Data repository scanning in 22ms. Found 0 repository interfaces.
2019-09-20 22:30:09.727 [main] INFO  o.s.c.s.PostProcessorRegistrationDelegate$BeanPostProcessorChecker - Bean 'org.springframework.transaction.annotation.ProxyTransactionManagementConfiguration' of type [org.springframework.transaction.annotation.ProxyTransactionManagementConfiguration$$EnhancerBySpringCGLIB$$ff9a6a00] is not eligible for getting processed by all BeanPostProcessors (for example: not eligible for auto-proxying)
2019-09-20 22:30:09.824 [main] INFO  o.s.c.s.PostProcessorRegistrationDelegate$BeanPostProcessorChecker - Bean 'redisConfig' of type [com.boc.horoscope.redis.config.RedisConfig$$EnhancerBySpringCGLIB$$8ece0b8c] is not eligible for getting processed by all BeanPostProcessors (for example: not eligible for auto-proxying)
2019-09-20 22:30:10.883 [main] INFO  com.alibaba.druid.pool.DruidDataSource - {dataSource-1,test} inited
2019-09-20 22:30:11.273 [main] INFO  org.hibernate.Version - HHH000412: Hibernate Core {5.3.7.Final}
2019-09-20 22:30:11.281 [main] INFO  org.hibernate.cfg.Environment - HHH000206: hibernate.properties not found
2019-09-20 22:30:11.569 [main] INFO  org.hibernate.annotations.common.Version - HCANN000001: Hibernate Commons Annotations {5.0.4.Final}
2019-09-20 22:30:12.941 [main] INFO  org.hibernate.dialect.Dialect - HHH000400: Using dialect: org.hibernate.dialect.MySQL5Dialect
2019-09-20 22:30:13.703 [main] INFO  o.s.orm.jpa.LocalContainerEntityManagerFactoryBean - Initialized JPA EntityManagerFactory for persistence unit 'default'
2019-09-20 22:30:20.823 [main] INFO  o.s.scheduling.concurrent.ThreadPoolTaskExecutor - Initializing ExecutorService 'applicationTaskExecutor'
2019-09-20 22:30:22.528 [main] INFO  s.d.s.web.plugins.DocumentationPluginsBootstrapper - Context refreshed
2019-09-20 22:30:22.578 [main] INFO  s.d.s.web.plugins.DocumentationPluginsBootstrapper - Found 1 custom documentation plugin(s)
2019-09-20 22:30:22.605 [main] INFO  s.d.spring.web.scanners.ApiListingReferenceScanner - Scanning for api listing references
2019-09-20 22:30:23.075 [main] INFO  o.s.s.a.ScheduledAnnotationBeanPostProcessor - No TaskScheduler/ScheduledExecutorService bean found for scheduled processing
2019-09-20 22:30:23.095 [main] INFO  c.b.h.paipan.daycolumn.DefaultDayColumnDealTest - Started DefaultDayColumnDealTest in 23.569 seconds (JVM running for 25.589)
2019-09-20 22:30:29.274 [main] INFO  c.b.h.paipan.daycolumn.DefaultDayColumnDealTest - PaipanRunDTO:PaipanRunDTO(paipanDTO=PaipanDTO(name=null, sex=1, birthDateTime=2019-02-04 11:13, sunOrlun=1, trueSunbirthDateTime=2019-02-04 10:34, birthPlace=BirthPlaceDTO(province=null, city=null, area=511623), areLeapMonth=false), eightCharacterDTO=EightCharacterDTO(yearHeavenly=戊, yearBranch=戌, monthHeavenly=乙, monthBranch=丑, dayHeavenly=壬, dayBranch=申, hourHeavenly=乙, hourBranch=巳, yearBranchHevs=[戊, 辛, 丁], monthBranchHevs=[己, 癸, 辛], dayBranchHevs=[庚, 壬, 戊], hourBranchHevs=[丙, 庚, 戊], yearHevGod=七杀, monthHevGod=伤官, dayHevGod=日元, hourHevGod=伤官, yearBranchHevsGod=[七杀, 正印, 正财], monthBranchHevsGod=[正官, 劫财, 正印], dayBranchHevsGod=[偏印, 比肩, 七杀], hourBranchHevsGod=[偏财, 偏印, 七杀]), lunarDate=Sun Dec 30 10:34:00 CST 2018, solarYear=2018, solarTermIdx=23, currSolarTerm=CnSolarTerm(id=201823, year=2018, termIndex=23, termName=大寒, termDate=Sun Jan 20 16:59:29 CST 2019), nextSolarTerm=CnSolarTerm(id=201900, year=2019, termIndex=0, termName=立春, termDate=Mon Feb 04 11:14:14 CST 2019), qiyunDay=0年0月3天, jiaoyunDate=2019-02-07 10:34)
2019-09-20 22:30:29.322 [Thread-5] INFO  o.s.scheduling.concurrent.ThreadPoolTaskExecutor - Shutting down ExecutorService 'applicationTaskExecutor'
2019-09-20 22:30:29.330 [Thread-5] INFO  o.s.orm.jpa.LocalContainerEntityManagerFactoryBean - Closing JPA EntityManagerFactory for persistence unit 'default'
2019-09-20 22:30:29.346 [Thread-5] INFO  com.alibaba.druid.pool.DruidDataSource - {dataSource-1} closing ...
2019-09-20 22:30:29.408 [Thread-5] INFO  com.alibaba.druid.pool.DruidDataSource - {dataSource-1} closed
2019-09-20 22:31:08.994 [main] INFO  c.b.h.paipan.daycolumn.DefaultDayColumnDealTest - Starting DefaultDayColumnDealTest on LAPTOP-R4PC1KLI with PID 9248 (started by 89144 in D:\dev\worker\horoscoparent\horoscope)
2019-09-20 22:31:08.999 [main] INFO  c.b.h.paipan.daycolumn.DefaultDayColumnDealTest - No active profile set, falling back to default profiles: default
2019-09-20 22:31:15.334 [main] INFO  o.s.d.r.config.RepositoryConfigurationDelegate - Multiple Spring Data modules found, entering strict repository configuration mode!
2019-09-20 22:31:15.340 [main] INFO  o.s.d.r.config.RepositoryConfigurationDelegate - Bootstrapping Spring Data repositories in DEFAULT mode.
2019-09-20 22:31:15.508 [main] INFO  o.s.d.r.config.RepositoryConfigurationDelegate - Finished Spring Data repository scanning in 110ms. Found 0 repository interfaces.
2019-09-20 22:31:15.553 [main] INFO  o.s.d.r.config.RepositoryConfigurationDelegate - Multiple Spring Data modules found, entering strict repository configuration mode!
2019-09-20 22:31:15.556 [main] INFO  o.s.d.r.config.RepositoryConfigurationDelegate - Bootstrapping Spring Data repositories in DEFAULT mode.
2019-09-20 22:31:15.707 [main] INFO  o.s.d.r.config.RepositoryConfigurationDelegate - Finished Spring Data repository scanning in 136ms. Found 0 repository interfaces.
2019-09-20 22:31:17.104 [main] INFO  o.s.c.s.PostProcessorRegistrationDelegate$BeanPostProcessorChecker - Bean 'org.springframework.transaction.annotation.ProxyTransactionManagementConfiguration' of type [org.springframework.transaction.annotation.ProxyTransactionManagementConfiguration$$EnhancerBySpringCGLIB$$a6577928] is not eligible for getting processed by all BeanPostProcessors (for example: not eligible for auto-proxying)
2019-09-20 22:31:17.176 [main] INFO  o.s.c.s.PostProcessorRegistrationDelegate$BeanPostProcessorChecker - Bean 'redisConfig' of type [com.boc.horoscope.redis.config.RedisConfig$$EnhancerBySpringCGLIB$$358b1ab4] is not eligible for getting processed by all BeanPostProcessors (for example: not eligible for auto-proxying)
2019-09-20 22:31:18.308 [main] INFO  com.alibaba.druid.pool.DruidDataSource - {dataSource-1,test} inited
2019-09-20 22:31:18.652 [main] INFO  org.hibernate.Version - HHH000412: Hibernate Core {5.3.7.Final}
2019-09-20 22:31:18.655 [main] INFO  org.hibernate.cfg.Environment - HHH000206: hibernate.properties not found
2019-09-20 22:31:18.932 [main] INFO  org.hibernate.annotations.common.Version - HCANN000001: Hibernate Commons Annotations {5.0.4.Final}
2019-09-20 22:31:19.837 [main] INFO  org.hibernate.dialect.Dialect - HHH000400: Using dialect: org.hibernate.dialect.MySQL5Dialect
2019-09-20 22:31:20.224 [main] INFO  o.s.orm.jpa.LocalContainerEntityManagerFactoryBean - Initialized JPA EntityManagerFactory for persistence unit 'default'
2019-09-20 22:31:26.557 [main] INFO  o.s.scheduling.concurrent.ThreadPoolTaskExecutor - Initializing ExecutorService 'applicationTaskExecutor'
2019-09-20 22:31:28.752 [main] INFO  s.d.s.web.plugins.DocumentationPluginsBootstrapper - Context refreshed
2019-09-20 22:31:28.794 [main] INFO  s.d.s.web.plugins.DocumentationPluginsBootstrapper - Found 1 custom documentation plugin(s)
2019-09-20 22:31:28.819 [main] INFO  s.d.spring.web.scanners.ApiListingReferenceScanner - Scanning for api listing references
2019-09-20 22:31:29.247 [main] INFO  o.s.s.a.ScheduledAnnotationBeanPostProcessor - No TaskScheduler/ScheduledExecutorService bean found for scheduled processing
2019-09-20 22:31:29.264 [main] INFO  c.b.h.paipan.daycolumn.DefaultDayColumnDealTest - Started DefaultDayColumnDealTest in 21.677 seconds (JVM running for 23.438)
2019-09-20 22:31:29.532 [main] INFO  c.b.h.paipan.daycolumn.DefaultDayColumnDealTest - PaipanRunDTO:PaipanRunDTO(paipanDTO=PaipanDTO(name=null, sex=2, birthDateTime=2019-02-04 11:13, sunOrlun=1, trueSunbirthDateTime=2019-02-04 10:34, birthPlace=BirthPlaceDTO(province=null, city=null, area=511623), areLeapMonth=false), eightCharacterDTO=EightCharacterDTO(yearHeavenly=戊, yearBranch=戌, monthHeavenly=乙, monthBranch=丑, dayHeavenly=壬, dayBranch=申, hourHeavenly=乙, hourBranch=巳, yearBranchHevs=[戊, 辛, 丁], monthBranchHevs=[己, 癸, 辛], dayBranchHevs=[庚, 壬, 戊], hourBranchHevs=[丙, 庚, 戊], yearHevGod=七杀, monthHevGod=伤官, dayHevGod=日元, hourHevGod=伤官, yearBranchHevsGod=[七杀, 正印, 正财], monthBranchHevsGod=[正官, 劫财, 正印], dayBranchHevsGod=[偏印, 比肩, 七杀], hourBranchHevsGod=[偏财, 偏印, 七杀]), lunarDate=Sun Dec 30 10:34:00 CST 2018, solarYear=2018, solarTermIdx=23, currSolarTerm=CnSolarTerm(id=201823, year=2018, termIndex=23, termName=大寒, termDate=Sun Jan 20 16:59:29 CST 2019), nextSolarTerm=CnSolarTerm(id=201900, year=2019, termIndex=0, termName=立春, termDate=Mon Feb 04 11:14:14 CST 2019), qiyunDay=4年10月27天, jiaoyunDate=2023-12-31 10:34)
2019-09-20 22:31:29.588 [Thread-5] INFO  o.s.scheduling.concurrent.ThreadPoolTaskExecutor - Shutting down ExecutorService 'applicationTaskExecutor'
2019-09-20 22:31:29.592 [Thread-5] INFO  o.s.orm.jpa.LocalContainerEntityManagerFactoryBean - Closing JPA EntityManagerFactory for persistence unit 'default'
2019-09-20 22:31:29.614 [Thread-5] INFO  com.alibaba.druid.pool.DruidDataSource - {dataSource-1} closing ...
2019-09-20 22:31:29.622 [Thread-5] INFO  com.alibaba.druid.pool.DruidDataSource - {dataSource-1} closed
2019-09-20 22:42:36.173 [main] INFO  c.b.h.paipan.daycolumn.DefaultDayColumnDealTest - Starting DefaultDayColumnDealTest on LAPTOP-R4PC1KLI with PID 12536 (started by 89144 in D:\dev\worker\horoscoparent\horoscope)
2019-09-20 22:42:36.177 [main] INFO  c.b.h.paipan.daycolumn.DefaultDayColumnDealTest - No active profile set, falling back to default profiles: default
2019-09-20 22:42:43.298 [main] INFO  o.s.d.r.config.RepositoryConfigurationDelegate - Multiple Spring Data modules found, entering strict repository configuration mode!
2019-09-20 22:42:43.304 [main] INFO  o.s.d.r.config.RepositoryConfigurationDelegate - Bootstrapping Spring Data repositories in DEFAULT mode.
2019-09-20 22:42:43.432 [main] INFO  o.s.d.r.config.RepositoryConfigurationDelegate - Finished Spring Data repository scanning in 78ms. Found 0 repository interfaces.
2019-09-20 22:42:43.462 [main] INFO  o.s.d.r.config.RepositoryConfigurationDelegate - Multiple Spring Data modules found, entering strict repository configuration mode!
2019-09-20 22:42:43.464 [main] INFO  o.s.d.r.config.RepositoryConfigurationDelegate - Bootstrapping Spring Data repositories in DEFAULT mode.
2019-09-20 22:42:43.525 [main] INFO  o.s.d.r.config.RepositoryConfigurationDelegate - Finished Spring Data repository scanning in 44ms. Found 0 repository interfaces.
2019-09-20 22:42:44.918 [main] INFO  o.s.c.s.PostProcessorRegistrationDelegate$BeanPostProcessorChecker - Bean 'org.springframework.transaction.annotation.ProxyTransactionManagementConfiguration' of type [org.springframework.transaction.annotation.ProxyTransactionManagementConfiguration$$EnhancerBySpringCGLIB$$59a7e9a5] is not eligible for getting processed by all BeanPostProcessors (for example: not eligible for auto-proxying)
2019-09-20 22:42:44.975 [main] INFO  o.s.c.s.PostProcessorRegistrationDelegate$BeanPostProcessorChecker - Bean 'redisConfig' of type [com.boc.horoscope.redis.config.RedisConfig$$EnhancerBySpringCGLIB$$e8db8b31] is not eligible for getting processed by all BeanPostProcessors (for example: not eligible for auto-proxying)
2019-09-20 22:42:46.309 [main] INFO  com.alibaba.druid.pool.DruidDataSource - {dataSource-1,test} inited
2019-09-20 22:42:46.721 [main] INFO  org.hibernate.Version - HHH000412: Hibernate Core {5.3.7.Final}
2019-09-20 22:42:46.725 [main] INFO  org.hibernate.cfg.Environment - HHH000206: hibernate.properties not found
2019-09-20 22:42:47.078 [main] INFO  org.hibernate.annotations.common.Version - HCANN000001: Hibernate Commons Annotations {5.0.4.Final}
2019-09-20 22:42:47.951 [main] INFO  org.hibernate.dialect.Dialect - HHH000400: Using dialect: org.hibernate.dialect.MySQL5Dialect
2019-09-20 22:42:48.384 [main] INFO  o.s.orm.jpa.LocalContainerEntityManagerFactoryBean - Initialized JPA EntityManagerFactory for persistence unit 'default'
2019-09-20 22:42:52.747 [main] INFO  o.s.scheduling.concurrent.ThreadPoolTaskExecutor - Initializing ExecutorService 'applicationTaskExecutor'
2019-09-20 22:42:54.533 [main] INFO  s.d.s.web.plugins.DocumentationPluginsBootstrapper - Context refreshed
2019-09-20 22:42:54.569 [main] INFO  s.d.s.web.plugins.DocumentationPluginsBootstrapper - Found 1 custom documentation plugin(s)
2019-09-20 22:42:54.596 [main] INFO  s.d.spring.web.scanners.ApiListingReferenceScanner - Scanning for api listing references
2019-09-20 22:42:55.165 [main] INFO  o.s.s.a.ScheduledAnnotationBeanPostProcessor - No TaskScheduler/ScheduledExecutorService bean found for scheduled processing
2019-09-20 22:42:55.186 [main] INFO  c.b.h.paipan.daycolumn.DefaultDayColumnDealTest - Started DefaultDayColumnDealTest in 20.795 seconds (JVM running for 22.999)
2019-09-20 22:42:55.456 [main] INFO  c.b.h.paipan.daycolumn.DefaultDayColumnDealTest - PaipanRunDTO:PaipanRunDTO(paipanDTO=PaipanDTO(name=null, sex=2, birthDateTime=2019-02-04 11:13, sunOrlun=1, trueSunbirthDateTime=2019-02-04 10:34, birthPlace=BirthPlaceDTO(province=null, city=null, area=511623), areLeapMonth=false), eightCharacterDTO=EightCharacterDTO(yearHeavenly=戊, yearBranch=戌, monthHeavenly=乙, monthBranch=丑, dayHeavenly=壬, dayBranch=申, hourHeavenly=乙, hourBranch=巳, yearBranchHevs=[戊, 辛, 丁], monthBranchHevs=[己, 癸, 辛], dayBranchHevs=[庚, 壬, 戊], hourBranchHevs=[丙, 庚, 戊], yearHevGod=七杀, monthHevGod=伤官, dayHevGod=日元, hourHevGod=伤官, yearBranchHevsGod=[七杀, 正印, 正财], monthBranchHevsGod=[正官, 劫财, 正印], dayBranchHevsGod=[偏印, 比肩, 七杀], hourBranchHevsGod=[偏财, 偏印, 七杀]), lunarDate=Sun Dec 30 10:34:00 CST 2018, solarYear=2018, solarTermIdx=23, preSolarTerm=CnSolarTerm(id=201822, year=2018, termIndex=22, termName=小寒, termDate=Sat Jan 05 23:38:52 CST 2019), currSolarTerm=CnSolarTerm(id=201823, year=2018, termIndex=23, termName=大寒, termDate=Sun Jan 20 16:59:29 CST 2019), nextSolarTerm=CnSolarTerm(id=201900, year=2019, termIndex=0, termName=立春, termDate=Mon Feb 04 11:14:14 CST 2019), qiyunDay=4年10月27天, jiaoyunDate=2023-12-31 10:34)
2019-09-20 22:42:55.638 [Thread-5] INFO  o.s.scheduling.concurrent.ThreadPoolTaskExecutor - Shutting down ExecutorService 'applicationTaskExecutor'
2019-09-20 22:42:55.643 [Thread-5] INFO  o.s.orm.jpa.LocalContainerEntityManagerFactoryBean - Closing JPA EntityManagerFactory for persistence unit 'default'
2019-09-20 22:42:55.646 [Thread-5] INFO  com.alibaba.druid.pool.DruidDataSource - {dataSource-1} closing ...
2019-09-20 22:42:55.650 [Thread-5] INFO  com.alibaba.druid.pool.DruidDataSource - {dataSource-1} closed
2019-09-20 22:43:14.876 [main] INFO  c.b.h.paipan.daycolumn.DefaultDayColumnDealTest - Starting DefaultDayColumnDealTest on LAPTOP-R4PC1KLI with PID 10568 (started by 89144 in D:\dev\worker\horoscoparent\horoscope)
2019-09-20 22:43:14.881 [main] INFO  c.b.h.paipan.daycolumn.DefaultDayColumnDealTest - No active profile set, falling back to default profiles: default
2019-09-20 22:43:20.496 [main] INFO  o.s.d.r.config.RepositoryConfigurationDelegate - Multiple Spring Data modules found, entering strict repository configuration mode!
2019-09-20 22:43:20.500 [main] INFO  o.s.d.r.config.RepositoryConfigurationDelegate - Bootstrapping Spring Data repositories in DEFAULT mode.
2019-09-20 22:43:20.716 [main] INFO  o.s.d.r.config.RepositoryConfigurationDelegate - Finished Spring Data repository scanning in 56ms. Found 0 repository interfaces.
2019-09-20 22:43:20.738 [main] INFO  o.s.d.r.config.RepositoryConfigurationDelegate - Multiple Spring Data modules found, entering strict repository configuration mode!
2019-09-20 22:43:20.739 [main] INFO  o.s.d.r.config.RepositoryConfigurationDelegate - Bootstrapping Spring Data repositories in DEFAULT mode.
2019-09-20 22:43:20.937 [main] INFO  o.s.d.r.config.RepositoryConfigurationDelegate - Finished Spring Data repository scanning in 175ms. Found 0 repository interfaces.
2019-09-20 22:43:22.184 [main] INFO  o.s.c.s.PostProcessorRegistrationDelegate$BeanPostProcessorChecker - Bean 'org.springframework.transaction.annotation.ProxyTransactionManagementConfiguration' of type [org.springframework.transaction.annotation.ProxyTransactionManagementConfiguration$$EnhancerBySpringCGLIB$$330b1184] is not eligible for getting processed by all BeanPostProcessors (for example: not eligible for auto-proxying)
2019-09-20 22:43:22.274 [main] INFO  o.s.c.s.PostProcessorRegistrationDelegate$BeanPostProcessorChecker - Bean 'redisConfig' of type [com.boc.horoscope.redis.config.RedisConfig$$EnhancerBySpringCGLIB$$c23eb310] is not eligible for getting processed by all BeanPostProcessors (for example: not eligible for auto-proxying)
2019-09-20 22:43:23.182 [main] INFO  com.alibaba.druid.pool.DruidDataSource - {dataSource-1,test} inited
2019-09-20 22:43:23.421 [main] INFO  org.hibernate.Version - HHH000412: Hibernate Core {5.3.7.Final}
2019-09-20 22:43:23.423 [main] INFO  org.hibernate.cfg.Environment - HHH000206: hibernate.properties not found
2019-09-20 22:43:23.651 [main] INFO  org.hibernate.annotations.common.Version - HCANN000001: Hibernate Commons Annotations {5.0.4.Final}
2019-09-20 22:43:24.470 [main] INFO  org.hibernate.dialect.Dialect - HHH000400: Using dialect: org.hibernate.dialect.MySQL5Dialect
2019-09-20 22:43:24.822 [main] INFO  o.s.orm.jpa.LocalContainerEntityManagerFactoryBean - Initialized JPA EntityManagerFactory for persistence unit 'default'
2019-09-20 22:43:29.136 [main] INFO  o.s.scheduling.concurrent.ThreadPoolTaskExecutor - Initializing ExecutorService 'applicationTaskExecutor'
2019-09-20 22:43:30.662 [main] INFO  s.d.s.web.plugins.DocumentationPluginsBootstrapper - Context refreshed
2019-09-20 22:43:30.719 [main] INFO  s.d.s.web.plugins.DocumentationPluginsBootstrapper - Found 1 custom documentation plugin(s)
2019-09-20 22:43:30.749 [main] INFO  s.d.spring.web.scanners.ApiListingReferenceScanner - Scanning for api listing references
2019-09-20 22:43:31.144 [main] INFO  o.s.s.a.ScheduledAnnotationBeanPostProcessor - No TaskScheduler/ScheduledExecutorService bean found for scheduled processing
2019-09-20 22:43:31.163 [main] INFO  c.b.h.paipan.daycolumn.DefaultDayColumnDealTest - Started DefaultDayColumnDealTest in 17.701 seconds (JVM running for 19.358)
2019-09-20 22:43:31.409 [main] INFO  c.b.h.paipan.daycolumn.DefaultDayColumnDealTest - PaipanRunDTO:PaipanRunDTO(paipanDTO=PaipanDTO(name=null, sex=2, birthDateTime=2019-02-04 11:13, sunOrlun=1, trueSunbirthDateTime=2019-02-04 10:34, birthPlace=BirthPlaceDTO(province=null, city=null, area=511623), areLeapMonth=false), eightCharacterDTO=EightCharacterDTO(yearHeavenly=戊, yearBranch=戌, monthHeavenly=乙, monthBranch=丑, dayHeavenly=壬, dayBranch=申, hourHeavenly=乙, hourBranch=巳, yearBranchHevs=[戊, 辛, 丁], monthBranchHevs=[己, 癸, 辛], dayBranchHevs=[庚, 壬, 戊], hourBranchHevs=[丙, 庚, 戊], yearHevGod=七杀, monthHevGod=伤官, dayHevGod=日元, hourHevGod=伤官, yearBranchHevsGod=[七杀, 正印, 正财], monthBranchHevsGod=[正官, 劫财, 正印], dayBranchHevsGod=[偏印, 比肩, 七杀], hourBranchHevsGod=[偏财, 偏印, 七杀]), lunarDate=Sun Dec 30 10:34:00 CST 2018, solarYear=2018, solarTermIdx=23, preSolarTerm=CnSolarTerm(id=201822, year=2018, termIndex=22, termName=小寒, termDate=Sat Jan 05 23:38:52 CST 2019), currSolarTerm=CnSolarTerm(id=201823, year=2018, termIndex=23, termName=大寒, termDate=Sun Jan 20 16:59:29 CST 2019), nextSolarTerm=CnSolarTerm(id=201900, year=2019, termIndex=0, termName=立春, termDate=Mon Feb 04 11:14:14 CST 2019), qiyunDay=9年9月24天, jiaoyunDate=2028-11-28 10:34)
2019-09-20 22:43:31.447 [Thread-5] INFO  o.s.scheduling.concurrent.ThreadPoolTaskExecutor - Shutting down ExecutorService 'applicationTaskExecutor'
2019-09-20 22:43:31.458 [Thread-5] INFO  o.s.orm.jpa.LocalContainerEntityManagerFactoryBean - Closing JPA EntityManagerFactory for persistence unit 'default'
2019-09-20 22:43:31.465 [Thread-5] INFO  com.alibaba.druid.pool.DruidDataSource - {dataSource-1} closing ...
2019-09-20 22:43:31.470 [Thread-5] INFO  com.alibaba.druid.pool.DruidDataSource - {dataSource-1} closed
