2019-09-21 13:39:57.723 [main] INFO  c.b.h.paipan.daycolumn.DefaultDayColumnDealTest - Starting DefaultDayColumnDealTest on LAPTOP-R4PC1KLI with PID 5636 (started by 89144 in D:\dev\worker\horoscoparent\horoscope)
2019-09-21 13:39:57.787 [main] INFO  c.b.h.paipan.daycolumn.DefaultDayColumnDealTest - No active profile set, falling back to default profiles: default
2019-09-21 13:40:07.973 [main] INFO  o.s.d.r.config.RepositoryConfigurationDelegate - Multiple Spring Data modules found, entering strict repository configuration mode!
2019-09-21 13:40:07.976 [main] INFO  o.s.d.r.config.RepositoryConfigurationDelegate - Bootstrapping Spring Data repositories in DEFAULT mode.
2019-09-21 13:40:08.140 [main] INFO  o.s.d.r.config.RepositoryConfigurationDelegate - Finished Spring Data repository scanning in 118ms. Found 0 repository interfaces.
2019-09-21 13:40:08.191 [main] INFO  o.s.d.r.config.RepositoryConfigurationDelegate - Multiple Spring Data modules found, entering strict repository configuration mode!
2019-09-21 13:40:08.193 [main] INFO  o.s.d.r.config.RepositoryConfigurationDelegate - Bootstrapping Spring Data repositories in DEFAULT mode.
2019-09-21 13:40:08.269 [main] INFO  o.s.d.r.config.RepositoryConfigurationDelegate - Finished Spring Data repository scanning in 56ms. Found 0 repository interfaces.
2019-09-21 13:40:09.965 [main] INFO  o.s.c.s.PostProcessorRegistrationDelegate$BeanPostProcessorChecker - Bean 'org.springframework.transaction.annotation.ProxyTransactionManagementConfiguration' of type [org.springframework.transaction.annotation.ProxyTransactionManagementConfiguration$$EnhancerBySpringCGLIB$$5a13f456] is not eligible for getting processed by all BeanPostProcessors (for example: not eligible for auto-proxying)
2019-09-21 13:40:10.029 [main] INFO  o.s.c.s.PostProcessorRegistrationDelegate$BeanPostProcessorChecker - Bean 'redisConfig' of type [com.boc.horoscope.redis.config.RedisConfig$$EnhancerBySpringCGLIB$$e94795e2] is not eligible for getting processed by all BeanPostProcessors (for example: not eligible for auto-proxying)
2019-09-21 13:40:11.280 [main] INFO  com.alibaba.druid.pool.DruidDataSource - {dataSource-1,test} inited
2019-09-21 13:40:12.286 [main] INFO  org.hibernate.Version - HHH000412: Hibernate Core {5.3.7.Final}
2019-09-21 13:40:12.290 [main] INFO  org.hibernate.cfg.Environment - HHH000206: hibernate.properties not found
2019-09-21 13:40:12.624 [main] INFO  org.hibernate.annotations.common.Version - HCANN000001: Hibernate Commons Annotations {5.0.4.Final}
2019-09-21 13:40:13.452 [main] INFO  org.hibernate.dialect.Dialect - HHH000400: Using dialect: org.hibernate.dialect.MySQL5Dialect
2019-09-21 13:40:13.922 [main] INFO  o.s.orm.jpa.LocalContainerEntityManagerFactoryBean - Initialized JPA EntityManagerFactory for persistence unit 'default'
2019-09-21 13:40:19.503 [main] INFO  o.s.scheduling.concurrent.ThreadPoolTaskExecutor - Initializing ExecutorService 'applicationTaskExecutor'
2019-09-21 13:40:21.358 [main] INFO  s.d.s.web.plugins.DocumentationPluginsBootstrapper - Context refreshed
2019-09-21 13:40:21.394 [main] INFO  s.d.s.web.plugins.DocumentationPluginsBootstrapper - Found 1 custom documentation plugin(s)
2019-09-21 13:40:21.416 [main] INFO  s.d.spring.web.scanners.ApiListingReferenceScanner - Scanning for api listing references
2019-09-21 13:40:21.912 [main] INFO  o.s.s.a.ScheduledAnnotationBeanPostProcessor - No TaskScheduler/ScheduledExecutorService bean found for scheduled processing
2019-09-21 13:40:21.934 [main] INFO  c.b.h.paipan.daycolumn.DefaultDayColumnDealTest - Started DefaultDayColumnDealTest in 25.928 seconds (JVM running for 28.462)
2019-09-21 13:40:22.374 [main] INFO  c.b.h.paipan.daycolumn.DefaultDayColumnDealTest - PaipanRunDTO:PaipanRunDTO(paipanDTO=PaipanDTO(name=null, sex=2, birthDateTime=2019-02-04 11:13, sunOrlun=1, trueSunbirthDateTime=2019-02-04 10:34, birthPlace=BirthPlaceDTO(province=null, city=null, area=511623), areLeapMonth=false), eightCharacterDTO=EightCharacterDTO(yearHeavenly=戊, yearBranch=戌, monthHeavenly=乙, monthBranch=丑, dayHeavenly=壬, dayBranch=申, hourHeavenly=乙, hourBranch=巳, yearBranchHevs=[戊, 辛, 丁], monthBranchHevs=[己, 癸, 辛], dayBranchHevs=[庚, 壬, 戊], hourBranchHevs=[丙, 庚, 戊], yearHevGod=七杀, monthHevGod=伤官, dayHevGod=日元, hourHevGod=伤官, yearBranchHevsGod=[七杀, 正印, 正财], monthBranchHevsGod=[正官, 劫财, 正印], dayBranchHevsGod=[偏印, 比肩, 七杀], hourBranchHevsGod=[偏财, 偏印, 七杀]), lunarDate=Sun Dec 30 10:34:00 CST 2018, solarYear=2018, solarTermIdx=23, preSolarTerm=CnSolarTerm(id=201822, year=2018, termIndex=22, termName=小寒, termDate=Sat Jan 05 23:38:52 CST 2019), currSolarTerm=CnSolarTerm(id=201823, year=2018, termIndex=23, termName=大寒, termDate=Sun Jan 20 16:59:29 CST 2019), nextSolarTerm=CnSolarTerm(id=201900, year=2019, termIndex=0, termName=立春, termDate=Mon Feb 04 11:14:14 CST 2019), qiyunDay=9年9月24天, jiaoyunDate=2028-11-28 10:34)
2019-09-21 13:40:22.407 [Thread-5] INFO  o.s.scheduling.concurrent.ThreadPoolTaskExecutor - Shutting down ExecutorService 'applicationTaskExecutor'
2019-09-21 13:40:22.412 [Thread-5] INFO  o.s.orm.jpa.LocalContainerEntityManagerFactoryBean - Closing JPA EntityManagerFactory for persistence unit 'default'
2019-09-21 13:40:22.426 [Thread-5] INFO  com.alibaba.druid.pool.DruidDataSource - {dataSource-1} closing ...
2019-09-21 13:40:22.430 [Thread-5] INFO  com.alibaba.druid.pool.DruidDataSource - {dataSource-1} closed
2019-09-21 14:05:39.782 [main] INFO  c.b.h.paipan.daycolumn.DefaultDayColumnDealTest - Starting DefaultDayColumnDealTest on LAPTOP-R4PC1KLI with PID 8304 (started by 89144 in D:\dev\worker\horoscoparent\horoscope)
2019-09-21 14:05:39.786 [main] INFO  c.b.h.paipan.daycolumn.DefaultDayColumnDealTest - No active profile set, falling back to default profiles: default
2019-09-21 14:05:45.425 [main] INFO  o.s.d.r.config.RepositoryConfigurationDelegate - Multiple Spring Data modules found, entering strict repository configuration mode!
2019-09-21 14:05:45.509 [main] INFO  o.s.d.r.config.RepositoryConfigurationDelegate - Bootstrapping Spring Data repositories in DEFAULT mode.
2019-09-21 14:05:45.621 [main] INFO  o.s.d.r.config.RepositoryConfigurationDelegate - Finished Spring Data repository scanning in 51ms. Found 0 repository interfaces.
2019-09-21 14:05:45.705 [main] INFO  o.s.d.r.config.RepositoryConfigurationDelegate - Multiple Spring Data modules found, entering strict repository configuration mode!
2019-09-21 14:05:46.026 [main] INFO  o.s.d.r.config.RepositoryConfigurationDelegate - Bootstrapping Spring Data repositories in DEFAULT mode.
2019-09-21 14:05:46.268 [main] INFO  o.s.d.r.config.RepositoryConfigurationDelegate - Finished Spring Data repository scanning in 206ms. Found 0 repository interfaces.
2019-09-21 14:05:49.855 [main] INFO  o.s.c.s.PostProcessorRegistrationDelegate$BeanPostProcessorChecker - Bean 'org.springframework.transaction.annotation.ProxyTransactionManagementConfiguration' of type [org.springframework.transaction.annotation.ProxyTransactionManagementConfiguration$$EnhancerBySpringCGLIB$$e77e0b7f] is not eligible for getting processed by all BeanPostProcessors (for example: not eligible for auto-proxying)
2019-09-21 14:05:49.969 [main] INFO  o.s.c.s.PostProcessorRegistrationDelegate$BeanPostProcessorChecker - Bean 'redisConfig' of type [com.boc.horoscope.redis.config.RedisConfig$$EnhancerBySpringCGLIB$$76b1ad0b] is not eligible for getting processed by all BeanPostProcessors (for example: not eligible for auto-proxying)
2019-09-21 14:05:53.083 [main] INFO  com.alibaba.druid.pool.DruidDataSource - {dataSource-1,test} inited
2019-09-21 14:05:53.815 [main] INFO  org.hibernate.Version - HHH000412: Hibernate Core {5.3.7.Final}
2019-09-21 14:05:53.842 [main] INFO  org.hibernate.cfg.Environment - HHH000206: hibernate.properties not found
2019-09-21 14:05:54.449 [main] INFO  org.hibernate.annotations.common.Version - HCANN000001: Hibernate Commons Annotations {5.0.4.Final}
2019-09-21 14:05:55.956 [main] INFO  org.hibernate.dialect.Dialect - HHH000400: Using dialect: org.hibernate.dialect.MySQL5Dialect
2019-09-21 14:05:56.459 [main] INFO  o.s.orm.jpa.LocalContainerEntityManagerFactoryBean - Initialized JPA EntityManagerFactory for persistence unit 'default'
2019-09-21 14:06:07.595 [main] INFO  o.s.scheduling.concurrent.ThreadPoolTaskExecutor - Initializing ExecutorService 'applicationTaskExecutor'
2019-09-21 14:06:10.862 [main] INFO  s.d.s.web.plugins.DocumentationPluginsBootstrapper - Context refreshed
2019-09-21 14:06:10.924 [main] INFO  s.d.s.web.plugins.DocumentationPluginsBootstrapper - Found 1 custom documentation plugin(s)
2019-09-21 14:06:10.984 [main] INFO  s.d.spring.web.scanners.ApiListingReferenceScanner - Scanning for api listing references
2019-09-21 14:06:11.934 [main] INFO  o.s.s.a.ScheduledAnnotationBeanPostProcessor - No TaskScheduler/ScheduledExecutorService bean found for scheduled processing
2019-09-21 14:06:11.957 [main] INFO  c.b.h.paipan.daycolumn.DefaultDayColumnDealTest - Started DefaultDayColumnDealTest in 34.678 seconds (JVM running for 37.183)
2019-09-21 14:06:12.421 [main] INFO  c.b.h.paipan.daycolumn.DefaultDayColumnDealTest - PaipanRunDTO:PaipanRunDTO(paipanDTO=PaipanDTO(name=null, sex=2, birthDateTime=2019-02-04 11:13, sunOrlun=1, trueSunbirthDateTime=2019-02-04 10:34, birthPlace=BirthPlaceDTO(province=null, city=null, area=511623), areLeapMonth=false), eightCharacterDTO=EightCharacterDTO(yearHeavenly=戊, yearBranch=戌, monthHeavenly=乙, monthBranch=丑, dayHeavenly=壬, dayBranch=申, hourHeavenly=乙, hourBranch=巳, yearBranchHevs=[戊, 辛, 丁], monthBranchHevs=[己, 癸, 辛], dayBranchHevs=[庚, 壬, 戊], hourBranchHevs=[丙, 庚, 戊], yearHevGod=七杀, monthHevGod=伤官, dayHevGod=日元, hourHevGod=伤官, yearBranchHevsGod=[七杀, 正印, 正财], monthBranchHevsGod=[正官, 劫财, 正印], dayBranchHevsGod=[偏印, 比肩, 七杀], hourBranchHevsGod=[偏财, 偏印, 七杀]), lunarDate=Sun Dec 30 10:34:00 CST 2018, solarYear=2018, solarTermIdx=23, preSolarTerm=CnSolarTerm(id=201822, year=2018, termIndex=22, termName=小寒, termDate=Sat Jan 05 23:38:52 CST 2019), currSolarTerm=CnSolarTerm(id=201823, year=2018, termIndex=23, termName=大寒, termDate=Sun Jan 20 16:59:29 CST 2019), nextSolarTerm=CnSolarTerm(id=201900, year=2019, termIndex=0, termName=立春, termDate=Mon Feb 04 11:14:14 CST 2019), qiyunDay=9年9月24天, jiaoyunDate=2028-11-28 10:34, dayunDates=[2038-11-28 10:34, 2048-11-28 10:34, 2058-11-28 10:34, 2068-11-28 10:34, 2078-11-28 10:34, 2088-11-28 10:34, 2098-11-28 10:34, 2108-11-28 10:34, 2118-11-28 10:34, 2128-11-28 10:34])
2019-09-21 14:06:12.479 [Thread-5] INFO  o.s.scheduling.concurrent.ThreadPoolTaskExecutor - Shutting down ExecutorService 'applicationTaskExecutor'
2019-09-21 14:06:12.495 [Thread-5] INFO  o.s.orm.jpa.LocalContainerEntityManagerFactoryBean - Closing JPA EntityManagerFactory for persistence unit 'default'
2019-09-21 14:06:12.512 [Thread-5] INFO  com.alibaba.druid.pool.DruidDataSource - {dataSource-1} closing ...
2019-09-21 14:06:12.519 [Thread-5] INFO  com.alibaba.druid.pool.DruidDataSource - {dataSource-1} closed
2019-09-21 14:43:06.732 [main] INFO  c.b.h.paipan.daycolumn.DefaultDayColumnDealTest - Starting DefaultDayColumnDealTest on LAPTOP-R4PC1KLI with PID 7560 (started by 89144 in D:\dev\worker\horoscoparent\horoscope)
2019-09-21 14:43:06.736 [main] INFO  c.b.h.paipan.daycolumn.DefaultDayColumnDealTest - No active profile set, falling back to default profiles: default
2019-09-21 14:43:12.444 [main] INFO  o.s.d.r.config.RepositoryConfigurationDelegate - Multiple Spring Data modules found, entering strict repository configuration mode!
2019-09-21 14:43:12.495 [main] INFO  o.s.d.r.config.RepositoryConfigurationDelegate - Bootstrapping Spring Data repositories in DEFAULT mode.
2019-09-21 14:43:12.601 [main] INFO  o.s.d.r.config.RepositoryConfigurationDelegate - Finished Spring Data repository scanning in 64ms. Found 0 repository interfaces.
2019-09-21 14:43:12.627 [main] INFO  o.s.d.r.config.RepositoryConfigurationDelegate - Multiple Spring Data modules found, entering strict repository configuration mode!
2019-09-21 14:43:12.629 [main] INFO  o.s.d.r.config.RepositoryConfigurationDelegate - Bootstrapping Spring Data repositories in DEFAULT mode.
2019-09-21 14:43:12.819 [main] INFO  o.s.d.r.config.RepositoryConfigurationDelegate - Finished Spring Data repository scanning in 175ms. Found 0 repository interfaces.
2019-09-21 14:43:14.296 [main] INFO  o.s.c.s.PostProcessorRegistrationDelegate$BeanPostProcessorChecker - Bean 'org.springframework.transaction.annotation.ProxyTransactionManagementConfiguration' of type [org.springframework.transaction.annotation.ProxyTransactionManagementConfiguration$$EnhancerBySpringCGLIB$$9be46fe8] is not eligible for getting processed by all BeanPostProcessors (for example: not eligible for auto-proxying)
2019-09-21 14:43:14.363 [main] INFO  o.s.c.s.PostProcessorRegistrationDelegate$BeanPostProcessorChecker - Bean 'redisConfig' of type [com.boc.horoscope.redis.config.RedisConfig$$EnhancerBySpringCGLIB$$2b181174] is not eligible for getting processed by all BeanPostProcessors (for example: not eligible for auto-proxying)
2019-09-21 14:43:15.386 [main] INFO  com.alibaba.druid.pool.DruidDataSource - {dataSource-1,test} inited
2019-09-21 14:43:15.663 [main] INFO  org.hibernate.Version - HHH000412: Hibernate Core {5.3.7.Final}
2019-09-21 14:43:15.666 [main] INFO  org.hibernate.cfg.Environment - HHH000206: hibernate.properties not found
2019-09-21 14:43:15.931 [main] INFO  org.hibernate.annotations.common.Version - HCANN000001: Hibernate Commons Annotations {5.0.4.Final}
2019-09-21 14:43:16.778 [main] INFO  org.hibernate.dialect.Dialect - HHH000400: Using dialect: org.hibernate.dialect.MySQL5Dialect
2019-09-21 14:43:17.156 [main] INFO  o.s.orm.jpa.LocalContainerEntityManagerFactoryBean - Initialized JPA EntityManagerFactory for persistence unit 'default'
2019-09-21 14:43:22.121 [main] INFO  o.s.scheduling.concurrent.ThreadPoolTaskExecutor - Initializing ExecutorService 'applicationTaskExecutor'
2019-09-21 14:43:23.851 [main] INFO  s.d.s.web.plugins.DocumentationPluginsBootstrapper - Context refreshed
2019-09-21 14:43:23.922 [main] INFO  s.d.s.web.plugins.DocumentationPluginsBootstrapper - Found 1 custom documentation plugin(s)
2019-09-21 14:43:23.949 [main] INFO  s.d.spring.web.scanners.ApiListingReferenceScanner - Scanning for api listing references
2019-09-21 14:43:24.727 [main] INFO  o.s.s.a.ScheduledAnnotationBeanPostProcessor - No TaskScheduler/ScheduledExecutorService bean found for scheduled processing
2019-09-21 14:43:24.748 [main] INFO  c.b.h.paipan.daycolumn.DefaultDayColumnDealTest - Started DefaultDayColumnDealTest in 19.439 seconds (JVM running for 21.093)
2019-09-21 14:43:25.312 [main] INFO  c.b.h.paipan.daycolumn.DefaultDayColumnDealTest - PaipanRunDTO:PaipanRunDTO(paipanDTO=PaipanDTO(name=null, sex=2, birthDateTime=2019-02-04 11:13, sunOrlun=1, trueSunbirthDateTime=2019-02-04 10:34, birthPlace=BirthPlaceDTO(province=null, city=null, area=511623), areLeapMonth=false), eightCharacterDTO=EightCharacterDTO(yearHeavenly=戊, yearBranch=戌, monthHeavenly=乙, monthBranch=丑, dayHeavenly=壬, dayBranch=申, hourHeavenly=乙, hourBranch=巳, yearBranchHevs=[戊, 辛, 丁], monthBranchHevs=[己, 癸, 辛], dayBranchHevs=[庚, 壬, 戊], hourBranchHevs=[丙, 庚, 戊], yearHevGod=七杀, monthHevGod=伤官, dayHevGod=日元, hourHevGod=伤官, yearBranchHevsGod=[七杀, 正印, 正财], monthBranchHevsGod=[正官, 劫财, 正印], dayBranchHevsGod=[偏印, 比肩, 七杀], hourBranchHevsGod=[偏财, 偏印, 七杀]), lunarDate=Sun Dec 30 10:34:00 CST 2018, solarYear=2018, solarTermIdx=23, preSolarTerm=CnSolarTerm(id=201822, year=2018, termIndex=22, termName=小寒, termDate=Sat Jan 05 23:38:52 CST 2019), currSolarTerm=CnSolarTerm(id=201823, year=2018, termIndex=23, termName=大寒, termDate=Sun Jan 20 16:59:29 CST 2019), nextSolarTerm=CnSolarTerm(id=201900, year=2019, termIndex=0, termName=立春, termDate=Mon Feb 04 11:14:14 CST 2019), qiyunDay=9年9月24天, jiaoyunDate=2028-11-28 10:34, daYunDTOS=[DaYunDTO(dayunDate=2038-11-28 10:34, heavGod=七杀, heavenly=戊, branch=午, cangGans=[丁, 己], cangGanGods=[正财, 正官], age=19, liuNian=null), DaYunDTO(dayunDate=2048-11-28 10:34, heavGod=七杀, heavenly=戊, branch=辰, cangGans=[戊, 乙, 癸], cangGanGods=[七杀, 伤官, 劫财], age=29, liuNian=null), DaYunDTO(dayunDate=2058-11-28 10:34, heavGod=七杀, heavenly=戊, branch=寅, cangGans=[甲, 丙, 戊], cangGanGods=[食神, 偏财, 七杀], age=39, liuNian=null), DaYunDTO(dayunDate=2068-11-28 10:34, heavGod=七杀, heavenly=戊, branch=子, cangGans=[癸], cangGanGods=[劫财], age=49, liuNian=null), DaYunDTO(dayunDate=2078-11-28 10:34, heavGod=七杀, heavenly=戊, branch=戌, cangGans=[戊, 辛, 丁], cangGanGods=[七杀, 正印, 正财], age=59, liuNian=null), DaYunDTO(dayunDate=2088-11-28 10:34, heavGod=七杀, heavenly=戊, branch=申, cangGans=[庚, 壬, 戊], cangGanGods=[偏印, 比肩, 七杀], age=69, liuNian=null), DaYunDTO(dayunDate=2098-11-28 10:34, heavGod=七杀, heavenly=戊, branch=午, cangGans=[丁, 己], cangGanGods=[正财, 正官], age=79, liuNian=null), DaYunDTO(dayunDate=2108-11-28 10:34, heavGod=七杀, heavenly=戊, branch=辰, cangGans=[戊, 乙, 癸], cangGanGods=[七杀, 伤官, 劫财], age=89, liuNian=null), DaYunDTO(dayunDate=2118-11-28 10:34, heavGod=七杀, heavenly=戊, branch=寅, cangGans=[甲, 丙, 戊], cangGanGods=[食神, 偏财, 七杀], age=99, liuNian=null), DaYunDTO(dayunDate=2128-11-28 10:34, heavGod=七杀, heavenly=戊, branch=子, cangGans=[癸], cangGanGods=[劫财], age=109, liuNian=null)])
2019-09-21 14:43:25.364 [Thread-5] INFO  o.s.scheduling.concurrent.ThreadPoolTaskExecutor - Shutting down ExecutorService 'applicationTaskExecutor'
2019-09-21 14:43:25.373 [Thread-5] INFO  o.s.orm.jpa.LocalContainerEntityManagerFactoryBean - Closing JPA EntityManagerFactory for persistence unit 'default'
2019-09-21 14:43:25.473 [Thread-5] INFO  com.alibaba.druid.pool.DruidDataSource - {dataSource-1} closing ...
2019-09-21 14:43:25.493 [Thread-5] INFO  com.alibaba.druid.pool.DruidDataSource - {dataSource-1} closed
2019-09-21 15:01:44.583 [main] INFO  c.b.h.paipan.daycolumn.DefaultDayColumnDealTest - Starting DefaultDayColumnDealTest on LAPTOP-R4PC1KLI with PID 14364 (started by 89144 in D:\dev\worker\horoscoparent\horoscope)
2019-09-21 15:01:44.587 [main] INFO  c.b.h.paipan.daycolumn.DefaultDayColumnDealTest - No active profile set, falling back to default profiles: default
2019-09-21 15:01:50.834 [main] INFO  o.s.d.r.config.RepositoryConfigurationDelegate - Multiple Spring Data modules found, entering strict repository configuration mode!
2019-09-21 15:01:50.838 [main] INFO  o.s.d.r.config.RepositoryConfigurationDelegate - Bootstrapping Spring Data repositories in DEFAULT mode.
2019-09-21 15:01:51.080 [main] INFO  o.s.d.r.config.RepositoryConfigurationDelegate - Finished Spring Data repository scanning in 192ms. Found 0 repository interfaces.
2019-09-21 15:01:51.247 [main] INFO  o.s.d.r.config.RepositoryConfigurationDelegate - Multiple Spring Data modules found, entering strict repository configuration mode!
2019-09-21 15:01:51.249 [main] INFO  o.s.d.r.config.RepositoryConfigurationDelegate - Bootstrapping Spring Data repositories in DEFAULT mode.
2019-09-21 15:01:51.390 [main] INFO  o.s.d.r.config.RepositoryConfigurationDelegate - Finished Spring Data repository scanning in 36ms. Found 0 repository interfaces.
2019-09-21 15:03:22.614 [main] INFO  c.b.h.paipan.daycolumn.DefaultDayColumnDealTest - Starting DefaultDayColumnDealTest on LAPTOP-R4PC1KLI with PID 7692 (started by 89144 in D:\dev\worker\horoscoparent\horoscope)
2019-09-21 15:03:22.621 [main] INFO  c.b.h.paipan.daycolumn.DefaultDayColumnDealTest - No active profile set, falling back to default profiles: default
2019-09-21 15:03:28.770 [main] INFO  o.s.d.r.config.RepositoryConfigurationDelegate - Multiple Spring Data modules found, entering strict repository configuration mode!
2019-09-21 15:03:28.773 [main] INFO  o.s.d.r.config.RepositoryConfigurationDelegate - Bootstrapping Spring Data repositories in DEFAULT mode.
2019-09-21 15:03:29.145 [main] INFO  o.s.d.r.config.RepositoryConfigurationDelegate - Finished Spring Data repository scanning in 340ms. Found 0 repository interfaces.
2019-09-21 15:03:29.236 [main] INFO  o.s.d.r.config.RepositoryConfigurationDelegate - Multiple Spring Data modules found, entering strict repository configuration mode!
2019-09-21 15:03:29.238 [main] INFO  o.s.d.r.config.RepositoryConfigurationDelegate - Bootstrapping Spring Data repositories in DEFAULT mode.
2019-09-21 15:03:29.305 [main] INFO  o.s.d.r.config.RepositoryConfigurationDelegate - Finished Spring Data repository scanning in 32ms. Found 0 repository interfaces.
2019-09-21 15:03:31.556 [main] INFO  o.s.c.s.PostProcessorRegistrationDelegate$BeanPostProcessorChecker - Bean 'org.springframework.transaction.annotation.ProxyTransactionManagementConfiguration' of type [org.springframework.transaction.annotation.ProxyTransactionManagementConfiguration$$EnhancerBySpringCGLIB$$a3e7e126] is not eligible for getting processed by all BeanPostProcessors (for example: not eligible for auto-proxying)
2019-09-21 15:03:31.673 [main] INFO  o.s.c.s.PostProcessorRegistrationDelegate$BeanPostProcessorChecker - Bean 'redisConfig' of type [com.boc.horoscope.redis.config.RedisConfig$$EnhancerBySpringCGLIB$$331b82b2] is not eligible for getting processed by all BeanPostProcessors (for example: not eligible for auto-proxying)
2019-09-21 15:03:33.834 [main] INFO  com.alibaba.druid.pool.DruidDataSource - {dataSource-1,test} inited
2019-09-21 15:03:34.217 [main] INFO  org.hibernate.Version - HHH000412: Hibernate Core {5.3.7.Final}
2019-09-21 15:03:34.226 [main] INFO  org.hibernate.cfg.Environment - HHH000206: hibernate.properties not found
2019-09-21 15:03:34.716 [main] INFO  org.hibernate.annotations.common.Version - HCANN000001: Hibernate Commons Annotations {5.0.4.Final}
2019-09-21 15:03:35.870 [main] INFO  org.hibernate.dialect.Dialect - HHH000400: Using dialect: org.hibernate.dialect.MySQL5Dialect
2019-09-21 15:03:36.421 [main] INFO  o.s.orm.jpa.LocalContainerEntityManagerFactoryBean - Initialized JPA EntityManagerFactory for persistence unit 'default'
2019-09-21 15:03:42.059 [main] INFO  o.s.scheduling.concurrent.ThreadPoolTaskExecutor - Initializing ExecutorService 'applicationTaskExecutor'
2019-09-21 15:03:44.156 [main] INFO  s.d.s.web.plugins.DocumentationPluginsBootstrapper - Context refreshed
2019-09-21 15:03:44.262 [main] INFO  s.d.s.web.plugins.DocumentationPluginsBootstrapper - Found 1 custom documentation plugin(s)
2019-09-21 15:03:44.290 [main] INFO  s.d.spring.web.scanners.ApiListingReferenceScanner - Scanning for api listing references
2019-09-21 15:03:44.858 [main] INFO  o.s.s.a.ScheduledAnnotationBeanPostProcessor - No TaskScheduler/ScheduledExecutorService bean found for scheduled processing
2019-09-21 15:03:44.874 [main] INFO  c.b.h.paipan.daycolumn.DefaultDayColumnDealTest - Started DefaultDayColumnDealTest in 23.59 seconds (JVM running for 25.223)
2019-09-21 15:03:45.223 [main] INFO  c.b.h.paipan.daycolumn.DefaultDayColumnDealTest - PaipanRunDTO:PaipanRunDTO(paipanDTO=PaipanDTO(name=null, sex=2, birthDateTime=2019-02-04 11:13, sunOrlun=1, trueSunbirthDateTime=2019-02-04 10:34, birthPlace=BirthPlaceDTO(province=null, city=null, area=511623), areLeapMonth=false), eightCharacterDTO=EightCharacterDTO(yearHeavenly=戊, yearBranch=戌, monthHeavenly=乙, monthBranch=丑, dayHeavenly=壬, dayBranch=申, hourHeavenly=乙, hourBranch=巳, yearBranchHevs=[戊, 辛, 丁], monthBranchHevs=[己, 癸, 辛], dayBranchHevs=[庚, 壬, 戊], hourBranchHevs=[丙, 庚, 戊], yearHevGod=七杀, monthHevGod=伤官, dayHevGod=日元, hourHevGod=伤官, yearBranchHevsGod=[七杀, 正印, 正财], monthBranchHevsGod=[正官, 劫财, 正印], dayBranchHevsGod=[偏印, 比肩, 七杀], hourBranchHevsGod=[偏财, 偏印, 七杀]), lunarDate=Sun Dec 30 10:34:00 CST 2018, solarYear=2018, solarTermIdx=23, preSolarTerm=CnSolarTerm(id=201822, year=2018, termIndex=22, termName=小寒, termDate=Sat Jan 05 23:38:52 CST 2019), currSolarTerm=CnSolarTerm(id=201823, year=2018, termIndex=23, termName=大寒, termDate=Sun Jan 20 16:59:29 CST 2019), nextSolarTerm=CnSolarTerm(id=201900, year=2019, termIndex=0, termName=立春, termDate=Mon Feb 04 11:14:14 CST 2019), qiyunDay=9年9月24天, jiaoyunDate=2028-11-28 10:34, daYunDTOS=[DaYunDTO(dayunDate=2038-11-28 10:34, heavGod=食神, heavenly=甲, branch=子, cangGans=[癸], cangGanGods=[劫财], age=19, liuNian=null), DaYunDTO(dayunDate=2048-11-28 10:34, heavGod=劫财, heavenly=癸, branch=亥, cangGans=[壬, 甲], cangGanGods=[比肩, 食神], age=29, liuNian=null), DaYunDTO(dayunDate=2058-11-28 10:34, heavGod=比肩, heavenly=壬, branch=戌, cangGans=[戊, 辛, 丁], cangGanGods=[七杀, 正印, 正财], age=39, liuNian=null), DaYunDTO(dayunDate=2068-11-28 10:34, heavGod=正印, heavenly=辛, branch=酉, cangGans=[辛], cangGanGods=[正印], age=49, liuNian=null), DaYunDTO(dayunDate=2078-11-28 10:34, heavGod=偏印, heavenly=庚, branch=申, cangGans=[庚, 壬, 戊], cangGanGods=[偏印, 比肩, 七杀], age=59, liuNian=null), DaYunDTO(dayunDate=2088-11-28 10:34, heavGod=正官, heavenly=己, branch=未, cangGans=[己, 丁, 乙], cangGanGods=[正官, 正财, 伤官], age=69, liuNian=null), DaYunDTO(dayunDate=2098-11-28 10:34, heavGod=七杀, heavenly=戊, branch=午, cangGans=[丁, 己], cangGanGods=[正财, 正官], age=79, liuNian=null), DaYunDTO(dayunDate=2108-11-28 10:34, heavGod=正财, heavenly=丁, branch=巳, cangGans=[丙, 庚, 戊], cangGanGods=[偏财, 偏印, 七杀], age=89, liuNian=null), DaYunDTO(dayunDate=2118-11-28 10:34, heavGod=偏财, heavenly=丙, branch=辰, cangGans=[戊, 乙, 癸], cangGanGods=[七杀, 伤官, 劫财], age=99, liuNian=null), DaYunDTO(dayunDate=2128-11-28 10:34, heavGod=伤官, heavenly=乙, branch=卯, cangGans=[乙], cangGanGods=[伤官], age=109, liuNian=null)])
2019-09-21 15:03:45.265 [Thread-5] INFO  o.s.scheduling.concurrent.ThreadPoolTaskExecutor - Shutting down ExecutorService 'applicationTaskExecutor'
2019-09-21 15:03:45.270 [Thread-5] INFO  o.s.orm.jpa.LocalContainerEntityManagerFactoryBean - Closing JPA EntityManagerFactory for persistence unit 'default'
2019-09-21 15:03:45.274 [Thread-5] INFO  com.alibaba.druid.pool.DruidDataSource - {dataSource-1} closing ...
2019-09-21 15:03:45.277 [Thread-5] INFO  com.alibaba.druid.pool.DruidDataSource - {dataSource-1} closed
2019-09-21 15:06:24.186 [main] INFO  c.b.h.paipan.daycolumn.DefaultDayColumnDealTest - Starting DefaultDayColumnDealTest on LAPTOP-R4PC1KLI with PID 12896 (started by 89144 in D:\dev\worker\horoscoparent\horoscope)
2019-09-21 15:06:24.219 [main] INFO  c.b.h.paipan.daycolumn.DefaultDayColumnDealTest - No active profile set, falling back to default profiles: default
2019-09-21 15:06:29.947 [main] INFO  o.s.d.r.config.RepositoryConfigurationDelegate - Multiple Spring Data modules found, entering strict repository configuration mode!
2019-09-21 15:06:29.951 [main] INFO  o.s.d.r.config.RepositoryConfigurationDelegate - Bootstrapping Spring Data repositories in DEFAULT mode.
2019-09-21 15:06:30.146 [main] INFO  o.s.d.r.config.RepositoryConfigurationDelegate - Finished Spring Data repository scanning in 145ms. Found 0 repository interfaces.
2019-09-21 15:06:30.193 [main] INFO  o.s.d.r.config.RepositoryConfigurationDelegate - Multiple Spring Data modules found, entering strict repository configuration mode!
2019-09-21 15:06:30.207 [main] INFO  o.s.d.r.config.RepositoryConfigurationDelegate - Bootstrapping Spring Data repositories in DEFAULT mode.
2019-09-21 15:06:30.291 [main] INFO  o.s.d.r.config.RepositoryConfigurationDelegate - Finished Spring Data repository scanning in 41ms. Found 0 repository interfaces.
2019-09-21 15:06:31.744 [main] INFO  o.s.c.s.PostProcessorRegistrationDelegate$BeanPostProcessorChecker - Bean 'org.springframework.transaction.annotation.ProxyTransactionManagementConfiguration' of type [org.springframework.transaction.annotation.ProxyTransactionManagementConfiguration$$EnhancerBySpringCGLIB$$eb1acf86] is not eligible for getting processed by all BeanPostProcessors (for example: not eligible for auto-proxying)
2019-09-21 15:06:31.811 [main] INFO  o.s.c.s.PostProcessorRegistrationDelegate$BeanPostProcessorChecker - Bean 'redisConfig' of type [com.boc.horoscope.redis.config.RedisConfig$$EnhancerBySpringCGLIB$$7a4e7112] is not eligible for getting processed by all BeanPostProcessors (for example: not eligible for auto-proxying)
2019-09-21 15:06:32.730 [main] INFO  com.alibaba.druid.pool.DruidDataSource - {dataSource-1,test} inited
2019-09-21 15:06:32.999 [main] INFO  org.hibernate.Version - HHH000412: Hibernate Core {5.3.7.Final}
2019-09-21 15:06:33.001 [main] INFO  org.hibernate.cfg.Environment - HHH000206: hibernate.properties not found
2019-09-21 15:06:33.234 [main] INFO  org.hibernate.annotations.common.Version - HCANN000001: Hibernate Commons Annotations {5.0.4.Final}
2019-09-21 15:06:34.029 [main] INFO  org.hibernate.dialect.Dialect - HHH000400: Using dialect: org.hibernate.dialect.MySQL5Dialect
2019-09-21 15:06:34.421 [main] INFO  o.s.orm.jpa.LocalContainerEntityManagerFactoryBean - Initialized JPA EntityManagerFactory for persistence unit 'default'
2019-09-21 15:06:39.163 [main] INFO  o.s.scheduling.concurrent.ThreadPoolTaskExecutor - Initializing ExecutorService 'applicationTaskExecutor'
2019-09-21 15:06:40.999 [main] INFO  s.d.s.web.plugins.DocumentationPluginsBootstrapper - Context refreshed
2019-09-21 15:06:41.032 [main] INFO  s.d.s.web.plugins.DocumentationPluginsBootstrapper - Found 1 custom documentation plugin(s)
2019-09-21 15:06:41.057 [main] INFO  s.d.spring.web.scanners.ApiListingReferenceScanner - Scanning for api listing references
2019-09-21 15:06:41.498 [main] INFO  o.s.s.a.ScheduledAnnotationBeanPostProcessor - No TaskScheduler/ScheduledExecutorService bean found for scheduled processing
2019-09-21 15:06:41.520 [main] INFO  c.b.h.paipan.daycolumn.DefaultDayColumnDealTest - Started DefaultDayColumnDealTest in 18.872 seconds (JVM running for 20.601)
2019-09-21 15:06:41.993 [main] INFO  c.b.h.paipan.daycolumn.DefaultDayColumnDealTest - PaipanRunDTO:{"currSolarTerm":{"id":201823,"termDate":1547974769000,"termIndex":23,"termName":"大寒","year":2018},"daYunDTOS":[{"age":19,"branch":"子","cangGanGods":["劫财"],"cangGans":["癸"],"dayunDate":"2038-11-28 10:34","heavGod":"食神","heavenly":"甲"},{"age":29,"branch":"亥","cangGanGods":["比肩","食神"],"cangGans":["壬","甲"],"dayunDate":"2048-11-28 10:34","heavGod":"劫财","heavenly":"癸"},{"age":39,"branch":"戌","cangGanGods":["七杀","正印","正财"],"cangGans":["戊","辛","丁"],"dayunDate":"2058-11-28 10:34","heavGod":"比肩","heavenly":"壬"},{"age":49,"branch":"酉","cangGanGods":["正印"],"cangGans":["辛"],"dayunDate":"2068-11-28 10:34","heavGod":"正印","heavenly":"辛"},{"age":59,"branch":"申","cangGanGods":["偏印","比肩","七杀"],"cangGans":["庚","壬","戊"],"dayunDate":"2078-11-28 10:34","heavGod":"偏印","heavenly":"庚"},{"age":69,"branch":"未","cangGanGods":["正官","正财","伤官"],"cangGans":["己","丁","乙"],"dayunDate":"2088-11-28 10:34","heavGod":"正官","heavenly":"己"},{"age":79,"branch":"午","cangGanGods":["正财","正官"],"cangGans":["丁","己"],"dayunDate":"2098-11-28 10:34","heavGod":"七杀","heavenly":"戊"},{"age":89,"branch":"巳","cangGanGods":["偏财","偏印","七杀"],"cangGans":["丙","庚","戊"],"dayunDate":"2108-11-28 10:34","heavGod":"正财","heavenly":"丁"},{"age":99,"branch":"辰","cangGanGods":["七杀","伤官","劫财"],"cangGans":["戊","乙","癸"],"dayunDate":"2118-11-28 10:34","heavGod":"偏财","heavenly":"丙"},{"age":109,"branch":"卯","cangGanGods":["伤官"],"cangGans":["乙"],"dayunDate":"2128-11-28 10:34","heavGod":"伤官","heavenly":"乙"}],"eightCharacterDTO":{"dayBranch":"申","dayBranchHevs":["庚","壬","戊"],"dayBranchHevsGod":["偏印","比肩","七杀"],"dayHeavenly":"壬","dayHevGod":"日元","hourBranch":"巳","hourBranchHevs":["丙","庚","戊"],"hourBranchHevsGod":["偏财","偏印","七杀"],"hourHeavenly":"乙","hourHevGod":"伤官","monthBranch":"丑","monthBranchHevs":["己","癸","辛"],"monthBranchHevsGod":["正官","劫财","正印"],"monthHeavenly":"乙","monthHevGod":"伤官","yearBranch":"戌","yearBranchHevs":["戊","辛","丁"],"yearBranchHevsGod":["七杀","正印","正财"],"yearHeavenly":"戊","yearHevGod":"七杀"},"jiaoyunDate":"2028-11-28 10:34","lunarDate":1546137240000,"nextSolarTerm":{"id":201900,"termDate":1549250054000,"termIndex":0,"termName":"立春","year":2019},"paipanDTO":{"areLeapMonth":false,"birthDateTime":"2019-02-04 11:13","birthPlace":{"area":"511623"},"sex":2,"sunOrlun":1,"trueSunbirthDateTime":"2019-02-04 10:34"},"preSolarTerm":{"id":201822,"termDate":1546702732000,"termIndex":22,"termName":"小寒","year":2018},"qiyunDay":"9年9月24天","solarTermIdx":23,"solarYear":2018}
2019-09-21 15:06:42.040 [Thread-5] INFO  o.s.scheduling.concurrent.ThreadPoolTaskExecutor - Shutting down ExecutorService 'applicationTaskExecutor'
2019-09-21 15:06:42.044 [Thread-5] INFO  o.s.orm.jpa.LocalContainerEntityManagerFactoryBean - Closing JPA EntityManagerFactory for persistence unit 'default'
2019-09-21 15:06:42.051 [Thread-5] INFO  com.alibaba.druid.pool.DruidDataSource - {dataSource-1} closing ...
2019-09-21 15:06:42.055 [Thread-5] INFO  com.alibaba.druid.pool.DruidDataSource - {dataSource-1} closed
2019-09-21 15:12:47.348 [main] INFO  c.b.h.paipan.daycolumn.DefaultDayColumnDealTest - Starting DefaultDayColumnDealTest on LAPTOP-R4PC1KLI with PID 15188 (started by 89144 in D:\dev\worker\horoscoparent\horoscope)
2019-09-21 15:12:47.351 [main] INFO  c.b.h.paipan.daycolumn.DefaultDayColumnDealTest - No active profile set, falling back to default profiles: default
2019-09-21 15:12:54.189 [main] INFO  o.s.d.r.config.RepositoryConfigurationDelegate - Multiple Spring Data modules found, entering strict repository configuration mode!
2019-09-21 15:12:54.192 [main] INFO  o.s.d.r.config.RepositoryConfigurationDelegate - Bootstrapping Spring Data repositories in DEFAULT mode.
2019-09-21 15:12:54.418 [main] INFO  o.s.d.r.config.RepositoryConfigurationDelegate - Finished Spring Data repository scanning in 196ms. Found 0 repository interfaces.
2019-09-21 15:12:54.582 [main] INFO  o.s.d.r.config.RepositoryConfigurationDelegate - Multiple Spring Data modules found, entering strict repository configuration mode!
2019-09-21 15:12:54.585 [main] INFO  o.s.d.r.config.RepositoryConfigurationDelegate - Bootstrapping Spring Data repositories in DEFAULT mode.
2019-09-21 15:12:54.699 [main] INFO  o.s.d.r.config.RepositoryConfigurationDelegate - Finished Spring Data repository scanning in 92ms. Found 0 repository interfaces.
2019-09-21 15:12:56.202 [main] INFO  o.s.c.s.PostProcessorRegistrationDelegate$BeanPostProcessorChecker - Bean 'org.springframework.transaction.annotation.ProxyTransactionManagementConfiguration' of type [org.springframework.transaction.annotation.ProxyTransactionManagementConfiguration$$EnhancerBySpringCGLIB$$b2af2b23] is not eligible for getting processed by all BeanPostProcessors (for example: not eligible for auto-proxying)
2019-09-21 15:12:56.279 [main] INFO  o.s.c.s.PostProcessorRegistrationDelegate$BeanPostProcessorChecker - Bean 'redisConfig' of type [com.boc.horoscope.redis.config.RedisConfig$$EnhancerBySpringCGLIB$$41e2ccaf] is not eligible for getting processed by all BeanPostProcessors (for example: not eligible for auto-proxying)
2019-09-21 15:12:57.476 [main] INFO  com.alibaba.druid.pool.DruidDataSource - {dataSource-1,test} inited
2019-09-21 15:12:57.884 [main] INFO  org.hibernate.Version - HHH000412: Hibernate Core {5.3.7.Final}
2019-09-21 15:12:57.913 [main] INFO  org.hibernate.cfg.Environment - HHH000206: hibernate.properties not found
2019-09-21 15:12:58.303 [main] INFO  org.hibernate.annotations.common.Version - HCANN000001: Hibernate Commons Annotations {5.0.4.Final}
2019-09-21 15:12:59.537 [main] INFO  org.hibernate.dialect.Dialect - HHH000400: Using dialect: org.hibernate.dialect.MySQL5Dialect
2019-09-21 15:12:59.962 [main] INFO  o.s.orm.jpa.LocalContainerEntityManagerFactoryBean - Initialized JPA EntityManagerFactory for persistence unit 'default'
2019-09-21 15:13:06.110 [main] INFO  o.s.scheduling.concurrent.ThreadPoolTaskExecutor - Initializing ExecutorService 'applicationTaskExecutor'
2019-09-21 15:13:08.648 [main] INFO  s.d.s.web.plugins.DocumentationPluginsBootstrapper - Context refreshed
2019-09-21 15:13:08.805 [main] INFO  s.d.s.web.plugins.DocumentationPluginsBootstrapper - Found 1 custom documentation plugin(s)
2019-09-21 15:13:08.847 [main] INFO  s.d.spring.web.scanners.ApiListingReferenceScanner - Scanning for api listing references
2019-09-21 15:13:09.467 [main] INFO  o.s.s.a.ScheduledAnnotationBeanPostProcessor - No TaskScheduler/ScheduledExecutorService bean found for scheduled processing
2019-09-21 15:13:09.484 [main] INFO  c.b.h.paipan.daycolumn.DefaultDayColumnDealTest - Started DefaultDayColumnDealTest in 24.164 seconds (JVM running for 26.076)
2019-09-21 15:13:10.148 [main] INFO  c.b.h.paipan.daycolumn.DefaultDayColumnDealTest - PaipanRunDTO:{"currSolarTerm":{"id":201823,"termDate":1547974769000,"termIndex":23,"termName":"大寒","year":2018},"daYunDTOS":[{"age":9,"branch":"子","cangGanGods":["劫财"],"cangGans":["癸"],"dayunDate":"2028-11-28 10:34","heavGod":"食神","heavenly":"甲"},{"age":19,"branch":"亥","cangGanGods":["比肩","食神"],"cangGans":["壬","甲"],"dayunDate":"2038-11-28 10:34","heavGod":"劫财","heavenly":"癸"},{"age":29,"branch":"戌","cangGanGods":["七杀","正印","正财"],"cangGans":["戊","辛","丁"],"dayunDate":"2048-11-28 10:34","heavGod":"比肩","heavenly":"壬"},{"age":39,"branch":"酉","cangGanGods":["正印"],"cangGans":["辛"],"dayunDate":"2058-11-28 10:34","heavGod":"正印","heavenly":"辛"},{"age":49,"branch":"申","cangGanGods":["偏印","比肩","七杀"],"cangGans":["庚","壬","戊"],"dayunDate":"2068-11-28 10:34","heavGod":"偏印","heavenly":"庚"},{"age":59,"branch":"未","cangGanGods":["正官","正财","伤官"],"cangGans":["己","丁","乙"],"dayunDate":"2078-11-28 10:34","heavGod":"正官","heavenly":"己"},{"age":69,"branch":"午","cangGanGods":["正财","正官"],"cangGans":["丁","己"],"dayunDate":"2088-11-28 10:34","heavGod":"七杀","heavenly":"戊"},{"age":79,"branch":"巳","cangGanGods":["偏财","偏印","七杀"],"cangGans":["丙","庚","戊"],"dayunDate":"2098-11-28 10:34","heavGod":"正财","heavenly":"丁"},{"age":89,"branch":"辰","cangGanGods":["七杀","伤官","劫财"],"cangGans":["戊","乙","癸"],"dayunDate":"2108-11-28 10:34","heavGod":"偏财","heavenly":"丙"},{"age":99,"branch":"卯","cangGanGods":["伤官"],"cangGans":["乙"],"dayunDate":"2118-11-28 10:34","heavGod":"伤官","heavenly":"乙"}],"eightCharacterDTO":{"dayBranch":"申","dayBranchHevs":["庚","壬","戊"],"dayBranchHevsGod":["偏印","比肩","七杀"],"dayHeavenly":"壬","dayHevGod":"日元","hourBranch":"巳","hourBranchHevs":["丙","庚","戊"],"hourBranchHevsGod":["偏财","偏印","七杀"],"hourHeavenly":"乙","hourHevGod":"伤官","monthBranch":"丑","monthBranchHevs":["己","癸","辛"],"monthBranchHevsGod":["正官","劫财","正印"],"monthHeavenly":"乙","monthHevGod":"伤官","yearBranch":"戌","yearBranchHevs":["戊","辛","丁"],"yearBranchHevsGod":["七杀","正印","正财"],"yearHeavenly":"戊","yearHevGod":"七杀"},"jiaoyunDate":"2028-11-28 10:34","lunarDate":1546137240000,"nextSolarTerm":{"id":201900,"termDate":1549250054000,"termIndex":0,"termName":"立春","year":2019},"paipanDTO":{"areLeapMonth":false,"birthDateTime":"2019-02-04 11:13","birthPlace":{"area":"511623"},"sex":2,"sunOrlun":1,"trueSunbirthDateTime":"2019-02-04 10:34"},"preSolarTerm":{"id":201822,"termDate":1546702732000,"termIndex":22,"termName":"小寒","year":2018},"qiyunDay":"9年9月24天","solarTermIdx":23,"solarYear":2018}
2019-09-21 15:13:10.201 [Thread-5] INFO  o.s.scheduling.concurrent.ThreadPoolTaskExecutor - Shutting down ExecutorService 'applicationTaskExecutor'
2019-09-21 15:13:10.205 [Thread-5] INFO  o.s.orm.jpa.LocalContainerEntityManagerFactoryBean - Closing JPA EntityManagerFactory for persistence unit 'default'
2019-09-21 15:13:10.209 [Thread-5] INFO  com.alibaba.druid.pool.DruidDataSource - {dataSource-1} closing ...
2019-09-21 15:13:10.212 [Thread-5] INFO  com.alibaba.druid.pool.DruidDataSource - {dataSource-1} closed
2019-09-21 15:18:19.709 [main] INFO  c.b.h.paipan.daycolumn.DefaultDayColumnDealTest - Starting DefaultDayColumnDealTest on LAPTOP-R4PC1KLI with PID 3516 (started by 89144 in D:\dev\worker\horoscoparent\horoscope)
2019-09-21 15:18:19.713 [main] INFO  c.b.h.paipan.daycolumn.DefaultDayColumnDealTest - No active profile set, falling back to default profiles: default
2019-09-21 15:18:25.945 [main] INFO  o.s.d.r.config.RepositoryConfigurationDelegate - Multiple Spring Data modules found, entering strict repository configuration mode!
2019-09-21 15:18:25.948 [main] INFO  o.s.d.r.config.RepositoryConfigurationDelegate - Bootstrapping Spring Data repositories in DEFAULT mode.
2019-09-21 15:18:26.097 [main] INFO  o.s.d.r.config.RepositoryConfigurationDelegate - Finished Spring Data repository scanning in 121ms. Found 0 repository interfaces.
2019-09-21 15:18:26.129 [main] INFO  o.s.d.r.config.RepositoryConfigurationDelegate - Multiple Spring Data modules found, entering strict repository configuration mode!
2019-09-21 15:18:26.134 [main] INFO  o.s.d.r.config.RepositoryConfigurationDelegate - Bootstrapping Spring Data repositories in DEFAULT mode.
2019-09-21 15:18:26.183 [main] INFO  o.s.d.r.config.RepositoryConfigurationDelegate - Finished Spring Data repository scanning in 27ms. Found 0 repository interfaces.
2019-09-21 15:18:27.583 [main] INFO  o.s.c.s.PostProcessorRegistrationDelegate$BeanPostProcessorChecker - Bean 'org.springframework.transaction.annotation.ProxyTransactionManagementConfiguration' of type [org.springframework.transaction.annotation.ProxyTransactionManagementConfiguration$$EnhancerBySpringCGLIB$$5a13f456] is not eligible for getting processed by all BeanPostProcessors (for example: not eligible for auto-proxying)
2019-09-21 15:18:27.644 [main] INFO  o.s.c.s.PostProcessorRegistrationDelegate$BeanPostProcessorChecker - Bean 'redisConfig' of type [com.boc.horoscope.redis.config.RedisConfig$$EnhancerBySpringCGLIB$$e94795e2] is not eligible for getting processed by all BeanPostProcessors (for example: not eligible for auto-proxying)
2019-09-21 15:18:28.556 [main] INFO  com.alibaba.druid.pool.DruidDataSource - {dataSource-1,test} inited
2019-09-21 15:18:28.930 [main] INFO  org.hibernate.Version - HHH000412: Hibernate Core {5.3.7.Final}
2019-09-21 15:18:28.932 [main] INFO  org.hibernate.cfg.Environment - HHH000206: hibernate.properties not found
2019-09-21 15:18:29.180 [main] INFO  org.hibernate.annotations.common.Version - HCANN000001: Hibernate Commons Annotations {5.0.4.Final}
2019-09-21 15:18:29.989 [main] INFO  org.hibernate.dialect.Dialect - HHH000400: Using dialect: org.hibernate.dialect.MySQL5Dialect
2019-09-21 15:18:30.332 [main] INFO  o.s.orm.jpa.LocalContainerEntityManagerFactoryBean - Initialized JPA EntityManagerFactory for persistence unit 'default'
2019-09-21 15:18:34.393 [main] INFO  o.s.scheduling.concurrent.ThreadPoolTaskExecutor - Initializing ExecutorService 'applicationTaskExecutor'
2019-09-21 15:18:35.828 [main] INFO  s.d.s.web.plugins.DocumentationPluginsBootstrapper - Context refreshed
2019-09-21 15:18:35.863 [main] INFO  s.d.s.web.plugins.DocumentationPluginsBootstrapper - Found 1 custom documentation plugin(s)
2019-09-21 15:18:35.881 [main] INFO  s.d.spring.web.scanners.ApiListingReferenceScanner - Scanning for api listing references
2019-09-21 15:18:36.440 [main] INFO  o.s.s.a.ScheduledAnnotationBeanPostProcessor - No TaskScheduler/ScheduledExecutorService bean found for scheduled processing
2019-09-21 15:18:36.470 [main] INFO  c.b.h.paipan.daycolumn.DefaultDayColumnDealTest - Started DefaultDayColumnDealTest in 18.261 seconds (JVM running for 19.91)
2019-09-21 15:18:36.934 [main] INFO  c.b.h.paipan.daycolumn.DefaultDayColumnDealTest - PaipanRunDTO:{"currSolarTerm":{"id":201823,"termDate":1547974769000,"termIndex":23,"termName":"大寒","year":2018},"daYunDTOS":[{"age":9,"branch":"子","cangGanGods":["劫财"],"cangGans":["癸"],"dayunDate":"2028-11-28 10:34","heavGod":"食神","heavenly":"甲"},{"age":19,"branch":"亥","cangGanGods":["比肩","食神"],"cangGans":["壬","甲"],"dayunDate":"2038-11-28 10:34","heavGod":"劫财","heavenly":"癸"},{"age":29,"branch":"戌","cangGanGods":["七杀","正印","正财"],"cangGans":["戊","辛","丁"],"dayunDate":"2048-11-28 10:34","heavGod":"比肩","heavenly":"壬"},{"age":39,"branch":"酉","cangGanGods":["正印"],"cangGans":["辛"],"dayunDate":"2058-11-28 10:34","heavGod":"正印","heavenly":"辛"},{"age":49,"branch":"申","cangGanGods":["偏印","比肩","七杀"],"cangGans":["庚","壬","戊"],"dayunDate":"2068-11-28 10:34","heavGod":"偏印","heavenly":"庚"},{"age":59,"branch":"未","cangGanGods":["正官","正财","伤官"],"cangGans":["己","丁","乙"],"dayunDate":"2078-11-28 10:34","heavGod":"正官","heavenly":"己"},{"age":69,"branch":"午","cangGanGods":["正财","正官"],"cangGans":["丁","己"],"dayunDate":"2088-11-28 10:34","heavGod":"七杀","heavenly":"戊"},{"age":79,"branch":"巳","cangGanGods":["偏财","偏印","七杀"],"cangGans":["丙","庚","戊"],"dayunDate":"2098-11-28 10:34","heavGod":"正财","heavenly":"丁"},{"age":89,"branch":"辰","cangGanGods":["七杀","伤官","劫财"],"cangGans":["戊","乙","癸"],"dayunDate":"2108-11-28 10:34","heavGod":"偏财","heavenly":"丙"},{"age":99,"branch":"卯","cangGanGods":["伤官"],"cangGans":["乙"],"dayunDate":"2118-11-28 10:34","heavGod":"伤官","heavenly":"乙"}],"eightCharacterDTO":{"dayBranch":"申","dayBranchHevs":["庚","壬","戊"],"dayBranchHevsGod":["偏印","比肩","七杀"],"dayHeavenly":"壬","dayHevGod":"日元","hourBranch":"巳","hourBranchHevs":["丙","庚","戊"],"hourBranchHevsGod":["偏财","偏印","七杀"],"hourHeavenly":"乙","hourHevGod":"伤官","monthBranch":"丑","monthBranchHevs":["己","癸","辛"],"monthBranchHevsGod":["正官","劫财","正印"],"monthHeavenly":"乙","monthHevGod":"伤官","yearBranch":"戌","yearBranchHevs":["戊","辛","丁"],"yearBranchHevsGod":["七杀","正印","正财"],"yearHeavenly":"戊","yearHevGod":"七杀"},"jiaoyunDate":"2028-11-28 10:34","lunarDate":1546137240000,"nextSolarTerm":{"id":201900,"termDate":1549250054000,"termIndex":0,"termName":"立春","year":2019},"paipanDTO":{"areLeapMonth":false,"birthDateTime":"2019-02-04 11:13","birthPlace":{"area":"511623"},"sex":2,"sunOrlun":1,"trueSunbirthDateTime":"2019-02-04 10:34"},"preSolarTerm":{"id":201822,"termDate":1546702732000,"termIndex":22,"termName":"小寒","year":2018},"qiyunDay":"9年9月24天","solarTermIdx":23,"solarYear":2018}
2019-09-21 15:18:36.971 [Thread-5] INFO  o.s.scheduling.concurrent.ThreadPoolTaskExecutor - Shutting down ExecutorService 'applicationTaskExecutor'
2019-09-21 15:18:36.974 [Thread-5] INFO  o.s.orm.jpa.LocalContainerEntityManagerFactoryBean - Closing JPA EntityManagerFactory for persistence unit 'default'
2019-09-21 15:18:36.984 [Thread-5] INFO  com.alibaba.druid.pool.DruidDataSource - {dataSource-1} closing ...
2019-09-21 15:18:36.993 [Thread-5] INFO  com.alibaba.druid.pool.DruidDataSource - {dataSource-1} closed
2019-09-21 15:42:34.400 [main] INFO  c.b.h.paipan.daycolumn.DefaultDayColumnDealTest - Starting DefaultDayColumnDealTest on LAPTOP-R4PC1KLI with PID 14956 (started by 89144 in D:\dev\worker\horoscoparent\horoscope)
2019-09-21 15:42:34.442 [main] INFO  c.b.h.paipan.daycolumn.DefaultDayColumnDealTest - No active profile set, falling back to default profiles: default
2019-09-21 15:42:41.127 [main] INFO  o.s.d.r.config.RepositoryConfigurationDelegate - Multiple Spring Data modules found, entering strict repository configuration mode!
2019-09-21 15:42:41.130 [main] INFO  o.s.d.r.config.RepositoryConfigurationDelegate - Bootstrapping Spring Data repositories in DEFAULT mode.
2019-09-21 15:42:41.253 [main] INFO  o.s.d.r.config.RepositoryConfigurationDelegate - Finished Spring Data repository scanning in 56ms. Found 0 repository interfaces.
2019-09-21 15:42:41.290 [main] INFO  o.s.d.r.config.RepositoryConfigurationDelegate - Multiple Spring Data modules found, entering strict repository configuration mode!
2019-09-21 15:42:41.293 [main] INFO  o.s.d.r.config.RepositoryConfigurationDelegate - Bootstrapping Spring Data repositories in DEFAULT mode.
2019-09-21 15:42:41.402 [main] INFO  o.s.d.r.config.RepositoryConfigurationDelegate - Finished Spring Data repository scanning in 84ms. Found 0 repository interfaces.
2019-09-21 15:42:43.046 [main] INFO  o.s.c.s.PostProcessorRegistrationDelegate$BeanPostProcessorChecker - Bean 'org.springframework.transaction.annotation.ProxyTransactionManagementConfiguration' of type [org.springframework.transaction.annotation.ProxyTransactionManagementConfiguration$$EnhancerBySpringCGLIB$$eb1acf86] is not eligible for getting processed by all BeanPostProcessors (for example: not eligible for auto-proxying)
2019-09-21 15:42:43.154 [main] INFO  o.s.c.s.PostProcessorRegistrationDelegate$BeanPostProcessorChecker - Bean 'redisConfig' of type [com.boc.horoscope.redis.config.RedisConfig$$EnhancerBySpringCGLIB$$7a4e7112] is not eligible for getting processed by all BeanPostProcessors (for example: not eligible for auto-proxying)
2019-09-21 15:42:44.465 [main] INFO  com.alibaba.druid.pool.DruidDataSource - {dataSource-1,test} inited
2019-09-21 15:42:44.767 [main] INFO  org.hibernate.Version - HHH000412: Hibernate Core {5.3.7.Final}
2019-09-21 15:42:44.773 [main] INFO  org.hibernate.cfg.Environment - HHH000206: hibernate.properties not found
2019-09-21 15:42:45.073 [main] INFO  org.hibernate.annotations.common.Version - HCANN000001: Hibernate Commons Annotations {5.0.4.Final}
2019-09-21 15:42:45.954 [main] INFO  org.hibernate.dialect.Dialect - HHH000400: Using dialect: org.hibernate.dialect.MySQL5Dialect
2019-09-21 15:42:46.315 [main] INFO  o.s.orm.jpa.LocalContainerEntityManagerFactoryBean - Initialized JPA EntityManagerFactory for persistence unit 'default'
2019-09-21 15:42:50.657 [main] INFO  o.s.scheduling.concurrent.ThreadPoolTaskExecutor - Initializing ExecutorService 'applicationTaskExecutor'
2019-09-21 15:42:52.104 [main] INFO  s.d.s.web.plugins.DocumentationPluginsBootstrapper - Context refreshed
2019-09-21 15:42:52.153 [main] INFO  s.d.s.web.plugins.DocumentationPluginsBootstrapper - Found 1 custom documentation plugin(s)
2019-09-21 15:42:52.181 [main] INFO  s.d.spring.web.scanners.ApiListingReferenceScanner - Scanning for api listing references
2019-09-21 15:42:52.582 [main] INFO  o.s.s.a.ScheduledAnnotationBeanPostProcessor - No TaskScheduler/ScheduledExecutorService bean found for scheduled processing
2019-09-21 15:42:52.610 [main] INFO  c.b.h.paipan.daycolumn.DefaultDayColumnDealTest - Started DefaultDayColumnDealTest in 19.771 seconds (JVM running for 21.806)
2019-09-21 15:42:53.023 [main] INFO  c.b.h.paipan.daycolumn.DefaultDayColumnDealTest - PaipanRunDTO:{"currSolarTerm":{"id":201823,"termDate":1547974769000,"termIndex":23,"termName":"大寒","year":2018},"daYunDTOS":[{"age":9,"branch":"子","cangGanGods":["劫财"],"cangGans":["癸"],"dayunDate":"2028-11-28 10:34","heavGod":"食神","heavenly":"甲"},{"age":19,"branch":"亥","cangGanGods":["比肩","食神"],"cangGans":["壬","甲"],"dayunDate":"2038-11-28 10:34","heavGod":"劫财","heavenly":"癸"},{"age":29,"branch":"戌","cangGanGods":["七杀","正印","正财"],"cangGans":["戊","辛","丁"],"dayunDate":"2048-11-28 10:34","heavGod":"比肩","heavenly":"壬"},{"age":39,"branch":"酉","cangGanGods":["正印"],"cangGans":["辛"],"dayunDate":"2058-11-28 10:34","heavGod":"正印","heavenly":"辛"},{"age":49,"branch":"申","cangGanGods":["偏印","比肩","七杀"],"cangGans":["庚","壬","戊"],"dayunDate":"2068-11-28 10:34","heavGod":"偏印","heavenly":"庚"},{"age":59,"branch":"未","cangGanGods":["正官","正财","伤官"],"cangGans":["己","丁","乙"],"dayunDate":"2078-11-28 10:34","heavGod":"正官","heavenly":"己"},{"age":69,"branch":"午","cangGanGods":["正财","正官"],"cangGans":["丁","己"],"dayunDate":"2088-11-28 10:34","heavGod":"七杀","heavenly":"戊"},{"age":79,"branch":"巳","cangGanGods":["偏财","偏印","七杀"],"cangGans":["丙","庚","戊"],"dayunDate":"2098-11-28 10:34","heavGod":"正财","heavenly":"丁"},{"age":89,"branch":"辰","cangGanGods":["七杀","伤官","劫财"],"cangGans":["戊","乙","癸"],"dayunDate":"2108-11-28 10:34","heavGod":"偏财","heavenly":"丙"},{"age":99,"branch":"卯","cangGanGods":["伤官"],"cangGans":["乙"],"dayunDate":"2118-11-28 10:34","heavGod":"伤官","heavenly":"乙"}],"eightCharacterDTO":{"dayBranch":"申","dayBranchHevs":["庚","壬","戊"],"dayBranchHevsGod":["偏印","比肩","七杀"],"dayHeavenly":"壬","dayHevGod":"日元","dayNaYin":"剑锋金","hourBranch":"巳","hourBranchHevs":["丙","庚","戊"],"hourBranchHevsGod":["偏财","偏印","七杀"],"hourHeavenly":"乙","hourHevGod":"伤官","hourNaYin":"覆灯火","monthBranch":"丑","monthBranchHevs":["己","癸","辛"],"monthBranchHevsGod":["正官","劫财","正印"],"monthHeavenly":"乙","monthHevGod":"伤官","monthNaYin":"海中金","yearBranch":"戌","yearBranchHevs":["戊","辛","丁"],"yearBranchHevsGod":["七杀","正印","正财"],"yearHeavenly":"戊","yearHevGod":"七杀","yearNaYin":"平地木"},"jiaoyunDate":"2028-11-28 10:34","lunarDate":1546137240000,"nextSolarTerm":{"id":201900,"termDate":1549250054000,"termIndex":0,"termName":"立春","year":2019},"paipanDTO":{"areLeapMonth":false,"birthDateTime":"2019-02-04 11:13","birthPlace":{"area":"511623"},"sex":2,"sunOrlun":1,"trueSunbirthDateTime":"2019-02-04 10:34"},"preSolarTerm":{"id":201822,"termDate":1546702732000,"termIndex":22,"termName":"小寒","year":2018},"qiyunDay":"9年9月24天","solarTermIdx":23,"solarYear":2018}
2019-09-21 15:42:53.053 [Thread-5] INFO  o.s.scheduling.concurrent.ThreadPoolTaskExecutor - Shutting down ExecutorService 'applicationTaskExecutor'
2019-09-21 15:42:53.058 [Thread-5] INFO  o.s.orm.jpa.LocalContainerEntityManagerFactoryBean - Closing JPA EntityManagerFactory for persistence unit 'default'
2019-09-21 15:42:53.063 [Thread-5] INFO  com.alibaba.druid.pool.DruidDataSource - {dataSource-1} closing ...
2019-09-21 15:42:53.066 [Thread-5] INFO  com.alibaba.druid.pool.DruidDataSource - {dataSource-1} closed
2019-09-21 16:14:56.827 [main] INFO  c.b.h.paipan.daycolumn.DefaultDayColumnDealTest - Starting DefaultDayColumnDealTest on LAPTOP-R4PC1KLI with PID 10188 (started by 89144 in D:\dev\worker\horoscoparent\horoscope)
2019-09-21 16:14:56.831 [main] INFO  c.b.h.paipan.daycolumn.DefaultDayColumnDealTest - No active profile set, falling back to default profiles: default
2019-09-21 16:15:02.129 [main] INFO  o.s.d.r.config.RepositoryConfigurationDelegate - Multiple Spring Data modules found, entering strict repository configuration mode!
2019-09-21 16:15:02.133 [main] INFO  o.s.d.r.config.RepositoryConfigurationDelegate - Bootstrapping Spring Data repositories in DEFAULT mode.
2019-09-21 16:15:02.300 [main] INFO  o.s.d.r.config.RepositoryConfigurationDelegate - Finished Spring Data repository scanning in 122ms. Found 0 repository interfaces.
2019-09-21 16:15:02.329 [main] INFO  o.s.d.r.config.RepositoryConfigurationDelegate - Multiple Spring Data modules found, entering strict repository configuration mode!
2019-09-21 16:15:02.332 [main] INFO  o.s.d.r.config.RepositoryConfigurationDelegate - Bootstrapping Spring Data repositories in DEFAULT mode.
2019-09-21 16:15:02.407 [main] INFO  o.s.d.r.config.RepositoryConfigurationDelegate - Finished Spring Data repository scanning in 44ms. Found 0 repository interfaces.
2019-09-21 16:15:04.160 [main] INFO  o.s.c.s.PostProcessorRegistrationDelegate$BeanPostProcessorChecker - Bean 'org.springframework.transaction.annotation.ProxyTransactionManagementConfiguration' of type [org.springframework.transaction.annotation.ProxyTransactionManagementConfiguration$$EnhancerBySpringCGLIB$$b2af2b23] is not eligible for getting processed by all BeanPostProcessors (for example: not eligible for auto-proxying)
2019-09-21 16:15:04.432 [main] INFO  o.s.c.s.PostProcessorRegistrationDelegate$BeanPostProcessorChecker - Bean 'redisConfig' of type [com.boc.horoscope.redis.config.RedisConfig$$EnhancerBySpringCGLIB$$41e2ccaf] is not eligible for getting processed by all BeanPostProcessors (for example: not eligible for auto-proxying)
2019-09-21 16:15:05.406 [main] INFO  com.alibaba.druid.pool.DruidDataSource - {dataSource-1,test} inited
2019-09-21 16:15:05.719 [main] INFO  org.hibernate.Version - HHH000412: Hibernate Core {5.3.7.Final}
2019-09-21 16:15:05.722 [main] INFO  org.hibernate.cfg.Environment - HHH000206: hibernate.properties not found
2019-09-21 16:15:06.060 [main] INFO  org.hibernate.annotations.common.Version - HCANN000001: Hibernate Commons Annotations {5.0.4.Final}
2019-09-21 16:15:06.881 [main] INFO  org.hibernate.dialect.Dialect - HHH000400: Using dialect: org.hibernate.dialect.MySQL5Dialect
2019-09-21 16:15:07.216 [main] INFO  o.s.orm.jpa.LocalContainerEntityManagerFactoryBean - Initialized JPA EntityManagerFactory for persistence unit 'default'
2019-09-21 16:15:11.644 [main] INFO  o.s.scheduling.concurrent.ThreadPoolTaskExecutor - Initializing ExecutorService 'applicationTaskExecutor'
2019-09-21 16:15:13.312 [main] INFO  s.d.s.web.plugins.DocumentationPluginsBootstrapper - Context refreshed
2019-09-21 16:15:13.414 [main] INFO  s.d.s.web.plugins.DocumentationPluginsBootstrapper - Found 1 custom documentation plugin(s)
2019-09-21 16:15:13.449 [main] INFO  s.d.spring.web.scanners.ApiListingReferenceScanner - Scanning for api listing references
2019-09-21 16:15:13.891 [main] INFO  o.s.s.a.ScheduledAnnotationBeanPostProcessor - No TaskScheduler/ScheduledExecutorService bean found for scheduled processing
2019-09-21 16:15:13.910 [main] INFO  c.b.h.paipan.daycolumn.DefaultDayColumnDealTest - Started DefaultDayColumnDealTest in 18.268 seconds (JVM running for 19.996)
2019-09-21 16:15:14.364 [main] INFO  c.b.h.paipan.daycolumn.DefaultDayColumnDealTest - PaipanRunDTO:{"currSolarTerm":{"id":201823,"termDate":1547974769000,"termIndex":23,"termName":"大寒","year":2018},"daYunDTOS":[{"age":9,"branch":"子","cangGanGods":["劫财"],"cangGans":["癸"],"dayunDate":"2028-11-28 10:34","heavGod":"食神","heavenly":"甲"},{"age":19,"branch":"亥","cangGanGods":["比肩","食神"],"cangGans":["壬","甲"],"dayunDate":"2038-11-28 10:34","heavGod":"劫财","heavenly":"癸"},{"age":29,"branch":"戌","cangGanGods":["七杀","正印","正财"],"cangGans":["戊","辛","丁"],"dayunDate":"2048-11-28 10:34","heavGod":"比肩","heavenly":"壬"},{"age":39,"branch":"酉","cangGanGods":["正印"],"cangGans":["辛"],"dayunDate":"2058-11-28 10:34","heavGod":"正印","heavenly":"辛"},{"age":49,"branch":"申","cangGanGods":["偏印","比肩","七杀"],"cangGans":["庚","壬","戊"],"dayunDate":"2068-11-28 10:34","heavGod":"偏印","heavenly":"庚"},{"age":59,"branch":"未","cangGanGods":["正官","正财","伤官"],"cangGans":["己","丁","乙"],"dayunDate":"2078-11-28 10:34","heavGod":"正官","heavenly":"己"},{"age":69,"branch":"午","cangGanGods":["正财","正官"],"cangGans":["丁","己"],"dayunDate":"2088-11-28 10:34","heavGod":"七杀","heavenly":"戊"},{"age":79,"branch":"巳","cangGanGods":["偏财","偏印","七杀"],"cangGans":["丙","庚","戊"],"dayunDate":"2098-11-28 10:34","heavGod":"正财","heavenly":"丁"},{"age":89,"branch":"辰","cangGanGods":["七杀","伤官","劫财"],"cangGans":["戊","乙","癸"],"dayunDate":"2108-11-28 10:34","heavGod":"偏财","heavenly":"丙"},{"age":99,"branch":"卯","cangGanGods":["伤官"],"cangGans":["乙"],"dayunDate":"2118-11-28 10:34","heavGod":"伤官","heavenly":"乙"}],"eightCharacterDTO":{"dayBranch":"申","dayBranchHevs":["庚","壬","戊"],"dayBranchHevsGod":["偏印","比肩","七杀"],"dayChangSheng":"长生","dayHeavenly":"壬","dayHevGod":"日元","dayNaYin":"剑锋金","hourBranch":"巳","hourBranchHevs":["丙","庚","戊"],"hourBranchHevsGod":["偏财","偏印","七杀"],"hourChangSheng":"墓","hourHeavenly":"乙","hourHevGod":"伤官","hourNaYin":"佛灯火","monthBranch":"丑","monthBranchHevs":["己","癸","辛"],"monthBranchHevsGod":["正官","劫财","正印"],"monthChangSheng":"帝旺","monthHeavenly":"乙","monthHevGod":"伤官","monthNaYin":"海中金","yearBranch":"戌","yearBranchHevs":["戊","辛","丁"],"yearBranchHevsGod":["七杀","正印","正财"],"yearChangSheng":"沐浴","yearHeavenly":"戊","yearHevGod":"七杀","yearNaYin":"平地木"},"jiaoyunDate":"2028-11-28 10:34","lunarDate":1546137240000,"nextSolarTerm":{"id":201900,"termDate":1549250054000,"termIndex":0,"termName":"立春","year":2019},"paipanDTO":{"areLeapMonth":false,"birthDateTime":"2019-02-04 11:13","birthPlace":{"area":"511623"},"sex":2,"sunOrlun":1,"trueSunbirthDateTime":"2019-02-04 10:34"},"preSolarTerm":{"id":201822,"termDate":1546702732000,"termIndex":22,"termName":"小寒","year":2018},"qiyunDay":"9年9月24天","solarTermIdx":23,"solarYear":2018}
2019-09-21 16:15:14.398 [Thread-5] INFO  o.s.scheduling.concurrent.ThreadPoolTaskExecutor - Shutting down ExecutorService 'applicationTaskExecutor'
2019-09-21 16:15:14.405 [Thread-5] INFO  o.s.orm.jpa.LocalContainerEntityManagerFactoryBean - Closing JPA EntityManagerFactory for persistence unit 'default'
2019-09-21 16:15:14.409 [Thread-5] INFO  com.alibaba.druid.pool.DruidDataSource - {dataSource-1} closing ...
2019-09-21 16:15:14.413 [Thread-5] INFO  com.alibaba.druid.pool.DruidDataSource - {dataSource-1} closed
2019-09-21 16:18:47.562 [main] INFO  c.b.h.paipan.daycolumn.DefaultDayColumnDealTest - Starting DefaultDayColumnDealTest on LAPTOP-R4PC1KLI with PID 11444 (started by 89144 in D:\dev\worker\horoscoparent\horoscope)
2019-09-21 16:18:47.567 [main] INFO  c.b.h.paipan.daycolumn.DefaultDayColumnDealTest - No active profile set, falling back to default profiles: default
2019-09-21 16:18:55.172 [main] INFO  o.s.d.r.config.RepositoryConfigurationDelegate - Multiple Spring Data modules found, entering strict repository configuration mode!
2019-09-21 16:18:55.182 [main] INFO  o.s.d.r.config.RepositoryConfigurationDelegate - Bootstrapping Spring Data repositories in DEFAULT mode.
2019-09-21 16:18:55.460 [main] INFO  o.s.d.r.config.RepositoryConfigurationDelegate - Finished Spring Data repository scanning in 199ms. Found 0 repository interfaces.
2019-09-21 16:18:55.541 [main] INFO  o.s.d.r.config.RepositoryConfigurationDelegate - Multiple Spring Data modules found, entering strict repository configuration mode!
2019-09-21 16:18:55.544 [main] INFO  o.s.d.r.config.RepositoryConfigurationDelegate - Bootstrapping Spring Data repositories in DEFAULT mode.
2019-09-21 16:18:55.702 [main] INFO  o.s.d.r.config.RepositoryConfigurationDelegate - Finished Spring Data repository scanning in 126ms. Found 0 repository interfaces.
2019-09-21 16:18:57.491 [main] INFO  o.s.c.s.PostProcessorRegistrationDelegate$BeanPostProcessorChecker - Bean 'org.springframework.transaction.annotation.ProxyTransactionManagementConfiguration' of type [org.springframework.transaction.annotation.ProxyTransactionManagementConfiguration$$EnhancerBySpringCGLIB$$828f8392] is not eligible for getting processed by all BeanPostProcessors (for example: not eligible for auto-proxying)
2019-09-21 16:18:57.569 [main] INFO  o.s.c.s.PostProcessorRegistrationDelegate$BeanPostProcessorChecker - Bean 'redisConfig' of type [com.boc.horoscope.redis.config.RedisConfig$$EnhancerBySpringCGLIB$$11c3251e] is not eligible for getting processed by all BeanPostProcessors (for example: not eligible for auto-proxying)
2019-09-21 16:18:58.598 [main] INFO  com.alibaba.druid.pool.DruidDataSource - {dataSource-1,test} inited
2019-09-21 16:18:58.917 [main] INFO  org.hibernate.Version - HHH000412: Hibernate Core {5.3.7.Final}
2019-09-21 16:18:58.921 [main] INFO  org.hibernate.cfg.Environment - HHH000206: hibernate.properties not found
2019-09-21 16:18:59.196 [main] INFO  org.hibernate.annotations.common.Version - HCANN000001: Hibernate Commons Annotations {5.0.4.Final}
2019-09-21 16:19:00.161 [main] INFO  org.hibernate.dialect.Dialect - HHH000400: Using dialect: org.hibernate.dialect.MySQL5Dialect
2019-09-21 16:19:00.600 [main] INFO  o.s.orm.jpa.LocalContainerEntityManagerFactoryBean - Initialized JPA EntityManagerFactory for persistence unit 'default'
2019-09-21 16:19:05.483 [main] INFO  o.s.scheduling.concurrent.ThreadPoolTaskExecutor - Initializing ExecutorService 'applicationTaskExecutor'
2019-09-21 16:19:07.478 [main] INFO  s.d.s.web.plugins.DocumentationPluginsBootstrapper - Context refreshed
2019-09-21 16:19:07.535 [main] INFO  s.d.s.web.plugins.DocumentationPluginsBootstrapper - Found 1 custom documentation plugin(s)
2019-09-21 16:19:07.574 [main] INFO  s.d.spring.web.scanners.ApiListingReferenceScanner - Scanning for api listing references
2019-09-21 16:19:08.057 [main] INFO  o.s.s.a.ScheduledAnnotationBeanPostProcessor - No TaskScheduler/ScheduledExecutorService bean found for scheduled processing
2019-09-21 16:19:08.073 [main] INFO  c.b.h.paipan.daycolumn.DefaultDayColumnDealTest - Started DefaultDayColumnDealTest in 22.334 seconds (JVM running for 24.977)
2019-09-21 16:20:26.946 [main] INFO  c.b.h.paipan.daycolumn.DefaultDayColumnDealTest - PaipanRunDTO:{"currSolarTerm":{"id":201823,"termDate":1547974769000,"termIndex":23,"termName":"大寒","year":2018},"daYunDTOS":[{"age":9,"branch":"子","cangGanGods":["劫财"],"cangGans":["癸"],"dayunDate":"2028-11-28 10:34","heavGod":"食神","heavenly":"甲"},{"age":19,"branch":"亥","cangGanGods":["比肩","食神"],"cangGans":["壬","甲"],"dayunDate":"2038-11-28 10:34","heavGod":"劫财","heavenly":"癸"},{"age":29,"branch":"戌","cangGanGods":["七杀","正印","正财"],"cangGans":["戊","辛","丁"],"dayunDate":"2048-11-28 10:34","heavGod":"比肩","heavenly":"壬"},{"age":39,"branch":"酉","cangGanGods":["正印"],"cangGans":["辛"],"dayunDate":"2058-11-28 10:34","heavGod":"正印","heavenly":"辛"},{"age":49,"branch":"申","cangGanGods":["偏印","比肩","七杀"],"cangGans":["庚","壬","戊"],"dayunDate":"2068-11-28 10:34","heavGod":"偏印","heavenly":"庚"},{"age":59,"branch":"未","cangGanGods":["正官","正财","伤官"],"cangGans":["己","丁","乙"],"dayunDate":"2078-11-28 10:34","heavGod":"正官","heavenly":"己"},{"age":69,"branch":"午","cangGanGods":["正财","正官"],"cangGans":["丁","己"],"dayunDate":"2088-11-28 10:34","heavGod":"七杀","heavenly":"戊"},{"age":79,"branch":"巳","cangGanGods":["偏财","偏印","七杀"],"cangGans":["丙","庚","戊"],"dayunDate":"2098-11-28 10:34","heavGod":"正财","heavenly":"丁"},{"age":89,"branch":"辰","cangGanGods":["七杀","伤官","劫财"],"cangGans":["戊","乙","癸"],"dayunDate":"2108-11-28 10:34","heavGod":"偏财","heavenly":"丙"},{"age":99,"branch":"卯","cangGanGods":["伤官"],"cangGans":["乙"],"dayunDate":"2118-11-28 10:34","heavGod":"伤官","heavenly":"乙"}],"eightCharacterDTO":{"dayBranch":"申","dayBranchHevs":["庚","壬","戊"],"dayBranchHevsGod":["偏印","比肩","七杀"],"dayChangSheng":"长生","dayHeavenly":"壬","dayHevGod":"日元","dayNaYin":"剑锋金","hourBranch":"巳","hourBranchHevs":["丙","庚","戊"],"hourBranchHevsGod":["偏财","偏印","七杀"],"hourChangSheng":"墓","hourHeavenly":"乙","hourHevGod":"伤官","hourNaYin":"佛灯火","monthBranch":"丑","monthBranchHevs":["己","癸","辛"],"monthBranchHevsGod":["正官","劫财","正印"],"monthChangSheng":"帝旺","monthHeavenly":"乙","monthHevGod":"伤官","monthNaYin":"海中金","yearBranch":"戌","yearBranchHevs":["戊","辛","丁"],"yearBranchHevsGod":["七杀","正印","正财"],"yearChangSheng":"沐浴","yearHeavenly":"戊","yearHevGod":"七杀","yearNaYin":"平地木"},"jiaoyunDate":"2028-11-28 10:34","lunarDate":1546137240000,"nextSolarTerm":{"id":201900,"termDate":1549250054000,"termIndex":0,"termName":"立春","year":2019},"paipanDTO":{"areLeapMonth":false,"birthDateTime":"2019-02-04 11:13","birthPlace":{"area":"511623"},"sex":2,"sunOrlun":1,"trueSunbirthDateTime":"2019-02-04 10:34"},"preSolarTerm":{"id":201822,"termDate":1546702732000,"termIndex":22,"termName":"小寒","year":2018},"qiyunDay":"9年9月24天","solarTermIdx":23,"solarYear":2018}
2019-09-21 16:20:26.982 [Thread-5] INFO  o.s.scheduling.concurrent.ThreadPoolTaskExecutor - Shutting down ExecutorService 'applicationTaskExecutor'
2019-09-21 16:20:26.985 [Thread-5] INFO  o.s.orm.jpa.LocalContainerEntityManagerFactoryBean - Closing JPA EntityManagerFactory for persistence unit 'default'
2019-09-21 16:20:26.992 [Thread-5] INFO  com.alibaba.druid.pool.DruidDataSource - {dataSource-1} closing ...
2019-09-21 16:20:26.997 [Thread-5] INFO  com.alibaba.druid.pool.DruidDataSource - {dataSource-1} closed
2019-09-21 16:20:35.017 [main] INFO  c.b.h.paipan.daycolumn.DefaultDayColumnDealTest - Starting DefaultDayColumnDealTest on LAPTOP-R4PC1KLI with PID 4676 (started by 89144 in D:\dev\worker\horoscoparent\horoscope)
2019-09-21 16:20:35.024 [main] INFO  c.b.h.paipan.daycolumn.DefaultDayColumnDealTest - No active profile set, falling back to default profiles: default
2019-09-21 16:20:41.187 [main] INFO  o.s.d.r.config.RepositoryConfigurationDelegate - Multiple Spring Data modules found, entering strict repository configuration mode!
2019-09-21 16:20:41.192 [main] INFO  o.s.d.r.config.RepositoryConfigurationDelegate - Bootstrapping Spring Data repositories in DEFAULT mode.
2019-09-21 16:20:41.375 [main] INFO  o.s.d.r.config.RepositoryConfigurationDelegate - Finished Spring Data repository scanning in 115ms. Found 0 repository interfaces.
2019-09-21 16:20:41.401 [main] INFO  o.s.d.r.config.RepositoryConfigurationDelegate - Multiple Spring Data modules found, entering strict repository configuration mode!
2019-09-21 16:20:41.408 [main] INFO  o.s.d.r.config.RepositoryConfigurationDelegate - Bootstrapping Spring Data repositories in DEFAULT mode.
2019-09-21 16:20:41.649 [main] INFO  o.s.d.r.config.RepositoryConfigurationDelegate - Finished Spring Data repository scanning in 42ms. Found 0 repository interfaces.
2019-09-21 16:20:43.521 [main] INFO  o.s.c.s.PostProcessorRegistrationDelegate$BeanPostProcessorChecker - Bean 'org.springframework.transaction.annotation.ProxyTransactionManagementConfiguration' of type [org.springframework.transaction.annotation.ProxyTransactionManagementConfiguration$$EnhancerBySpringCGLIB$$ca64dcad] is not eligible for getting processed by all BeanPostProcessors (for example: not eligible for auto-proxying)
2019-09-21 16:20:43.613 [main] INFO  o.s.c.s.PostProcessorRegistrationDelegate$BeanPostProcessorChecker - Bean 'redisConfig' of type [com.boc.horoscope.redis.config.RedisConfig$$EnhancerBySpringCGLIB$$59987e39] is not eligible for getting processed by all BeanPostProcessors (for example: not eligible for auto-proxying)
2019-09-21 16:20:45.058 [main] INFO  com.alibaba.druid.pool.DruidDataSource - {dataSource-1,test} inited
2019-09-21 16:20:45.333 [main] INFO  org.hibernate.Version - HHH000412: Hibernate Core {5.3.7.Final}
2019-09-21 16:20:45.337 [main] INFO  org.hibernate.cfg.Environment - HHH000206: hibernate.properties not found
2019-09-21 16:20:45.622 [main] INFO  org.hibernate.annotations.common.Version - HCANN000001: Hibernate Commons Annotations {5.0.4.Final}
2019-09-21 16:20:46.396 [main] INFO  org.hibernate.dialect.Dialect - HHH000400: Using dialect: org.hibernate.dialect.MySQL5Dialect
2019-09-21 16:20:46.731 [main] INFO  o.s.orm.jpa.LocalContainerEntityManagerFactoryBean - Initialized JPA EntityManagerFactory for persistence unit 'default'
2019-09-21 16:20:51.492 [main] INFO  o.s.scheduling.concurrent.ThreadPoolTaskExecutor - Initializing ExecutorService 'applicationTaskExecutor'
2019-09-21 16:20:52.889 [main] INFO  s.d.s.web.plugins.DocumentationPluginsBootstrapper - Context refreshed
2019-09-21 16:20:52.928 [main] INFO  s.d.s.web.plugins.DocumentationPluginsBootstrapper - Found 1 custom documentation plugin(s)
2019-09-21 16:20:52.958 [main] INFO  s.d.spring.web.scanners.ApiListingReferenceScanner - Scanning for api listing references
2019-09-21 16:20:53.357 [main] INFO  o.s.s.a.ScheduledAnnotationBeanPostProcessor - No TaskScheduler/ScheduledExecutorService bean found for scheduled processing
2019-09-21 16:20:53.390 [main] INFO  c.b.h.paipan.daycolumn.DefaultDayColumnDealTest - Started DefaultDayColumnDealTest in 19.565 seconds (JVM running for 21.24)
2019-09-21 16:20:53.813 [main] INFO  c.b.h.paipan.daycolumn.DefaultDayColumnDealTest - PaipanRunDTO:{"currSolarTerm":{"id":201823,"termDate":1547974769000,"termIndex":23,"termName":"大寒","year":2018},"daYunDTOS":[{"age":9,"branch":"子","cangGanGods":["劫财"],"cangGans":["癸"],"dayunDate":"2028-11-28 10:34","heavGod":"食神","heavenly":"甲"},{"age":19,"branch":"亥","cangGanGods":["比肩","食神"],"cangGans":["壬","甲"],"dayunDate":"2038-11-28 10:34","heavGod":"劫财","heavenly":"癸"},{"age":29,"branch":"戌","cangGanGods":["七杀","正印","正财"],"cangGans":["戊","辛","丁"],"dayunDate":"2048-11-28 10:34","heavGod":"比肩","heavenly":"壬"},{"age":39,"branch":"酉","cangGanGods":["正印"],"cangGans":["辛"],"dayunDate":"2058-11-28 10:34","heavGod":"正印","heavenly":"辛"},{"age":49,"branch":"申","cangGanGods":["偏印","比肩","七杀"],"cangGans":["庚","壬","戊"],"dayunDate":"2068-11-28 10:34","heavGod":"偏印","heavenly":"庚"},{"age":59,"branch":"未","cangGanGods":["正官","正财","伤官"],"cangGans":["己","丁","乙"],"dayunDate":"2078-11-28 10:34","heavGod":"正官","heavenly":"己"},{"age":69,"branch":"午","cangGanGods":["正财","正官"],"cangGans":["丁","己"],"dayunDate":"2088-11-28 10:34","heavGod":"七杀","heavenly":"戊"},{"age":79,"branch":"巳","cangGanGods":["偏财","偏印","七杀"],"cangGans":["丙","庚","戊"],"dayunDate":"2098-11-28 10:34","heavGod":"正财","heavenly":"丁"},{"age":89,"branch":"辰","cangGanGods":["七杀","伤官","劫财"],"cangGans":["戊","乙","癸"],"dayunDate":"2108-11-28 10:34","heavGod":"偏财","heavenly":"丙"},{"age":99,"branch":"卯","cangGanGods":["伤官"],"cangGans":["乙"],"dayunDate":"2118-11-28 10:34","heavGod":"伤官","heavenly":"乙"}],"eightCharacterDTO":{"dayBranch":"申","dayBranchHevs":["庚","壬","戊"],"dayBranchHevsGod":["偏印","比肩","七杀"],"dayChangSheng":"长生","dayHeavenly":"壬","dayHevGod":"日元","dayNaYin":"剑锋金","hourBranch":"巳","hourBranchHevs":["丙","庚","戊"],"hourBranchHevsGod":["偏财","偏印","七杀"],"hourChangSheng":"绝","hourHeavenly":"乙","hourHevGod":"伤官","hourNaYin":"佛灯火","monthBranch":"丑","monthBranchHevs":["己","癸","辛"],"monthBranchHevsGod":["正官","劫财","正印"],"monthChangSheng":"衰","monthHeavenly":"乙","monthHevGod":"伤官","monthNaYin":"海中金","yearBranch":"戌","yearBranchHevs":["戊","辛","丁"],"yearBranchHevsGod":["七杀","正印","正财"],"yearChangSheng":"冠带","yearHeavenly":"戊","yearHevGod":"七杀","yearNaYin":"平地木"},"jiaoyunDate":"2028-11-28 10:34","lunarDate":1546137240000,"nextSolarTerm":{"id":201900,"termDate":1549250054000,"termIndex":0,"termName":"立春","year":2019},"paipanDTO":{"areLeapMonth":false,"birthDateTime":"2019-02-04 11:13","birthPlace":{"area":"511623"},"sex":2,"sunOrlun":1,"trueSunbirthDateTime":"2019-02-04 10:34"},"preSolarTerm":{"id":201822,"termDate":1546702732000,"termIndex":22,"termName":"小寒","year":2018},"qiyunDay":"9年9月24天","solarTermIdx":23,"solarYear":2018}
2019-09-21 16:20:53.839 [Thread-5] INFO  o.s.scheduling.concurrent.ThreadPoolTaskExecutor - Shutting down ExecutorService 'applicationTaskExecutor'
2019-09-21 16:20:53.845 [Thread-5] INFO  o.s.orm.jpa.LocalContainerEntityManagerFactoryBean - Closing JPA EntityManagerFactory for persistence unit 'default'
2019-09-21 16:20:53.848 [Thread-5] INFO  com.alibaba.druid.pool.DruidDataSource - {dataSource-1} closing ...
2019-09-21 16:20:53.851 [Thread-5] INFO  com.alibaba.druid.pool.DruidDataSource - {dataSource-1} closed
