2019-10-02 19:28:40.185 [main] INFO  c.b.h.paipan.daycolumn.DefaultDayColumnDealTest - Starting DefaultDayColumnDealTest on LAPTOP-R4PC1KLI with PID 16372 (started by 89144 in D:\dev\worker\horoscoparent\horoscope)
2019-10-02 19:28:40.197 [main] INFO  c.b.h.paipan.daycolumn.DefaultDayColumnDealTest - No active profile set, falling back to default profiles: default
2019-10-02 19:28:48.521 [main] INFO  o.s.d.r.config.RepositoryConfigurationDelegate - Multiple Spring Data modules found, entering strict repository configuration mode!
2019-10-02 19:28:48.567 [main] INFO  o.s.d.r.config.RepositoryConfigurationDelegate - Bootstrapping Spring Data repositories in DEFAULT mode.
2019-10-02 19:28:48.876 [main] INFO  o.s.d.r.config.RepositoryConfigurationDelegate - Finished Spring Data repository scanning in 241ms. Found 0 repository interfaces.
2019-10-02 19:28:48.902 [main] INFO  o.s.d.r.config.RepositoryConfigurationDelegate - Multiple Spring Data modules found, entering strict repository configuration mode!
2019-10-02 19:28:48.905 [main] INFO  o.s.d.r.config.RepositoryConfigurationDelegate - Bootstrapping Spring Data repositories in DEFAULT mode.
2019-10-02 19:28:48.995 [main] INFO  o.s.d.r.config.RepositoryConfigurationDelegate - Finished Spring Data repository scanning in 74ms. Found 0 repository interfaces.
2019-10-02 19:28:50.778 [main] INFO  o.s.c.s.PostProcessorRegistrationDelegate$BeanPostProcessorChecker - Bean 'org.springframework.transaction.annotation.ProxyTransactionManagementConfiguration' of type [org.springframework.transaction.annotation.ProxyTransactionManagementConfiguration$$EnhancerBySpringCGLIB$$64afebf0] is not eligible for getting processed by all BeanPostProcessors (for example: not eligible for auto-proxying)
2019-10-02 19:28:50.842 [main] INFO  o.s.c.s.PostProcessorRegistrationDelegate$BeanPostProcessorChecker - Bean 'redisConfig' of type [com.boc.horoscope.redis.config.RedisConfig$$EnhancerBySpringCGLIB$$f3e38d7c] is not eligible for getting processed by all BeanPostProcessors (for example: not eligible for auto-proxying)
2019-10-02 19:28:52.072 [main] INFO  com.alibaba.druid.pool.DruidDataSource - {dataSource-1,test} inited
2019-10-02 19:28:52.694 [main] INFO  org.hibernate.Version - HHH000412: Hibernate Core {5.3.7.Final}
2019-10-02 19:28:52.698 [main] INFO  org.hibernate.cfg.Environment - HHH000206: hibernate.properties not found
2019-10-02 19:28:53.214 [main] INFO  org.hibernate.annotations.common.Version - HCANN000001: Hibernate Commons Annotations {5.0.4.Final}
2019-10-02 19:28:54.388 [main] INFO  org.hibernate.dialect.Dialect - HHH000400: Using dialect: org.hibernate.dialect.MySQL5Dialect
2019-10-02 19:28:54.960 [main] INFO  o.s.orm.jpa.LocalContainerEntityManagerFactoryBean - Initialized JPA EntityManagerFactory for persistence unit 'default'
2019-10-02 19:29:01.878 [main] INFO  o.s.scheduling.concurrent.ThreadPoolTaskExecutor - Initializing ExecutorService 'applicationTaskExecutor'
2019-10-02 19:29:04.048 [main] INFO  s.d.s.web.plugins.DocumentationPluginsBootstrapper - Context refreshed
2019-10-02 19:29:04.130 [main] INFO  s.d.s.web.plugins.DocumentationPluginsBootstrapper - Found 1 custom documentation plugin(s)
2019-10-02 19:29:04.181 [main] INFO  s.d.spring.web.scanners.ApiListingReferenceScanner - Scanning for api listing references
2019-10-02 19:29:04.696 [main] INFO  o.s.s.a.ScheduledAnnotationBeanPostProcessor - No TaskScheduler/ScheduledExecutorService bean found for scheduled processing
2019-10-02 19:29:04.724 [main] INFO  c.b.h.paipan.daycolumn.DefaultDayColumnDealTest - Started DefaultDayColumnDealTest in 26.787 seconds (JVM running for 29.787)
2019-10-02 19:29:05.315 [main] INFO  c.b.h.paipan.daycolumn.DefaultDayColumnDealTest - PaipanRunDTO:{"currSolarTerm":{"id":201823,"termDate":1547974769000,"termIndex":23,"termName":"大寒","year":2018},"daYunDTOS":[{"age":9,"branch":"子","cangGanGods":["劫财"],"cangGans":["癸"],"dayunDate":"2028-11-28 10:34","heavGod":"食神","heavenly":"甲"},{"age":19,"branch":"亥","cangGanGods":["比肩","食神"],"cangGans":["壬","甲"],"dayunDate":"2038-11-28 10:34","heavGod":"劫财","heavenly":"癸"},{"age":29,"branch":"戌","cangGanGods":["七杀","正印","正财"],"cangGans":["戊","辛","丁"],"dayunDate":"2048-11-28 10:34","heavGod":"比肩","heavenly":"壬"},{"age":39,"branch":"酉","cangGanGods":["正印"],"cangGans":["辛"],"dayunDate":"2058-11-28 10:34","heavGod":"正印","heavenly":"辛"},{"age":49,"branch":"申","cangGanGods":["偏印","比肩","七杀"],"cangGans":["庚","壬","戊"],"dayunDate":"2068-11-28 10:34","heavGod":"偏印","heavenly":"庚"},{"age":59,"branch":"未","cangGanGods":["正官","正财","伤官"],"cangGans":["己","丁","乙"],"dayunDate":"2078-11-28 10:34","heavGod":"正官","heavenly":"己"},{"age":69,"branch":"午","cangGanGods":["正财","正官"],"cangGans":["丁","己"],"dayunDate":"2088-11-28 10:34","heavGod":"七杀","heavenly":"戊"},{"age":79,"branch":"巳","cangGanGods":["偏财","偏印","七杀"],"cangGans":["丙","庚","戊"],"dayunDate":"2098-11-28 10:34","heavGod":"正财","heavenly":"丁"},{"age":89,"branch":"辰","cangGanGods":["七杀","伤官","劫财"],"cangGans":["戊","乙","癸"],"dayunDate":"2108-11-28 10:34","heavGod":"偏财","heavenly":"丙"},{"age":99,"branch":"卯","cangGanGods":["伤官"],"cangGans":["乙"],"dayunDate":"2118-11-28 10:34","heavGod":"伤官","heavenly":"乙"}],"eightCharacterDTO":{"dayBranch":"申","dayBranchHevs":["庚","壬","戊"],"dayBranchHevsGod":["偏印","比肩","七杀"],"dayChangSheng":"长生","dayHeavenly":"壬","dayHevGod":"日元","dayNaYin":"剑锋金","hourBranch":"巳","hourBranchHevs":["丙","庚","戊"],"hourBranchHevsGod":["偏财","偏印","七杀"],"hourChangSheng":"绝","hourHeavenly":"乙","hourHevGod":"伤官","hourNaYin":"佛灯火","monthBranch":"丑","monthBranchHevs":["己","癸","辛"],"monthBranchHevsGod":["正官","劫财","正印"],"monthChangSheng":"衰","monthHeavenly":"乙","monthHevGod":"伤官","monthNaYin":"海中金","yearBranch":"戌","yearBranchHevs":["戊","辛","丁"],"yearBranchHevsGod":["七杀","正印","正财"],"yearChangSheng":"冠带","yearHeavenly":"戊","yearHevGod":"七杀","yearNaYin":"平地木"},"jiaoyunDate":"2028-11-28 10:34","lunarDate":1546137240000,"nextSolarTerm":{"id":201900,"termDate":1549250054000,"termIndex":0,"termName":"立春","year":2019},"paipanDTO":{"areLeapMonth":false,"birthDateTime":"2019-02-04 11:13","birthPlace":{"area":"511623"},"sex":2,"sunOrlun":1,"trueSunbirthDateTime":"2019-02-04 10:34"},"preSolarTerm":{"id":201822,"termDate":1546702732000,"termIndex":22,"termName":"小寒","year":2018},"qiyunDay":"9年9月24天","solarTermIdx":23,"solarYear":2018}
2019-10-02 19:29:05.365 [Thread-5] INFO  o.s.scheduling.concurrent.ThreadPoolTaskExecutor - Shutting down ExecutorService 'applicationTaskExecutor'
2019-10-02 19:29:05.371 [Thread-5] INFO  o.s.orm.jpa.LocalContainerEntityManagerFactoryBean - Closing JPA EntityManagerFactory for persistence unit 'default'
2019-10-02 19:29:05.406 [Thread-5] INFO  com.alibaba.druid.pool.DruidDataSource - {dataSource-1} closing ...
2019-10-02 19:29:05.415 [Thread-5] INFO  com.alibaba.druid.pool.DruidDataSource - {dataSource-1} closed
2019-10-02 20:22:09.517 [main] INFO  c.b.h.paipan.daycolumn.DefaultDayColumnDealTest - Starting DefaultDayColumnDealTest on LAPTOP-R4PC1KLI with PID 23356 (started by 89144 in D:\dev\worker\horoscoparent\horoscope)
2019-10-02 20:22:09.522 [main] INFO  c.b.h.paipan.daycolumn.DefaultDayColumnDealTest - No active profile set, falling back to default profiles: default
2019-10-02 20:22:16.978 [main] INFO  o.s.d.r.config.RepositoryConfigurationDelegate - Multiple Spring Data modules found, entering strict repository configuration mode!
2019-10-02 20:22:16.982 [main] INFO  o.s.d.r.config.RepositoryConfigurationDelegate - Bootstrapping Spring Data repositories in DEFAULT mode.
2019-10-02 20:22:17.163 [main] INFO  o.s.d.r.config.RepositoryConfigurationDelegate - Finished Spring Data repository scanning in 127ms. Found 0 repository interfaces.
2019-10-02 20:22:17.192 [main] INFO  o.s.d.r.config.RepositoryConfigurationDelegate - Multiple Spring Data modules found, entering strict repository configuration mode!
2019-10-02 20:22:17.194 [main] INFO  o.s.d.r.config.RepositoryConfigurationDelegate - Bootstrapping Spring Data repositories in DEFAULT mode.
2019-10-02 20:22:17.341 [main] INFO  o.s.d.r.config.RepositoryConfigurationDelegate - Finished Spring Data repository scanning in 116ms. Found 0 repository interfaces.
2019-10-02 20:22:19.141 [main] INFO  o.s.c.s.PostProcessorRegistrationDelegate$BeanPostProcessorChecker - Bean 'org.springframework.transaction.annotation.ProxyTransactionManagementConfiguration' of type [org.springframework.transaction.annotation.ProxyTransactionManagementConfiguration$$EnhancerBySpringCGLIB$$99db5631] is not eligible for getting processed by all BeanPostProcessors (for example: not eligible for auto-proxying)
2019-10-02 20:22:19.211 [main] INFO  o.s.c.s.PostProcessorRegistrationDelegate$BeanPostProcessorChecker - Bean 'redisConfig' of type [com.boc.horoscope.redis.config.RedisConfig$$EnhancerBySpringCGLIB$$290ef7bd] is not eligible for getting processed by all BeanPostProcessors (for example: not eligible for auto-proxying)
2019-10-02 20:22:20.454 [main] INFO  com.alibaba.druid.pool.DruidDataSource - {dataSource-1,test} inited
2019-10-02 20:22:20.780 [main] INFO  org.hibernate.Version - HHH000412: Hibernate Core {5.3.7.Final}
2019-10-02 20:22:20.783 [main] INFO  org.hibernate.cfg.Environment - HHH000206: hibernate.properties not found
2019-10-02 20:22:21.060 [main] INFO  org.hibernate.annotations.common.Version - HCANN000001: Hibernate Commons Annotations {5.0.4.Final}
2019-10-02 20:22:22.065 [main] INFO  org.hibernate.dialect.Dialect - HHH000400: Using dialect: org.hibernate.dialect.MySQL5Dialect
2019-10-02 20:22:22.449 [main] INFO  o.s.orm.jpa.LocalContainerEntityManagerFactoryBean - Initialized JPA EntityManagerFactory for persistence unit 'default'
2019-10-02 20:22:27.303 [main] INFO  o.s.scheduling.concurrent.ThreadPoolTaskExecutor - Initializing ExecutorService 'applicationTaskExecutor'
2019-10-02 20:22:28.694 [main] INFO  s.d.s.web.plugins.DocumentationPluginsBootstrapper - Context refreshed
2019-10-02 20:22:28.754 [main] INFO  s.d.s.web.plugins.DocumentationPluginsBootstrapper - Found 1 custom documentation plugin(s)
2019-10-02 20:22:28.817 [main] INFO  s.d.spring.web.scanners.ApiListingReferenceScanner - Scanning for api listing references
2019-10-02 20:22:29.307 [main] INFO  o.s.s.a.ScheduledAnnotationBeanPostProcessor - No TaskScheduler/ScheduledExecutorService bean found for scheduled processing
2019-10-02 20:22:29.322 [main] INFO  c.b.h.paipan.daycolumn.DefaultDayColumnDealTest - Started DefaultDayColumnDealTest in 21.143 seconds (JVM running for 23.08)
2019-10-02 20:22:29.757 [Thread-5] INFO  o.s.scheduling.concurrent.ThreadPoolTaskExecutor - Shutting down ExecutorService 'applicationTaskExecutor'
2019-10-02 20:22:29.763 [Thread-5] INFO  o.s.orm.jpa.LocalContainerEntityManagerFactoryBean - Closing JPA EntityManagerFactory for persistence unit 'default'
2019-10-02 20:22:29.769 [Thread-5] INFO  com.alibaba.druid.pool.DruidDataSource - {dataSource-1} closing ...
2019-10-02 20:22:29.775 [Thread-5] INFO  com.alibaba.druid.pool.DruidDataSource - {dataSource-1} closed
2019-10-02 20:23:04.640 [main] INFO  c.b.h.paipan.daycolumn.DefaultDayColumnDealTest - Starting DefaultDayColumnDealTest on LAPTOP-R4PC1KLI with PID 21380 (started by 89144 in D:\dev\worker\horoscoparent\horoscope)
2019-10-02 20:23:04.649 [main] INFO  c.b.h.paipan.daycolumn.DefaultDayColumnDealTest - No active profile set, falling back to default profiles: default
2019-10-02 20:23:11.783 [main] INFO  o.s.d.r.config.RepositoryConfigurationDelegate - Multiple Spring Data modules found, entering strict repository configuration mode!
2019-10-02 20:23:11.786 [main] INFO  o.s.d.r.config.RepositoryConfigurationDelegate - Bootstrapping Spring Data repositories in DEFAULT mode.
2019-10-02 20:23:11.927 [main] INFO  o.s.d.r.config.RepositoryConfigurationDelegate - Finished Spring Data repository scanning in 110ms. Found 0 repository interfaces.
2019-10-02 20:23:11.948 [main] INFO  o.s.d.r.config.RepositoryConfigurationDelegate - Multiple Spring Data modules found, entering strict repository configuration mode!
2019-10-02 20:23:11.949 [main] INFO  o.s.d.r.config.RepositoryConfigurationDelegate - Bootstrapping Spring Data repositories in DEFAULT mode.
2019-10-02 20:23:12.004 [main] INFO  o.s.d.r.config.RepositoryConfigurationDelegate - Finished Spring Data repository scanning in 42ms. Found 0 repository interfaces.
2019-10-02 20:23:13.664 [main] INFO  o.s.c.s.PostProcessorRegistrationDelegate$BeanPostProcessorChecker - Bean 'org.springframework.transaction.annotation.ProxyTransactionManagementConfiguration' of type [org.springframework.transaction.annotation.ProxyTransactionManagementConfiguration$$EnhancerBySpringCGLIB$$c6ec9e87] is not eligible for getting processed by all BeanPostProcessors (for example: not eligible for auto-proxying)
2019-10-02 20:23:13.761 [main] INFO  o.s.c.s.PostProcessorRegistrationDelegate$BeanPostProcessorChecker - Bean 'redisConfig' of type [com.boc.horoscope.redis.config.RedisConfig$$EnhancerBySpringCGLIB$$56204013] is not eligible for getting processed by all BeanPostProcessors (for example: not eligible for auto-proxying)
2019-10-02 20:23:14.739 [main] INFO  com.alibaba.druid.pool.DruidDataSource - {dataSource-1,test} inited
2019-10-02 20:23:15.085 [main] INFO  org.hibernate.Version - HHH000412: Hibernate Core {5.3.7.Final}
2019-10-02 20:23:15.088 [main] INFO  org.hibernate.cfg.Environment - HHH000206: hibernate.properties not found
2019-10-02 20:23:15.286 [main] INFO  org.hibernate.annotations.common.Version - HCANN000001: Hibernate Commons Annotations {5.0.4.Final}
2019-10-02 20:23:16.163 [main] INFO  org.hibernate.dialect.Dialect - HHH000400: Using dialect: org.hibernate.dialect.MySQL5Dialect
2019-10-02 20:23:16.634 [main] INFO  o.s.orm.jpa.LocalContainerEntityManagerFactoryBean - Initialized JPA EntityManagerFactory for persistence unit 'default'
2019-10-02 20:23:21.172 [main] INFO  o.s.scheduling.concurrent.ThreadPoolTaskExecutor - Initializing ExecutorService 'applicationTaskExecutor'
2019-10-02 20:23:22.992 [main] INFO  s.d.s.web.plugins.DocumentationPluginsBootstrapper - Context refreshed
2019-10-02 20:23:23.072 [main] INFO  s.d.s.web.plugins.DocumentationPluginsBootstrapper - Found 1 custom documentation plugin(s)
2019-10-02 20:23:23.117 [main] INFO  s.d.spring.web.scanners.ApiListingReferenceScanner - Scanning for api listing references
2019-10-02 20:23:23.653 [main] INFO  o.s.s.a.ScheduledAnnotationBeanPostProcessor - No TaskScheduler/ScheduledExecutorService bean found for scheduled processing
2019-10-02 20:23:23.697 [main] INFO  c.b.h.paipan.daycolumn.DefaultDayColumnDealTest - Started DefaultDayColumnDealTest in 20.465 seconds (JVM running for 22.187)
2019-10-02 20:23:24.395 [main] INFO  c.b.h.paipan.daycolumn.DefaultDayColumnDealTest - PaipanRunDTO:{"currSolarTerm":{"id":201823,"termDate":1547974769000,"termIndex":23,"termName":"大寒","year":2018},"daYunDTOS":[{"age":9,"branch":"子","cangGanGods":["劫财"],"cangGans":["癸"],"dayunDate":"2028-11-28 10:34","heavGod":"食神","heavenly":"甲"},{"age":19,"branch":"亥","cangGanGods":["比肩","食神"],"cangGans":["壬","甲"],"dayunDate":"2038-11-28 10:34","heavGod":"劫财","heavenly":"癸"},{"age":29,"branch":"戌","cangGanGods":["七杀","正印","正财"],"cangGans":["戊","辛","丁"],"dayunDate":"2048-11-28 10:34","heavGod":"比肩","heavenly":"壬"},{"age":39,"branch":"酉","cangGanGods":["正印"],"cangGans":["辛"],"dayunDate":"2058-11-28 10:34","heavGod":"正印","heavenly":"辛"},{"age":49,"branch":"申","cangGanGods":["偏印","比肩","七杀"],"cangGans":["庚","壬","戊"],"dayunDate":"2068-11-28 10:34","heavGod":"偏印","heavenly":"庚"},{"age":59,"branch":"未","cangGanGods":["正官","正财","伤官"],"cangGans":["己","丁","乙"],"dayunDate":"2078-11-28 10:34","heavGod":"正官","heavenly":"己"},{"age":69,"branch":"午","cangGanGods":["正财","正官"],"cangGans":["丁","己"],"dayunDate":"2088-11-28 10:34","heavGod":"七杀","heavenly":"戊"},{"age":79,"branch":"巳","cangGanGods":["偏财","偏印","七杀"],"cangGans":["丙","庚","戊"],"dayunDate":"2098-11-28 10:34","heavGod":"正财","heavenly":"丁"},{"age":89,"branch":"辰","cangGanGods":["七杀","伤官","劫财"],"cangGans":["戊","乙","癸"],"dayunDate":"2108-11-28 10:34","heavGod":"偏财","heavenly":"丙"},{"age":99,"branch":"卯","cangGanGods":["伤官"],"cangGans":["乙"],"dayunDate":"2118-11-28 10:34","heavGod":"伤官","heavenly":"乙"}],"eightCharacterDTO":{"dayBranch":"申","dayBranchHevs":["庚","壬","戊"],"dayBranchHevsGod":["偏印","比肩","七杀"],"dayChangSheng":"长生","dayHeavenly":"壬","dayHevGod":"日元","dayNaYin":"剑锋金","dayShenShas":["驿马"],"hourBranch":"巳","hourBranchHevs":["丙","庚","戊"],"hourBranchHevsGod":["偏财","偏印","七杀"],"hourChangSheng":"绝","hourHeavenly":"乙","hourHevGod":"伤官","hourNaYin":"佛灯火","hourShenShas":["红鸾","贵人"],"monthBranch":"丑","monthBranchHevs":["己","癸","辛"],"monthBranchHevsGod":["正官","劫财","正印"],"monthChangSheng":"衰","monthHeavenly":"乙","monthHevGod":"伤官","monthNaYin":"海中金","monthShenShas":["金舆"],"yearBranch":"戌","yearBranchHevs":["戊","辛","丁"],"yearBranchHevsGod":["七杀","正印","正财"],"yearChangSheng":"冠带","yearHeavenly":"戊","yearHevGod":"七杀","yearNaYin":"平地木","yearShenShas":[]},"jiaoyunDate":"2028-11-28 10:34","lunarDate":1546137240000,"nextSolarTerm":{"id":201900,"termDate":1549250054000,"termIndex":0,"termName":"立春","year":2019},"paipanDTO":{"areLeapMonth":false,"birthDateTime":"2019-02-04 11:13","birthPlace":{"area":"511623"},"sex":2,"sunOrlun":1,"trueSunbirthDateTime":"2019-02-04 10:34"},"preSolarTerm":{"id":201822,"termDate":1546702732000,"termIndex":22,"termName":"小寒","year":2018},"qiyunDay":"9年9月24天","solarTermIdx":23,"solarYear":2018}
2019-10-02 20:23:24.449 [Thread-5] INFO  o.s.scheduling.concurrent.ThreadPoolTaskExecutor - Shutting down ExecutorService 'applicationTaskExecutor'
2019-10-02 20:23:24.456 [Thread-5] INFO  o.s.orm.jpa.LocalContainerEntityManagerFactoryBean - Closing JPA EntityManagerFactory for persistence unit 'default'
2019-10-02 20:23:24.460 [Thread-5] INFO  com.alibaba.druid.pool.DruidDataSource - {dataSource-1} closing ...
2019-10-02 20:23:24.463 [Thread-5] INFO  com.alibaba.druid.pool.DruidDataSource - {dataSource-1} closed
2019-10-02 20:28:06.076 [main] INFO  c.b.h.paipan.daycolumn.DefaultDayColumnDealTest - Starting DefaultDayColumnDealTest on LAPTOP-R4PC1KLI with PID 22188 (started by 89144 in D:\dev\worker\horoscoparent\horoscope)
2019-10-02 20:28:06.081 [main] INFO  c.b.h.paipan.daycolumn.DefaultDayColumnDealTest - No active profile set, falling back to default profiles: default
2019-10-02 20:28:14.775 [main] INFO  o.s.d.r.config.RepositoryConfigurationDelegate - Multiple Spring Data modules found, entering strict repository configuration mode!
2019-10-02 20:28:14.779 [main] INFO  o.s.d.r.config.RepositoryConfigurationDelegate - Bootstrapping Spring Data repositories in DEFAULT mode.
2019-10-02 20:28:14.947 [main] INFO  o.s.d.r.config.RepositoryConfigurationDelegate - Finished Spring Data repository scanning in 137ms. Found 0 repository interfaces.
2019-10-02 20:28:14.994 [main] INFO  o.s.d.r.config.RepositoryConfigurationDelegate - Multiple Spring Data modules found, entering strict repository configuration mode!
2019-10-02 20:28:14.996 [main] INFO  o.s.d.r.config.RepositoryConfigurationDelegate - Bootstrapping Spring Data repositories in DEFAULT mode.
2019-10-02 20:28:15.231 [main] INFO  o.s.d.r.config.RepositoryConfigurationDelegate - Finished Spring Data repository scanning in 200ms. Found 0 repository interfaces.
2019-10-02 20:28:16.656 [main] INFO  o.s.c.s.PostProcessorRegistrationDelegate$BeanPostProcessorChecker - Bean 'org.springframework.transaction.annotation.ProxyTransactionManagementConfiguration' of type [org.springframework.transaction.annotation.ProxyTransactionManagementConfiguration$$EnhancerBySpringCGLIB$$3cfa76a4] is not eligible for getting processed by all BeanPostProcessors (for example: not eligible for auto-proxying)
2019-10-02 20:28:16.733 [main] INFO  o.s.c.s.PostProcessorRegistrationDelegate$BeanPostProcessorChecker - Bean 'redisConfig' of type [com.boc.horoscope.redis.config.RedisConfig$$EnhancerBySpringCGLIB$$cc2e1830] is not eligible for getting processed by all BeanPostProcessors (for example: not eligible for auto-proxying)
2019-10-02 20:28:18.041 [main] INFO  com.alibaba.druid.pool.DruidDataSource - {dataSource-1,test} inited
2019-10-02 20:28:18.381 [main] INFO  org.hibernate.Version - HHH000412: Hibernate Core {5.3.7.Final}
2019-10-02 20:28:18.385 [main] INFO  org.hibernate.cfg.Environment - HHH000206: hibernate.properties not found
2019-10-02 20:28:18.719 [main] INFO  org.hibernate.annotations.common.Version - HCANN000001: Hibernate Commons Annotations {5.0.4.Final}
2019-10-02 20:28:19.954 [main] INFO  org.hibernate.dialect.Dialect - HHH000400: Using dialect: org.hibernate.dialect.MySQL5Dialect
2019-10-02 20:28:20.453 [main] INFO  o.s.orm.jpa.LocalContainerEntityManagerFactoryBean - Initialized JPA EntityManagerFactory for persistence unit 'default'
2019-10-02 20:28:26.125 [main] INFO  o.s.scheduling.concurrent.ThreadPoolTaskExecutor - Initializing ExecutorService 'applicationTaskExecutor'
2019-10-02 20:28:28.359 [main] INFO  s.d.s.web.plugins.DocumentationPluginsBootstrapper - Context refreshed
2019-10-02 20:28:28.420 [main] INFO  s.d.s.web.plugins.DocumentationPluginsBootstrapper - Found 1 custom documentation plugin(s)
2019-10-02 20:28:28.451 [main] INFO  s.d.spring.web.scanners.ApiListingReferenceScanner - Scanning for api listing references
2019-10-02 20:28:29.049 [main] INFO  o.s.s.a.ScheduledAnnotationBeanPostProcessor - No TaskScheduler/ScheduledExecutorService bean found for scheduled processing
2019-10-02 20:28:29.087 [main] INFO  c.b.h.paipan.daycolumn.DefaultDayColumnDealTest - Started DefaultDayColumnDealTest in 24.799 seconds (JVM running for 26.977)
2019-10-02 20:39:33.074 [main] INFO  c.b.h.paipan.daycolumn.DefaultDayColumnDealTest - PaipanRunDTO:{"currSolarTerm":{"id":201823,"termDate":1547974769000,"termIndex":23,"termName":"大寒","year":2018},"daYunDTOS":[{"age":9,"branch":"子","cangGanGods":["劫财"],"cangGans":["癸"],"dayunDate":"2028-11-28 10:34","heavGod":"食神","heavenly":"甲"},{"age":19,"branch":"亥","cangGanGods":["比肩","食神"],"cangGans":["壬","甲"],"dayunDate":"2038-11-28 10:34","heavGod":"劫财","heavenly":"癸"},{"age":29,"branch":"戌","cangGanGods":["七杀","正印","正财"],"cangGans":["戊","辛","丁"],"dayunDate":"2048-11-28 10:34","heavGod":"比肩","heavenly":"壬"},{"age":39,"branch":"酉","cangGanGods":["正印"],"cangGans":["辛"],"dayunDate":"2058-11-28 10:34","heavGod":"正印","heavenly":"辛"},{"age":49,"branch":"申","cangGanGods":["偏印","比肩","七杀"],"cangGans":["庚","壬","戊"],"dayunDate":"2068-11-28 10:34","heavGod":"偏印","heavenly":"庚"},{"age":59,"branch":"未","cangGanGods":["正官","正财","伤官"],"cangGans":["己","丁","乙"],"dayunDate":"2078-11-28 10:34","heavGod":"正官","heavenly":"己"},{"age":69,"branch":"午","cangGanGods":["正财","正官"],"cangGans":["丁","己"],"dayunDate":"2088-11-28 10:34","heavGod":"七杀","heavenly":"戊"},{"age":79,"branch":"巳","cangGanGods":["偏财","偏印","七杀"],"cangGans":["丙","庚","戊"],"dayunDate":"2098-11-28 10:34","heavGod":"正财","heavenly":"丁"},{"age":89,"branch":"辰","cangGanGods":["七杀","伤官","劫财"],"cangGans":["戊","乙","癸"],"dayunDate":"2108-11-28 10:34","heavGod":"偏财","heavenly":"丙"},{"age":99,"branch":"卯","cangGanGods":["伤官"],"cangGans":["乙"],"dayunDate":"2118-11-28 10:34","heavGod":"伤官","heavenly":"乙"}],"eightCharacterDTO":{"dayBranch":"申","dayBranchHevs":["庚","壬","戊"],"dayBranchHevsGod":["偏印","比肩","七杀"],"dayChangSheng":"长生","dayHeavenly":"壬","dayHevGod":"日元","dayNaYin":"剑锋金","dayShenShas":["驿马"],"hourBranch":"巳","hourBranchHevs":["丙","庚","戊"],"hourBranchHevsGod":["偏财","偏印","七杀"],"hourChangSheng":"绝","hourHeavenly":"乙","hourHevGod":"伤官","hourNaYin":"佛灯火","hourShenShas":["红鸾","贵人"],"monthBranch":"丑","monthBranchHevs":["己","癸","辛"],"monthBranchHevsGod":["正官","劫财","正印"],"monthChangSheng":"衰","monthHeavenly":"乙","monthHevGod":"伤官","monthNaYin":"海中金","monthShenShas":["金舆"],"yearBranch":"戌","yearBranchHevs":["戊","辛","丁"],"yearBranchHevsGod":["七杀","正印","正财"],"yearChangSheng":"冠带","yearHeavenly":"戊","yearHevGod":"七杀","yearNaYin":"平地木","yearShenShas":[]},"jiaoyunDate":"2028-11-28 10:34","lunarDate":1546137240000,"nextSolarTerm":{"id":201900,"termDate":1549250054000,"termIndex":0,"termName":"立春","year":2019},"paipanDTO":{"areLeapMonth":false,"birthDateTime":"2019-02-04 11:13","birthPlace":{"area":"511623"},"sex":2,"sunOrlun":1,"trueSunbirthDateTime":"2019-02-04 10:34"},"preSolarTerm":{"id":201822,"termDate":1546702732000,"termIndex":22,"termName":"小寒","year":2018},"qiyunDay":"9年9月24天","solarTermIdx":23,"solarYear":2018}
2019-10-02 20:39:33.222 [Thread-5] INFO  o.s.scheduling.concurrent.ThreadPoolTaskExecutor - Shutting down ExecutorService 'applicationTaskExecutor'
2019-10-02 20:39:33.225 [Thread-5] INFO  o.s.orm.jpa.LocalContainerEntityManagerFactoryBean - Closing JPA EntityManagerFactory for persistence unit 'default'
2019-10-02 20:39:33.235 [Thread-5] INFO  com.alibaba.druid.pool.DruidDataSource - {dataSource-1} closing ...
2019-10-02 20:39:33.241 [Thread-5] INFO  com.alibaba.druid.pool.DruidDataSource - {dataSource-1} closed
2019-10-02 20:39:40.340 [main] INFO  c.b.h.paipan.daycolumn.DefaultDayColumnDealTest - Starting DefaultDayColumnDealTest on LAPTOP-R4PC1KLI with PID 1952 (started by 89144 in D:\dev\worker\horoscoparent\horoscope)
2019-10-02 20:39:40.352 [main] INFO  c.b.h.paipan.daycolumn.DefaultDayColumnDealTest - No active profile set, falling back to default profiles: default
2019-10-02 20:39:47.051 [main] INFO  o.s.d.r.config.RepositoryConfigurationDelegate - Multiple Spring Data modules found, entering strict repository configuration mode!
2019-10-02 20:39:47.061 [main] INFO  o.s.d.r.config.RepositoryConfigurationDelegate - Bootstrapping Spring Data repositories in DEFAULT mode.
2019-10-02 20:39:47.172 [main] INFO  o.s.d.r.config.RepositoryConfigurationDelegate - Finished Spring Data repository scanning in 53ms. Found 0 repository interfaces.
2019-10-02 20:39:47.197 [main] INFO  o.s.d.r.config.RepositoryConfigurationDelegate - Multiple Spring Data modules found, entering strict repository configuration mode!
2019-10-02 20:39:47.198 [main] INFO  o.s.d.r.config.RepositoryConfigurationDelegate - Bootstrapping Spring Data repositories in DEFAULT mode.
2019-10-02 20:39:47.294 [main] INFO  o.s.d.r.config.RepositoryConfigurationDelegate - Finished Spring Data repository scanning in 83ms. Found 0 repository interfaces.
2019-10-02 20:39:48.620 [main] INFO  o.s.c.s.PostProcessorRegistrationDelegate$BeanPostProcessorChecker - Bean 'org.springframework.transaction.annotation.ProxyTransactionManagementConfiguration' of type [org.springframework.transaction.annotation.ProxyTransactionManagementConfiguration$$EnhancerBySpringCGLIB$$4156dad4] is not eligible for getting processed by all BeanPostProcessors (for example: not eligible for auto-proxying)
2019-10-02 20:39:48.688 [main] INFO  o.s.c.s.PostProcessorRegistrationDelegate$BeanPostProcessorChecker - Bean 'redisConfig' of type [com.boc.horoscope.redis.config.RedisConfig$$EnhancerBySpringCGLIB$$d08a7c60] is not eligible for getting processed by all BeanPostProcessors (for example: not eligible for auto-proxying)
2019-10-02 20:39:49.776 [main] INFO  com.alibaba.druid.pool.DruidDataSource - {dataSource-1,test} inited
2019-10-02 20:39:50.129 [main] INFO  org.hibernate.Version - HHH000412: Hibernate Core {5.3.7.Final}
2019-10-02 20:39:50.132 [main] INFO  org.hibernate.cfg.Environment - HHH000206: hibernate.properties not found
2019-10-02 20:39:50.399 [main] INFO  org.hibernate.annotations.common.Version - HCANN000001: Hibernate Commons Annotations {5.0.4.Final}
2019-10-02 20:39:51.335 [main] INFO  org.hibernate.dialect.Dialect - HHH000400: Using dialect: org.hibernate.dialect.MySQL5Dialect
2019-10-02 20:39:51.703 [main] INFO  o.s.orm.jpa.LocalContainerEntityManagerFactoryBean - Initialized JPA EntityManagerFactory for persistence unit 'default'
2019-10-02 20:39:56.314 [main] INFO  o.s.scheduling.concurrent.ThreadPoolTaskExecutor - Initializing ExecutorService 'applicationTaskExecutor'
2019-10-02 20:39:57.820 [main] INFO  s.d.s.web.plugins.DocumentationPluginsBootstrapper - Context refreshed
2019-10-02 20:39:57.871 [main] INFO  s.d.s.web.plugins.DocumentationPluginsBootstrapper - Found 1 custom documentation plugin(s)
2019-10-02 20:39:57.911 [main] INFO  s.d.spring.web.scanners.ApiListingReferenceScanner - Scanning for api listing references
2019-10-02 20:39:58.504 [main] INFO  o.s.s.a.ScheduledAnnotationBeanPostProcessor - No TaskScheduler/ScheduledExecutorService bean found for scheduled processing
2019-10-02 20:39:58.519 [main] INFO  c.b.h.paipan.daycolumn.DefaultDayColumnDealTest - Started DefaultDayColumnDealTest in 19.413 seconds (JVM running for 21.284)
2019-10-02 20:39:59.383 [main] INFO  c.b.h.paipan.daycolumn.DefaultDayColumnDealTest - PaipanRunDTO:{"currSolarTerm":{"id":201823,"termDate":1547974769000,"termIndex":23,"termName":"大寒","year":2018},"daYunDTOS":[{"age":9,"branch":"子","cangGanGods":["劫财"],"cangGans":["癸"],"dayunDate":"2028-11-28 10:34","heavGod":"食神","heavenly":"甲"},{"age":19,"branch":"亥","cangGanGods":["比肩","食神"],"cangGans":["壬","甲"],"dayunDate":"2038-11-28 10:34","heavGod":"劫财","heavenly":"癸"},{"age":29,"branch":"戌","cangGanGods":["七杀","正印","正财"],"cangGans":["戊","辛","丁"],"dayunDate":"2048-11-28 10:34","heavGod":"比肩","heavenly":"壬"},{"age":39,"branch":"酉","cangGanGods":["正印"],"cangGans":["辛"],"dayunDate":"2058-11-28 10:34","heavGod":"正印","heavenly":"辛"},{"age":49,"branch":"申","cangGanGods":["偏印","比肩","七杀"],"cangGans":["庚","壬","戊"],"dayunDate":"2068-11-28 10:34","heavGod":"偏印","heavenly":"庚"},{"age":59,"branch":"未","cangGanGods":["正官","正财","伤官"],"cangGans":["己","丁","乙"],"dayunDate":"2078-11-28 10:34","heavGod":"正官","heavenly":"己"},{"age":69,"branch":"午","cangGanGods":["正财","正官"],"cangGans":["丁","己"],"dayunDate":"2088-11-28 10:34","heavGod":"七杀","heavenly":"戊"},{"age":79,"branch":"巳","cangGanGods":["偏财","偏印","七杀"],"cangGans":["丙","庚","戊"],"dayunDate":"2098-11-28 10:34","heavGod":"正财","heavenly":"丁"},{"age":89,"branch":"辰","cangGanGods":["七杀","伤官","劫财"],"cangGans":["戊","乙","癸"],"dayunDate":"2108-11-28 10:34","heavGod":"偏财","heavenly":"丙"},{"age":99,"branch":"卯","cangGanGods":["伤官"],"cangGans":["乙"],"dayunDate":"2118-11-28 10:34","heavGod":"伤官","heavenly":"乙"}],"eightCharacterDTO":{"dayBranch":"申","dayBranchHevs":["庚","壬","戊"],"dayBranchHevsGod":["偏印","比肩","七杀"],"dayChangSheng":"长生","dayHeavenly":"壬","dayHevGod":"日元","dayNaYin":"剑锋金","dayShenShas":["驿马"],"hourBranch":"巳","hourBranchHevs":["丙","庚","戊"],"hourBranchHevsGod":["偏财","偏印","七杀"],"hourChangSheng":"绝","hourHeavenly":"乙","hourHevGod":"伤官","hourNaYin":"佛灯火","hourShenShas":["红鸾","贵人","劫煞"],"monthBranch":"丑","monthBranchHevs":["己","癸","辛"],"monthBranchHevsGod":["正官","劫财","正印"],"monthChangSheng":"衰","monthHeavenly":"乙","monthHevGod":"伤官","monthNaYin":"海中金","monthShenShas":["金舆"],"yearBranch":"戌","yearBranchHevs":["戊","辛","丁"],"yearBranchHevsGod":["七杀","正印","正财"],"yearChangSheng":"冠带","yearHeavenly":"戊","yearHevGod":"七杀","yearNaYin":"平地木","yearShenShas":["华盖"]},"jiaoyunDate":"2028-11-28 10:34","lunarDate":1546137240000,"nextSolarTerm":{"id":201900,"termDate":1549250054000,"termIndex":0,"termName":"立春","year":2019},"paipanDTO":{"areLeapMonth":false,"birthDateTime":"2019-02-04 11:13","birthPlace":{"area":"511623"},"sex":2,"sunOrlun":1,"trueSunbirthDateTime":"2019-02-04 10:34"},"preSolarTerm":{"id":201822,"termDate":1546702732000,"termIndex":22,"termName":"小寒","year":2018},"qiyunDay":"9年9月24天","solarTermIdx":23,"solarYear":2018}
2019-10-02 20:39:59.447 [Thread-5] INFO  o.s.scheduling.concurrent.ThreadPoolTaskExecutor - Shutting down ExecutorService 'applicationTaskExecutor'
2019-10-02 20:39:59.453 [Thread-5] INFO  o.s.orm.jpa.LocalContainerEntityManagerFactoryBean - Closing JPA EntityManagerFactory for persistence unit 'default'
2019-10-02 20:39:59.490 [Thread-5] INFO  com.alibaba.druid.pool.DruidDataSource - {dataSource-1} closing ...
2019-10-02 20:39:59.498 [Thread-5] INFO  com.alibaba.druid.pool.DruidDataSource - {dataSource-1} closed
2019-10-02 20:59:33.239 [main] INFO  c.b.h.paipan.daycolumn.DefaultDayColumnDealTest - Starting DefaultDayColumnDealTest on LAPTOP-R4PC1KLI with PID 2296 (started by 89144 in D:\dev\worker\horoscoparent\horoscope)
2019-10-02 20:59:33.243 [main] INFO  c.b.h.paipan.daycolumn.DefaultDayColumnDealTest - No active profile set, falling back to default profiles: default
2019-10-02 20:59:40.753 [main] INFO  o.s.d.r.config.RepositoryConfigurationDelegate - Multiple Spring Data modules found, entering strict repository configuration mode!
2019-10-02 20:59:40.757 [main] INFO  o.s.d.r.config.RepositoryConfigurationDelegate - Bootstrapping Spring Data repositories in DEFAULT mode.
2019-10-02 20:59:40.977 [main] INFO  o.s.d.r.config.RepositoryConfigurationDelegate - Finished Spring Data repository scanning in 133ms. Found 0 repository interfaces.
2019-10-02 20:59:41.019 [main] INFO  o.s.d.r.config.RepositoryConfigurationDelegate - Multiple Spring Data modules found, entering strict repository configuration mode!
2019-10-02 20:59:41.021 [main] INFO  o.s.d.r.config.RepositoryConfigurationDelegate - Bootstrapping Spring Data repositories in DEFAULT mode.
2019-10-02 20:59:41.133 [main] INFO  o.s.d.r.config.RepositoryConfigurationDelegate - Finished Spring Data repository scanning in 61ms. Found 0 repository interfaces.
2019-10-02 20:59:42.560 [main] INFO  o.s.c.s.PostProcessorRegistrationDelegate$BeanPostProcessorChecker - Bean 'org.springframework.transaction.annotation.ProxyTransactionManagementConfiguration' of type [org.springframework.transaction.annotation.ProxyTransactionManagementConfiguration$$EnhancerBySpringCGLIB$$c6ec9e87] is not eligible for getting processed by all BeanPostProcessors (for example: not eligible for auto-proxying)
2019-10-02 20:59:42.646 [main] INFO  o.s.c.s.PostProcessorRegistrationDelegate$BeanPostProcessorChecker - Bean 'redisConfig' of type [com.boc.horoscope.redis.config.RedisConfig$$EnhancerBySpringCGLIB$$56204013] is not eligible for getting processed by all BeanPostProcessors (for example: not eligible for auto-proxying)
2019-10-02 20:59:44.239 [main] INFO  com.alibaba.druid.pool.DruidDataSource - {dataSource-1,test} inited
2019-10-02 20:59:44.738 [main] INFO  org.hibernate.Version - HHH000412: Hibernate Core {5.3.7.Final}
2019-10-02 20:59:44.741 [main] INFO  org.hibernate.cfg.Environment - HHH000206: hibernate.properties not found
2019-10-02 20:59:45.172 [main] INFO  org.hibernate.annotations.common.Version - HCANN000001: Hibernate Commons Annotations {5.0.4.Final}
2019-10-02 20:59:46.334 [main] INFO  org.hibernate.dialect.Dialect - HHH000400: Using dialect: org.hibernate.dialect.MySQL5Dialect
2019-10-02 20:59:46.663 [main] INFO  o.s.orm.jpa.LocalContainerEntityManagerFactoryBean - Initialized JPA EntityManagerFactory for persistence unit 'default'
2019-10-02 20:59:51.128 [main] INFO  o.s.scheduling.concurrent.ThreadPoolTaskExecutor - Initializing ExecutorService 'applicationTaskExecutor'
2019-10-02 20:59:52.640 [main] INFO  s.d.s.web.plugins.DocumentationPluginsBootstrapper - Context refreshed
2019-10-02 20:59:52.684 [main] INFO  s.d.s.web.plugins.DocumentationPluginsBootstrapper - Found 1 custom documentation plugin(s)
2019-10-02 20:59:52.715 [main] INFO  s.d.spring.web.scanners.ApiListingReferenceScanner - Scanning for api listing references
2019-10-02 20:59:53.317 [main] INFO  o.s.s.a.ScheduledAnnotationBeanPostProcessor - No TaskScheduler/ScheduledExecutorService bean found for scheduled processing
2019-10-02 20:59:53.336 [main] INFO  c.b.h.paipan.daycolumn.DefaultDayColumnDealTest - Started DefaultDayColumnDealTest in 21.783 seconds (JVM running for 23.967)
2019-10-02 20:59:53.916 [main] INFO  c.b.h.paipan.daycolumn.DefaultDayColumnDealTest - PaipanRunDTO:{"currSolarTerm":{"id":201823,"termDate":1547974769000,"termIndex":23,"termName":"大寒","year":2018},"daYunDTOS":[{"age":9,"branch":"子","cangGanGods":["劫财"],"cangGans":["癸"],"dayunDate":"2028-11-28 10:34","heavGod":"食神","heavenly":"甲"},{"age":19,"branch":"亥","cangGanGods":["比肩","食神"],"cangGans":["壬","甲"],"dayunDate":"2038-11-28 10:34","heavGod":"劫财","heavenly":"癸"},{"age":29,"branch":"戌","cangGanGods":["七杀","正印","正财"],"cangGans":["戊","辛","丁"],"dayunDate":"2048-11-28 10:34","heavGod":"比肩","heavenly":"壬"},{"age":39,"branch":"酉","cangGanGods":["正印"],"cangGans":["辛"],"dayunDate":"2058-11-28 10:34","heavGod":"正印","heavenly":"辛"},{"age":49,"branch":"申","cangGanGods":["偏印","比肩","七杀"],"cangGans":["庚","壬","戊"],"dayunDate":"2068-11-28 10:34","heavGod":"偏印","heavenly":"庚"},{"age":59,"branch":"未","cangGanGods":["正官","正财","伤官"],"cangGans":["己","丁","乙"],"dayunDate":"2078-11-28 10:34","heavGod":"正官","heavenly":"己"},{"age":69,"branch":"午","cangGanGods":["正财","正官"],"cangGans":["丁","己"],"dayunDate":"2088-11-28 10:34","heavGod":"七杀","heavenly":"戊"},{"age":79,"branch":"巳","cangGanGods":["偏财","偏印","七杀"],"cangGans":["丙","庚","戊"],"dayunDate":"2098-11-28 10:34","heavGod":"正财","heavenly":"丁"},{"age":89,"branch":"辰","cangGanGods":["七杀","伤官","劫财"],"cangGans":["戊","乙","癸"],"dayunDate":"2108-11-28 10:34","heavGod":"偏财","heavenly":"丙"},{"age":99,"branch":"卯","cangGanGods":["伤官"],"cangGans":["乙"],"dayunDate":"2118-11-28 10:34","heavGod":"伤官","heavenly":"乙"}],"eightCharacterDTO":{"dayBranch":"申","dayBranchHevs":["庚","壬","戊"],"dayBranchHevsGod":["偏印","比肩","七杀"],"dayChangSheng":"长生","dayHeavenly":"壬","dayHevGod":"日元","dayNaYin":"剑锋金","dayShenShas":["驿马","学堂"],"hourBranch":"巳","hourBranchHevs":["丙","庚","戊"],"hourBranchHevsGod":["偏财","偏印","七杀"],"hourChangSheng":"绝","hourHeavenly":"乙","hourHevGod":"伤官","hourNaYin":"佛灯火","hourShenShas":["红鸾","贵人","劫煞"],"monthBranch":"丑","monthBranchHevs":["己","癸","辛"],"monthBranchHevsGod":["正官","劫财","正印"],"monthChangSheng":"衰","monthHeavenly":"乙","monthHevGod":"伤官","monthNaYin":"海中金","monthShenShas":["金舆"],"yearBranch":"戌","yearBranchHevs":["戊","辛","丁"],"yearBranchHevsGod":["七杀","正印","正财"],"yearChangSheng":"冠带","yearHeavenly":"戊","yearHevGod":"七杀","yearNaYin":"平地木","yearShenShas":["华盖"]},"jiaoyunDate":"2028-11-28 10:34","lunarDate":1546137240000,"nextSolarTerm":{"id":201900,"termDate":1549250054000,"termIndex":0,"termName":"立春","year":2019},"paipanDTO":{"areLeapMonth":false,"birthDateTime":"2019-02-04 11:13","birthPlace":{"area":"511623"},"sex":2,"sunOrlun":1,"trueSunbirthDateTime":"2019-02-04 10:34"},"preSolarTerm":{"id":201822,"termDate":1546702732000,"termIndex":22,"termName":"小寒","year":2018},"qiyunDay":"9年9月24天","solarTermIdx":23,"solarYear":2018}
2019-10-02 20:59:53.961 [Thread-5] INFO  o.s.scheduling.concurrent.ThreadPoolTaskExecutor - Shutting down ExecutorService 'applicationTaskExecutor'
2019-10-02 20:59:53.964 [Thread-5] INFO  o.s.orm.jpa.LocalContainerEntityManagerFactoryBean - Closing JPA EntityManagerFactory for persistence unit 'default'
2019-10-02 20:59:53.968 [Thread-5] INFO  com.alibaba.druid.pool.DruidDataSource - {dataSource-1} closing ...
2019-10-02 20:59:53.973 [Thread-5] INFO  com.alibaba.druid.pool.DruidDataSource - {dataSource-1} closed
2019-10-02 22:29:50.126 [main] INFO  c.b.h.paipan.daycolumn.DefaultDayColumnDealTest - Starting DefaultDayColumnDealTest on LAPTOP-R4PC1KLI with PID 23648 (started by 89144 in D:\dev\worker\horoscoparent\horoscope)
2019-10-02 22:29:50.157 [main] INFO  c.b.h.paipan.daycolumn.DefaultDayColumnDealTest - No active profile set, falling back to default profiles: default
2019-10-02 22:29:54.029 [main] INFO  o.s.d.r.config.RepositoryConfigurationDelegate - Multiple Spring Data modules found, entering strict repository configuration mode!
2019-10-02 22:29:54.043 [main] INFO  o.s.d.r.config.RepositoryConfigurationDelegate - Bootstrapping Spring Data repositories in DEFAULT mode.
2019-10-02 22:29:54.143 [main] INFO  o.s.d.r.config.RepositoryConfigurationDelegate - Finished Spring Data repository scanning in 59ms. Found 0 repository interfaces.
2019-10-02 22:29:54.175 [main] INFO  o.s.d.r.config.RepositoryConfigurationDelegate - Multiple Spring Data modules found, entering strict repository configuration mode!
2019-10-02 22:29:54.179 [main] INFO  o.s.d.r.config.RepositoryConfigurationDelegate - Bootstrapping Spring Data repositories in DEFAULT mode.
2019-10-02 22:29:54.292 [main] INFO  o.s.d.r.config.RepositoryConfigurationDelegate - Finished Spring Data repository scanning in 33ms. Found 0 repository interfaces.
2019-10-02 22:29:55.602 [main] INFO  o.s.c.s.PostProcessorRegistrationDelegate$BeanPostProcessorChecker - Bean 'org.springframework.transaction.annotation.ProxyTransactionManagementConfiguration' of type [org.springframework.transaction.annotation.ProxyTransactionManagementConfiguration$$EnhancerBySpringCGLIB$$76887c9c] is not eligible for getting processed by all BeanPostProcessors (for example: not eligible for auto-proxying)
2019-10-02 22:29:55.695 [main] INFO  o.s.c.s.PostProcessorRegistrationDelegate$BeanPostProcessorChecker - Bean 'redisConfig' of type [com.boc.horoscope.redis.config.RedisConfig$$EnhancerBySpringCGLIB$$5bc1e28] is not eligible for getting processed by all BeanPostProcessors (for example: not eligible for auto-proxying)
2019-10-02 22:29:57.200 [main] INFO  com.alibaba.druid.pool.DruidDataSource - {dataSource-1,test} inited
2019-10-02 22:29:57.993 [main] INFO  org.hibernate.Version - HHH000412: Hibernate Core {5.3.7.Final}
2019-10-02 22:29:58.003 [main] INFO  org.hibernate.cfg.Environment - HHH000206: hibernate.properties not found
2019-10-02 22:29:58.438 [main] INFO  org.hibernate.annotations.common.Version - HCANN000001: Hibernate Commons Annotations {5.0.4.Final}
2019-10-02 22:29:59.973 [main] INFO  org.hibernate.dialect.Dialect - HHH000400: Using dialect: org.hibernate.dialect.MySQL5Dialect
2019-10-02 22:30:00.435 [main] INFO  o.s.orm.jpa.LocalContainerEntityManagerFactoryBean - Initialized JPA EntityManagerFactory for persistence unit 'default'
2019-10-02 22:30:05.436 [main] INFO  o.s.scheduling.concurrent.ThreadPoolTaskExecutor - Initializing ExecutorService 'applicationTaskExecutor'
2019-10-02 22:30:07.088 [main] INFO  s.d.s.web.plugins.DocumentationPluginsBootstrapper - Context refreshed
2019-10-02 22:30:07.132 [main] INFO  s.d.s.web.plugins.DocumentationPluginsBootstrapper - Found 1 custom documentation plugin(s)
2019-10-02 22:30:07.161 [main] INFO  s.d.spring.web.scanners.ApiListingReferenceScanner - Scanning for api listing references
2019-10-02 22:30:07.615 [main] INFO  o.s.s.a.ScheduledAnnotationBeanPostProcessor - No TaskScheduler/ScheduledExecutorService bean found for scheduled processing
2019-10-02 22:30:07.633 [main] INFO  c.b.h.paipan.daycolumn.DefaultDayColumnDealTest - Started DefaultDayColumnDealTest in 19.051 seconds (JVM running for 20.873)
2019-10-02 22:30:08.220 [main] INFO  c.b.h.paipan.daycolumn.DefaultDayColumnDealTest - PaipanRunDTO:{"currSolarTerm":{"id":201823,"termDate":1547974769000,"termIndex":23,"termName":"大寒","year":2018},"daYunDTOS":[{"age":9,"branch":"子","cangGanGods":["劫财"],"cangGans":["癸"],"dayunDate":"2028-11-28 10:34","heavGod":"食神","heavenly":"甲"},{"age":19,"branch":"亥","cangGanGods":["比肩","食神"],"cangGans":["壬","甲"],"dayunDate":"2038-11-28 10:34","heavGod":"劫财","heavenly":"癸"},{"age":29,"branch":"戌","cangGanGods":["七杀","正印","正财"],"cangGans":["戊","辛","丁"],"dayunDate":"2048-11-28 10:34","heavGod":"比肩","heavenly":"壬"},{"age":39,"branch":"酉","cangGanGods":["正印"],"cangGans":["辛"],"dayunDate":"2058-11-28 10:34","heavGod":"正印","heavenly":"辛"},{"age":49,"branch":"申","cangGanGods":["偏印","比肩","七杀"],"cangGans":["庚","壬","戊"],"dayunDate":"2068-11-28 10:34","heavGod":"偏印","heavenly":"庚"},{"age":59,"branch":"未","cangGanGods":["正官","正财","伤官"],"cangGans":["己","丁","乙"],"dayunDate":"2078-11-28 10:34","heavGod":"正官","heavenly":"己"},{"age":69,"branch":"午","cangGanGods":["正财","正官"],"cangGans":["丁","己"],"dayunDate":"2088-11-28 10:34","heavGod":"七杀","heavenly":"戊"},{"age":79,"branch":"巳","cangGanGods":["偏财","偏印","七杀"],"cangGans":["丙","庚","戊"],"dayunDate":"2098-11-28 10:34","heavGod":"正财","heavenly":"丁"},{"age":89,"branch":"辰","cangGanGods":["七杀","伤官","劫财"],"cangGans":["戊","乙","癸"],"dayunDate":"2108-11-28 10:34","heavGod":"偏财","heavenly":"丙"},{"age":99,"branch":"卯","cangGanGods":["伤官"],"cangGans":["乙"],"dayunDate":"2118-11-28 10:34","heavGod":"伤官","heavenly":"乙"}],"eightCharacterDTO":{"dayBranch":"申","dayBranchHevs":["庚","壬","戊"],"dayBranchHevsGod":["偏印","比肩","七杀"],"dayChangSheng":"长生","dayHeavenly":"壬","dayHevGod":"日元","dayNaYin":"剑锋金","dayShenShas":["驿马","学堂"],"hourBranch":"巳","hourBranchHevs":["丙","庚","戊"],"hourBranchHevsGod":["偏财","偏印","七杀"],"hourChangSheng":"绝","hourHeavenly":"乙","hourHevGod":"伤官","hourNaYin":"佛灯火","hourShenShas":["红鸾","贵人","劫煞"],"kongWang":["亥","戌"],"monthBranch":"丑","monthBranchHevs":["己","癸","辛"],"monthBranchHevsGod":["正官","劫财","正印"],"monthChangSheng":"衰","monthHeavenly":"乙","monthHevGod":"伤官","monthNaYin":"海中金","monthShenShas":["金舆"],"taiYuanBranch":"辰","taiYuanHeavenly":"丙","yearBranch":"戌","yearBranchHevs":["戊","辛","丁"],"yearBranchHevsGod":["七杀","正印","正财"],"yearChangSheng":"冠带","yearHeavenly":"戊","yearHevGod":"七杀","yearNaYin":"平地木","yearShenShas":["华盖"]},"jiaoyunDate":"2028-11-28 10:34","lunarDate":1546137240000,"nextSolarTerm":{"id":201900,"termDate":1549250054000,"termIndex":0,"termName":"立春","year":2019},"paipanDTO":{"areLeapMonth":false,"birthDateTime":"2019-02-04 11:13","birthPlace":{"area":"511623"},"sex":2,"sunOrlun":1,"trueSunbirthDateTime":"2019-02-04 10:34"},"preSolarTerm":{"id":201822,"termDate":1546702732000,"termIndex":22,"termName":"小寒","year":2018},"qiyunDay":"9年9月24天","solarTermIdx":23,"solarYear":2018}
2019-10-02 22:30:08.252 [Thread-5] INFO  o.s.scheduling.concurrent.ThreadPoolTaskExecutor - Shutting down ExecutorService 'applicationTaskExecutor'
2019-10-02 22:30:08.257 [Thread-5] INFO  o.s.orm.jpa.LocalContainerEntityManagerFactoryBean - Closing JPA EntityManagerFactory for persistence unit 'default'
2019-10-02 22:30:08.262 [Thread-5] INFO  com.alibaba.druid.pool.DruidDataSource - {dataSource-1} closing ...
2019-10-02 22:30:08.266 [Thread-5] INFO  com.alibaba.druid.pool.DruidDataSource - {dataSource-1} closed
2019-10-02 23:40:24.314 [main] INFO  c.b.h.paipan.daycolumn.DefaultDayColumnDealTest - Starting DefaultDayColumnDealTest on LAPTOP-R4PC1KLI with PID 11512 (started by 89144 in D:\dev\worker\horoscoparent\horoscope)
2019-10-02 23:40:24.319 [main] INFO  c.b.h.paipan.daycolumn.DefaultDayColumnDealTest - No active profile set, falling back to default profiles: default
2019-10-02 23:40:30.843 [main] INFO  o.s.d.r.config.RepositoryConfigurationDelegate - Multiple Spring Data modules found, entering strict repository configuration mode!
2019-10-02 23:40:30.851 [main] INFO  o.s.d.r.config.RepositoryConfigurationDelegate - Bootstrapping Spring Data repositories in DEFAULT mode.
2019-10-02 23:40:31.015 [main] INFO  o.s.d.r.config.RepositoryConfigurationDelegate - Finished Spring Data repository scanning in 68ms. Found 0 repository interfaces.
2019-10-02 23:40:31.037 [main] INFO  o.s.d.r.config.RepositoryConfigurationDelegate - Multiple Spring Data modules found, entering strict repository configuration mode!
2019-10-02 23:40:31.039 [main] INFO  o.s.d.r.config.RepositoryConfigurationDelegate - Bootstrapping Spring Data repositories in DEFAULT mode.
2019-10-02 23:40:31.079 [main] INFO  o.s.d.r.config.RepositoryConfigurationDelegate - Finished Spring Data repository scanning in 29ms. Found 0 repository interfaces.
2019-10-02 23:40:32.014 [main] INFO  o.s.c.s.PostProcessorRegistrationDelegate$BeanPostProcessorChecker - Bean 'org.springframework.transaction.annotation.ProxyTransactionManagementConfiguration' of type [org.springframework.transaction.annotation.ProxyTransactionManagementConfiguration$$EnhancerBySpringCGLIB$$d7feb515] is not eligible for getting processed by all BeanPostProcessors (for example: not eligible for auto-proxying)
2019-10-02 23:40:32.077 [main] INFO  o.s.c.s.PostProcessorRegistrationDelegate$BeanPostProcessorChecker - Bean 'redisConfig' of type [com.boc.horoscope.redis.config.RedisConfig$$EnhancerBySpringCGLIB$$673256a1] is not eligible for getting processed by all BeanPostProcessors (for example: not eligible for auto-proxying)
2019-10-02 23:40:33.256 [main] INFO  com.alibaba.druid.pool.DruidDataSource - {dataSource-1,test} inited
2019-10-02 23:40:33.831 [main] INFO  org.hibernate.Version - HHH000412: Hibernate Core {5.3.7.Final}
2019-10-02 23:40:33.836 [main] INFO  org.hibernate.cfg.Environment - HHH000206: hibernate.properties not found
2019-10-02 23:40:34.099 [main] INFO  org.hibernate.annotations.common.Version - HCANN000001: Hibernate Commons Annotations {5.0.4.Final}
2019-10-02 23:40:35.032 [main] INFO  org.hibernate.dialect.Dialect - HHH000400: Using dialect: org.hibernate.dialect.MySQL5Dialect
2019-10-02 23:40:35.367 [main] INFO  o.s.orm.jpa.LocalContainerEntityManagerFactoryBean - Initialized JPA EntityManagerFactory for persistence unit 'default'
2019-10-02 23:40:39.997 [main] INFO  o.s.scheduling.concurrent.ThreadPoolTaskExecutor - Initializing ExecutorService 'applicationTaskExecutor'
2019-10-02 23:40:41.668 [main] INFO  s.d.s.web.plugins.DocumentationPluginsBootstrapper - Context refreshed
2019-10-02 23:40:41.703 [main] INFO  s.d.s.web.plugins.DocumentationPluginsBootstrapper - Found 1 custom documentation plugin(s)
2019-10-02 23:40:41.733 [main] INFO  s.d.spring.web.scanners.ApiListingReferenceScanner - Scanning for api listing references
2019-10-02 23:40:42.135 [main] INFO  o.s.s.a.ScheduledAnnotationBeanPostProcessor - No TaskScheduler/ScheduledExecutorService bean found for scheduled processing
2019-10-02 23:40:42.163 [main] INFO  c.b.h.paipan.daycolumn.DefaultDayColumnDealTest - Started DefaultDayColumnDealTest in 19.315 seconds (JVM running for 21.086)
2019-10-02 23:40:42.712 [main] INFO  c.b.h.paipan.daycolumn.DefaultDayColumnDealTest - PaipanRunDTO:{"currSolarTerm":{"id":201823,"termDate":1547974769000,"termIndex":23,"termName":"大寒","year":2018},"daYunDTOS":[{"age":9,"branch":"子","cangGanGods":["劫财"],"cangGans":["癸"],"dayunDate":"2028-11-28 10:34","heavGod":"食神","heavenly":"甲"},{"age":19,"branch":"亥","cangGanGods":["比肩","食神"],"cangGans":["壬","甲"],"dayunDate":"2038-11-28 10:34","heavGod":"劫财","heavenly":"癸"},{"age":29,"branch":"戌","cangGanGods":["七杀","正印","正财"],"cangGans":["戊","辛","丁"],"dayunDate":"2048-11-28 10:34","heavGod":"比肩","heavenly":"壬"},{"age":39,"branch":"酉","cangGanGods":["正印"],"cangGans":["辛"],"dayunDate":"2058-11-28 10:34","heavGod":"正印","heavenly":"辛"},{"age":49,"branch":"申","cangGanGods":["偏印","比肩","七杀"],"cangGans":["庚","壬","戊"],"dayunDate":"2068-11-28 10:34","heavGod":"偏印","heavenly":"庚"},{"age":59,"branch":"未","cangGanGods":["正官","正财","伤官"],"cangGans":["己","丁","乙"],"dayunDate":"2078-11-28 10:34","heavGod":"正官","heavenly":"己"},{"age":69,"branch":"午","cangGanGods":["正财","正官"],"cangGans":["丁","己"],"dayunDate":"2088-11-28 10:34","heavGod":"七杀","heavenly":"戊"},{"age":79,"branch":"巳","cangGanGods":["偏财","偏印","七杀"],"cangGans":["丙","庚","戊"],"dayunDate":"2098-11-28 10:34","heavGod":"正财","heavenly":"丁"},{"age":89,"branch":"辰","cangGanGods":["七杀","伤官","劫财"],"cangGans":["戊","乙","癸"],"dayunDate":"2108-11-28 10:34","heavGod":"偏财","heavenly":"丙"},{"age":99,"branch":"卯","cangGanGods":["伤官"],"cangGans":["乙"],"dayunDate":"2118-11-28 10:34","heavGod":"伤官","heavenly":"乙"}],"eightCharacterDTO":{"dayBranch":"申","dayBranchHevs":["庚","壬","戊"],"dayBranchHevsGod":["偏印","比肩","七杀"],"dayChangSheng":"长生","dayHeavenly":"壬","dayHevGod":"日元","dayNaYin":"剑锋金","dayShenShas":["驿马","学堂"],"hourBranch":"巳","hourBranchHevs":["丙","庚","戊"],"hourBranchHevsGod":["偏财","偏印","七杀"],"hourChangSheng":"绝","hourHeavenly":"乙","hourHevGod":"伤官","hourNaYin":"佛灯火","hourShenShas":["红鸾","贵人","劫煞"],"kongWang":["亥","戌"],"mingGongBranch":"戌","mingGongHeavenly":"壬","mingGongStartBranch":"寅","monthBranch":"丑","monthBranchHevs":["己","癸","辛"],"monthBranchHevsGod":["正官","劫财","正印"],"monthChangSheng":"衰","monthHeavenly":"乙","monthHevGod":"伤官","monthNaYin":"海中金","monthShenShas":["金舆"],"taiYuanBranch":"辰","taiYuanHeavenly":"丙","yearBranch":"戌","yearBranchHevs":["戊","辛","丁"],"yearBranchHevsGod":["七杀","正印","正财"],"yearChangSheng":"冠带","yearHeavenly":"戊","yearHevGod":"七杀","yearNaYin":"平地木","yearShenShas":["华盖"]},"jiaoyunDate":"2028-11-28 10:34","lunarDate":1546137240000,"nextSolarTerm":{"id":201900,"termDate":1549250054000,"termIndex":0,"termName":"立春","year":2019},"paipanDTO":{"areLeapMonth":false,"birthDateTime":"2019-02-04 11:13","birthPlace":{"area":"511623"},"sex":2,"sunOrlun":1,"trueSunbirthDateTime":"2019-02-04 10:34"},"preSolarTerm":{"id":201822,"termDate":1546702732000,"termIndex":22,"termName":"小寒","year":2018},"qiyunDay":"9年9月24天","solarTermIdx":23,"solarYear":2018}
2019-10-02 23:40:42.742 [Thread-5] INFO  o.s.scheduling.concurrent.ThreadPoolTaskExecutor - Shutting down ExecutorService 'applicationTaskExecutor'
2019-10-02 23:40:42.747 [Thread-5] INFO  o.s.orm.jpa.LocalContainerEntityManagerFactoryBean - Closing JPA EntityManagerFactory for persistence unit 'default'
2019-10-02 23:40:42.751 [Thread-5] INFO  com.alibaba.druid.pool.DruidDataSource - {dataSource-1} closing ...
2019-10-02 23:40:42.757 [Thread-5] INFO  com.alibaba.druid.pool.DruidDataSource - {dataSource-1} closed
2019-10-02 23:48:42.470 [main] INFO  c.b.h.paipan.daycolumn.DefaultDayColumnDealTest - Starting DefaultDayColumnDealTest on LAPTOP-R4PC1KLI with PID 11268 (started by 89144 in D:\dev\worker\horoscoparent\horoscope)
2019-10-02 23:48:42.474 [main] INFO  c.b.h.paipan.daycolumn.DefaultDayColumnDealTest - No active profile set, falling back to default profiles: default
2019-10-02 23:48:55.623 [main] INFO  c.b.h.paipan.daycolumn.DefaultDayColumnDealTest - Starting DefaultDayColumnDealTest on LAPTOP-R4PC1KLI with PID 9204 (started by 89144 in D:\dev\worker\horoscoparent\horoscope)
2019-10-02 23:48:55.628 [main] INFO  c.b.h.paipan.daycolumn.DefaultDayColumnDealTest - No active profile set, falling back to default profiles: default
2019-10-02 23:49:01.556 [main] INFO  o.s.d.r.config.RepositoryConfigurationDelegate - Multiple Spring Data modules found, entering strict repository configuration mode!
2019-10-02 23:49:01.559 [main] INFO  o.s.d.r.config.RepositoryConfigurationDelegate - Bootstrapping Spring Data repositories in DEFAULT mode.
2019-10-02 23:49:01.674 [main] INFO  o.s.d.r.config.RepositoryConfigurationDelegate - Finished Spring Data repository scanning in 84ms. Found 0 repository interfaces.
2019-10-02 23:49:01.717 [main] INFO  o.s.d.r.config.RepositoryConfigurationDelegate - Multiple Spring Data modules found, entering strict repository configuration mode!
2019-10-02 23:49:01.728 [main] INFO  o.s.d.r.config.RepositoryConfigurationDelegate - Bootstrapping Spring Data repositories in DEFAULT mode.
2019-10-02 23:49:01.861 [main] INFO  o.s.d.r.config.RepositoryConfigurationDelegate - Finished Spring Data repository scanning in 100ms. Found 0 repository interfaces.
2019-10-02 23:49:03.696 [main] INFO  o.s.c.s.PostProcessorRegistrationDelegate$BeanPostProcessorChecker - Bean 'org.springframework.transaction.annotation.ProxyTransactionManagementConfiguration' of type [org.springframework.transaction.annotation.ProxyTransactionManagementConfiguration$$EnhancerBySpringCGLIB$$57d3b0b9] is not eligible for getting processed by all BeanPostProcessors (for example: not eligible for auto-proxying)
2019-10-02 23:49:03.787 [main] INFO  o.s.c.s.PostProcessorRegistrationDelegate$BeanPostProcessorChecker - Bean 'redisConfig' of type [com.boc.horoscope.redis.config.RedisConfig$$EnhancerBySpringCGLIB$$e7075245] is not eligible for getting processed by all BeanPostProcessors (for example: not eligible for auto-proxying)
2019-10-02 23:49:04.740 [main] INFO  com.alibaba.druid.pool.DruidDataSource - {dataSource-1,test} inited
2019-10-02 23:49:05.058 [main] INFO  org.hibernate.Version - HHH000412: Hibernate Core {5.3.7.Final}
2019-10-02 23:49:05.060 [main] INFO  org.hibernate.cfg.Environment - HHH000206: hibernate.properties not found
2019-10-02 23:49:05.293 [main] INFO  org.hibernate.annotations.common.Version - HCANN000001: Hibernate Commons Annotations {5.0.4.Final}
2019-10-02 23:49:06.287 [main] INFO  org.hibernate.dialect.Dialect - HHH000400: Using dialect: org.hibernate.dialect.MySQL5Dialect
2019-10-02 23:49:06.604 [main] INFO  o.s.orm.jpa.LocalContainerEntityManagerFactoryBean - Initialized JPA EntityManagerFactory for persistence unit 'default'
2019-10-02 23:49:11.573 [main] INFO  o.s.scheduling.concurrent.ThreadPoolTaskExecutor - Initializing ExecutorService 'applicationTaskExecutor'
2019-10-02 23:49:12.982 [main] INFO  s.d.s.web.plugins.DocumentationPluginsBootstrapper - Context refreshed
2019-10-02 23:49:13.035 [main] INFO  s.d.s.web.plugins.DocumentationPluginsBootstrapper - Found 1 custom documentation plugin(s)
2019-10-02 23:49:13.089 [main] INFO  s.d.spring.web.scanners.ApiListingReferenceScanner - Scanning for api listing references
2019-10-02 23:49:13.775 [main] INFO  o.s.s.a.ScheduledAnnotationBeanPostProcessor - No TaskScheduler/ScheduledExecutorService bean found for scheduled processing
2019-10-02 23:49:13.817 [main] INFO  c.b.h.paipan.daycolumn.DefaultDayColumnDealTest - Started DefaultDayColumnDealTest in 19.485 seconds (JVM running for 21.383)
2019-10-02 23:49:14.578 [main] INFO  c.b.h.paipan.daycolumn.DefaultDayColumnDealTest - PaipanRunDTO:{"currSolarTerm":{"id":201900,"termDate":1549250054000,"termIndex":0,"termName":"立春","year":2019},"daYunDTOS":[{"age":7,"branch":"丑","cangGanGods":["正印","伤官","劫财"],"cangGans":["己","癸","辛"],"dayunDate":"2026-09-08 10:34","heavGod":"正财","heavenly":"乙"},{"age":17,"branch":"子","cangGanGods":["伤官"],"cangGans":["癸"],"dayunDate":"2036-09-08 10:34","heavGod":"偏财","heavenly":"甲"},{"age":27,"branch":"亥","cangGanGods":["食神","偏财"],"cangGans":["壬","甲"],"dayunDate":"2046-09-08 10:34","heavGod":"伤官","heavenly":"癸"},{"age":37,"branch":"戌","cangGanGods":["偏印","劫财","正官"],"cangGans":["戊","辛","丁"],"dayunDate":"2056-09-08 10:34","heavGod":"食神","heavenly":"壬"},{"age":47,"branch":"酉","cangGanGods":["劫财"],"cangGans":["辛"],"dayunDate":"2066-09-08 10:34","heavGod":"劫财","heavenly":"辛"},{"age":57,"branch":"申","cangGanGods":["比肩","食神","偏印"],"cangGans":["庚","壬","戊"],"dayunDate":"2076-09-08 10:34","heavGod":"比肩","heavenly":"庚"},{"age":67,"branch":"未","cangGanGods":["正印","正官","正财"],"cangGans":["己","丁","乙"],"dayunDate":"2086-09-08 10:34","heavGod":"正印","heavenly":"己"},{"age":77,"branch":"午","cangGanGods":["正官","正印"],"cangGans":["丁","己"],"dayunDate":"2096-09-08 10:34","heavGod":"偏印","heavenly":"戊"},{"age":87,"branch":"巳","cangGanGods":["七杀","比肩","偏印"],"cangGans":["丙","庚","戊"],"dayunDate":"2106-09-08 10:34","heavGod":"正官","heavenly":"丁"},{"age":97,"branch":"辰","cangGanGods":["偏印","正财","伤官"],"cangGans":["戊","乙","癸"],"dayunDate":"2116-09-08 10:34","heavGod":"七杀","heavenly":"丙"}],"eightCharacterDTO":{"dayBranch":"辰","dayBranchHevs":["戊","乙","癸"],"dayBranchHevsGod":["偏印","正财","伤官"],"dayChangSheng":"养","dayHeavenly":"庚","dayHevGod":"日元","dayNaYin":"白蜡金","dayShenShas":["红鸾"],"hourBranch":"巳","hourBranchHevs":["丙","庚","戊"],"hourBranchHevsGod":["七杀","比肩","偏印"],"hourChangSheng":"长生","hourHeavenly":"辛","hourHevGod":"劫财","hourNaYin":"白蜡金","hourShenShas":["驿马","天喜","学堂","劫煞"],"kongWang":["酉","申"],"mingGongBranch":"戌","mingGongHeavenly":"甲","mingGongStartBranch":"寅","monthBranch":"寅","monthBranchHevs":["甲","丙","戊"],"monthBranchHevsGod":["偏财","七杀","偏印"],"monthChangSheng":"绝","monthHeavenly":"丙","monthHevGod":"七杀","monthNaYin":"炉中火","monthShenShas":["孤辰","贵人","驿马"],"taiYuanBranch":"巳","taiYuanHeavenly":"丁","yearBranch":"亥","yearBranchHevs":["壬","甲"],"yearBranchHevsGod":["食神","偏财"],"yearChangSheng":"病","yearHeavenly":"己","yearHevGod":"正印","yearNaYin":"平地木","yearShenShas":["文昌","亡神"]},"jiaoyunDate":"2026-09-08 10:34","lunarDate":1546914840000,"nextSolarTerm":{"id":201901,"termDate":1550531032000,"termIndex":1,"termName":"雨水","year":2019},"paipanDTO":{"areLeapMonth":false,"birthDateTime":"2019-02-12 11:13","birthPlace":{"area":"511623"},"sex":2,"sunOrlun":1,"trueSunbirthDateTime":"2019-02-12 10:34"},"preSolarTerm":{"id":201823,"termDate":1547974769000,"termIndex":23,"termName":"大寒","year":2018},"qiyunDay":"7年6月27天","solarTermIdx":0,"solarYear":2019}
2019-10-02 23:49:14.616 [Thread-5] INFO  o.s.scheduling.concurrent.ThreadPoolTaskExecutor - Shutting down ExecutorService 'applicationTaskExecutor'
2019-10-02 23:49:14.621 [Thread-5] INFO  o.s.orm.jpa.LocalContainerEntityManagerFactoryBean - Closing JPA EntityManagerFactory for persistence unit 'default'
2019-10-02 23:49:14.629 [Thread-5] INFO  com.alibaba.druid.pool.DruidDataSource - {dataSource-1} closing ...
2019-10-02 23:49:14.632 [Thread-5] INFO  com.alibaba.druid.pool.DruidDataSource - {dataSource-1} closed
